module Network.HTTP.Toolkit.Connection {-# DEPRECATED "use "Network.HTTP.Toolkit.InputStream" instead" #-} (
  Connection
, InputStream(..)
, makeConnection
, connectionFromHandle
, connectionRead
, connectionUnread
, connectionReadAtLeast
) where

import           System.IO
import           Data.ByteString (ByteString)

import           Network.HTTP.Toolkit.InputStream

type Connection = InputStream

makeConnection :: IO ByteString -> IO Connection
makeConnection = makeInputStream

connectionFromHandle :: Handle -> IO Connection
connectionFromHandle = inputStreamFromHandle

connectionRead :: Connection -> IO ByteString
connectionRead = readInput

connectionUnread :: Connection -> ByteString -> IO ()
connectionUnread = unreadInput

connectionReadAtLeast :: Connection -> Int -> IO ByteString
connectionReadAtLeast = readAtLeast

==============
../../hackage-packages/http-kit-0.5.1/src/Network/HTTP/Toolkit/Connection.hs
==============
lengths:(838,840)

==============

({ ../../hackage-packages/http-kit-0.5.1/src/Network/HTTP/Toolkit/Connection.hs:1:1
  }
 Just (Ann (DP (0,0)) (ColDelta 1) DP (0,0) [] [((G AnnModule),DP (0,0)),((G AnnVal),DP (0,1)),((G AnnWhere),DP (0,1)),((G AnnEofPos),DP (1,0))])
 (HsModule 
  (Just 
   ({ ../../hackage-packages/http-kit-0.5.1/src/Network/HTTP/Toolkit/Connection.hs:1:8-38
     }
    Nothing{ModuleName: Network.HTTP.Toolkit.Connection})) 
  (Just 
   ({ ../../hackage-packages/http-kit-0.5.1/src/Network/HTTP/Toolkit/Connection.hs:(1,110)-(9,1)
     }
    Just (Ann (DP (0,1)) (ColDelta 110) DP (0,1) [] [((G AnnOpenP),DP (0,0)),((G AnnCloseP),DP (1,1))])
    [
     ({ ../../hackage-packages/http-kit-0.5.1/src/Network/HTTP/Toolkit/Connection.hs:2:3-12
       }
      Just (Ann (DP (1,3)) (ColDelta 3) DP (1,3) [] [])
      (IEThingAbs 
       ({ ../../hackage-packages/http-kit-0.5.1/src/Network/HTTP/Toolkit/Connection.hs:2:3-12
         }
        Just (Ann (DP (0,0)) (ColDelta 3) DP (0,0) [] [((G AnnVal),DP (0,0)),((G AnnComma),DP (1,1))])
        (Unqual {OccName: Connection})))),
     ({ ../../hackage-packages/http-kit-0.5.1/src/Network/HTTP/Toolkit/Connection.hs:3:3-17
       }
      Just (Ann (DP (0,1)) (ColDelta 3) DP (0,1) [] [((G AnnOpenP),DP (0,0)),((G AnnDotdot),DP (0,0)),((G AnnCloseP),DP (0,0)),((G AnnComma),DP (1,1))])
      (IEThingAll 
       ({ ../../hackage-packages/http-kit-0.5.1/src/Network/HTTP/Toolkit/Connection.hs:3:3-13
         }
        Just (Ann (DP (0,0)) (ColDelta 3) DP (0,0) [] [((G AnnVal),DP (0,0))])
        (Unqual {OccName: InputStream})))),
     ({ ../../hackage-packages/http-kit-0.5.1/src/Network/HTTP/Toolkit/Connection.hs:4:3-16
       }
      Just (Ann (DP (0,1)) (ColDelta 3) DP (0,1) [] [])
      (IEVar 
       ({ ../../hackage-packages/http-kit-0.5.1/src/Network/HTTP/Toolkit/Connection.hs:4:3-16
         }
        Just (Ann (DP (0,0)) (ColDelta 3) DP (0,0) [] [((G AnnVal),DP (0,0)),((G AnnComma),DP (1,1))])
        (Unqual {OccName: makeConnection})))),
     ({ ../../hackage-packages/http-kit-0.5.1/src/Network/HTTP/Toolkit/Connection.hs:5:3-22
       }
      Just (Ann (DP (0,1)) (ColDelta 3) DP (0,1) [] [])
      (IEVar 
       ({ ../../hackage-packages/http-kit-0.5.1/src/Network/HTTP/Toolkit/Connection.hs:5:3-22
         }
        Just (Ann (DP (0,0)) (ColDelta 3) DP (0,0) [] [((G AnnVal),DP (0,0)),((G AnnComma),DP (1,1))])
        (Unqual {OccName: connectionFromHandle})))),
     ({ ../../hackage-packages/http-kit-0.5.1/src/Network/HTTP/Toolkit/Connection.hs:6:3-16
       }
      Just (Ann (DP (0,1)) (ColDelta 3) DP (0,1) [] [])
      (IEVar 
       ({ ../../hackage-packages/http-kit-0.5.1/src/Network/HTTP/Toolkit/Connection.hs:6:3-16
         }
        Just (Ann (DP (0,0)) (ColDelta 3) DP (0,0) [] [((G AnnVal),DP (0,0)),((G AnnComma),DP (1,1))])
        (Unqual {OccName: connectionRead})))),
     ({ ../../hackage-packages/http-kit-0.5.1/src/Network/HTTP/Toolkit/Connection.hs:7:3-18
       }
      Just (Ann (DP (0,1)) (ColDelta 3) DP (0,1) [] [])
      (IEVar 
       ({ ../../hackage-packages/http-kit-0.5.1/src/Network/HTTP/Toolkit/Connection.hs:7:3-18
         }
        Just (Ann (DP (0,0)) (ColDelta 3) DP (0,0) [] [((G AnnVal),DP (0,0)),((G AnnComma),DP (1,1))])
        (Unqual {OccName: connectionUnread})))),
     ({ ../../hackage-packages/http-kit-0.5.1/src/Network/HTTP/Toolkit/Connection.hs:8:3-23
       }
      Just (Ann (DP (0,1)) (ColDelta 3) DP (0,1) [] [])
      (IEVar 
       ({ ../../hackage-packages/http-kit-0.5.1/src/Network/HTTP/Toolkit/Connection.hs:8:3-23
         }
        Just (Ann (DP (0,0)) (ColDelta 3) DP (0,0) [] [((G AnnVal),DP (0,0))])
        (Unqual {OccName: connectionReadAtLeast}))))])) 
  [
   ({ ../../hackage-packages/http-kit-0.5.1/src/Network/HTTP/Toolkit/Connection.hs:11:1-26
     }
    Just (Ann (DP (2,1)) (ColDelta 1) DP (2,1) [] [((G AnnImport),DP (0,0)),((G AnnVal),DP (0,11))])
    (ImportDecl 
     (Nothing) 
     ({ ../../hackage-packages/http-kit-0.5.1/src/Network/HTTP/Toolkit/Connection.hs:11:18-26
       }
      Nothing{ModuleName: System.IO}) 
     (Nothing) 
     (False) 
     (False) 
     (False) 
     (False) 
     (Nothing) 
     (Nothing))),
   ({ ../../hackage-packages/http-kit-0.5.1/src/Network/HTTP/Toolkit/Connection.hs:12:1-45
     }
    Just (Ann (DP (1,1)) (ColDelta 1) DP (1,1) [] [((G AnnImport),DP (0,0)),((G AnnVal),DP (0,11))])
    (ImportDecl 
     (Nothing) 
     ({ ../../hackage-packages/http-kit-0.5.1/src/Network/HTTP/Toolkit/Connection.hs:12:18-32
       }
      Nothing{ModuleName: Data.ByteString}) 
     (Nothing) 
     (False) 
     (False) 
     (False) 
     (False) 
     (Nothing) 
     (Just 
      ((,) 
       (False) 
       ({ ../../hackage-packages/http-kit-0.5.1/src/Network/HTTP/Toolkit/Connection.hs:12:34-45
         }
        Just (Ann (DP (0,1)) (ColDelta 34) DP (0,1) [] [((G AnnOpenP),DP (0,0)),((G AnnCloseP),DP (0,0))])
        [
         ({ ../../hackage-packages/http-kit-0.5.1/src/Network/HTTP/Toolkit/Connection.hs:12:35-44
           }
          Just (Ann (DP (0,0)) (ColDelta 35) DP (0,0) [] [])
          (IEThingAbs 
           ({ ../../hackage-packages/http-kit-0.5.1/src/Network/HTTP/Toolkit/Connection.hs:12:35-44
             }
            Just (Ann (DP (0,0)) (ColDelta 35) DP (0,0) [] [((G AnnVal),DP (0,0))])
            (Unqual {OccName: ByteString}))))]))))),
   ({ ../../hackage-packages/http-kit-0.5.1/src/Network/HTTP/Toolkit/Connection.hs:14:1-49
     }
    Just (Ann (DP (2,1)) (ColDelta 1) DP (2,1) [] [((G AnnImport),DP (0,0)),((G AnnVal),DP (0,11))])
    (ImportDecl 
     (Nothing) 
     ({ ../../hackage-packages/http-kit-0.5.1/src/Network/HTTP/Toolkit/Connection.hs:14:18-49
       }
      Nothing{ModuleName: Network.HTTP.Toolkit.InputStream}) 
     (Nothing) 
     (False) 
     (False) 
     (False) 
     (False) 
     (Nothing) 
     (Nothing)))] 
  [
   ({ ../../hackage-packages/http-kit-0.5.1/src/Network/HTTP/Toolkit/Connection.hs:16:1-29
     }
    Just (Ann (DP (2,1)) (ColDelta 1) DP (2,1) [] [((G AnnType),DP (0,0)),((G AnnEqual),DP (0,1))])
    (TyClD 
     (SynDecl 
      ({ ../../hackage-packages/http-kit-0.5.1/src/Network/HTTP/Toolkit/Connection.hs:16:6-15
        }
       Just (Ann (DP (0,1)) (ColDelta 6) DP (0,1) [] [((G AnnVal),DP (0,0))])
       (Unqual {OccName: Connection})) 
      (HsQTvs 
       [] 
       []) 
      ({ ../../hackage-packages/http-kit-0.5.1/src/Network/HTTP/Toolkit/Connection.hs:16:19-29
        }
       Just (Ann (DP (0,1)) (ColDelta 19) DP (0,1) [] [((G AnnVal),DP (0,0))])
       (HsTyVar 
        (Unqual {OccName: InputStream}))) 
      (PlaceHolder)))),
   ({ ../../hackage-packages/http-kit-0.5.1/src/Network/HTTP/Toolkit/Connection.hs:18:1-48
     }
    Just (Ann (DP (2,1)) (ColDelta 1) DP (2,1) [] [((G AnnDcolon),DP (0,1))])
    (SigD 
     (TypeSig 
      [
       ({ ../../hackage-packages/http-kit-0.5.1/src/Network/HTTP/Toolkit/Connection.hs:18:1-14
         }
        Just (Ann (DP (0,0)) (ColDelta 1) DP (0,0) [] [((G AnnVal),DP (0,0))])
        (Unqual {OccName: makeConnection}))] 
      ({ ../../hackage-packages/http-kit-0.5.1/src/Network/HTTP/Toolkit/Connection.hs:18:19-48
        }
       Just (Ann (DP (0,1)) (ColDelta 19) DP (0,1) [] [])
       (HsForAllTy 
        (Implicit) 
        (Nothing) 
        (HsQTvs 
         [] 
         []) 
        ({ <no location info> }
         Nothing
         []) 
        ({ ../../hackage-packages/http-kit-0.5.1/src/Network/HTTP/Toolkit/Connection.hs:18:19-48
          }
         Just (Ann (DP (0,0)) (ColDelta 19) DP (0,0) [] [((G AnnRarrow),DP (0,1))])
         (HsFunTy 
          ({ ../../hackage-packages/http-kit-0.5.1/src/Network/HTTP/Toolkit/Connection.hs:18:19-31
            }
           Just (Ann (DP (0,0)) (ColDelta 19) DP (0,0) [] [])
           (HsAppTy 
            ({ ../../hackage-packages/http-kit-0.5.1/src/Network/HTTP/Toolkit/Connection.hs:18:19-20
              }
             Just (Ann (DP (0,0)) (ColDelta 19) DP (0,0) [] [((G AnnVal),DP (0,0))])
             (HsTyVar 
              (Unqual {OccName: IO}))) 
            ({ ../../hackage-packages/http-kit-0.5.1/src/Network/HTTP/Toolkit/Connection.hs:18:22-31
              }
             Just (Ann (DP (0,1)) (ColDelta 22) DP (0,1) [] [((G AnnVal),DP (0,0))])
             (HsTyVar 
              (Unqual {OccName: ByteString}))))) 
          ({ ../../hackage-packages/http-kit-0.5.1/src/Network/HTTP/Toolkit/Connection.hs:18:36-48
            }
           Just (Ann (DP (0,1)) (ColDelta 36) DP (0,1) [] [])
           (HsAppTy 
            ({ ../../hackage-packages/http-kit-0.5.1/src/Network/HTTP/Toolkit/Connection.hs:18:36-37
              }
             Just (Ann (DP (0,0)) (ColDelta 36) DP (0,0) [] [((G AnnVal),DP (0,0))])
             (HsTyVar 
              (Unqual {OccName: IO}))) 
            ({ ../../hackage-packages/http-kit-0.5.1/src/Network/HTTP/Toolkit/Connection.hs:18:39-48
              }
             Just (Ann (DP (0,1)) (ColDelta 39) DP (0,1) [] [((G AnnVal),DP (0,0))])
             (HsTyVar 
              (Unqual {OccName: Connection}))))))))) 
      (PlaceHolder)))),
   ({ ../../hackage-packages/http-kit-0.5.1/src/Network/HTTP/Toolkit/Connection.hs:19:1-32
     }
    Just (Ann (DP (1,1)) (ColDelta 1) DP (1,1) [] [])
    (ValD 
     (FunBind 
      ({ ../../hackage-packages/http-kit-0.5.1/src/Network/HTTP/Toolkit/Connection.hs:19:1-14
        }
       Just (Ann (DP (0,0)) (ColDelta 1) DP (0,0) [] [((G AnnVal),DP (0,0))])
       (Unqual {OccName: makeConnection})) 
      (False) 
      (MG 
       [
        ({ ../../hackage-packages/http-kit-0.5.1/src/Network/HTTP/Toolkit/Connection.hs:19:1-32
          }
         Just (Ann (DP (0,0)) (ColDelta 1) DP (0,0) [] [((G AnnEqual),DP (0,1))])
         (Match 
          (Just 
           ((,) 
            ({ ../../hackage-packages/http-kit-0.5.1/src/Network/HTTP/Toolkit/Connection.hs:19:1-14
              }
             Just (Ann (DP (0,0)) (ColDelta 1) DP (0,0) [] [((G AnnVal),DP (0,0))])
             (Unqual {OccName: makeConnection})) 
            (False))) 
          [] 
          (Nothing) 
          (GRHSs 
           [
            ({ ../../hackage-packages/http-kit-0.5.1/src/Network/HTTP/Toolkit/Connection.hs:19:16-32
              }
             Just (Ann (DP (0,-1)) (ColDelta 16) DP (0,-1) [] [])
             (GRHS 
              [] 
              ({ ../../hackage-packages/http-kit-0.5.1/src/Network/HTTP/Toolkit/Connection.hs:19:18-32
                }
               Just (Ann (DP (0,1)) (ColDelta 18) DP (0,1) [] [((G AnnVal),DP (0,0))])
               (HsVar 
                (Unqual {OccName: makeInputStream})))))] 
           (EmptyLocalBinds))))] 
       [] 
       (PlaceHolder) 
       (FromSource)) 
      (WpHole) 
      (PlaceHolder) 
      []))),
   ({ ../../hackage-packages/http-kit-0.5.1/src/Network/HTTP/Toolkit/Connection.hs:21:1-47
     }
    Just (Ann (DP (2,1)) (ColDelta 1) DP (2,1) [] [((G AnnDcolon),DP (0,1))])
    (SigD 
     (TypeSig 
      [
       ({ ../../hackage-packages/http-kit-0.5.1/src/Network/HTTP/Toolkit/Connection.hs:21:1-20
         }
        Just (Ann (DP (0,0)) (ColDelta 1) DP (0,0) [] [((G AnnVal),DP (0,0))])
        (Unqual {OccName: connectionFromHandle}))] 
      ({ ../../hackage-packages/http-kit-0.5.1/src/Network/HTTP/Toolkit/Connection.hs:21:25-47
        }
       Just (Ann (DP (0,1)) (ColDelta 25) DP (0,1) [] [])
       (HsForAllTy 
        (Implicit) 
        (Nothing) 
        (HsQTvs 
         [] 
         []) 
        ({ <no location info> }
         Nothing
         []) 
        ({ ../../hackage-packages/http-kit-0.5.1/src/Network/HTTP/Toolkit/Connection.hs:21:25-47
          }
         Just (Ann (DP (0,0)) (ColDelta 25) DP (0,0) [] [((G AnnRarrow),DP (0,1))])
         (HsFunTy 
          ({ ../../hackage-packages/http-kit-0.5.1/src/Network/HTTP/Toolkit/Connection.hs:21:25-30
            }
           Just (Ann (DP (0,0)) (ColDelta 25) DP (0,0) [] [((G AnnVal),DP (0,0))])
           (HsTyVar 
            (Unqual {OccName: Handle}))) 
          ({ ../../hackage-packages/http-kit-0.5.1/src/Network/HTTP/Toolkit/Connection.hs:21:35-47
            }
           Just (Ann (DP (0,1)) (ColDelta 35) DP (0,1) [] [])
           (HsAppTy 
            ({ ../../hackage-packages/http-kit-0.5.1/src/Network/HTTP/Toolkit/Connection.hs:21:35-36
              }
             Just (Ann (DP (0,0)) (ColDelta 35) DP (0,0) [] [((G AnnVal),DP (0,0))])
             (HsTyVar 
              (Unqual {OccName: IO}))) 
            ({ ../../hackage-packages/http-kit-0.5.1/src/Network/HTTP/Toolkit/Connection.hs:21:38-47
              }
             Just (Ann (DP (0,1)) (ColDelta 38) DP (0,1) [] [((G AnnVal),DP (0,0))])
             (HsTyVar 
              (Unqual {OccName: Connection}))))))))) 
      (PlaceHolder)))),
   ({ ../../hackage-packages/http-kit-0.5.1/src/Network/HTTP/Toolkit/Connection.hs:22:1-44
     }
    Just (Ann (DP (1,1)) (ColDelta 1) DP (1,1) [] [])
    (ValD 
     (FunBind 
      ({ ../../hackage-packages/http-kit-0.5.1/src/Network/HTTP/Toolkit/Connection.hs:22:1-20
        }
       Just (Ann (DP (0,0)) (ColDelta 1) DP (0,0) [] [((G AnnVal),DP (0,0))])
       (Unqual {OccName: connectionFromHandle})) 
      (False) 
      (MG 
       [
        ({ ../../hackage-packages/http-kit-0.5.1/src/Network/HTTP/Toolkit/Connection.hs:22:1-44
          }
         Just (Ann (DP (0,0)) (ColDelta 1) DP (0,0) [] [((G AnnEqual),DP (0,1))])
         (Match 
          (Just 
           ((,) 
            ({ ../../hackage-packages/http-kit-0.5.1/src/Network/HTTP/Toolkit/Connection.hs:22:1-20
              }
             Just (Ann (DP (0,0)) (ColDelta 1) DP (0,0) [] [((G AnnVal),DP (0,0))])
             (Unqual {OccName: connectionFromHandle})) 
            (False))) 
          [] 
          (Nothing) 
          (GRHSs 
           [
            ({ ../../hackage-packages/http-kit-0.5.1/src/Network/HTTP/Toolkit/Connection.hs:22:22-44
              }
             Just (Ann (DP (0,-1)) (ColDelta 22) DP (0,-1) [] [])
             (GRHS 
              [] 
              ({ ../../hackage-packages/http-kit-0.5.1/src/Network/HTTP/Toolkit/Connection.hs:22:24-44
                }
               Just (Ann (DP (0,1)) (ColDelta 24) DP (0,1) [] [((G AnnVal),DP (0,0))])
               (HsVar 
                (Unqual {OccName: inputStreamFromHandle})))))] 
           (EmptyLocalBinds))))] 
       [] 
       (PlaceHolder) 
       (FromSource)) 
      (WpHole) 
      (PlaceHolder) 
      []))),
   ({ ../../hackage-packages/http-kit-0.5.1/src/Network/HTTP/Toolkit/Connection.hs:24:1-45
     }
    Just (Ann (DP (2,1)) (ColDelta 1) DP (2,1) [] [((G AnnDcolon),DP (0,1))])
    (SigD 
     (TypeSig 
      [
       ({ ../../hackage-packages/http-kit-0.5.1/src/Network/HTTP/Toolkit/Connection.hs:24:1-14
         }
        Just (Ann (DP (0,0)) (ColDelta 1) DP (0,0) [] [((G AnnVal),DP (0,0))])
        (Unqual {OccName: connectionRead}))] 
      ({ ../../hackage-packages/http-kit-0.5.1/src/Network/HTTP/Toolkit/Connection.hs:24:19-45
        }
       Just (Ann (DP (0,1)) (ColDelta 19) DP (0,1) [] [])
       (HsForAllTy 
        (Implicit) 
        (Nothing) 
        (HsQTvs 
         [] 
         []) 
        ({ <no location info> }
         Nothing
         []) 
        ({ ../../hackage-packages/http-kit-0.5.1/src/Network/HTTP/Toolkit/Connection.hs:24:19-45
          }
         Just (Ann (DP (0,0)) (ColDelta 19) DP (0,0) [] [((G AnnRarrow),DP (0,1))])
         (HsFunTy 
          ({ ../../hackage-packages/http-kit-0.5.1/src/Network/HTTP/Toolkit/Connection.hs:24:19-28
            }
           Just (Ann (DP (0,0)) (ColDelta 19) DP (0,0) [] [((G AnnVal),DP (0,0))])
           (HsTyVar 
            (Unqual {OccName: Connection}))) 
          ({ ../../hackage-packages/http-kit-0.5.1/src/Network/HTTP/Toolkit/Connection.hs:24:33-45
            }
           Just (Ann (DP (0,1)) (ColDelta 33) DP (0,1) [] [])
           (HsAppTy 
            ({ ../../hackage-packages/http-kit-0.5.1/src/Network/HTTP/Toolkit/Connection.hs:24:33-34
              }
             Just (Ann (DP (0,0)) (ColDelta 33) DP (0,0) [] [((G AnnVal),DP (0,0))])
             (HsTyVar 
              (Unqual {OccName: IO}))) 
            ({ ../../hackage-packages/http-kit-0.5.1/src/Network/HTTP/Toolkit/Connection.hs:24:36-45
              }
             Just (Ann (DP (0,1)) (ColDelta 36) DP (0,1) [] [((G AnnVal),DP (0,0))])
             (HsTyVar 
              (Unqual {OccName: ByteString}))))))))) 
      (PlaceHolder)))),
   ({ ../../hackage-packages/http-kit-0.5.1/src/Network/HTTP/Toolkit/Connection.hs:25:1-26
     }
    Just (Ann (DP (1,1)) (ColDelta 1) DP (1,1) [] [])
    (ValD 
     (FunBind 
      ({ ../../hackage-packages/http-kit-0.5.1/src/Network/HTTP/Toolkit/Connection.hs:25:1-14
        }
       Just (Ann (DP (0,0)) (ColDelta 1) DP (0,0) [] [((G AnnVal),DP (0,0))])
       (Unqual {OccName: connectionRead})) 
      (False) 
      (MG 
       [
        ({ ../../hackage-packages/http-kit-0.5.1/src/Network/HTTP/Toolkit/Connection.hs:25:1-26
          }
         Just (Ann (DP (0,0)) (ColDelta 1) DP (0,0) [] [((G AnnEqual),DP (0,1))])
         (Match 
          (Just 
           ((,) 
            ({ ../../hackage-packages/http-kit-0.5.1/src/Network/HTTP/Toolkit/Connection.hs:25:1-14
              }
             Just (Ann (DP (0,0)) (ColDelta 1) DP (0,0) [] [((G AnnVal),DP (0,0))])
             (Unqual {OccName: connectionRead})) 
            (False))) 
          [] 
          (Nothing) 
          (GRHSs 
           [
            ({ ../../hackage-packages/http-kit-0.5.1/src/Network/HTTP/Toolkit/Connection.hs:25:16-26
              }
             Just (Ann (DP (0,-1)) (ColDelta 16) DP (0,-1) [] [])
             (GRHS 
              [] 
              ({ ../../hackage-packages/http-kit-0.5.1/src/Network/HTTP/Toolkit/Connection.hs:25:18-26
                }
               Just (Ann (DP (0,1)) (ColDelta 18) DP (0,1) [] [((G AnnVal),DP (0,0))])
               (HsVar 
                (Unqual {OccName: readInput})))))] 
           (EmptyLocalBinds))))] 
       [] 
       (PlaceHolder) 
       (FromSource)) 
      (WpHole) 
      (PlaceHolder) 
      []))),
   ({ ../../hackage-packages/http-kit-0.5.1/src/Network/HTTP/Toolkit/Connection.hs:27:1-53
     }
    Just (Ann (DP (2,1)) (ColDelta 1) DP (2,1) [] [((G AnnDcolon),DP (0,1))])
    (SigD 
     (TypeSig 
      [
       ({ ../../hackage-packages/http-kit-0.5.1/src/Network/HTTP/Toolkit/Connection.hs:27:1-16
         }
        Just (Ann (DP (0,0)) (ColDelta 1) DP (0,0) [] [((G AnnVal),DP (0,0))])
        (Unqual {OccName: connectionUnread}))] 
      ({ ../../hackage-packages/http-kit-0.5.1/src/Network/HTTP/Toolkit/Connection.hs:27:21-53
        }
       Just (Ann (DP (0,1)) (ColDelta 21) DP (0,1) [] [])
       (HsForAllTy 
        (Implicit) 
        (Nothing) 
        (HsQTvs 
         [] 
         []) 
        ({ <no location info> }
         Nothing
         []) 
        ({ ../../hackage-packages/http-kit-0.5.1/src/Network/HTTP/Toolkit/Connection.hs:27:21-53
          }
         Just (Ann (DP (0,0)) (ColDelta 21) DP (0,0) [] [((G AnnRarrow),DP (0,1))])
         (HsFunTy 
          ({ ../../hackage-packages/http-kit-0.5.1/src/Network/HTTP/Toolkit/Connection.hs:27:21-30
            }
           Just (Ann (DP (0,0)) (ColDelta 21) DP (0,0) [] [((G AnnVal),DP (0,0))])
           (HsTyVar 
            (Unqual {OccName: Connection}))) 
          ({ ../../hackage-packages/http-kit-0.5.1/src/Network/HTTP/Toolkit/Connection.hs:27:35-53
            }
           Just (Ann (DP (0,1)) (ColDelta 35) DP (0,1) [] [((G AnnRarrow),DP (0,1))])
           (HsFunTy 
            ({ ../../hackage-packages/http-kit-0.5.1/src/Network/HTTP/Toolkit/Connection.hs:27:35-44
              }
             Just (Ann (DP (0,0)) (ColDelta 35) DP (0,0) [] [((G AnnVal),DP (0,0))])
             (HsTyVar 
              (Unqual {OccName: ByteString}))) 
            ({ ../../hackage-packages/http-kit-0.5.1/src/Network/HTTP/Toolkit/Connection.hs:27:49-53
              }
             Just (Ann (DP (0,1)) (ColDelta 49) DP (0,1) [] [])
             (HsAppTy 
              ({ ../../hackage-packages/http-kit-0.5.1/src/Network/HTTP/Toolkit/Connection.hs:27:49-50
                }
               Just (Ann (DP (0,0)) (ColDelta 49) DP (0,0) [] [((G AnnVal),DP (0,0))])
               (HsTyVar 
                (Unqual {OccName: IO}))) 
              ({ ../../hackage-packages/http-kit-0.5.1/src/Network/HTTP/Toolkit/Connection.hs:27:52-53
                }
               Just (Ann (DP (0,1)) (ColDelta 52) DP (0,1) [] [((G AnnOpenP),DP (0,0)),((G AnnCloseP),DP (0,0))])
               (HsTupleTy 
                (HsBoxedOrConstraintTuple) 
                [])))))))))) 
      (PlaceHolder)))),
   ({ ../../hackage-packages/http-kit-0.5.1/src/Network/HTTP/Toolkit/Connection.hs:28:1-30
     }
    Just (Ann (DP (1,1)) (ColDelta 1) DP (1,1) [] [])
    (ValD 
     (FunBind 
      ({ ../../hackage-packages/http-kit-0.5.1/src/Network/HTTP/Toolkit/Connection.hs:28:1-16
        }
       Just (Ann (DP (0,0)) (ColDelta 1) DP (0,0) [] [((G AnnVal),DP (0,0))])
       (Unqual {OccName: connectionUnread})) 
      (False) 
      (MG 
       [
        ({ ../../hackage-packages/http-kit-0.5.1/src/Network/HTTP/Toolkit/Connection.hs:28:1-30
          }
         Just (Ann (DP (0,0)) (ColDelta 1) DP (0,0) [] [((G AnnEqual),DP (0,1))])
         (Match 
          (Just 
           ((,) 
            ({ ../../hackage-packages/http-kit-0.5.1/src/Network/HTTP/Toolkit/Connection.hs:28:1-16
              }
             Just (Ann (DP (0,0)) (ColDelta 1) DP (0,0) [] [((G AnnVal),DP (0,0))])
             (Unqual {OccName: connectionUnread})) 
            (False))) 
          [] 
          (Nothing) 
          (GRHSs 
           [
            ({ ../../hackage-packages/http-kit-0.5.1/src/Network/HTTP/Toolkit/Connection.hs:28:18-30
              }
             Just (Ann (DP (0,-1)) (ColDelta 18) DP (0,-1) [] [])
             (GRHS 
              [] 
              ({ ../../hackage-packages/http-kit-0.5.1/src/Network/HTTP/Toolkit/Connection.hs:28:20-30
                }
               Just (Ann (DP (0,1)) (ColDelta 20) DP (0,1) [] [((G AnnVal),DP (0,0))])
               (HsVar 
                (Unqual {OccName: unreadInput})))))] 
           (EmptyLocalBinds))))] 
       [] 
       (PlaceHolder) 
       (FromSource)) 
      (WpHole) 
      (PlaceHolder) 
      []))),
   ({ ../../hackage-packages/http-kit-0.5.1/src/Network/HTTP/Toolkit/Connection.hs:30:1-59
     }
    Just (Ann (DP (2,1)) (ColDelta 1) DP (2,1) [] [((G AnnDcolon),DP (0,1))])
    (SigD 
     (TypeSig 
      [
       ({ ../../hackage-packages/http-kit-0.5.1/src/Network/HTTP/Toolkit/Connection.hs:30:1-21
         }
        Just (Ann (DP (0,0)) (ColDelta 1) DP (0,0) [] [((G AnnVal),DP (0,0))])
        (Unqual {OccName: connectionReadAtLeast}))] 
      ({ ../../hackage-packages/http-kit-0.5.1/src/Network/HTTP/Toolkit/Connection.hs:30:26-59
        }
       Just (Ann (DP (0,1)) (ColDelta 26) DP (0,1) [] [])
       (HsForAllTy 
        (Implicit) 
        (Nothing) 
        (HsQTvs 
         [] 
         []) 
        ({ <no location info> }
         Nothing
         []) 
        ({ ../../hackage-packages/http-kit-0.5.1/src/Network/HTTP/Toolkit/Connection.hs:30:26-59
          }
         Just (Ann (DP (0,0)) (ColDelta 26) DP (0,0) [] [((G AnnRarrow),DP (0,1))])
         (HsFunTy 
          ({ ../../hackage-packages/http-kit-0.5.1/src/Network/HTTP/Toolkit/Connection.hs:30:26-35
            }
           Just (Ann (DP (0,0)) (ColDelta 26) DP (0,0) [] [((G AnnVal),DP (0,0))])
           (HsTyVar 
            (Unqual {OccName: Connection}))) 
          ({ ../../hackage-packages/http-kit-0.5.1/src/Network/HTTP/Toolkit/Connection.hs:30:40-59
            }
           Just (Ann (DP (0,1)) (ColDelta 40) DP (0,1) [] [((G AnnRarrow),DP (0,1))])
           (HsFunTy 
            ({ ../../hackage-packages/http-kit-0.5.1/src/Network/HTTP/Toolkit/Connection.hs:30:40-42
              }
             Just (Ann (DP (0,0)) (ColDelta 40) DP (0,0) [] [((G AnnVal),DP (0,0))])
             (HsTyVar 
              (Unqual {OccName: Int}))) 
            ({ ../../hackage-packages/http-kit-0.5.1/src/Network/HTTP/Toolkit/Connection.hs:30:47-59
              }
             Just (Ann (DP (0,1)) (ColDelta 47) DP (0,1) [] [])
             (HsAppTy 
              ({ ../../hackage-packages/http-kit-0.5.1/src/Network/HTTP/Toolkit/Connection.hs:30:47-48
                }
               Just (Ann (DP (0,0)) (ColDelta 47) DP (0,0) [] [((G AnnVal),DP (0,0))])
               (HsTyVar 
                (Unqual {OccName: IO}))) 
              ({ ../../hackage-packages/http-kit-0.5.1/src/Network/HTTP/Toolkit/Connection.hs:30:50-59
                }
               Just (Ann (DP (0,1)) (ColDelta 50) DP (0,1) [] [((G AnnVal),DP (0,0))])
               (HsTyVar 
                (Unqual {OccName: ByteString}))))))))))) 
      (PlaceHolder)))),
   ({ ../../hackage-packages/http-kit-0.5.1/src/Network/HTTP/Toolkit/Connection.hs:31:1-35
     }
    Just (Ann (DP (1,1)) (ColDelta 1) DP (1,1) [] [])
    (ValD 
     (FunBind 
      ({ ../../hackage-packages/http-kit-0.5.1/src/Network/HTTP/Toolkit/Connection.hs:31:1-21
        }
       Just (Ann (DP (0,0)) (ColDelta 1) DP (0,0) [] [((G AnnVal),DP (0,0))])
       (Unqual {OccName: connectionReadAtLeast})) 
      (False) 
      (MG 
       [
        ({ ../../hackage-packages/http-kit-0.5.1/src/Network/HTTP/Toolkit/Connection.hs:31:1-35
          }
         Just (Ann (DP (0,0)) (ColDelta 1) DP (0,0) [] [((G AnnEqual),DP (0,1))])
         (Match 
          (Just 
           ((,) 
            ({ ../../hackage-packages/http-kit-0.5.1/src/Network/HTTP/Toolkit/Connection.hs:31:1-21
              }
             Just (Ann (DP (0,0)) (ColDelta 1) DP (0,0) [] [((G AnnVal),DP (0,0))])
             (Unqual {OccName: connectionReadAtLeast})) 
            (False))) 
          [] 
          (Nothing) 
          (GRHSs 
           [
            ({ ../../hackage-packages/http-kit-0.5.1/src/Network/HTTP/Toolkit/Connection.hs:31:23-35
              }
             Just (Ann (DP (0,-1)) (ColDelta 23) DP (0,-1) [] [])
             (GRHS 
              [] 
              ({ ../../hackage-packages/http-kit-0.5.1/src/Network/HTTP/Toolkit/Connection.hs:31:25-35
                }
               Just (Ann (DP (0,1)) (ColDelta 25) DP (0,1) [] [((G AnnVal),DP (0,0))])
               (HsVar 
                (Unqual {OccName: readAtLeast})))))] 
           (EmptyLocalBinds))))] 
       [] 
       (PlaceHolder) 
       (FromSource)) 
      (WpHole) 
      (PlaceHolder) 
      [])))] 
  (Just 
   ({ ../../hackage-packages/http-kit-0.5.1/src/Network/HTTP/Toolkit/Connection.hs:1:40-108
     }
    Just (Ann (DP (0,1)) (ColDelta 40) DP (0,1) [] [((G AnnOpen),DP (0,0)),((G AnnClose),DP (0,1))])
    (DeprecatedTxt 
     ({ ../../hackage-packages/http-kit-0.5.1/src/Network/HTTP/Toolkit/Connection.hs:1:40-53
       }
      Nothing"{-# DEPRECATED") 
     [
      ({ ../../hackage-packages/http-kit-0.5.1/src/Network/HTTP/Toolkit/Connection.hs:1:55-104
        }
       Just (Ann (DP (0,1)) (ColDelta 55) DP (0,1) [] [((G AnnVal),DP (0,0))]){FastString: "use \"Network.HTTP.Toolkit.InputStream\" instead"})]))) 
  (Nothing)))
==============
[(AnnKey ../../hackage-packages/http-kit-0.5.1/src/Network/HTTP/Toolkit/Connection.hs:1:1 CN "HsModule" NotNeeded,
  (Ann (DP (0,0)) (ColDelta 1) DP (0,0) [] [((G AnnModule),DP (0,0)),((G AnnVal),DP (0,1)),((G AnnWhere),DP (0,1)),((G AnnEofPos),DP (1,0))])),
 (AnnKey ../../hackage-packages/http-kit-0.5.1/src/Network/HTTP/Toolkit/Connection.hs:1:40-108 CN "DeprecatedTxt" NotNeeded,
  (Ann (DP (0,1)) (ColDelta 40) DP (0,1) [] [((G AnnOpen),DP (0,0)),((G AnnClose),DP (0,1))])),
 (AnnKey ../../hackage-packages/http-kit-0.5.1/src/Network/HTTP/Toolkit/Connection.hs:1:55-104 CN "{abstract:FastString}" NotNeeded,
  (Ann (DP (0,1)) (ColDelta 55) DP (0,1) [] [((G AnnVal),DP (0,0))])),
 (AnnKey ../../hackage-packages/http-kit-0.5.1/src/Network/HTTP/Toolkit/Connection.hs:(1,110)-(9,1) CN "(:)" NotNeeded,
  (Ann (DP (0,1)) (ColDelta 110) DP (0,1) [] [((G AnnOpenP),DP (0,0)),((G AnnCloseP),DP (1,1))])),
 (AnnKey ../../hackage-packages/http-kit-0.5.1/src/Network/HTTP/Toolkit/Connection.hs:2:3-12 CN "IEThingAbs" NotNeeded,
  (Ann (DP (1,3)) (ColDelta 3) DP (1,3) [] [])),
 (AnnKey ../../hackage-packages/http-kit-0.5.1/src/Network/HTTP/Toolkit/Connection.hs:2:3-12 CN "Unqual" NotNeeded,
  (Ann (DP (0,0)) (ColDelta 3) DP (0,0) [] [((G AnnVal),DP (0,0)),((G AnnComma),DP (1,1))])),
 (AnnKey ../../hackage-packages/http-kit-0.5.1/src/Network/HTTP/Toolkit/Connection.hs:3:3-13 CN "Unqual" NotNeeded,
  (Ann (DP (0,0)) (ColDelta 3) DP (0,0) [] [((G AnnVal),DP (0,0))])),
 (AnnKey ../../hackage-packages/http-kit-0.5.1/src/Network/HTTP/Toolkit/Connection.hs:3:3-17 CN "IEThingAll" NotNeeded,
  (Ann (DP (0,1)) (ColDelta 3) DP (0,1) [] [((G AnnOpenP),DP (0,0)),((G AnnDotdot),DP (0,0)),((G AnnCloseP),DP (0,0)),((G AnnComma),DP (1,1))])),
 (AnnKey ../../hackage-packages/http-kit-0.5.1/src/Network/HTTP/Toolkit/Connection.hs:4:3-16 CN "IEVar" NotNeeded,
  (Ann (DP (0,1)) (ColDelta 3) DP (0,1) [] [])),
 (AnnKey ../../hackage-packages/http-kit-0.5.1/src/Network/HTTP/Toolkit/Connection.hs:4:3-16 CN "Unqual" NotNeeded,
  (Ann (DP (0,0)) (ColDelta 3) DP (0,0) [] [((G AnnVal),DP (0,0)),((G AnnComma),DP (1,1))])),
 (AnnKey ../../hackage-packages/http-kit-0.5.1/src/Network/HTTP/Toolkit/Connection.hs:5:3-22 CN "IEVar" NotNeeded,
  (Ann (DP (0,1)) (ColDelta 3) DP (0,1) [] [])),
 (AnnKey ../../hackage-packages/http-kit-0.5.1/src/Network/HTTP/Toolkit/Connection.hs:5:3-22 CN "Unqual" NotNeeded,
  (Ann (DP (0,0)) (ColDelta 3) DP (0,0) [] [((G AnnVal),DP (0,0)),((G AnnComma),DP (1,1))])),
 (AnnKey ../../hackage-packages/http-kit-0.5.1/src/Network/HTTP/Toolkit/Connection.hs:6:3-16 CN "IEVar" NotNeeded,
  (Ann (DP (0,1)) (ColDelta 3) DP (0,1) [] [])),
 (AnnKey ../../hackage-packages/http-kit-0.5.1/src/Network/HTTP/Toolkit/Connection.hs:6:3-16 CN "Unqual" NotNeeded,
  (Ann (DP (0,0)) (ColDelta 3) DP (0,0) [] [((G AnnVal),DP (0,0)),((G AnnComma),DP (1,1))])),
 (AnnKey ../../hackage-packages/http-kit-0.5.1/src/Network/HTTP/Toolkit/Connection.hs:7:3-18 CN "IEVar" NotNeeded,
  (Ann (DP (0,1)) (ColDelta 3) DP (0,1) [] [])),
 (AnnKey ../../hackage-packages/http-kit-0.5.1/src/Network/HTTP/Toolkit/Connection.hs:7:3-18 CN "Unqual" NotNeeded,
  (Ann (DP (0,0)) (ColDelta 3) DP (0,0) [] [((G AnnVal),DP (0,0)),((G AnnComma),DP (1,1))])),
 (AnnKey ../../hackage-packages/http-kit-0.5.1/src/Network/HTTP/Toolkit/Connection.hs:8:3-23 CN "IEVar" NotNeeded,
  (Ann (DP (0,1)) (ColDelta 3) DP (0,1) [] [])),
 (AnnKey ../../hackage-packages/http-kit-0.5.1/src/Network/HTTP/Toolkit/Connection.hs:8:3-23 CN "Unqual" NotNeeded,
  (Ann (DP (0,0)) (ColDelta 3) DP (0,0) [] [((G AnnVal),DP (0,0))])),
 (AnnKey ../../hackage-packages/http-kit-0.5.1/src/Network/HTTP/Toolkit/Connection.hs:11:1-26 CN "ImportDecl" NotNeeded,
  (Ann (DP (2,1)) (ColDelta 1) DP (2,1) [] [((G AnnImport),DP (0,0)),((G AnnVal),DP (0,11))])),
 (AnnKey ../../hackage-packages/http-kit-0.5.1/src/Network/HTTP/Toolkit/Connection.hs:12:1-45 CN "ImportDecl" NotNeeded,
  (Ann (DP (1,1)) (ColDelta 1) DP (1,1) [] [((G AnnImport),DP (0,0)),((G AnnVal),DP (0,11))])),
 (AnnKey ../../hackage-packages/http-kit-0.5.1/src/Network/HTTP/Toolkit/Connection.hs:12:34-45 CN "(:)" NotNeeded,
  (Ann (DP (0,1)) (ColDelta 34) DP (0,1) [] [((G AnnOpenP),DP (0,0)),((G AnnCloseP),DP (0,0))])),
 (AnnKey ../../hackage-packages/http-kit-0.5.1/src/Network/HTTP/Toolkit/Connection.hs:12:35-44 CN "IEThingAbs" NotNeeded,
  (Ann (DP (0,0)) (ColDelta 35) DP (0,0) [] [])),
 (AnnKey ../../hackage-packages/http-kit-0.5.1/src/Network/HTTP/Toolkit/Connection.hs:12:35-44 CN "Unqual" NotNeeded,
  (Ann (DP (0,0)) (ColDelta 35) DP (0,0) [] [((G AnnVal),DP (0,0))])),
 (AnnKey ../../hackage-packages/http-kit-0.5.1/src/Network/HTTP/Toolkit/Connection.hs:14:1-49 CN "ImportDecl" NotNeeded,
  (Ann (DP (2,1)) (ColDelta 1) DP (2,1) [] [((G AnnImport),DP (0,0)),((G AnnVal),DP (0,11))])),
 (AnnKey ../../hackage-packages/http-kit-0.5.1/src/Network/HTTP/Toolkit/Connection.hs:16:1-29 CN "TyClD" NotNeeded,
  (Ann (DP (2,1)) (ColDelta 1) DP (2,1) [] [((G AnnType),DP (0,0)),((G AnnEqual),DP (0,1))])),
 (AnnKey ../../hackage-packages/http-kit-0.5.1/src/Network/HTTP/Toolkit/Connection.hs:16:6-15 CN "Unqual" NotNeeded,
  (Ann (DP (0,1)) (ColDelta 6) DP (0,1) [] [((G AnnVal),DP (0,0))])),
 (AnnKey ../../hackage-packages/http-kit-0.5.1/src/Network/HTTP/Toolkit/Connection.hs:16:19-29 CN "HsTyVar" NotNeeded,
  (Ann (DP (0,1)) (ColDelta 19) DP (0,1) [] [((G AnnVal),DP (0,0))])),
 (AnnKey ../../hackage-packages/http-kit-0.5.1/src/Network/HTTP/Toolkit/Connection.hs:18:1-14 CN "Unqual" NotNeeded,
  (Ann (DP (0,0)) (ColDelta 1) DP (0,0) [] [((G AnnVal),DP (0,0))])),
 (AnnKey ../../hackage-packages/http-kit-0.5.1/src/Network/HTTP/Toolkit/Connection.hs:18:1-48 CN "SigD" NotNeeded,
  (Ann (DP (2,1)) (ColDelta 1) DP (2,1) [] [((G AnnDcolon),DP (0,1))])),
 (AnnKey ../../hackage-packages/http-kit-0.5.1/src/Network/HTTP/Toolkit/Connection.hs:18:19-20 CN "HsTyVar" NotNeeded,
  (Ann (DP (0,0)) (ColDelta 19) DP (0,0) [] [((G AnnVal),DP (0,0))])),
 (AnnKey ../../hackage-packages/http-kit-0.5.1/src/Network/HTTP/Toolkit/Connection.hs:18:19-31 CN "HsAppTy" NotNeeded,
  (Ann (DP (0,0)) (ColDelta 19) DP (0,0) [] [])),
 (AnnKey ../../hackage-packages/http-kit-0.5.1/src/Network/HTTP/Toolkit/Connection.hs:18:19-48 CN "HsForAllTy" NotNeeded,
  (Ann (DP (0,1)) (ColDelta 19) DP (0,1) [] [])),
 (AnnKey ../../hackage-packages/http-kit-0.5.1/src/Network/HTTP/Toolkit/Connection.hs:18:19-48 CN "HsFunTy" NotNeeded,
  (Ann (DP (0,0)) (ColDelta 19) DP (0,0) [] [((G AnnRarrow),DP (0,1))])),
 (AnnKey ../../hackage-packages/http-kit-0.5.1/src/Network/HTTP/Toolkit/Connection.hs:18:22-31 CN "HsTyVar" NotNeeded,
  (Ann (DP (0,1)) (ColDelta 22) DP (0,1) [] [((G AnnVal),DP (0,0))])),
 (AnnKey ../../hackage-packages/http-kit-0.5.1/src/Network/HTTP/Toolkit/Connection.hs:18:36-37 CN "HsTyVar" NotNeeded,
  (Ann (DP (0,0)) (ColDelta 36) DP (0,0) [] [((G AnnVal),DP (0,0))])),
 (AnnKey ../../hackage-packages/http-kit-0.5.1/src/Network/HTTP/Toolkit/Connection.hs:18:36-48 CN "HsAppTy" NotNeeded,
  (Ann (DP (0,1)) (ColDelta 36) DP (0,1) [] [])),
 (AnnKey ../../hackage-packages/http-kit-0.5.1/src/Network/HTTP/Toolkit/Connection.hs:18:39-48 CN "HsTyVar" NotNeeded,
  (Ann (DP (0,1)) (ColDelta 39) DP (0,1) [] [((G AnnVal),DP (0,0))])),
 (AnnKey ../../hackage-packages/http-kit-0.5.1/src/Network/HTTP/Toolkit/Connection.hs:19:1-14 CN "Unqual" NotNeeded,
  (Ann (DP (0,0)) (ColDelta 1) DP (0,0) [] [((G AnnVal),DP (0,0))])),
 (AnnKey ../../hackage-packages/http-kit-0.5.1/src/Network/HTTP/Toolkit/Connection.hs:19:1-32 CN "Match" NotNeeded,
  (Ann (DP (0,0)) (ColDelta 1) DP (0,0) [] [((G AnnEqual),DP (0,1))])),
 (AnnKey ../../hackage-packages/http-kit-0.5.1/src/Network/HTTP/Toolkit/Connection.hs:19:1-32 CN "ValD" NotNeeded,
  (Ann (DP (1,1)) (ColDelta 1) DP (1,1) [] [])),
 (AnnKey ../../hackage-packages/http-kit-0.5.1/src/Network/HTTP/Toolkit/Connection.hs:19:16-32 CN "GRHS" NotNeeded,
  (Ann (DP (0,-1)) (ColDelta 16) DP (0,-1) [] [])),
 (AnnKey ../../hackage-packages/http-kit-0.5.1/src/Network/HTTP/Toolkit/Connection.hs:19:18-32 CN "HsVar" NotNeeded,
  (Ann (DP (0,1)) (ColDelta 18) DP (0,1) [] [((G AnnVal),DP (0,0))])),
 (AnnKey ../../hackage-packages/http-kit-0.5.1/src/Network/HTTP/Toolkit/Connection.hs:21:1-20 CN "Unqual" NotNeeded,
  (Ann (DP (0,0)) (ColDelta 1) DP (0,0) [] [((G AnnVal),DP (0,0))])),
 (AnnKey ../../hackage-packages/http-kit-0.5.1/src/Network/HTTP/Toolkit/Connection.hs:21:1-47 CN "SigD" NotNeeded,
  (Ann (DP (2,1)) (ColDelta 1) DP (2,1) [] [((G AnnDcolon),DP (0,1))])),
 (AnnKey ../../hackage-packages/http-kit-0.5.1/src/Network/HTTP/Toolkit/Connection.hs:21:25-30 CN "HsTyVar" NotNeeded,
  (Ann (DP (0,0)) (ColDelta 25) DP (0,0) [] [((G AnnVal),DP (0,0))])),
 (AnnKey ../../hackage-packages/http-kit-0.5.1/src/Network/HTTP/Toolkit/Connection.hs:21:25-47 CN "HsForAllTy" NotNeeded,
  (Ann (DP (0,1)) (ColDelta 25) DP (0,1) [] [])),
 (AnnKey ../../hackage-packages/http-kit-0.5.1/src/Network/HTTP/Toolkit/Connection.hs:21:25-47 CN "HsFunTy" NotNeeded,
  (Ann (DP (0,0)) (ColDelta 25) DP (0,0) [] [((G AnnRarrow),DP (0,1))])),
 (AnnKey ../../hackage-packages/http-kit-0.5.1/src/Network/HTTP/Toolkit/Connection.hs:21:35-36 CN "HsTyVar" NotNeeded,
  (Ann (DP (0,0)) (ColDelta 35) DP (0,0) [] [((G AnnVal),DP (0,0))])),
 (AnnKey ../../hackage-packages/http-kit-0.5.1/src/Network/HTTP/Toolkit/Connection.hs:21:35-47 CN "HsAppTy" NotNeeded,
  (Ann (DP (0,1)) (ColDelta 35) DP (0,1) [] [])),
 (AnnKey ../../hackage-packages/http-kit-0.5.1/src/Network/HTTP/Toolkit/Connection.hs:21:38-47 CN "HsTyVar" NotNeeded,
  (Ann (DP (0,1)) (ColDelta 38) DP (0,1) [] [((G AnnVal),DP (0,0))])),
 (AnnKey ../../hackage-packages/http-kit-0.5.1/src/Network/HTTP/Toolkit/Connection.hs:22:1-20 CN "Unqual" NotNeeded,
  (Ann (DP (0,0)) (ColDelta 1) DP (0,0) [] [((G AnnVal),DP (0,0))])),
 (AnnKey ../../hackage-packages/http-kit-0.5.1/src/Network/HTTP/Toolkit/Connection.hs:22:1-44 CN "Match" NotNeeded,
  (Ann (DP (0,0)) (ColDelta 1) DP (0,0) [] [((G AnnEqual),DP (0,1))])),
 (AnnKey ../../hackage-packages/http-kit-0.5.1/src/Network/HTTP/Toolkit/Connection.hs:22:1-44 CN "ValD" NotNeeded,
  (Ann (DP (1,1)) (ColDelta 1) DP (1,1) [] [])),
 (AnnKey ../../hackage-packages/http-kit-0.5.1/src/Network/HTTP/Toolkit/Connection.hs:22:22-44 CN "GRHS" NotNeeded,
  (Ann (DP (0,-1)) (ColDelta 22) DP (0,-1) [] [])),
 (AnnKey ../../hackage-packages/http-kit-0.5.1/src/Network/HTTP/Toolkit/Connection.hs:22:24-44 CN "HsVar" NotNeeded,
  (Ann (DP (0,1)) (ColDelta 24) DP (0,1) [] [((G AnnVal),DP (0,0))])),
 (AnnKey ../../hackage-packages/http-kit-0.5.1/src/Network/HTTP/Toolkit/Connection.hs:24:1-14 CN "Unqual" NotNeeded,
  (Ann (DP (0,0)) (ColDelta 1) DP (0,0) [] [((G AnnVal),DP (0,0))])),
 (AnnKey ../../hackage-packages/http-kit-0.5.1/src/Network/HTTP/Toolkit/Connection.hs:24:1-45 CN "SigD" NotNeeded,
  (Ann (DP (2,1)) (ColDelta 1) DP (2,1) [] [((G AnnDcolon),DP (0,1))])),
 (AnnKey ../../hackage-packages/http-kit-0.5.1/src/Network/HTTP/Toolkit/Connection.hs:24:19-28 CN "HsTyVar" NotNeeded,
  (Ann (DP (0,0)) (ColDelta 19) DP (0,0) [] [((G AnnVal),DP (0,0))])),
 (AnnKey ../../hackage-packages/http-kit-0.5.1/src/Network/HTTP/Toolkit/Connection.hs:24:19-45 CN "HsForAllTy" NotNeeded,
  (Ann (DP (0,1)) (ColDelta 19) DP (0,1) [] [])),
 (AnnKey ../../hackage-packages/http-kit-0.5.1/src/Network/HTTP/Toolkit/Connection.hs:24:19-45 CN "HsFunTy" NotNeeded,
  (Ann (DP (0,0)) (ColDelta 19) DP (0,0) [] [((G AnnRarrow),DP (0,1))])),
 (AnnKey ../../hackage-packages/http-kit-0.5.1/src/Network/HTTP/Toolkit/Connection.hs:24:33-34 CN "HsTyVar" NotNeeded,
  (Ann (DP (0,0)) (ColDelta 33) DP (0,0) [] [((G AnnVal),DP (0,0))])),
 (AnnKey ../../hackage-packages/http-kit-0.5.1/src/Network/HTTP/Toolkit/Connection.hs:24:33-45 CN "HsAppTy" NotNeeded,
  (Ann (DP (0,1)) (ColDelta 33) DP (0,1) [] [])),
 (AnnKey ../../hackage-packages/http-kit-0.5.1/src/Network/HTTP/Toolkit/Connection.hs:24:36-45 CN "HsTyVar" NotNeeded,
  (Ann (DP (0,1)) (ColDelta 36) DP (0,1) [] [((G AnnVal),DP (0,0))])),
 (AnnKey ../../hackage-packages/http-kit-0.5.1/src/Network/HTTP/Toolkit/Connection.hs:25:1-14 CN "Unqual" NotNeeded,
  (Ann (DP (0,0)) (ColDelta 1) DP (0,0) [] [((G AnnVal),DP (0,0))])),
 (AnnKey ../../hackage-packages/http-kit-0.5.1/src/Network/HTTP/Toolkit/Connection.hs:25:1-26 CN "Match" NotNeeded,
  (Ann (DP (0,0)) (ColDelta 1) DP (0,0) [] [((G AnnEqual),DP (0,1))])),
 (AnnKey ../../hackage-packages/http-kit-0.5.1/src/Network/HTTP/Toolkit/Connection.hs:25:1-26 CN "ValD" NotNeeded,
  (Ann (DP (1,1)) (ColDelta 1) DP (1,1) [] [])),
 (AnnKey ../../hackage-packages/http-kit-0.5.1/src/Network/HTTP/Toolkit/Connection.hs:25:16-26 CN "GRHS" NotNeeded,
  (Ann (DP (0,-1)) (ColDelta 16) DP (0,-1) [] [])),
 (AnnKey ../../hackage-packages/http-kit-0.5.1/src/Network/HTTP/Toolkit/Connection.hs:25:18-26 CN "HsVar" NotNeeded,
  (Ann (DP (0,1)) (ColDelta 18) DP (0,1) [] [((G AnnVal),DP (0,0))])),
 (AnnKey ../../hackage-packages/http-kit-0.5.1/src/Network/HTTP/Toolkit/Connection.hs:27:1-16 CN "Unqual" NotNeeded,
  (Ann (DP (0,0)) (ColDelta 1) DP (0,0) [] [((G AnnVal),DP (0,0))])),
 (AnnKey ../../hackage-packages/http-kit-0.5.1/src/Network/HTTP/Toolkit/Connection.hs:27:1-53 CN "SigD" NotNeeded,
  (Ann (DP (2,1)) (ColDelta 1) DP (2,1) [] [((G AnnDcolon),DP (0,1))])),
 (AnnKey ../../hackage-packages/http-kit-0.5.1/src/Network/HTTP/Toolkit/Connection.hs:27:21-30 CN "HsTyVar" NotNeeded,
  (Ann (DP (0,0)) (ColDelta 21) DP (0,0) [] [((G AnnVal),DP (0,0))])),
 (AnnKey ../../hackage-packages/http-kit-0.5.1/src/Network/HTTP/Toolkit/Connection.hs:27:21-53 CN "HsForAllTy" NotNeeded,
  (Ann (DP (0,1)) (ColDelta 21) DP (0,1) [] [])),
 (AnnKey ../../hackage-packages/http-kit-0.5.1/src/Network/HTTP/Toolkit/Connection.hs:27:21-53 CN "HsFunTy" NotNeeded,
  (Ann (DP (0,0)) (ColDelta 21) DP (0,0) [] [((G AnnRarrow),DP (0,1))])),
 (AnnKey ../../hackage-packages/http-kit-0.5.1/src/Network/HTTP/Toolkit/Connection.hs:27:35-44 CN "HsTyVar" NotNeeded,
  (Ann (DP (0,0)) (ColDelta 35) DP (0,0) [] [((G AnnVal),DP (0,0))])),
 (AnnKey ../../hackage-packages/http-kit-0.5.1/src/Network/HTTP/Toolkit/Connection.hs:27:35-53 CN "HsFunTy" NotNeeded,
  (Ann (DP (0,1)) (ColDelta 35) DP (0,1) [] [((G AnnRarrow),DP (0,1))])),
 (AnnKey ../../hackage-packages/http-kit-0.5.1/src/Network/HTTP/Toolkit/Connection.hs:27:49-50 CN "HsTyVar" NotNeeded,
  (Ann (DP (0,0)) (ColDelta 49) DP (0,0) [] [((G AnnVal),DP (0,0))])),
 (AnnKey ../../hackage-packages/http-kit-0.5.1/src/Network/HTTP/Toolkit/Connection.hs:27:49-53 CN "HsAppTy" NotNeeded,
  (Ann (DP (0,1)) (ColDelta 49) DP (0,1) [] [])),
 (AnnKey ../../hackage-packages/http-kit-0.5.1/src/Network/HTTP/Toolkit/Connection.hs:27:52-53 CN "HsTupleTy" NotNeeded,
  (Ann (DP (0,1)) (ColDelta 52) DP (0,1) [] [((G AnnOpenP),DP (0,0)),((G AnnCloseP),DP (0,0))])),
 (AnnKey ../../hackage-packages/http-kit-0.5.1/src/Network/HTTP/Toolkit/Connection.hs:28:1-16 CN "Unqual" NotNeeded,
  (Ann (DP (0,0)) (ColDelta 1) DP (0,0) [] [((G AnnVal),DP (0,0))])),
 (AnnKey ../../hackage-packages/http-kit-0.5.1/src/Network/HTTP/Toolkit/Connection.hs:28:1-30 CN "Match" NotNeeded,
  (Ann (DP (0,0)) (ColDelta 1) DP (0,0) [] [((G AnnEqual),DP (0,1))])),
 (AnnKey ../../hackage-packages/http-kit-0.5.1/src/Network/HTTP/Toolkit/Connection.hs:28:1-30 CN "ValD" NotNeeded,
  (Ann (DP (1,1)) (ColDelta 1) DP (1,1) [] [])),
 (AnnKey ../../hackage-packages/http-kit-0.5.1/src/Network/HTTP/Toolkit/Connection.hs:28:18-30 CN "GRHS" NotNeeded,
  (Ann (DP (0,-1)) (ColDelta 18) DP (0,-1) [] [])),
 (AnnKey ../../hackage-packages/http-kit-0.5.1/src/Network/HTTP/Toolkit/Connection.hs:28:20-30 CN "HsVar" NotNeeded,
  (Ann (DP (0,1)) (ColDelta 20) DP (0,1) [] [((G AnnVal),DP (0,0))])),
 (AnnKey ../../hackage-packages/http-kit-0.5.1/src/Network/HTTP/Toolkit/Connection.hs:30:1-21 CN "Unqual" NotNeeded,
  (Ann (DP (0,0)) (ColDelta 1) DP (0,0) [] [((G AnnVal),DP (0,0))])),
 (AnnKey ../../hackage-packages/http-kit-0.5.1/src/Network/HTTP/Toolkit/Connection.hs:30:1-59 CN "SigD" NotNeeded,
  (Ann (DP (2,1)) (ColDelta 1) DP (2,1) [] [((G AnnDcolon),DP (0,1))])),
 (AnnKey ../../hackage-packages/http-kit-0.5.1/src/Network/HTTP/Toolkit/Connection.hs:30:26-35 CN "HsTyVar" NotNeeded,
  (Ann (DP (0,0)) (ColDelta 26) DP (0,0) [] [((G AnnVal),DP (0,0))])),
 (AnnKey ../../hackage-packages/http-kit-0.5.1/src/Network/HTTP/Toolkit/Connection.hs:30:26-59 CN "HsForAllTy" NotNeeded,
  (Ann (DP (0,1)) (ColDelta 26) DP (0,1) [] [])),
 (AnnKey ../../hackage-packages/http-kit-0.5.1/src/Network/HTTP/Toolkit/Connection.hs:30:26-59 CN "HsFunTy" NotNeeded,
  (Ann (DP (0,0)) (ColDelta 26) DP (0,0) [] [((G AnnRarrow),DP (0,1))])),
 (AnnKey ../../hackage-packages/http-kit-0.5.1/src/Network/HTTP/Toolkit/Connection.hs:30:40-42 CN "HsTyVar" NotNeeded,
  (Ann (DP (0,0)) (ColDelta 40) DP (0,0) [] [((G AnnVal),DP (0,0))])),
 (AnnKey ../../hackage-packages/http-kit-0.5.1/src/Network/HTTP/Toolkit/Connection.hs:30:40-59 CN "HsFunTy" NotNeeded,
  (Ann (DP (0,1)) (ColDelta 40) DP (0,1) [] [((G AnnRarrow),DP (0,1))])),
 (AnnKey ../../hackage-packages/http-kit-0.5.1/src/Network/HTTP/Toolkit/Connection.hs:30:47-48 CN "HsTyVar" NotNeeded,
  (Ann (DP (0,0)) (ColDelta 47) DP (0,0) [] [((G AnnVal),DP (0,0))])),
 (AnnKey ../../hackage-packages/http-kit-0.5.1/src/Network/HTTP/Toolkit/Connection.hs:30:47-59 CN "HsAppTy" NotNeeded,
  (Ann (DP (0,1)) (ColDelta 47) DP (0,1) [] [])),
 (AnnKey ../../hackage-packages/http-kit-0.5.1/src/Network/HTTP/Toolkit/Connection.hs:30:50-59 CN "HsTyVar" NotNeeded,
  (Ann (DP (0,1)) (ColDelta 50) DP (0,1) [] [((G AnnVal),DP (0,0))])),
 (AnnKey ../../hackage-packages/http-kit-0.5.1/src/Network/HTTP/Toolkit/Connection.hs:31:1-21 CN "Unqual" NotNeeded,
  (Ann (DP (0,0)) (ColDelta 1) DP (0,0) [] [((G AnnVal),DP (0,0))])),
 (AnnKey ../../hackage-packages/http-kit-0.5.1/src/Network/HTTP/Toolkit/Connection.hs:31:1-35 CN "Match" NotNeeded,
  (Ann (DP (0,0)) (ColDelta 1) DP (0,0) [] [((G AnnEqual),DP (0,1))])),
 (AnnKey ../../hackage-packages/http-kit-0.5.1/src/Network/HTTP/Toolkit/Connection.hs:31:1-35 CN "ValD" NotNeeded,
  (Ann (DP (1,1)) (ColDelta 1) DP (1,1) [] [])),
 (AnnKey ../../hackage-packages/http-kit-0.5.1/src/Network/HTTP/Toolkit/Connection.hs:31:23-35 CN "GRHS" NotNeeded,
  (Ann (DP (0,-1)) (ColDelta 23) DP (0,-1) [] [])),
 (AnnKey ../../hackage-packages/http-kit-0.5.1/src/Network/HTTP/Toolkit/Connection.hs:31:25-35 CN "HsVar" NotNeeded,
  (Ann (DP (0,1)) (ColDelta 25) DP (0,1) [] [((G AnnVal),DP (0,0))])),
 (AnnKey <no location info> CN "EmptyLocalBinds" NotNeeded,
  (Ann (DP (-19,0)) (ColDelta 0) DP (-19,0) [] []))]
==============
([((../../hackage-packages/http-kit-0.5.1/src/Network/HTTP/Toolkit/Connection.hs:1:1,
    AnnModule),
   [../../hackage-packages/http-kit-0.5.1/src/Network/HTTP/Toolkit/Connection.hs:1:1-6]),
  ((../../hackage-packages/http-kit-0.5.1/src/Network/HTTP/Toolkit/Connection.hs:1:1,
    AnnWhere),
   [../../hackage-packages/http-kit-0.5.1/src/Network/HTTP/Toolkit/Connection.hs:9:3-7]),
  ((../../hackage-packages/http-kit-0.5.1/src/Network/HTTP/Toolkit/Connection.hs:1:40-108,
    AnnClose),
   [../../hackage-packages/http-kit-0.5.1/src/Network/HTTP/Toolkit/Connection.hs:1:106-108]),
  ((../../hackage-packages/http-kit-0.5.1/src/Network/HTTP/Toolkit/Connection.hs:1:40-108,
    AnnOpen),
   [../../hackage-packages/http-kit-0.5.1/src/Network/HTTP/Toolkit/Connection.hs:1:40-53]),
  ((../../hackage-packages/http-kit-0.5.1/src/Network/HTTP/Toolkit/Connection.hs:(1,110)-(9,1),
    AnnCloseP),
   [../../hackage-packages/http-kit-0.5.1/src/Network/HTTP/Toolkit/Connection.hs:9:1]),
  ((../../hackage-packages/http-kit-0.5.1/src/Network/HTTP/Toolkit/Connection.hs:(1,110)-(9,1),
    AnnOpenP),
   [../../hackage-packages/http-kit-0.5.1/src/Network/HTTP/Toolkit/Connection.hs:1:110]),
  ((../../hackage-packages/http-kit-0.5.1/src/Network/HTTP/Toolkit/Connection.hs:2:3-12,
    AnnComma),
   [../../hackage-packages/http-kit-0.5.1/src/Network/HTTP/Toolkit/Connection.hs:3:1]),
  ((../../hackage-packages/http-kit-0.5.1/src/Network/HTTP/Toolkit/Connection.hs:3:3-17,
    AnnCloseP),
   [../../hackage-packages/http-kit-0.5.1/src/Network/HTTP/Toolkit/Connection.hs:3:17]),
  ((../../hackage-packages/http-kit-0.5.1/src/Network/HTTP/Toolkit/Connection.hs:3:3-17,
    AnnComma),
   [../../hackage-packages/http-kit-0.5.1/src/Network/HTTP/Toolkit/Connection.hs:4:1]),
  ((../../hackage-packages/http-kit-0.5.1/src/Network/HTTP/Toolkit/Connection.hs:3:3-17,
    AnnDotdot),
   [../../hackage-packages/http-kit-0.5.1/src/Network/HTTP/Toolkit/Connection.hs:3:15-16]),
  ((../../hackage-packages/http-kit-0.5.1/src/Network/HTTP/Toolkit/Connection.hs:3:3-17,
    AnnOpenP),
   [../../hackage-packages/http-kit-0.5.1/src/Network/HTTP/Toolkit/Connection.hs:3:14]),
  ((../../hackage-packages/http-kit-0.5.1/src/Network/HTTP/Toolkit/Connection.hs:4:3-16,
    AnnComma),
   [../../hackage-packages/http-kit-0.5.1/src/Network/HTTP/Toolkit/Connection.hs:5:1]),
  ((../../hackage-packages/http-kit-0.5.1/src/Network/HTTP/Toolkit/Connection.hs:5:3-22,
    AnnComma),
   [../../hackage-packages/http-kit-0.5.1/src/Network/HTTP/Toolkit/Connection.hs:6:1]),
  ((../../hackage-packages/http-kit-0.5.1/src/Network/HTTP/Toolkit/Connection.hs:6:3-16,
    AnnComma),
   [../../hackage-packages/http-kit-0.5.1/src/Network/HTTP/Toolkit/Connection.hs:7:1]),
  ((../../hackage-packages/http-kit-0.5.1/src/Network/HTTP/Toolkit/Connection.hs:7:3-18,
    AnnComma),
   [../../hackage-packages/http-kit-0.5.1/src/Network/HTTP/Toolkit/Connection.hs:8:1]),
  ((../../hackage-packages/http-kit-0.5.1/src/Network/HTTP/Toolkit/Connection.hs:11:1-26,
    AnnImport),
   [../../hackage-packages/http-kit-0.5.1/src/Network/HTTP/Toolkit/Connection.hs:11:1-6]),
  ((../../hackage-packages/http-kit-0.5.1/src/Network/HTTP/Toolkit/Connection.hs:11:1-26,
    AnnSemi),
   [../../hackage-packages/http-kit-0.5.1/src/Network/HTTP/Toolkit/Connection.hs:12:1]),
  ((../../hackage-packages/http-kit-0.5.1/src/Network/HTTP/Toolkit/Connection.hs:12:1-45,
    AnnImport),
   [../../hackage-packages/http-kit-0.5.1/src/Network/HTTP/Toolkit/Connection.hs:12:1-6]),
  ((../../hackage-packages/http-kit-0.5.1/src/Network/HTTP/Toolkit/Connection.hs:12:1-45,
    AnnSemi),
   [../../hackage-packages/http-kit-0.5.1/src/Network/HTTP/Toolkit/Connection.hs:14:1]),
  ((../../hackage-packages/http-kit-0.5.1/src/Network/HTTP/Toolkit/Connection.hs:12:34-45,
    AnnCloseP),
   [../../hackage-packages/http-kit-0.5.1/src/Network/HTTP/Toolkit/Connection.hs:12:45]),
  ((../../hackage-packages/http-kit-0.5.1/src/Network/HTTP/Toolkit/Connection.hs:12:34-45,
    AnnOpenP),
   [../../hackage-packages/http-kit-0.5.1/src/Network/HTTP/Toolkit/Connection.hs:12:34]),
  ((../../hackage-packages/http-kit-0.5.1/src/Network/HTTP/Toolkit/Connection.hs:14:1-49,
    AnnImport),
   [../../hackage-packages/http-kit-0.5.1/src/Network/HTTP/Toolkit/Connection.hs:14:1-6]),
  ((../../hackage-packages/http-kit-0.5.1/src/Network/HTTP/Toolkit/Connection.hs:14:1-49,
    AnnSemi),
   [../../hackage-packages/http-kit-0.5.1/src/Network/HTTP/Toolkit/Connection.hs:16:1]),
  ((../../hackage-packages/http-kit-0.5.1/src/Network/HTTP/Toolkit/Connection.hs:16:1-29,
    AnnEqual),
   [../../hackage-packages/http-kit-0.5.1/src/Network/HTTP/Toolkit/Connection.hs:16:17]),
  ((../../hackage-packages/http-kit-0.5.1/src/Network/HTTP/Toolkit/Connection.hs:16:1-29,
    AnnSemi),
   [../../hackage-packages/http-kit-0.5.1/src/Network/HTTP/Toolkit/Connection.hs:18:1]),
  ((../../hackage-packages/http-kit-0.5.1/src/Network/HTTP/Toolkit/Connection.hs:16:1-29,
    AnnType),
   [../../hackage-packages/http-kit-0.5.1/src/Network/HTTP/Toolkit/Connection.hs:16:1-4]),
  ((../../hackage-packages/http-kit-0.5.1/src/Network/HTTP/Toolkit/Connection.hs:18:1-48,
    AnnDcolon),
   [../../hackage-packages/http-kit-0.5.1/src/Network/HTTP/Toolkit/Connection.hs:18:16-17]),
  ((../../hackage-packages/http-kit-0.5.1/src/Network/HTTP/Toolkit/Connection.hs:18:1-48,
    AnnSemi),
   [../../hackage-packages/http-kit-0.5.1/src/Network/HTTP/Toolkit/Connection.hs:19:1]),
  ((../../hackage-packages/http-kit-0.5.1/src/Network/HTTP/Toolkit/Connection.hs:18:19-48,
    AnnRarrow),
   [../../hackage-packages/http-kit-0.5.1/src/Network/HTTP/Toolkit/Connection.hs:18:33-34]),
  ((../../hackage-packages/http-kit-0.5.1/src/Network/HTTP/Toolkit/Connection.hs:19:1-32,
    AnnEqual),
   [../../hackage-packages/http-kit-0.5.1/src/Network/HTTP/Toolkit/Connection.hs:19:16]),
  ((../../hackage-packages/http-kit-0.5.1/src/Network/HTTP/Toolkit/Connection.hs:19:1-32,
    AnnFunId),
   [../../hackage-packages/http-kit-0.5.1/src/Network/HTTP/Toolkit/Connection.hs:19:1-14]),
  ((../../hackage-packages/http-kit-0.5.1/src/Network/HTTP/Toolkit/Connection.hs:19:1-32,
    AnnSemi),
   [../../hackage-packages/http-kit-0.5.1/src/Network/HTTP/Toolkit/Connection.hs:21:1]),
  ((../../hackage-packages/http-kit-0.5.1/src/Network/HTTP/Toolkit/Connection.hs:21:1-47,
    AnnDcolon),
   [../../hackage-packages/http-kit-0.5.1/src/Network/HTTP/Toolkit/Connection.hs:21:22-23]),
  ((../../hackage-packages/http-kit-0.5.1/src/Network/HTTP/Toolkit/Connection.hs:21:1-47,
    AnnSemi),
   [../../hackage-packages/http-kit-0.5.1/src/Network/HTTP/Toolkit/Connection.hs:22:1]),
  ((../../hackage-packages/http-kit-0.5.1/src/Network/HTTP/Toolkit/Connection.hs:21:25-47,
    AnnRarrow),
   [../../hackage-packages/http-kit-0.5.1/src/Network/HTTP/Toolkit/Connection.hs:21:32-33]),
  ((../../hackage-packages/http-kit-0.5.1/src/Network/HTTP/Toolkit/Connection.hs:22:1-44,
    AnnEqual),
   [../../hackage-packages/http-kit-0.5.1/src/Network/HTTP/Toolkit/Connection.hs:22:22]),
  ((../../hackage-packages/http-kit-0.5.1/src/Network/HTTP/Toolkit/Connection.hs:22:1-44,
    AnnFunId),
   [../../hackage-packages/http-kit-0.5.1/src/Network/HTTP/Toolkit/Connection.hs:22:1-20]),
  ((../../hackage-packages/http-kit-0.5.1/src/Network/HTTP/Toolkit/Connection.hs:22:1-44,
    AnnSemi),
   [../../hackage-packages/http-kit-0.5.1/src/Network/HTTP/Toolkit/Connection.hs:24:1]),
  ((../../hackage-packages/http-kit-0.5.1/src/Network/HTTP/Toolkit/Connection.hs:24:1-45,
    AnnDcolon),
   [../../hackage-packages/http-kit-0.5.1/src/Network/HTTP/Toolkit/Connection.hs:24:16-17]),
  ((../../hackage-packages/http-kit-0.5.1/src/Network/HTTP/Toolkit/Connection.hs:24:1-45,
    AnnSemi),
   [../../hackage-packages/http-kit-0.5.1/src/Network/HTTP/Toolkit/Connection.hs:25:1]),
  ((../../hackage-packages/http-kit-0.5.1/src/Network/HTTP/Toolkit/Connection.hs:24:19-45,
    AnnRarrow),
   [../../hackage-packages/http-kit-0.5.1/src/Network/HTTP/Toolkit/Connection.hs:24:30-31]),
  ((../../hackage-packages/http-kit-0.5.1/src/Network/HTTP/Toolkit/Connection.hs:25:1-26,
    AnnEqual),
   [../../hackage-packages/http-kit-0.5.1/src/Network/HTTP/Toolkit/Connection.hs:25:16]),
  ((../../hackage-packages/http-kit-0.5.1/src/Network/HTTP/Toolkit/Connection.hs:25:1-26,
    AnnFunId),
   [../../hackage-packages/http-kit-0.5.1/src/Network/HTTP/Toolkit/Connection.hs:25:1-14]),
  ((../../hackage-packages/http-kit-0.5.1/src/Network/HTTP/Toolkit/Connection.hs:25:1-26,
    AnnSemi),
   [../../hackage-packages/http-kit-0.5.1/src/Network/HTTP/Toolkit/Connection.hs:27:1]),
  ((../../hackage-packages/http-kit-0.5.1/src/Network/HTTP/Toolkit/Connection.hs:27:1-53,
    AnnDcolon),
   [../../hackage-packages/http-kit-0.5.1/src/Network/HTTP/Toolkit/Connection.hs:27:18-19]),
  ((../../hackage-packages/http-kit-0.5.1/src/Network/HTTP/Toolkit/Connection.hs:27:1-53,
    AnnSemi),
   [../../hackage-packages/http-kit-0.5.1/src/Network/HTTP/Toolkit/Connection.hs:28:1]),
  ((../../hackage-packages/http-kit-0.5.1/src/Network/HTTP/Toolkit/Connection.hs:27:21-53,
    AnnRarrow),
   [../../hackage-packages/http-kit-0.5.1/src/Network/HTTP/Toolkit/Connection.hs:27:32-33]),
  ((../../hackage-packages/http-kit-0.5.1/src/Network/HTTP/Toolkit/Connection.hs:27:35-53,
    AnnRarrow),
   [../../hackage-packages/http-kit-0.5.1/src/Network/HTTP/Toolkit/Connection.hs:27:46-47]),
  ((../../hackage-packages/http-kit-0.5.1/src/Network/HTTP/Toolkit/Connection.hs:27:52-53,
    AnnCloseP),
   [../../hackage-packages/http-kit-0.5.1/src/Network/HTTP/Toolkit/Connection.hs:27:53]),
  ((../../hackage-packages/http-kit-0.5.1/src/Network/HTTP/Toolkit/Connection.hs:27:52-53,
    AnnOpenP),
   [../../hackage-packages/http-kit-0.5.1/src/Network/HTTP/Toolkit/Connection.hs:27:52]),
  ((../../hackage-packages/http-kit-0.5.1/src/Network/HTTP/Toolkit/Connection.hs:28:1-30,
    AnnEqual),
   [../../hackage-packages/http-kit-0.5.1/src/Network/HTTP/Toolkit/Connection.hs:28:18]),
  ((../../hackage-packages/http-kit-0.5.1/src/Network/HTTP/Toolkit/Connection.hs:28:1-30,
    AnnFunId),
   [../../hackage-packages/http-kit-0.5.1/src/Network/HTTP/Toolkit/Connection.hs:28:1-16]),
  ((../../hackage-packages/http-kit-0.5.1/src/Network/HTTP/Toolkit/Connection.hs:28:1-30,
    AnnSemi),
   [../../hackage-packages/http-kit-0.5.1/src/Network/HTTP/Toolkit/Connection.hs:30:1]),
  ((../../hackage-packages/http-kit-0.5.1/src/Network/HTTP/Toolkit/Connection.hs:30:1-59,
    AnnDcolon),
   [../../hackage-packages/http-kit-0.5.1/src/Network/HTTP/Toolkit/Connection.hs:30:23-24]),
  ((../../hackage-packages/http-kit-0.5.1/src/Network/HTTP/Toolkit/Connection.hs:30:1-59,
    AnnSemi),
   [../../hackage-packages/http-kit-0.5.1/src/Network/HTTP/Toolkit/Connection.hs:31:1]),
  ((../../hackage-packages/http-kit-0.5.1/src/Network/HTTP/Toolkit/Connection.hs:30:26-59,
    AnnRarrow),
   [../../hackage-packages/http-kit-0.5.1/src/Network/HTTP/Toolkit/Connection.hs:30:37-38]),
  ((../../hackage-packages/http-kit-0.5.1/src/Network/HTTP/Toolkit/Connection.hs:30:40-59,
    AnnRarrow),
   [../../hackage-packages/http-kit-0.5.1/src/Network/HTTP/Toolkit/Connection.hs:30:44-45]),
  ((../../hackage-packages/http-kit-0.5.1/src/Network/HTTP/Toolkit/Connection.hs:31:1-35,
    AnnEqual),
   [../../hackage-packages/http-kit-0.5.1/src/Network/HTTP/Toolkit/Connection.hs:31:23]),
  ((../../hackage-packages/http-kit-0.5.1/src/Network/HTTP/Toolkit/Connection.hs:31:1-35,
    AnnFunId),
   [../../hackage-packages/http-kit-0.5.1/src/Network/HTTP/Toolkit/Connection.hs:31:1-21]),
  ((../../hackage-packages/http-kit-0.5.1/src/Network/HTTP/Toolkit/Connection.hs:31:1-35,
    AnnSemi),
   [../../hackage-packages/http-kit-0.5.1/src/Network/HTTP/Toolkit/Connection.hs:32:1]),
  ((<no location info>, AnnEofPos),
   [../../hackage-packages/http-kit-0.5.1/src/Network/HTTP/Toolkit/Connection.hs:32:1])],
 [(<no location info>, [])])