{-# LANGUAGE CPP #-}
module GF.System.Console(setConsoleEncoding,changeConsoleEncoding) where
import System.IO
#ifdef mingw32_HOST_OS
import System.Win32.Console
import System.Win32.NLS
#endif

setConsoleEncoding =
#ifdef mingw32_HOST_OS
    do codepage <- getACP
       setCP codepage
       setEncoding ("CP"++show codepage)
#endif
       return       () :: IO ()

changeConsoleEncoding code =
    do
#ifdef mingw32_HOST_OS
       maybe (return ()) setCP (readCP code)
#endif
       setEncoding code

setEncoding code =
    do enc <- mkTextEncoding code
       hSetEncoding stdin  enc
       hSetEncoding stdout enc
       hSetEncoding stderr enc

#ifdef mingw32_HOST_OS
setCP codepage =
    do setConsoleCP codepage
       setConsoleOutputCP codepage

readCP code =
       case code of
         'C':'P':c -> case reads c of
                        [(cp,"")] -> Just cp
                        _         -> Nothing
         "UTF-8"   -> Just 65001
         _         -> Nothing
#endif

==============
../../hackage-packages/gf-3.6/src/compiler/GF/System/Console.hs
==============
lengths:(987,981)

==============

({ ../../hackage-packages/gf-3.6/src/compiler/GF/System/Console.hs:1:1
  }
 Just (Ann (DP (0,0)) (ColDelta 1) DP (0,0) [] [((AnnComment DComment (DP (0,0),DP (0,20)) "{-# LANGUAGE CPP #-}" Nothing),DP (0,0)),((G AnnModule),DP (1,1)),((G AnnVal),DP (0,1)),((G AnnWhere),DP (0,1)),((AnnComment DComment (DP (2,1),DP (2,22)) "#ifdef mingw32_HOST_OS" Nothing),DP (2,1)),((AnnComment DComment (DP (1,1),DP (1,6)) "setCP" Nothing),DP (1,1)),((AnnComment DComment (DP (0,1),DP (0,9)) "codepage" Nothing),DP (0,1)),((AnnComment DComment (DP (0,1),DP (0,2)) "=" Nothing),DP (0,1)),((AnnComment DComment (DP (1,5),DP (1,7)) "do" Nothing),DP (1,5)),((AnnComment DComment (DP (0,1),DP (0,1)) "" Nothing),DP (0,1)),((AnnComment DComment (DP (0,0),DP (0,12)) "setConsoleCP" Nothing),DP (0,0)),((AnnComment DComment (DP (0,1),DP (0,9)) "codepage" Nothing),DP (0,1)),((AnnComment DComment (DP (1,8),DP (1,8)) "" Nothing),DP (1,8)),((AnnComment DComment (DP (0,0),DP (0,18)) "setConsoleOutputCP" Nothing),DP (0,0)),((AnnComment DComment (DP (0,1),DP (0,9)) "codepage" Nothing),DP (0,1)),((AnnComment DComment (DP (2,1),DP (2,1)) "" Nothing),DP (2,1)),((AnnComment DComment (DP (0,0),DP (0,0)) "" Nothing),DP (0,0)),((AnnComment DComment (DP (0,0),DP (0,6)) "readCP" Nothing),DP (0,0)),((AnnComment DComment (DP (0,1),DP (0,5)) "code" Nothing),DP (0,1)),((AnnComment DComment (DP (0,1),DP (0,2)) "=" Nothing),DP (0,1)),((AnnComment DComment (DP (1,8),DP (1,12)) "case" Nothing),DP (1,8)),((AnnComment DComment (DP (0,1),DP (0,5)) "code" Nothing),DP (0,1)),((AnnComment DComment (DP (0,1),DP (0,3)) "of" Nothing),DP (0,1)),((AnnComment DComment (DP (1,10),DP (1,10)) "" Nothing),DP (1,10)),((AnnComment DComment (DP (0,0),DP (0,3)) "'C'" Nothing),DP (0,0)),((AnnComment DComment (DP (0,0),DP (0,1)) ":" Nothing),DP (0,0)),((AnnComment DComment (DP (0,0),DP (0,3)) "'P'" Nothing),DP (0,0)),((AnnComment DComment (DP (0,0),DP (0,1)) ":" Nothing),DP (0,0)),((AnnComment DComment (DP (0,0),DP (0,1)) "c" Nothing),DP (0,0)),((AnnComment DComment (DP (0,1),DP (0,3)) "->" Nothing),DP (0,1)),((AnnComment DComment (DP (0,1),DP (0,5)) "case" Nothing),DP (0,1)),((AnnComment DComment (DP (0,1),DP (0,6)) "reads" Nothing),DP (0,1)),((AnnComment DComment (DP (0,1),DP (0,2)) "c" Nothing),DP (0,1)),((AnnComment DComment (DP (0,1),DP (0,3)) "of" Nothing),DP (0,1)),((AnnComment DComment (DP (1,25),DP (1,25)) "" Nothing),DP (1,25)),((AnnComment DComment (DP (0,0),DP (0,1)) "[" Nothing),DP (0,0)),((AnnComment DComment (DP (0,0),DP (0,1)) "(" Nothing),DP (0,0)),((AnnComment DComment (DP (0,0),DP (0,2)) "cp" Nothing),DP (0,0)),((AnnComment DComment (DP (0,0),DP (0,1)) "," Nothing),DP (0,0)),((AnnComment DComment (DP (0,0),DP (0,2)) "\"\"" Nothing),DP (0,0)),((AnnComment DComment (DP (0,0),DP (0,1)) ")" Nothing),DP (0,0)),((AnnComment DComment (DP (0,0),DP (0,1)) "]" Nothing),DP (0,0)),((AnnComment DComment (DP (0,1),DP (0,3)) "->" Nothing),DP (0,1)),((AnnComment DComment (DP (0,1),DP (0,5)) "Just" Nothing),DP (0,1)),((AnnComment DComment (DP (0,1),DP (0,3)) "cp" Nothing),DP (0,1)),((AnnComment DComment (DP (1,25),DP (1,25)) "" Nothing),DP (1,25)),((AnnComment DComment (DP (0,0),DP (0,1)) "_" Nothing),DP (0,0)),((AnnComment DComment (DP (0,9),DP (0,11)) "->" Nothing),DP (0,9)),((AnnComment DComment (DP (0,1),DP (0,8)) "Nothing" Nothing),DP (0,1)),((AnnComment DComment (DP (1,10),DP (1,10)) "" Nothing),DP (1,10)),((AnnComment DComment (DP (0,0),DP (0,0)) "" Nothing),DP (0,0)),((AnnComment DComment (DP (0,0),DP (0,7)) "\"UTF-8\"" Nothing),DP (0,0)),((AnnComment DComment (DP (0,3),DP (0,5)) "->" Nothing),DP (0,3)),((AnnComment DComment (DP (0,1),DP (0,5)) "Just" Nothing),DP (0,1)),((AnnComment DComment (DP (0,1),DP (0,6)) "65001" Nothing),DP (0,1)),((AnnComment DComment (DP (1,10),DP (1,10)) "" Nothing),DP (1,10)),((AnnComment DComment (DP (0,0),DP (0,1)) "_" Nothing),DP (0,0)),((AnnComment DComment (DP (0,9),DP (0,11)) "->" Nothing),DP (0,9)),((AnnComment DComment (DP (0,1),DP (0,8)) "Nothing" Nothing),DP (0,1)),((AnnComment DComment (DP (1,1),DP (1,6)) "#endif" Nothing),DP (1,1)),((AnnComment DComment (DP (1,1),DP (1,1)) "" Nothing),DP (1,1)),((AnnComment DComment (DP (0,0),DP (0,0)) "" Nothing),DP (0,0)),((G AnnEofPos),DP (3,0))])
 (HsModule 
  (Just 
   ({ ../../hackage-packages/gf-3.6/src/compiler/GF/System/Console.hs:2:8-24
     }
    Nothing{ModuleName: GF.System.Console})) 
  (Just 
   ({ ../../hackage-packages/gf-3.6/src/compiler/GF/System/Console.hs:2:25-66
     }
    Just (Ann (DP (0,0)) (ColDelta 25) DP (0,0) [] [((G AnnOpenP),DP (0,0)),((G AnnCloseP),DP (0,0))])
    [
     ({ ../../hackage-packages/gf-3.6/src/compiler/GF/System/Console.hs:2:26-43
       }
      Just (Ann (DP (0,0)) (ColDelta 26) DP (0,0) [] [])
      (IEVar 
       ({ ../../hackage-packages/gf-3.6/src/compiler/GF/System/Console.hs:2:26-43
         }
        Just (Ann (DP (0,0)) (ColDelta 26) DP (0,0) [] [((G AnnVal),DP (0,0)),((G AnnComma),DP (0,0))])
        (Unqual {OccName: setConsoleEncoding})))),
     ({ ../../hackage-packages/gf-3.6/src/compiler/GF/System/Console.hs:2:45-65
       }
      Just (Ann (DP (0,0)) (ColDelta 45) DP (0,0) [] [])
      (IEVar 
       ({ ../../hackage-packages/gf-3.6/src/compiler/GF/System/Console.hs:2:45-65
         }
        Just (Ann (DP (0,0)) (ColDelta 45) DP (0,0) [] [((G AnnVal),DP (0,0))])
        (Unqual {OccName: changeConsoleEncoding}))))])) 
  [
   ({ ../../hackage-packages/gf-3.6/src/compiler/GF/System/Console.hs:3:1-16
     }
    Just (Ann (DP (1,1)) (ColDelta 1) DP (1,1) [] [((G AnnImport),DP (0,0)),((G AnnVal),DP (0,1))])
    (ImportDecl 
     (Nothing) 
     ({ ../../hackage-packages/gf-3.6/src/compiler/GF/System/Console.hs:3:8-16
       }
      Nothing{ModuleName: System.IO}) 
     (Nothing) 
     (False) 
     (False) 
     (False) 
     (False) 
     (Nothing) 
     (Nothing)))] 
  [
   ({ ../../hackage-packages/gf-3.6/src/compiler/GF/System/Console.hs:(9,1)-(15,25)
     }
    Just (Ann (DP (2,1)) (ColDelta 1) DP (6,1) [DComment (DP (1,1),DP (1,22)) "#ifdef mingw32_HOST_OS" Nothing,DComment (DP (1,1),DP (1,1)) "" Nothing,DComment (DP (0,0),DP (0,6)) "import" Nothing,DComment (DP (0,1),DP (0,21)) "System.Win32.Console" Nothing,DComment (DP (1,1),DP (1,1)) "" Nothing,DComment (DP (0,0),DP (0,6)) "import" Nothing,DComment (DP (0,1),DP (0,17)) "System.Win32.NLS" Nothing,DComment (DP (1,1),DP (1,6)) "#endif" Nothing] [])
    (ValD 
     (FunBind 
      ({ ../../hackage-packages/gf-3.6/src/compiler/GF/System/Console.hs:9:1-18
        }
       Just (Ann (DP (0,0)) (ColDelta 1) DP (0,0) [] [((G AnnVal),DP (0,0))])
       (Unqual {OccName: setConsoleEncoding})) 
      (False) 
      (MG 
       [
        ({ ../../hackage-packages/gf-3.6/src/compiler/GF/System/Console.hs:(9,1)-(15,25)
          }
         Just (Ann (DP (0,0)) (ColDelta 1) DP (0,0) [] [((G AnnEqual),DP (0,1))])
         (Match 
          (Just 
           ((,) 
            ({ ../../hackage-packages/gf-3.6/src/compiler/GF/System/Console.hs:9:1-18
              }
             Just (Ann (DP (0,0)) (ColDelta 1) DP (0,0) [] [((G AnnVal),DP (0,0))])
             (Unqual {OccName: setConsoleEncoding})) 
            (False))) 
          [] 
          (Nothing) 
          (GRHSs 
           [
            ({ ../../hackage-packages/gf-3.6/src/compiler/GF/System/Console.hs:(9,20)-(15,25)
              }
             Just (Ann (DP (0,-1)) (ColDelta 20) DP (0,-1) [] [])
             (GRHS 
              [] 
              ({ ../../hackage-packages/gf-3.6/src/compiler/GF/System/Console.hs:15:8-25
                }
               Just (Ann (DP (1,8)) (ColDelta 8) DP (6,8) [DComment (DP (1,1),DP (1,22)) "#ifdef mingw32_HOST_OS" Nothing,DComment (DP (1,5),DP (1,7)) "do" Nothing,DComment (DP (0,1),DP (0,1)) "" Nothing,DComment (DP (0,0),DP (0,8)) "codepage" Nothing,DComment (DP (0,1),DP (0,3)) "<-" Nothing,DComment (DP (0,1),DP (0,7)) "getACP" Nothing,DComment (DP (1,8),DP (1,8)) "" Nothing,DComment (DP (0,0),DP (0,5)) "setCP" Nothing,DComment (DP (0,1),DP (0,9)) "codepage" Nothing,DComment (DP (1,8),DP (1,8)) "" Nothing,DComment (DP (0,0),DP (0,11)) "setEncoding" Nothing,DComment (DP (0,1),DP (0,2)) "(" Nothing,DComment (DP (0,0),DP (0,4)) "\"CP\"" Nothing,DComment (DP (0,0),DP (0,2)) "++" Nothing,DComment (DP (0,0),DP (0,4)) "show" Nothing,DComment (DP (0,1),DP (0,9)) "codepage" Nothing,DComment (DP (0,0),DP (0,1)) ")" Nothing,DComment (DP (1,1),DP (1,6)) "#endif" Nothing] [((G AnnDcolon),DP (0,1))])
               (ExprWithTySig 
                ({ ../../hackage-packages/gf-3.6/src/compiler/GF/System/Console.hs:15:8-16
                  }
                 Just (Ann (DP (0,0)) (ColDelta 8) DP (0,0) [] [])
                 (HsApp 
                  ({ ../../hackage-packages/gf-3.6/src/compiler/GF/System/Console.hs:15:8-13
                    }
                   Just (Ann (DP (0,0)) (ColDelta 8) DP (0,0) [] [((G AnnVal),DP (0,0))])
                   (HsVar 
                    (Unqual {OccName: return}))) 
                  ({ ../../hackage-packages/gf-3.6/src/compiler/GF/System/Console.hs:15:15-16
                    }
                   Just (Ann (DP (0,7)) (ColDelta 15) DP (0,1) [DComment (DP (0,-6),DP (0,-6)) "" Nothing] [((G AnnOpenP),DP (0,0)),((G AnnCloseP),DP (0,0))])
                   (HsVar 
                    (Exact {Name: ()}))))) 
                ({ ../../hackage-packages/gf-3.6/src/compiler/GF/System/Console.hs:15:21-25
                  }
                 Just (Ann (DP (0,1)) (ColDelta 21) DP (0,1) [] [])
                 (HsForAllTy 
                  (Implicit) 
                  (Nothing) 
                  (HsQTvs 
                   [] 
                   []) 
                  ({ <no location info> }
                   Nothing
                   []) 
                  ({ ../../hackage-packages/gf-3.6/src/compiler/GF/System/Console.hs:15:21-25
                    }
                   Just (Ann (DP (0,0)) (ColDelta 21) DP (0,0) [] [])
                   (HsAppTy 
                    ({ ../../hackage-packages/gf-3.6/src/compiler/GF/System/Console.hs:15:21-22
                      }
                     Just (Ann (DP (0,0)) (ColDelta 21) DP (0,0) [] [((G AnnVal),DP (0,0))])
                     (HsTyVar 
                      (Unqual {OccName: IO}))) 
                    ({ ../../hackage-packages/gf-3.6/src/compiler/GF/System/Console.hs:15:24-25
                      }
                     Just (Ann (DP (0,1)) (ColDelta 24) DP (0,1) [] [((G AnnOpenP),DP (0,0)),((G AnnCloseP),DP (0,0))])
                     (HsTupleTy 
                      (HsBoxedOrConstraintTuple) 
                      [])))))) 
                (PlaceHolder)))))] 
           (EmptyLocalBinds))))] 
       [] 
       (PlaceHolder) 
       (FromSource)) 
      (WpHole) 
      (PlaceHolder) 
      []))),
   ({ ../../hackage-packages/gf-3.6/src/compiler/GF/System/Console.hs:(17,1)-(22,23)
     }
    Just (Ann (DP (2,1)) (ColDelta 1) DP (2,1) [] [])
    (ValD 
     (FunBind 
      ({ ../../hackage-packages/gf-3.6/src/compiler/GF/System/Console.hs:17:1-21
        }
       Just (Ann (DP (0,0)) (ColDelta 1) DP (0,0) [] [((G AnnVal),DP (0,0))])
       (Unqual {OccName: changeConsoleEncoding})) 
      (False) 
      (MG 
       [
        ({ ../../hackage-packages/gf-3.6/src/compiler/GF/System/Console.hs:(17,1)-(22,23)
          }
         Just (Ann (DP (0,0)) (ColDelta 1) DP (0,0) [] [((G AnnEqual),DP (0,1))])
         (Match 
          (Just 
           ((,) 
            ({ ../../hackage-packages/gf-3.6/src/compiler/GF/System/Console.hs:17:1-21
              }
             Just (Ann (DP (0,0)) (ColDelta 1) DP (0,0) [] [((G AnnVal),DP (0,0))])
             (Unqual {OccName: changeConsoleEncoding})) 
            (False))) 
          [
           ({ ../../hackage-packages/gf-3.6/src/compiler/GF/System/Console.hs:17:23-26
             }
            Just (Ann (DP (0,1)) (ColDelta 23) DP (0,1) [] [((G AnnVal),DP (0,0))])
            (VarPat 
             (Unqual {OccName: code})))] 
          (Nothing) 
          (GRHSs 
           [
            ({ ../../hackage-packages/gf-3.6/src/compiler/GF/System/Console.hs:(17,28)-(22,23)
              }
             Just (Ann (DP (0,-1)) (ColDelta 28) DP (0,-1) [] [])
             (GRHS 
              [] 
              ({ ../../hackage-packages/gf-3.6/src/compiler/GF/System/Console.hs:(18,5)-(22,23)
                }
               Just (Ann (DP (1,5)) (ColDelta 5) DP (1,5) [] [((G AnnDo),DP (0,0)),((AnnList ../../hackage-packages/gf-3.6/src/compiler/GF/System/Console.hs:22:8-23 Ref "delta-1"),DP (0,0))])
               (HsDo 
                (DoExpr) 
                [
                 ({ ../../hackage-packages/gf-3.6/src/compiler/GF/System/Console.hs:22:8-23
                   }
                  Just (Ann (DP (0,0)) (ColDelta 0) DP (0,0) [] [])
                  (BodyStmt 
                   ({ ../../hackage-packages/gf-3.6/src/compiler/GF/System/Console.hs:22:8-23
                     }
                    Just (Ann (DP (0,0)) (ColDelta 0) DP (0,0) [] [])
                    (HsApp 
                     ({ ../../hackage-packages/gf-3.6/src/compiler/GF/System/Console.hs:22:8-18
                       }
                      Just (Ann (DP (0,0)) (ColDelta 0) DP (0,0) [] [((G AnnVal),DP (0,0))])
                      (HsVar 
                       (Unqual {OccName: setEncoding}))) 
                     ({ ../../hackage-packages/gf-3.6/src/compiler/GF/System/Console.hs:22:20-23
                       }
                      Just (Ann (DP (0,1)) (ColDelta 12) DP (0,1) [] [((G AnnVal),DP (0,0))])
                      (HsVar 
                       (Unqual {OccName: code}))))) 
                   (HsLit 
                    (HsString "" {FastString: "noSyntaxExpr"})) 
                   (HsLit 
                    (HsString "" {FastString: "noSyntaxExpr"})) 
                   (PlaceHolder)))] 
                (PlaceHolder)))))] 
           (EmptyLocalBinds))))] 
       [] 
       (PlaceHolder) 
       (FromSource)) 
      (WpHole) 
      (PlaceHolder) 
      []))),
   ({ ../../hackage-packages/gf-3.6/src/compiler/GF/System/Console.hs:(24,1)-(28,30)
     }
    Just (Ann (DP (2,1)) (ColDelta 1) DP (2,1) [] [])
    (ValD 
     (FunBind 
      ({ ../../hackage-packages/gf-3.6/src/compiler/GF/System/Console.hs:24:1-11
        }
       Just (Ann (DP (0,0)) (ColDelta 1) DP (0,0) [] [((G AnnVal),DP (0,0))])
       (Unqual {OccName: setEncoding})) 
      (False) 
      (MG 
       [
        ({ ../../hackage-packages/gf-3.6/src/compiler/GF/System/Console.hs:(24,1)-(28,30)
          }
         Just (Ann (DP (0,0)) (ColDelta 1) DP (0,0) [] [((G AnnEqual),DP (0,1))])
         (Match 
          (Just 
           ((,) 
            ({ ../../hackage-packages/gf-3.6/src/compiler/GF/System/Console.hs:24:1-11
              }
             Just (Ann (DP (0,0)) (ColDelta 1) DP (0,0) [] [((G AnnVal),DP (0,0))])
             (Unqual {OccName: setEncoding})) 
            (False))) 
          [
           ({ ../../hackage-packages/gf-3.6/src/compiler/GF/System/Console.hs:24:13-16
             }
            Just (Ann (DP (0,1)) (ColDelta 13) DP (0,1) [] [((G AnnVal),DP (0,0))])
            (VarPat 
             (Unqual {OccName: code})))] 
          (Nothing) 
          (GRHSs 
           [
            ({ ../../hackage-packages/gf-3.6/src/compiler/GF/System/Console.hs:(24,18)-(28,30)
              }
             Just (Ann (DP (0,-1)) (ColDelta 18) DP (0,-1) [] [])
             (GRHS 
              [] 
              ({ ../../hackage-packages/gf-3.6/src/compiler/GF/System/Console.hs:(25,5)-(28,30)
                }
               Just (Ann (DP (1,5)) (ColDelta 5) DP (1,5) [] [((G AnnDo),DP (0,0)),((AnnList ../../hackage-packages/gf-3.6/src/compiler/GF/System/Console.hs:(25,8)-(28,30) Ref "delta-2"),DP (0,0))])
               (HsDo 
                (DoExpr) 
                [
                 ({ ../../hackage-packages/gf-3.6/src/compiler/GF/System/Console.hs:25:8-33
                   }
                  Just (Ann (DP (0,0)) (ColDelta 0) DP (0,0) [] [((G AnnLarrow),DP (0,1))])
                  (BindStmt 
                   ({ ../../hackage-packages/gf-3.6/src/compiler/GF/System/Console.hs:25:8-10
                     }
                    Just (Ann (DP (0,0)) (ColDelta 0) DP (0,0) [] [((G AnnVal),DP (0,0))])
                    (VarPat 
                     (Unqual {OccName: enc}))) 
                   ({ ../../hackage-packages/gf-3.6/src/compiler/GF/System/Console.hs:25:15-33
                     }
                    Just (Ann (DP (0,1)) (ColDelta 7) DP (0,1) [] [])
                    (HsApp 
                     ({ ../../hackage-packages/gf-3.6/src/compiler/GF/System/Console.hs:25:15-28
                       }
                      Just (Ann (DP (0,0)) (ColDelta 7) DP (0,0) [] [((G AnnVal),DP (0,0))])
                      (HsVar 
                       (Unqual {OccName: mkTextEncoding}))) 
                     ({ ../../hackage-packages/gf-3.6/src/compiler/GF/System/Console.hs:25:30-33
                       }
                      Just (Ann (DP (0,1)) (ColDelta 22) DP (0,1) [] [((G AnnVal),DP (0,0))])
                      (HsVar 
                       (Unqual {OccName: code}))))) 
                   (HsLit 
                    (HsString "" {FastString: "noSyntaxExpr"})) 
                   (HsLit 
                    (HsString "" {FastString: "noSyntaxExpr"})))),
                 ({ ../../hackage-packages/gf-3.6/src/compiler/GF/System/Console.hs:26:8-30
                   }
                  Just (Ann (DP (1,0)) (ColDelta 0) DP (1,0) [] [])
                  (BodyStmt 
                   ({ ../../hackage-packages/gf-3.6/src/compiler/GF/System/Console.hs:26:8-30
                     }
                    Just (Ann (DP (0,0)) (ColDelta 0) DP (0,0) [] [])
                    (HsApp 
                     ({ ../../hackage-packages/gf-3.6/src/compiler/GF/System/Console.hs:26:8-25
                       }
                      Just (Ann (DP (0,0)) (ColDelta 0) DP (0,0) [] [])
                      (HsApp 
                       ({ ../../hackage-packages/gf-3.6/src/compiler/GF/System/Console.hs:26:8-19
                         }
                        Just (Ann (DP (0,0)) (ColDelta 0) DP (0,0) [] [((G AnnVal),DP (0,0))])
                        (HsVar 
                         (Unqual {OccName: hSetEncoding}))) 
                       ({ ../../hackage-packages/gf-3.6/src/compiler/GF/System/Console.hs:26:21-25
                         }
                        Just (Ann (DP (0,1)) (ColDelta 13) DP (0,1) [] [((G AnnVal),DP (0,0))])
                        (HsVar 
                         (Unqual {OccName: stdin}))))) 
                     ({ ../../hackage-packages/gf-3.6/src/compiler/GF/System/Console.hs:26:28-30
                       }
                      Just (Ann (DP (0,2)) (ColDelta 20) DP (0,2) [] [((G AnnVal),DP (0,0))])
                      (HsVar 
                       (Unqual {OccName: enc}))))) 
                   (HsLit 
                    (HsString "" {FastString: "noSyntaxExpr"})) 
                   (HsLit 
                    (HsString "" {FastString: "noSyntaxExpr"})) 
                   (PlaceHolder))),
                 ({ ../../hackage-packages/gf-3.6/src/compiler/GF/System/Console.hs:27:8-30
                   }
                  Just (Ann (DP (1,0)) (ColDelta 0) DP (1,0) [] [])
                  (BodyStmt 
                   ({ ../../hackage-packages/gf-3.6/src/compiler/GF/System/Console.hs:27:8-30
                     }
                    Just (Ann (DP (0,0)) (ColDelta 0) DP (0,0) [] [])
                    (HsApp 
                     ({ ../../hackage-packages/gf-3.6/src/compiler/GF/System/Console.hs:27:8-26
                       }
                      Just (Ann (DP (0,0)) (ColDelta 0) DP (0,0) [] [])
                      (HsApp 
                       ({ ../../hackage-packages/gf-3.6/src/compiler/GF/System/Console.hs:27:8-19
                         }
                        Just (Ann (DP (0,0)) (ColDelta 0) DP (0,0) [] [((G AnnVal),DP (0,0))])
                        (HsVar 
                         (Unqual {OccName: hSetEncoding}))) 
                       ({ ../../hackage-packages/gf-3.6/src/compiler/GF/System/Console.hs:27:21-26
                         }
                        Just (Ann (DP (0,1)) (ColDelta 13) DP (0,1) [] [((G AnnVal),DP (0,0))])
                        (HsVar 
                         (Unqual {OccName: stdout}))))) 
                     ({ ../../hackage-packages/gf-3.6/src/compiler/GF/System/Console.hs:27:28-30
                       }
                      Just (Ann (DP (0,1)) (ColDelta 20) DP (0,1) [] [((G AnnVal),DP (0,0))])
                      (HsVar 
                       (Unqual {OccName: enc}))))) 
                   (HsLit 
                    (HsString "" {FastString: "noSyntaxExpr"})) 
                   (HsLit 
                    (HsString "" {FastString: "noSyntaxExpr"})) 
                   (PlaceHolder))),
                 ({ ../../hackage-packages/gf-3.6/src/compiler/GF/System/Console.hs:28:8-30
                   }
                  Just (Ann (DP (1,0)) (ColDelta 0) DP (1,0) [] [])
                  (BodyStmt 
                   ({ ../../hackage-packages/gf-3.6/src/compiler/GF/System/Console.hs:28:8-30
                     }
                    Just (Ann (DP (0,0)) (ColDelta 0) DP (0,0) [] [])
                    (HsApp 
                     ({ ../../hackage-packages/gf-3.6/src/compiler/GF/System/Console.hs:28:8-26
                       }
                      Just (Ann (DP (0,0)) (ColDelta 0) DP (0,0) [] [])
                      (HsApp 
                       ({ ../../hackage-packages/gf-3.6/src/compiler/GF/System/Console.hs:28:8-19
                         }
                        Just (Ann (DP (0,0)) (ColDelta 0) DP (0,0) [] [((G AnnVal),DP (0,0))])
                        (HsVar 
                         (Unqual {OccName: hSetEncoding}))) 
                       ({ ../../hackage-packages/gf-3.6/src/compiler/GF/System/Console.hs:28:21-26
                         }
                        Just (Ann (DP (0,1)) (ColDelta 13) DP (0,1) [] [((G AnnVal),DP (0,0))])
                        (HsVar 
                         (Unqual {OccName: stderr}))))) 
                     ({ ../../hackage-packages/gf-3.6/src/compiler/GF/System/Console.hs:28:28-30
                       }
                      Just (Ann (DP (0,1)) (ColDelta 20) DP (0,1) [] [((G AnnVal),DP (0,0))])
                      (HsVar 
                       (Unqual {OccName: enc}))))) 
                   (HsLit 
                    (HsString "" {FastString: "noSyntaxExpr"})) 
                   (HsLit 
                    (HsString "" {FastString: "noSyntaxExpr"})) 
                   (PlaceHolder)))] 
                (PlaceHolder)))))] 
           (EmptyLocalBinds))))] 
       [] 
       (PlaceHolder) 
       (FromSource)) 
      (WpHole) 
      (PlaceHolder) 
      [])))] 
  (Nothing) 
  (Nothing)))
==============
[(AnnKey ../../hackage-packages/gf-3.6/src/compiler/GF/System/Console.hs:1:1 CN "HsModule" NotNeeded,
  (Ann (DP (0,0)) (ColDelta 1) DP (0,0) [] [((AnnComment DComment (DP (0,0),DP (0,20)) "{-# LANGUAGE CPP #-}" Nothing),DP (0,0)),((G AnnModule),DP (1,1)),((G AnnVal),DP (0,1)),((G AnnWhere),DP (0,1)),((AnnComment DComment (DP (2,1),DP (2,22)) "#ifdef mingw32_HOST_OS" Nothing),DP (2,1)),((AnnComment DComment (DP (1,1),DP (1,6)) "setCP" Nothing),DP (1,1)),((AnnComment DComment (DP (0,1),DP (0,9)) "codepage" Nothing),DP (0,1)),((AnnComment DComment (DP (0,1),DP (0,2)) "=" Nothing),DP (0,1)),((AnnComment DComment (DP (1,5),DP (1,7)) "do" Nothing),DP (1,5)),((AnnComment DComment (DP (0,1),DP (0,1)) "" Nothing),DP (0,1)),((AnnComment DComment (DP (0,0),DP (0,12)) "setConsoleCP" Nothing),DP (0,0)),((AnnComment DComment (DP (0,1),DP (0,9)) "codepage" Nothing),DP (0,1)),((AnnComment DComment (DP (1,8),DP (1,8)) "" Nothing),DP (1,8)),((AnnComment DComment (DP (0,0),DP (0,18)) "setConsoleOutputCP" Nothing),DP (0,0)),((AnnComment DComment (DP (0,1),DP (0,9)) "codepage" Nothing),DP (0,1)),((AnnComment DComment (DP (2,1),DP (2,1)) "" Nothing),DP (2,1)),((AnnComment DComment (DP (0,0),DP (0,0)) "" Nothing),DP (0,0)),((AnnComment DComment (DP (0,0),DP (0,6)) "readCP" Nothing),DP (0,0)),((AnnComment DComment (DP (0,1),DP (0,5)) "code" Nothing),DP (0,1)),((AnnComment DComment (DP (0,1),DP (0,2)) "=" Nothing),DP (0,1)),((AnnComment DComment (DP (1,8),DP (1,12)) "case" Nothing),DP (1,8)),((AnnComment DComment (DP (0,1),DP (0,5)) "code" Nothing),DP (0,1)),((AnnComment DComment (DP (0,1),DP (0,3)) "of" Nothing),DP (0,1)),((AnnComment DComment (DP (1,10),DP (1,10)) "" Nothing),DP (1,10)),((AnnComment DComment (DP (0,0),DP (0,3)) "'C'" Nothing),DP (0,0)),((AnnComment DComment (DP (0,0),DP (0,1)) ":" Nothing),DP (0,0)),((AnnComment DComment (DP (0,0),DP (0,3)) "'P'" Nothing),DP (0,0)),((AnnComment DComment (DP (0,0),DP (0,1)) ":" Nothing),DP (0,0)),((AnnComment DComment (DP (0,0),DP (0,1)) "c" Nothing),DP (0,0)),((AnnComment DComment (DP (0,1),DP (0,3)) "->" Nothing),DP (0,1)),((AnnComment DComment (DP (0,1),DP (0,5)) "case" Nothing),DP (0,1)),((AnnComment DComment (DP (0,1),DP (0,6)) "reads" Nothing),DP (0,1)),((AnnComment DComment (DP (0,1),DP (0,2)) "c" Nothing),DP (0,1)),((AnnComment DComment (DP (0,1),DP (0,3)) "of" Nothing),DP (0,1)),((AnnComment DComment (DP (1,25),DP (1,25)) "" Nothing),DP (1,25)),((AnnComment DComment (DP (0,0),DP (0,1)) "[" Nothing),DP (0,0)),((AnnComment DComment (DP (0,0),DP (0,1)) "(" Nothing),DP (0,0)),((AnnComment DComment (DP (0,0),DP (0,2)) "cp" Nothing),DP (0,0)),((AnnComment DComment (DP (0,0),DP (0,1)) "," Nothing),DP (0,0)),((AnnComment DComment (DP (0,0),DP (0,2)) "\"\"" Nothing),DP (0,0)),((AnnComment DComment (DP (0,0),DP (0,1)) ")" Nothing),DP (0,0)),((AnnComment DComment (DP (0,0),DP (0,1)) "]" Nothing),DP (0,0)),((AnnComment DComment (DP (0,1),DP (0,3)) "->" Nothing),DP (0,1)),((AnnComment DComment (DP (0,1),DP (0,5)) "Just" Nothing),DP (0,1)),((AnnComment DComment (DP (0,1),DP (0,3)) "cp" Nothing),DP (0,1)),((AnnComment DComment (DP (1,25),DP (1,25)) "" Nothing),DP (1,25)),((AnnComment DComment (DP (0,0),DP (0,1)) "_" Nothing),DP (0,0)),((AnnComment DComment (DP (0,9),DP (0,11)) "->" Nothing),DP (0,9)),((AnnComment DComment (DP (0,1),DP (0,8)) "Nothing" Nothing),DP (0,1)),((AnnComment DComment (DP (1,10),DP (1,10)) "" Nothing),DP (1,10)),((AnnComment DComment (DP (0,0),DP (0,0)) "" Nothing),DP (0,0)),((AnnComment DComment (DP (0,0),DP (0,7)) "\"UTF-8\"" Nothing),DP (0,0)),((AnnComment DComment (DP (0,3),DP (0,5)) "->" Nothing),DP (0,3)),((AnnComment DComment (DP (0,1),DP (0,5)) "Just" Nothing),DP (0,1)),((AnnComment DComment (DP (0,1),DP (0,6)) "65001" Nothing),DP (0,1)),((AnnComment DComment (DP (1,10),DP (1,10)) "" Nothing),DP (1,10)),((AnnComment DComment (DP (0,0),DP (0,1)) "_" Nothing),DP (0,0)),((AnnComment DComment (DP (0,9),DP (0,11)) "->" Nothing),DP (0,9)),((AnnComment DComment (DP (0,1),DP (0,8)) "Nothing" Nothing),DP (0,1)),((AnnComment DComment (DP (1,1),DP (1,6)) "#endif" Nothing),DP (1,1)),((AnnComment DComment (DP (1,1),DP (1,1)) "" Nothing),DP (1,1)),((AnnComment DComment (DP (0,0),DP (0,0)) "" Nothing),DP (0,0)),((G AnnEofPos),DP (3,0))])),
 (AnnKey ../../hackage-packages/gf-3.6/src/compiler/GF/System/Console.hs:2:25-66 CN "(:)" NotNeeded,
  (Ann (DP (0,0)) (ColDelta 25) DP (0,0) [] [((G AnnOpenP),DP (0,0)),((G AnnCloseP),DP (0,0))])),
 (AnnKey ../../hackage-packages/gf-3.6/src/compiler/GF/System/Console.hs:2:26-43 CN "IEVar" NotNeeded,
  (Ann (DP (0,0)) (ColDelta 26) DP (0,0) [] [])),
 (AnnKey ../../hackage-packages/gf-3.6/src/compiler/GF/System/Console.hs:2:26-43 CN "Unqual" NotNeeded,
  (Ann (DP (0,0)) (ColDelta 26) DP (0,0) [] [((G AnnVal),DP (0,0)),((G AnnComma),DP (0,0))])),
 (AnnKey ../../hackage-packages/gf-3.6/src/compiler/GF/System/Console.hs:2:45-65 CN "IEVar" NotNeeded,
  (Ann (DP (0,0)) (ColDelta 45) DP (0,0) [] [])),
 (AnnKey ../../hackage-packages/gf-3.6/src/compiler/GF/System/Console.hs:2:45-65 CN "Unqual" NotNeeded,
  (Ann (DP (0,0)) (ColDelta 45) DP (0,0) [] [((G AnnVal),DP (0,0))])),
 (AnnKey ../../hackage-packages/gf-3.6/src/compiler/GF/System/Console.hs:3:1-16 CN "ImportDecl" NotNeeded,
  (Ann (DP (1,1)) (ColDelta 1) DP (1,1) [] [((G AnnImport),DP (0,0)),((G AnnVal),DP (0,1))])),
 (AnnKey ../../hackage-packages/gf-3.6/src/compiler/GF/System/Console.hs:9:1-18 CN "Unqual" NotNeeded,
  (Ann (DP (0,0)) (ColDelta 1) DP (0,0) [] [((G AnnVal),DP (0,0))])),
 (AnnKey ../../hackage-packages/gf-3.6/src/compiler/GF/System/Console.hs:(9,1)-(15,25) CN "Match" NotNeeded,
  (Ann (DP (0,0)) (ColDelta 1) DP (0,0) [] [((G AnnEqual),DP (0,1))])),
 (AnnKey ../../hackage-packages/gf-3.6/src/compiler/GF/System/Console.hs:(9,1)-(15,25) CN "ValD" NotNeeded,
  (Ann (DP (2,1)) (ColDelta 1) DP (6,1) [DComment (DP (1,1),DP (1,22)) "#ifdef mingw32_HOST_OS" Nothing,DComment (DP (1,1),DP (1,1)) "" Nothing,DComment (DP (0,0),DP (0,6)) "import" Nothing,DComment (DP (0,1),DP (0,21)) "System.Win32.Console" Nothing,DComment (DP (1,1),DP (1,1)) "" Nothing,DComment (DP (0,0),DP (0,6)) "import" Nothing,DComment (DP (0,1),DP (0,17)) "System.Win32.NLS" Nothing,DComment (DP (1,1),DP (1,6)) "#endif" Nothing] [])),
 (AnnKey ../../hackage-packages/gf-3.6/src/compiler/GF/System/Console.hs:(9,20)-(15,25) CN "GRHS" NotNeeded,
  (Ann (DP (0,-1)) (ColDelta 20) DP (0,-1) [] [])),
 (AnnKey ../../hackage-packages/gf-3.6/src/compiler/GF/System/Console.hs:15:8-13 CN "HsVar" NotNeeded,
  (Ann (DP (0,0)) (ColDelta 8) DP (0,0) [] [((G AnnVal),DP (0,0))])),
 (AnnKey ../../hackage-packages/gf-3.6/src/compiler/GF/System/Console.hs:15:8-16 CN "HsApp" NotNeeded,
  (Ann (DP (0,0)) (ColDelta 8) DP (0,0) [] [])),
 (AnnKey ../../hackage-packages/gf-3.6/src/compiler/GF/System/Console.hs:15:8-25 CN "ExprWithTySig" NotNeeded,
  (Ann (DP (1,8)) (ColDelta 8) DP (6,8) [DComment (DP (1,1),DP (1,22)) "#ifdef mingw32_HOST_OS" Nothing,DComment (DP (1,5),DP (1,7)) "do" Nothing,DComment (DP (0,1),DP (0,1)) "" Nothing,DComment (DP (0,0),DP (0,8)) "codepage" Nothing,DComment (DP (0,1),DP (0,3)) "<-" Nothing,DComment (DP (0,1),DP (0,7)) "getACP" Nothing,DComment (DP (1,8),DP (1,8)) "" Nothing,DComment (DP (0,0),DP (0,5)) "setCP" Nothing,DComment (DP (0,1),DP (0,9)) "codepage" Nothing,DComment (DP (1,8),DP (1,8)) "" Nothing,DComment (DP (0,0),DP (0,11)) "setEncoding" Nothing,DComment (DP (0,1),DP (0,2)) "(" Nothing,DComment (DP (0,0),DP (0,4)) "\"CP\"" Nothing,DComment (DP (0,0),DP (0,2)) "++" Nothing,DComment (DP (0,0),DP (0,4)) "show" Nothing,DComment (DP (0,1),DP (0,9)) "codepage" Nothing,DComment (DP (0,0),DP (0,1)) ")" Nothing,DComment (DP (1,1),DP (1,6)) "#endif" Nothing] [((G AnnDcolon),DP (0,1))])),
 (AnnKey ../../hackage-packages/gf-3.6/src/compiler/GF/System/Console.hs:15:15-16 CN "HsVar" NotNeeded,
  (Ann (DP (0,7)) (ColDelta 15) DP (0,1) [DComment (DP (0,-6),DP (0,-6)) "" Nothing] [((G AnnOpenP),DP (0,0)),((G AnnCloseP),DP (0,0))])),
 (AnnKey ../../hackage-packages/gf-3.6/src/compiler/GF/System/Console.hs:15:21-22 CN "HsTyVar" NotNeeded,
  (Ann (DP (0,0)) (ColDelta 21) DP (0,0) [] [((G AnnVal),DP (0,0))])),
 (AnnKey ../../hackage-packages/gf-3.6/src/compiler/GF/System/Console.hs:15:21-25 CN "HsAppTy" NotNeeded,
  (Ann (DP (0,0)) (ColDelta 21) DP (0,0) [] [])),
 (AnnKey ../../hackage-packages/gf-3.6/src/compiler/GF/System/Console.hs:15:21-25 CN "HsForAllTy" NotNeeded,
  (Ann (DP (0,1)) (ColDelta 21) DP (0,1) [] [])),
 (AnnKey ../../hackage-packages/gf-3.6/src/compiler/GF/System/Console.hs:15:24-25 CN "HsTupleTy" NotNeeded,
  (Ann (DP (0,1)) (ColDelta 24) DP (0,1) [] [((G AnnOpenP),DP (0,0)),((G AnnCloseP),DP (0,0))])),
 (AnnKey ../../hackage-packages/gf-3.6/src/compiler/GF/System/Console.hs:17:1-21 CN "Unqual" NotNeeded,
  (Ann (DP (0,0)) (ColDelta 1) DP (0,0) [] [((G AnnVal),DP (0,0))])),
 (AnnKey ../../hackage-packages/gf-3.6/src/compiler/GF/System/Console.hs:(17,1)-(22,23) CN "Match" NotNeeded,
  (Ann (DP (0,0)) (ColDelta 1) DP (0,0) [] [((G AnnEqual),DP (0,1))])),
 (AnnKey ../../hackage-packages/gf-3.6/src/compiler/GF/System/Console.hs:(17,1)-(22,23) CN "ValD" NotNeeded,
  (Ann (DP (2,1)) (ColDelta 1) DP (2,1) [] [])),
 (AnnKey ../../hackage-packages/gf-3.6/src/compiler/GF/System/Console.hs:17:23-26 CN "VarPat" NotNeeded,
  (Ann (DP (0,1)) (ColDelta 23) DP (0,1) [] [((G AnnVal),DP (0,0))])),
 (AnnKey ../../hackage-packages/gf-3.6/src/compiler/GF/System/Console.hs:(17,28)-(22,23) CN "GRHS" NotNeeded,
  (Ann (DP (0,-1)) (ColDelta 28) DP (0,-1) [] [])),
 (AnnKey ../../hackage-packages/gf-3.6/src/compiler/GF/System/Console.hs:(18,5)-(22,23) CN "HsDo" NotNeeded,
  (Ann (DP (1,5)) (ColDelta 5) DP (1,5) [] [((G AnnDo),DP (0,0)),((AnnList ../../hackage-packages/gf-3.6/src/compiler/GF/System/Console.hs:22:8-23 Ref "delta-1"),DP (0,0))])),
 (AnnKey ../../hackage-packages/gf-3.6/src/compiler/GF/System/Console.hs:22:8-18 CN "HsVar" NotNeeded,
  (Ann (DP (0,0)) (ColDelta 0) DP (0,0) [] [((G AnnVal),DP (0,0))])),
 (AnnKey ../../hackage-packages/gf-3.6/src/compiler/GF/System/Console.hs:22:8-23 CN "(:)" Ref "delta-1",
  (Ann (DP (1,0)) (ColDelta 8) DP (4,0) [DComment (DP (1,-7),DP (1,14)) "#ifdef mingw32_HOST_OS" Nothing,DComment (DP (1,0),DP (1,0)) "" Nothing,DComment (DP (0,0),DP (0,5)) "maybe" Nothing,DComment (DP (0,1),DP (0,2)) "(" Nothing,DComment (DP (0,0),DP (0,6)) "return" Nothing,DComment (DP (0,1),DP (0,2)) "(" Nothing,DComment (DP (0,0),DP (0,1)) ")" Nothing,DComment (DP (0,0),DP (0,1)) ")" Nothing,DComment (DP (0,1),DP (0,6)) "setCP" Nothing,DComment (DP (0,1),DP (0,2)) "(" Nothing,DComment (DP (0,0),DP (0,6)) "readCP" Nothing,DComment (DP (0,1),DP (0,5)) "code" Nothing,DComment (DP (0,0),DP (0,1)) ")" Nothing,DComment (DP (1,-7),DP (1,-2)) "#endif" Nothing] [])),
 (AnnKey ../../hackage-packages/gf-3.6/src/compiler/GF/System/Console.hs:22:8-23 CN "BodyStmt" NotNeeded,
  (Ann (DP (0,0)) (ColDelta 0) DP (0,0) [] [])),
 (AnnKey ../../hackage-packages/gf-3.6/src/compiler/GF/System/Console.hs:22:8-23 CN "HsApp" NotNeeded,
  (Ann (DP (0,0)) (ColDelta 0) DP (0,0) [] [])),
 (AnnKey ../../hackage-packages/gf-3.6/src/compiler/GF/System/Console.hs:22:20-23 CN "HsVar" NotNeeded,
  (Ann (DP (0,1)) (ColDelta 12) DP (0,1) [] [((G AnnVal),DP (0,0))])),
 (AnnKey ../../hackage-packages/gf-3.6/src/compiler/GF/System/Console.hs:24:1-11 CN "Unqual" NotNeeded,
  (Ann (DP (0,0)) (ColDelta 1) DP (0,0) [] [((G AnnVal),DP (0,0))])),
 (AnnKey ../../hackage-packages/gf-3.6/src/compiler/GF/System/Console.hs:(24,1)-(28,30) CN "Match" NotNeeded,
  (Ann (DP (0,0)) (ColDelta 1) DP (0,0) [] [((G AnnEqual),DP (0,1))])),
 (AnnKey ../../hackage-packages/gf-3.6/src/compiler/GF/System/Console.hs:(24,1)-(28,30) CN "ValD" NotNeeded,
  (Ann (DP (2,1)) (ColDelta 1) DP (2,1) [] [])),
 (AnnKey ../../hackage-packages/gf-3.6/src/compiler/GF/System/Console.hs:24:13-16 CN "VarPat" NotNeeded,
  (Ann (DP (0,1)) (ColDelta 13) DP (0,1) [] [((G AnnVal),DP (0,0))])),
 (AnnKey ../../hackage-packages/gf-3.6/src/compiler/GF/System/Console.hs:(24,18)-(28,30) CN "GRHS" NotNeeded,
  (Ann (DP (0,-1)) (ColDelta 18) DP (0,-1) [] [])),
 (AnnKey ../../hackage-packages/gf-3.6/src/compiler/GF/System/Console.hs:(25,5)-(28,30) CN "HsDo" NotNeeded,
  (Ann (DP (1,5)) (ColDelta 5) DP (1,5) [] [((G AnnDo),DP (0,0)),((AnnList ../../hackage-packages/gf-3.6/src/compiler/GF/System/Console.hs:(25,8)-(28,30) Ref "delta-2"),DP (0,0))])),
 (AnnKey ../../hackage-packages/gf-3.6/src/compiler/GF/System/Console.hs:25:8-10 CN "VarPat" NotNeeded,
  (Ann (DP (0,0)) (ColDelta 0) DP (0,0) [] [((G AnnVal),DP (0,0))])),
 (AnnKey ../../hackage-packages/gf-3.6/src/compiler/GF/System/Console.hs:25:8-33 CN "BindStmt" NotNeeded,
  (Ann (DP (0,0)) (ColDelta 0) DP (0,0) [] [((G AnnLarrow),DP (0,1))])),
 (AnnKey ../../hackage-packages/gf-3.6/src/compiler/GF/System/Console.hs:(25,8)-(28,30) CN "(:)" Ref "delta-2",
  (Ann (DP (0,1)) (ColDelta 8) DP (0,1) [] [])),
 (AnnKey ../../hackage-packages/gf-3.6/src/compiler/GF/System/Console.hs:25:15-28 CN "HsVar" NotNeeded,
  (Ann (DP (0,0)) (ColDelta 7) DP (0,0) [] [((G AnnVal),DP (0,0))])),
 (AnnKey ../../hackage-packages/gf-3.6/src/compiler/GF/System/Console.hs:25:15-33 CN "HsApp" NotNeeded,
  (Ann (DP (0,1)) (ColDelta 7) DP (0,1) [] [])),
 (AnnKey ../../hackage-packages/gf-3.6/src/compiler/GF/System/Console.hs:25:30-33 CN "HsVar" NotNeeded,
  (Ann (DP (0,1)) (ColDelta 22) DP (0,1) [] [((G AnnVal),DP (0,0))])),
 (AnnKey ../../hackage-packages/gf-3.6/src/compiler/GF/System/Console.hs:26:8-19 CN "HsVar" NotNeeded,
  (Ann (DP (0,0)) (ColDelta 0) DP (0,0) [] [((G AnnVal),DP (0,0))])),
 (AnnKey ../../hackage-packages/gf-3.6/src/compiler/GF/System/Console.hs:26:8-25 CN "HsApp" NotNeeded,
  (Ann (DP (0,0)) (ColDelta 0) DP (0,0) [] [])),
 (AnnKey ../../hackage-packages/gf-3.6/src/compiler/GF/System/Console.hs:26:8-30 CN "BodyStmt" NotNeeded,
  (Ann (DP (1,0)) (ColDelta 0) DP (1,0) [] [])),
 (AnnKey ../../hackage-packages/gf-3.6/src/compiler/GF/System/Console.hs:26:8-30 CN "HsApp" NotNeeded,
  (Ann (DP (0,0)) (ColDelta 0) DP (0,0) [] [])),
 (AnnKey ../../hackage-packages/gf-3.6/src/compiler/GF/System/Console.hs:26:21-25 CN "HsVar" NotNeeded,
  (Ann (DP (0,1)) (ColDelta 13) DP (0,1) [] [((G AnnVal),DP (0,0))])),
 (AnnKey ../../hackage-packages/gf-3.6/src/compiler/GF/System/Console.hs:26:28-30 CN "HsVar" NotNeeded,
  (Ann (DP (0,2)) (ColDelta 20) DP (0,2) [] [((G AnnVal),DP (0,0))])),
 (AnnKey ../../hackage-packages/gf-3.6/src/compiler/GF/System/Console.hs:27:8-19 CN "HsVar" NotNeeded,
  (Ann (DP (0,0)) (ColDelta 0) DP (0,0) [] [((G AnnVal),DP (0,0))])),
 (AnnKey ../../hackage-packages/gf-3.6/src/compiler/GF/System/Console.hs:27:8-26 CN "HsApp" NotNeeded,
  (Ann (DP (0,0)) (ColDelta 0) DP (0,0) [] [])),
 (AnnKey ../../hackage-packages/gf-3.6/src/compiler/GF/System/Console.hs:27:8-30 CN "BodyStmt" NotNeeded,
  (Ann (DP (1,0)) (ColDelta 0) DP (1,0) [] [])),
 (AnnKey ../../hackage-packages/gf-3.6/src/compiler/GF/System/Console.hs:27:8-30 CN "HsApp" NotNeeded,
  (Ann (DP (0,0)) (ColDelta 0) DP (0,0) [] [])),
 (AnnKey ../../hackage-packages/gf-3.6/src/compiler/GF/System/Console.hs:27:21-26 CN "HsVar" NotNeeded,
  (Ann (DP (0,1)) (ColDelta 13) DP (0,1) [] [((G AnnVal),DP (0,0))])),
 (AnnKey ../../hackage-packages/gf-3.6/src/compiler/GF/System/Console.hs:27:28-30 CN "HsVar" NotNeeded,
  (Ann (DP (0,1)) (ColDelta 20) DP (0,1) [] [((G AnnVal),DP (0,0))])),
 (AnnKey ../../hackage-packages/gf-3.6/src/compiler/GF/System/Console.hs:28:8-19 CN "HsVar" NotNeeded,
  (Ann (DP (0,0)) (ColDelta 0) DP (0,0) [] [((G AnnVal),DP (0,0))])),
 (AnnKey ../../hackage-packages/gf-3.6/src/compiler/GF/System/Console.hs:28:8-26 CN "HsApp" NotNeeded,
  (Ann (DP (0,0)) (ColDelta 0) DP (0,0) [] [])),
 (AnnKey ../../hackage-packages/gf-3.6/src/compiler/GF/System/Console.hs:28:8-30 CN "BodyStmt" NotNeeded,
  (Ann (DP (1,0)) (ColDelta 0) DP (1,0) [] [])),
 (AnnKey ../../hackage-packages/gf-3.6/src/compiler/GF/System/Console.hs:28:8-30 CN "HsApp" NotNeeded,
  (Ann (DP (0,0)) (ColDelta 0) DP (0,0) [] [])),
 (AnnKey ../../hackage-packages/gf-3.6/src/compiler/GF/System/Console.hs:28:21-26 CN "HsVar" NotNeeded,
  (Ann (DP (0,1)) (ColDelta 13) DP (0,1) [] [((G AnnVal),DP (0,0))])),
 (AnnKey ../../hackage-packages/gf-3.6/src/compiler/GF/System/Console.hs:28:28-30 CN "HsVar" NotNeeded,
  (Ann (DP (0,1)) (ColDelta 20) DP (0,1) [] [((G AnnVal),DP (0,0))])),
 (AnnKey <no location info> CN "EmptyLocalBinds" NotNeeded,
  (Ann (DP (-15,0)) (ColDelta 0) DP (-15,0) [] []))]
==============
([((../../hackage-packages/gf-3.6/src/compiler/GF/System/Console.hs:1:1,
    AnnModule),
   [../../hackage-packages/gf-3.6/src/compiler/GF/System/Console.hs:2:1-6]),
  ((../../hackage-packages/gf-3.6/src/compiler/GF/System/Console.hs:1:1,
    AnnWhere),
   [../../hackage-packages/gf-3.6/src/compiler/GF/System/Console.hs:2:68-72]),
  ((../../hackage-packages/gf-3.6/src/compiler/GF/System/Console.hs:2:25-66,
    AnnCloseP),
   [../../hackage-packages/gf-3.6/src/compiler/GF/System/Console.hs:2:66]),
  ((../../hackage-packages/gf-3.6/src/compiler/GF/System/Console.hs:2:25-66,
    AnnOpenP),
   [../../hackage-packages/gf-3.6/src/compiler/GF/System/Console.hs:2:25]),
  ((../../hackage-packages/gf-3.6/src/compiler/GF/System/Console.hs:2:26-43,
    AnnComma),
   [../../hackage-packages/gf-3.6/src/compiler/GF/System/Console.hs:2:44]),
  ((../../hackage-packages/gf-3.6/src/compiler/GF/System/Console.hs:3:1-16,
    AnnImport),
   [../../hackage-packages/gf-3.6/src/compiler/GF/System/Console.hs:3:1-6]),
  ((../../hackage-packages/gf-3.6/src/compiler/GF/System/Console.hs:3:1-16,
    AnnSemi),
   [../../hackage-packages/gf-3.6/src/compiler/GF/System/Console.hs:9:1]),
  ((../../hackage-packages/gf-3.6/src/compiler/GF/System/Console.hs:(9,1)-(15,25),
    AnnEqual),
   [../../hackage-packages/gf-3.6/src/compiler/GF/System/Console.hs:9:20]),
  ((../../hackage-packages/gf-3.6/src/compiler/GF/System/Console.hs:(9,1)-(15,25),
    AnnFunId),
   [../../hackage-packages/gf-3.6/src/compiler/GF/System/Console.hs:9:1-18]),
  ((../../hackage-packages/gf-3.6/src/compiler/GF/System/Console.hs:(9,1)-(15,25),
    AnnSemi),
   [../../hackage-packages/gf-3.6/src/compiler/GF/System/Console.hs:17:1]),
  ((../../hackage-packages/gf-3.6/src/compiler/GF/System/Console.hs:15:8-25,
    AnnDcolon),
   [../../hackage-packages/gf-3.6/src/compiler/GF/System/Console.hs:15:18-19]),
  ((../../hackage-packages/gf-3.6/src/compiler/GF/System/Console.hs:15:15-16,
    AnnCloseP),
   [../../hackage-packages/gf-3.6/src/compiler/GF/System/Console.hs:15:16]),
  ((../../hackage-packages/gf-3.6/src/compiler/GF/System/Console.hs:15:15-16,
    AnnOpenP),
   [../../hackage-packages/gf-3.6/src/compiler/GF/System/Console.hs:15:15]),
  ((../../hackage-packages/gf-3.6/src/compiler/GF/System/Console.hs:15:24-25,
    AnnCloseP),
   [../../hackage-packages/gf-3.6/src/compiler/GF/System/Console.hs:15:25]),
  ((../../hackage-packages/gf-3.6/src/compiler/GF/System/Console.hs:15:24-25,
    AnnOpenP),
   [../../hackage-packages/gf-3.6/src/compiler/GF/System/Console.hs:15:24]),
  ((../../hackage-packages/gf-3.6/src/compiler/GF/System/Console.hs:(17,1)-(22,23),
    AnnEqual),
   [../../hackage-packages/gf-3.6/src/compiler/GF/System/Console.hs:17:28]),
  ((../../hackage-packages/gf-3.6/src/compiler/GF/System/Console.hs:(17,1)-(22,23),
    AnnFunId),
   [../../hackage-packages/gf-3.6/src/compiler/GF/System/Console.hs:17:1-21]),
  ((../../hackage-packages/gf-3.6/src/compiler/GF/System/Console.hs:(17,1)-(22,23),
    AnnSemi),
   [../../hackage-packages/gf-3.6/src/compiler/GF/System/Console.hs:24:1]),
  ((../../hackage-packages/gf-3.6/src/compiler/GF/System/Console.hs:(18,5)-(22,23),
    AnnDo),
   [../../hackage-packages/gf-3.6/src/compiler/GF/System/Console.hs:18:5-6]),
  ((../../hackage-packages/gf-3.6/src/compiler/GF/System/Console.hs:(24,1)-(28,30),
    AnnEqual),
   [../../hackage-packages/gf-3.6/src/compiler/GF/System/Console.hs:24:18]),
  ((../../hackage-packages/gf-3.6/src/compiler/GF/System/Console.hs:(24,1)-(28,30),
    AnnFunId),
   [../../hackage-packages/gf-3.6/src/compiler/GF/System/Console.hs:24:1-11]),
  ((../../hackage-packages/gf-3.6/src/compiler/GF/System/Console.hs:(24,1)-(28,30),
    AnnSemi),
   [../../hackage-packages/gf-3.6/src/compiler/GF/System/Console.hs:31:1]),
  ((../../hackage-packages/gf-3.6/src/compiler/GF/System/Console.hs:(25,5)-(28,30),
    AnnDo),
   [../../hackage-packages/gf-3.6/src/compiler/GF/System/Console.hs:25:5-6]),
  ((../../hackage-packages/gf-3.6/src/compiler/GF/System/Console.hs:25:8-33,
    AnnLarrow),
   [../../hackage-packages/gf-3.6/src/compiler/GF/System/Console.hs:25:12-13]),
  ((../../hackage-packages/gf-3.6/src/compiler/GF/System/Console.hs:25:8-33,
    AnnSemi),
   [../../hackage-packages/gf-3.6/src/compiler/GF/System/Console.hs:26:8]),
  ((../../hackage-packages/gf-3.6/src/compiler/GF/System/Console.hs:26:8-30,
    AnnSemi),
   [../../hackage-packages/gf-3.6/src/compiler/GF/System/Console.hs:27:8]),
  ((../../hackage-packages/gf-3.6/src/compiler/GF/System/Console.hs:27:8-30,
    AnnSemi),
   [../../hackage-packages/gf-3.6/src/compiler/GF/System/Console.hs:28:8]),
  ((<no location info>, AnnEofPos),
   [../../hackage-packages/gf-3.6/src/compiler/GF/System/Console.hs:31:1])],
 [(<no location info>, [AnnBlockComment "{-# LANGUAGE CPP #-}"])])