-- | Stability: unstable
module Test.Hspec.Core {-# DEPRECATED "use "Test.Hspec.Core.Spec" instead" #-} (
  module Test.Hspec.Core.Spec
-- * Deprecated functions
, describe
, it
) where

import           Test.Hspec.Core.Spec hiding (describe, it)


{-# DEPRECATED describe "use `specGroup` instead" #-}
describe :: String -> [SpecTree a] -> SpecTree a
describe = specGroup

{-# DEPRECATED it "use `specItem` instead" #-}
it :: Example a => String -> a -> SpecTree (Arg a)
it = specItem

==============
../../hackage-packages/hspec-2.1.4/src/Test/Hspec/Core.hs
==============
lengths:(486,488)

==============

({ ../../hackage-packages/hspec-2.1.4/src/Test/Hspec/Core.hs:1:1 }
 Just (Ann (DP (0,0)) (ColDelta 1) DP (0,0) [] [((AnnComment DComment (DP (0,0),DP (0,24)) "-- | Stability: unstable" Nothing),DP (0,0)),((G AnnModule),DP (1,1)),((G AnnVal),DP (0,1)),((G AnnWhere),DP (0,1)),((G AnnEofPos),DP (1,0))])
 (HsModule 
  (Just 
   ({ ../../hackage-packages/hspec-2.1.4/src/Test/Hspec/Core.hs:2:8-22 }
    Nothing{ModuleName: Test.Hspec.Core})) 
  (Just 
   ({ ../../hackage-packages/hspec-2.1.4/src/Test/Hspec/Core.hs:(2,82)-(7,1)
     }
    Just (Ann (DP (0,1)) (ColDelta 82) DP (0,1) [] [((G AnnOpenP),DP (0,0)),((G AnnCloseP),DP (1,1))])
    [
     ({ ../../hackage-packages/hspec-2.1.4/src/Test/Hspec/Core.hs:3:3-29 }
      Just (Ann (DP (1,3)) (ColDelta 3) DP (1,3) [] [((G AnnModule),DP (0,0)),((G AnnVal),DP (0,1)),((AnnComment DComment (DP (1,1),DP (1,26)) "-- * Deprecated functions" Nothing),DP (1,1)),((G AnnComma),DP (2,1))])
      (IEModuleContents 
       ({ ../../hackage-packages/hspec-2.1.4/src/Test/Hspec/Core.hs:3:10-29 }
        Nothing{ModuleName: Test.Hspec.Core.Spec}))),
     ({ ../../hackage-packages/hspec-2.1.4/src/Test/Hspec/Core.hs:5:3-10 }
      Just (Ann (DP (0,1)) (ColDelta 3) DP (0,1) [] [])
      (IEVar 
       ({ ../../hackage-packages/hspec-2.1.4/src/Test/Hspec/Core.hs:5:3-10 }
        Just (Ann (DP (0,0)) (ColDelta 3) DP (0,0) [] [((G AnnVal),DP (0,0)),((G AnnComma),DP (1,1))])
        (Unqual {OccName: describe})))),
     ({ ../../hackage-packages/hspec-2.1.4/src/Test/Hspec/Core.hs:6:3-4 }
      Just (Ann (DP (0,1)) (ColDelta 3) DP (0,1) [] [])
      (IEVar 
       ({ ../../hackage-packages/hspec-2.1.4/src/Test/Hspec/Core.hs:6:3-4 }
        Just (Ann (DP (0,0)) (ColDelta 3) DP (0,0) [] [((G AnnVal),DP (0,0))])
        (Unqual {OccName: it}))))])) 
  [
   ({ ../../hackage-packages/hspec-2.1.4/src/Test/Hspec/Core.hs:9:1-59 }
    Just (Ann (DP (2,1)) (ColDelta 1) DP (2,1) [] [((G AnnImport),DP (0,0)),((G AnnVal),DP (0,11))])
    (ImportDecl 
     (Nothing) 
     ({ ../../hackage-packages/hspec-2.1.4/src/Test/Hspec/Core.hs:9:18-37 }
      Nothing{ModuleName: Test.Hspec.Core.Spec}) 
     (Nothing) 
     (False) 
     (False) 
     (False) 
     (False) 
     (Nothing) 
     (Just 
      ((,) 
       (True) 
       ({ ../../hackage-packages/hspec-2.1.4/src/Test/Hspec/Core.hs:9:39-59 }
        Just (Ann (DP (0,1)) (ColDelta 39) DP (0,1) [] [((G AnnHiding),DP (0,0)),((G AnnOpenP),DP (0,1)),((G AnnCloseP),DP (0,0))])
        [
         ({ ../../hackage-packages/hspec-2.1.4/src/Test/Hspec/Core.hs:9:47-54 }
          Just (Ann (DP (0,0)) (ColDelta 47) DP (0,0) [] [])
          (IEVar 
           ({ ../../hackage-packages/hspec-2.1.4/src/Test/Hspec/Core.hs:9:47-54 }
            Just (Ann (DP (0,0)) (ColDelta 47) DP (0,0) [] [((G AnnVal),DP (0,0)),((G AnnComma),DP (0,0))])
            (Unqual {OccName: describe})))),
         ({ ../../hackage-packages/hspec-2.1.4/src/Test/Hspec/Core.hs:9:57-58 }
          Just (Ann (DP (0,1)) (ColDelta 57) DP (0,1) [] [])
          (IEVar 
           ({ ../../hackage-packages/hspec-2.1.4/src/Test/Hspec/Core.hs:9:57-58 }
            Just (Ann (DP (0,0)) (ColDelta 57) DP (0,0) [] [((G AnnVal),DP (0,0))])
            (Unqual {OccName: it}))))])))))] 
  [
   ({ ../../hackage-packages/hspec-2.1.4/src/Test/Hspec/Core.hs:12:1-53 }
    Just (Ann (DP (3,1)) (ColDelta 1) DP (3,1) [] [((G AnnOpen),DP (0,0)),((G AnnClose),DP (0,1))])
    (WarningD 
     (Warnings "{-# DEPRECATED" 
      [
       ({ ../../hackage-packages/hspec-2.1.4/src/Test/Hspec/Core.hs:12:16-49 }
        Just (Ann (DP (0,1)) (ColDelta 16) DP (0,1) [] [])
        (Warning 
         [
          ({ ../../hackage-packages/hspec-2.1.4/src/Test/Hspec/Core.hs:12:16-23 }
           Just (Ann (DP (0,0)) (ColDelta 16) DP (0,0) [] [((G AnnVal),DP (0,0))])
           (Unqual {OccName: describe}))] 
         (DeprecatedTxt 
          ({ <no location info> }
           Nothing"") 
          [
           ({ ../../hackage-packages/hspec-2.1.4/src/Test/Hspec/Core.hs:12:25-49 }
            Just (Ann (DP (0,1)) (ColDelta 25) DP (0,1) [] [((G AnnVal),DP (0,0))]){FastString: "use `specGroup` instead"})])))]))),
   ({ ../../hackage-packages/hspec-2.1.4/src/Test/Hspec/Core.hs:13:1-48 }
    Just (Ann (DP (1,1)) (ColDelta 1) DP (1,1) [] [((G AnnDcolon),DP (0,1))])
    (SigD 
     (TypeSig 
      [
       ({ ../../hackage-packages/hspec-2.1.4/src/Test/Hspec/Core.hs:13:1-8 }
        Just (Ann (DP (0,0)) (ColDelta 1) DP (0,0) [] [((G AnnVal),DP (0,0))])
        (Unqual {OccName: describe}))] 
      ({ ../../hackage-packages/hspec-2.1.4/src/Test/Hspec/Core.hs:13:13-48 }
       Just (Ann (DP (0,1)) (ColDelta 13) DP (0,1) [] [])
       (HsForAllTy 
        (Implicit) 
        (Nothing) 
        (HsQTvs 
         [] 
         []) 
        ({ <no location info> }
         Nothing
         []) 
        ({ ../../hackage-packages/hspec-2.1.4/src/Test/Hspec/Core.hs:13:13-48 }
         Just (Ann (DP (0,0)) (ColDelta 13) DP (0,0) [] [((G AnnRarrow),DP (0,1))])
         (HsFunTy 
          ({ ../../hackage-packages/hspec-2.1.4/src/Test/Hspec/Core.hs:13:13-18 }
           Just (Ann (DP (0,0)) (ColDelta 13) DP (0,0) [] [((G AnnVal),DP (0,0))])
           (HsTyVar 
            (Unqual {OccName: String}))) 
          ({ ../../hackage-packages/hspec-2.1.4/src/Test/Hspec/Core.hs:13:23-48 }
           Just (Ann (DP (0,1)) (ColDelta 23) DP (0,1) [] [((G AnnRarrow),DP (0,1))])
           (HsFunTy 
            ({ ../../hackage-packages/hspec-2.1.4/src/Test/Hspec/Core.hs:13:23-34 }
             Just (Ann (DP (0,0)) (ColDelta 23) DP (0,0) [] [((G AnnOpenS),DP (0,0)),((G AnnCloseS),DP (0,0))])
             (HsListTy 
              ({ ../../hackage-packages/hspec-2.1.4/src/Test/Hspec/Core.hs:13:24-33 }
               Just (Ann (DP (0,0)) (ColDelta 24) DP (0,0) [] [])
               (HsAppTy 
                ({ ../../hackage-packages/hspec-2.1.4/src/Test/Hspec/Core.hs:13:24-31 }
                 Just (Ann (DP (0,0)) (ColDelta 24) DP (0,0) [] [((G AnnVal),DP (0,0))])
                 (HsTyVar 
                  (Unqual {OccName: SpecTree}))) 
                ({ ../../hackage-packages/hspec-2.1.4/src/Test/Hspec/Core.hs:13:33 }
                 Just (Ann (DP (0,1)) (ColDelta 33) DP (0,1) [] [((G AnnVal),DP (0,0))])
                 (HsTyVar 
                  (Unqual {OccName: a}))))))) 
            ({ ../../hackage-packages/hspec-2.1.4/src/Test/Hspec/Core.hs:13:39-48 }
             Just (Ann (DP (0,1)) (ColDelta 39) DP (0,1) [] [])
             (HsAppTy 
              ({ ../../hackage-packages/hspec-2.1.4/src/Test/Hspec/Core.hs:13:39-46 }
               Just (Ann (DP (0,0)) (ColDelta 39) DP (0,0) [] [((G AnnVal),DP (0,0))])
               (HsTyVar 
                (Unqual {OccName: SpecTree}))) 
              ({ ../../hackage-packages/hspec-2.1.4/src/Test/Hspec/Core.hs:13:48 }
               Just (Ann (DP (0,1)) (ColDelta 48) DP (0,1) [] [((G AnnVal),DP (0,0))])
               (HsTyVar 
                (Unqual {OccName: a}))))))))))) 
      (PlaceHolder)))),
   ({ ../../hackage-packages/hspec-2.1.4/src/Test/Hspec/Core.hs:14:1-20 }
    Just (Ann (DP (1,1)) (ColDelta 1) DP (1,1) [] [])
    (ValD 
     (FunBind 
      ({ ../../hackage-packages/hspec-2.1.4/src/Test/Hspec/Core.hs:14:1-8 }
       Just (Ann (DP (0,0)) (ColDelta 1) DP (0,0) [] [((G AnnVal),DP (0,0))])
       (Unqual {OccName: describe})) 
      (False) 
      (MG 
       [
        ({ ../../hackage-packages/hspec-2.1.4/src/Test/Hspec/Core.hs:14:1-20 }
         Just (Ann (DP (0,0)) (ColDelta 1) DP (0,0) [] [((G AnnEqual),DP (0,1))])
         (Match 
          (Just 
           ((,) 
            ({ ../../hackage-packages/hspec-2.1.4/src/Test/Hspec/Core.hs:14:1-8 }
             Just (Ann (DP (0,0)) (ColDelta 1) DP (0,0) [] [((G AnnVal),DP (0,0))])
             (Unqual {OccName: describe})) 
            (False))) 
          [] 
          (Nothing) 
          (GRHSs 
           [
            ({ ../../hackage-packages/hspec-2.1.4/src/Test/Hspec/Core.hs:14:10-20 }
             Just (Ann (DP (0,-1)) (ColDelta 10) DP (0,-1) [] [])
             (GRHS 
              [] 
              ({ ../../hackage-packages/hspec-2.1.4/src/Test/Hspec/Core.hs:14:12-20 }
               Just (Ann (DP (0,1)) (ColDelta 12) DP (0,1) [] [((G AnnVal),DP (0,0))])
               (HsVar 
                (Unqual {OccName: specGroup})))))] 
           (EmptyLocalBinds))))] 
       [] 
       (PlaceHolder) 
       (FromSource)) 
      (WpHole) 
      (PlaceHolder) 
      []))),
   ({ ../../hackage-packages/hspec-2.1.4/src/Test/Hspec/Core.hs:16:1-46 }
    Just (Ann (DP (2,1)) (ColDelta 1) DP (2,1) [] [((G AnnOpen),DP (0,0)),((G AnnClose),DP (0,1))])
    (WarningD 
     (Warnings "{-# DEPRECATED" 
      [
       ({ ../../hackage-packages/hspec-2.1.4/src/Test/Hspec/Core.hs:16:16-42 }
        Just (Ann (DP (0,1)) (ColDelta 16) DP (0,1) [] [])
        (Warning 
         [
          ({ ../../hackage-packages/hspec-2.1.4/src/Test/Hspec/Core.hs:16:16-17 }
           Just (Ann (DP (0,0)) (ColDelta 16) DP (0,0) [] [((G AnnVal),DP (0,0))])
           (Unqual {OccName: it}))] 
         (DeprecatedTxt 
          ({ <no location info> }
           Nothing"") 
          [
           ({ ../../hackage-packages/hspec-2.1.4/src/Test/Hspec/Core.hs:16:19-42 }
            Just (Ann (DP (0,1)) (ColDelta 19) DP (0,1) [] [((G AnnVal),DP (0,0))]){FastString: "use `specItem` instead"})])))]))),
   ({ ../../hackage-packages/hspec-2.1.4/src/Test/Hspec/Core.hs:17:1-50 }
    Just (Ann (DP (1,1)) (ColDelta 1) DP (1,1) [] [((G AnnDcolon),DP (0,1))])
    (SigD 
     (TypeSig 
      [
       ({ ../../hackage-packages/hspec-2.1.4/src/Test/Hspec/Core.hs:17:1-2 }
        Just (Ann (DP (0,0)) (ColDelta 1) DP (0,0) [] [((G AnnVal),DP (0,0))])
        (Unqual {OccName: it}))] 
      ({ ../../hackage-packages/hspec-2.1.4/src/Test/Hspec/Core.hs:17:7-50 }
       Just (Ann (DP (0,1)) (ColDelta 7) DP (0,1) [] [])
       (HsForAllTy 
        (Implicit) 
        (Nothing) 
        (HsQTvs 
         [] 
         []) 
        ({ ../../hackage-packages/hspec-2.1.4/src/Test/Hspec/Core.hs:17:7-15 }
         Just (Ann (DP (0,0)) (ColDelta 7) DP (0,0) [] [((G AnnDarrow),DP (0,1))])
         [
          ({ ../../hackage-packages/hspec-2.1.4/src/Test/Hspec/Core.hs:17:7-15 }
           Just (Ann (DP (0,0)) (ColDelta 7) DP (0,0) [] [])
           (HsAppTy 
            ({ ../../hackage-packages/hspec-2.1.4/src/Test/Hspec/Core.hs:17:7-13 }
             Just (Ann (DP (0,0)) (ColDelta 7) DP (0,0) [] [((G AnnVal),DP (0,0))])
             (HsTyVar 
              (Unqual {OccName: Example}))) 
            ({ ../../hackage-packages/hspec-2.1.4/src/Test/Hspec/Core.hs:17:15 }
             Just (Ann (DP (0,1)) (ColDelta 15) DP (0,1) [] [((G AnnVal),DP (0,0))])
             (HsTyVar 
              (Unqual {OccName: a})))))]) 
        ({ ../../hackage-packages/hspec-2.1.4/src/Test/Hspec/Core.hs:17:20-50 }
         Just (Ann (DP (0,1)) (ColDelta 20) DP (0,1) [] [((G AnnRarrow),DP (0,1))])
         (HsFunTy 
          ({ ../../hackage-packages/hspec-2.1.4/src/Test/Hspec/Core.hs:17:20-25 }
           Just (Ann (DP (0,0)) (ColDelta 20) DP (0,0) [] [((G AnnVal),DP (0,0))])
           (HsTyVar 
            (Unqual {OccName: String}))) 
          ({ ../../hackage-packages/hspec-2.1.4/src/Test/Hspec/Core.hs:17:30-50 }
           Just (Ann (DP (0,1)) (ColDelta 30) DP (0,1) [] [((G AnnRarrow),DP (0,1))])
           (HsFunTy 
            ({ ../../hackage-packages/hspec-2.1.4/src/Test/Hspec/Core.hs:17:30 }
             Just (Ann (DP (0,0)) (ColDelta 30) DP (0,0) [] [((G AnnVal),DP (0,0))])
             (HsTyVar 
              (Unqual {OccName: a}))) 
            ({ ../../hackage-packages/hspec-2.1.4/src/Test/Hspec/Core.hs:17:35-50 }
             Just (Ann (DP (0,1)) (ColDelta 35) DP (0,1) [] [])
             (HsAppTy 
              ({ ../../hackage-packages/hspec-2.1.4/src/Test/Hspec/Core.hs:17:35-42 }
               Just (Ann (DP (0,0)) (ColDelta 35) DP (0,0) [] [((G AnnVal),DP (0,0))])
               (HsTyVar 
                (Unqual {OccName: SpecTree}))) 
              ({ ../../hackage-packages/hspec-2.1.4/src/Test/Hspec/Core.hs:17:44-50 }
               Just (Ann (DP (0,1)) (ColDelta 44) DP (0,1) [] [((G AnnOpenP),DP (0,0)),((G AnnCloseP),DP (0,0))])
               (HsParTy 
                ({ ../../hackage-packages/hspec-2.1.4/src/Test/Hspec/Core.hs:17:45-49 }
                 Just (Ann (DP (0,0)) (ColDelta 45) DP (0,0) [] [])
                 (HsAppTy 
                  ({ ../../hackage-packages/hspec-2.1.4/src/Test/Hspec/Core.hs:17:45-47 }
                   Just (Ann (DP (0,0)) (ColDelta 45) DP (0,0) [] [((G AnnVal),DP (0,0))])
                   (HsTyVar 
                    (Unqual {OccName: Arg}))) 
                  ({ ../../hackage-packages/hspec-2.1.4/src/Test/Hspec/Core.hs:17:49 }
                   Just (Ann (DP (0,1)) (ColDelta 49) DP (0,1) [] [((G AnnVal),DP (0,0))])
                   (HsTyVar 
                    (Unqual {OccName: a}))))))))))))))) 
      (PlaceHolder)))),
   ({ ../../hackage-packages/hspec-2.1.4/src/Test/Hspec/Core.hs:18:1-13 }
    Just (Ann (DP (1,1)) (ColDelta 1) DP (1,1) [] [])
    (ValD 
     (FunBind 
      ({ ../../hackage-packages/hspec-2.1.4/src/Test/Hspec/Core.hs:18:1-2 }
       Just (Ann (DP (0,0)) (ColDelta 1) DP (0,0) [] [((G AnnVal),DP (0,0))])
       (Unqual {OccName: it})) 
      (False) 
      (MG 
       [
        ({ ../../hackage-packages/hspec-2.1.4/src/Test/Hspec/Core.hs:18:1-13 }
         Just (Ann (DP (0,0)) (ColDelta 1) DP (0,0) [] [((G AnnEqual),DP (0,1))])
         (Match 
          (Just 
           ((,) 
            ({ ../../hackage-packages/hspec-2.1.4/src/Test/Hspec/Core.hs:18:1-2 }
             Just (Ann (DP (0,0)) (ColDelta 1) DP (0,0) [] [((G AnnVal),DP (0,0))])
             (Unqual {OccName: it})) 
            (False))) 
          [] 
          (Nothing) 
          (GRHSs 
           [
            ({ ../../hackage-packages/hspec-2.1.4/src/Test/Hspec/Core.hs:18:4-13 }
             Just (Ann (DP (0,-1)) (ColDelta 4) DP (0,-1) [] [])
             (GRHS 
              [] 
              ({ ../../hackage-packages/hspec-2.1.4/src/Test/Hspec/Core.hs:18:6-13 }
               Just (Ann (DP (0,1)) (ColDelta 6) DP (0,1) [] [((G AnnVal),DP (0,0))])
               (HsVar 
                (Unqual {OccName: specItem})))))] 
           (EmptyLocalBinds))))] 
       [] 
       (PlaceHolder) 
       (FromSource)) 
      (WpHole) 
      (PlaceHolder) 
      [])))] 
  (Just 
   ({ ../../hackage-packages/hspec-2.1.4/src/Test/Hspec/Core.hs:2:24-80 }
    Just (Ann (DP (0,1)) (ColDelta 24) DP (0,1) [] [((G AnnOpen),DP (0,0)),((G AnnClose),DP (0,1))])
    (DeprecatedTxt 
     ({ ../../hackage-packages/hspec-2.1.4/src/Test/Hspec/Core.hs:2:24-37 }
      Nothing"{-# DEPRECATED") 
     [
      ({ ../../hackage-packages/hspec-2.1.4/src/Test/Hspec/Core.hs:2:39-76 }
       Just (Ann (DP (0,1)) (ColDelta 39) DP (0,1) [] [((G AnnVal),DP (0,0))]){FastString: "use \"Test.Hspec.Core.Spec\" instead"})]))) 
  (Nothing)))
==============
[(AnnKey ../../hackage-packages/hspec-2.1.4/src/Test/Hspec/Core.hs:1:1 CN "HsModule" NotNeeded,
  (Ann (DP (0,0)) (ColDelta 1) DP (0,0) [] [((AnnComment DComment (DP (0,0),DP (0,24)) "-- | Stability: unstable" Nothing),DP (0,0)),((G AnnModule),DP (1,1)),((G AnnVal),DP (0,1)),((G AnnWhere),DP (0,1)),((G AnnEofPos),DP (1,0))])),
 (AnnKey ../../hackage-packages/hspec-2.1.4/src/Test/Hspec/Core.hs:2:24-80 CN "DeprecatedTxt" NotNeeded,
  (Ann (DP (0,1)) (ColDelta 24) DP (0,1) [] [((G AnnOpen),DP (0,0)),((G AnnClose),DP (0,1))])),
 (AnnKey ../../hackage-packages/hspec-2.1.4/src/Test/Hspec/Core.hs:2:39-76 CN "{abstract:FastString}" NotNeeded,
  (Ann (DP (0,1)) (ColDelta 39) DP (0,1) [] [((G AnnVal),DP (0,0))])),
 (AnnKey ../../hackage-packages/hspec-2.1.4/src/Test/Hspec/Core.hs:(2,82)-(7,1) CN "(:)" NotNeeded,
  (Ann (DP (0,1)) (ColDelta 82) DP (0,1) [] [((G AnnOpenP),DP (0,0)),((G AnnCloseP),DP (1,1))])),
 (AnnKey ../../hackage-packages/hspec-2.1.4/src/Test/Hspec/Core.hs:3:3-29 CN "IEModuleContents" NotNeeded,
  (Ann (DP (1,3)) (ColDelta 3) DP (1,3) [] [((G AnnModule),DP (0,0)),((G AnnVal),DP (0,1)),((AnnComment DComment (DP (1,1),DP (1,26)) "-- * Deprecated functions" Nothing),DP (1,1)),((G AnnComma),DP (2,1))])),
 (AnnKey ../../hackage-packages/hspec-2.1.4/src/Test/Hspec/Core.hs:5:3-10 CN "IEVar" NotNeeded,
  (Ann (DP (0,1)) (ColDelta 3) DP (0,1) [] [])),
 (AnnKey ../../hackage-packages/hspec-2.1.4/src/Test/Hspec/Core.hs:5:3-10 CN "Unqual" NotNeeded,
  (Ann (DP (0,0)) (ColDelta 3) DP (0,0) [] [((G AnnVal),DP (0,0)),((G AnnComma),DP (1,1))])),
 (AnnKey ../../hackage-packages/hspec-2.1.4/src/Test/Hspec/Core.hs:6:3-4 CN "IEVar" NotNeeded,
  (Ann (DP (0,1)) (ColDelta 3) DP (0,1) [] [])),
 (AnnKey ../../hackage-packages/hspec-2.1.4/src/Test/Hspec/Core.hs:6:3-4 CN "Unqual" NotNeeded,
  (Ann (DP (0,0)) (ColDelta 3) DP (0,0) [] [((G AnnVal),DP (0,0))])),
 (AnnKey ../../hackage-packages/hspec-2.1.4/src/Test/Hspec/Core.hs:9:1-59 CN "ImportDecl" NotNeeded,
  (Ann (DP (2,1)) (ColDelta 1) DP (2,1) [] [((G AnnImport),DP (0,0)),((G AnnVal),DP (0,11))])),
 (AnnKey ../../hackage-packages/hspec-2.1.4/src/Test/Hspec/Core.hs:9:39-59 CN "(:)" NotNeeded,
  (Ann (DP (0,1)) (ColDelta 39) DP (0,1) [] [((G AnnHiding),DP (0,0)),((G AnnOpenP),DP (0,1)),((G AnnCloseP),DP (0,0))])),
 (AnnKey ../../hackage-packages/hspec-2.1.4/src/Test/Hspec/Core.hs:9:47-54 CN "IEVar" NotNeeded,
  (Ann (DP (0,0)) (ColDelta 47) DP (0,0) [] [])),
 (AnnKey ../../hackage-packages/hspec-2.1.4/src/Test/Hspec/Core.hs:9:47-54 CN "Unqual" NotNeeded,
  (Ann (DP (0,0)) (ColDelta 47) DP (0,0) [] [((G AnnVal),DP (0,0)),((G AnnComma),DP (0,0))])),
 (AnnKey ../../hackage-packages/hspec-2.1.4/src/Test/Hspec/Core.hs:9:57-58 CN "IEVar" NotNeeded,
  (Ann (DP (0,1)) (ColDelta 57) DP (0,1) [] [])),
 (AnnKey ../../hackage-packages/hspec-2.1.4/src/Test/Hspec/Core.hs:9:57-58 CN "Unqual" NotNeeded,
  (Ann (DP (0,0)) (ColDelta 57) DP (0,0) [] [((G AnnVal),DP (0,0))])),
 (AnnKey ../../hackage-packages/hspec-2.1.4/src/Test/Hspec/Core.hs:12:1-53 CN "WarningD" NotNeeded,
  (Ann (DP (3,1)) (ColDelta 1) DP (3,1) [] [((G AnnOpen),DP (0,0)),((G AnnClose),DP (0,1))])),
 (AnnKey ../../hackage-packages/hspec-2.1.4/src/Test/Hspec/Core.hs:12:16-23 CN "Unqual" NotNeeded,
  (Ann (DP (0,0)) (ColDelta 16) DP (0,0) [] [((G AnnVal),DP (0,0))])),
 (AnnKey ../../hackage-packages/hspec-2.1.4/src/Test/Hspec/Core.hs:12:16-49 CN "Warning" NotNeeded,
  (Ann (DP (0,1)) (ColDelta 16) DP (0,1) [] [])),
 (AnnKey ../../hackage-packages/hspec-2.1.4/src/Test/Hspec/Core.hs:12:25-49 CN "{abstract:FastString}" NotNeeded,
  (Ann (DP (0,1)) (ColDelta 25) DP (0,1) [] [((G AnnVal),DP (0,0))])),
 (AnnKey ../../hackage-packages/hspec-2.1.4/src/Test/Hspec/Core.hs:13:1-8 CN "Unqual" NotNeeded,
  (Ann (DP (0,0)) (ColDelta 1) DP (0,0) [] [((G AnnVal),DP (0,0))])),
 (AnnKey ../../hackage-packages/hspec-2.1.4/src/Test/Hspec/Core.hs:13:1-48 CN "SigD" NotNeeded,
  (Ann (DP (1,1)) (ColDelta 1) DP (1,1) [] [((G AnnDcolon),DP (0,1))])),
 (AnnKey ../../hackage-packages/hspec-2.1.4/src/Test/Hspec/Core.hs:13:13-18 CN "HsTyVar" NotNeeded,
  (Ann (DP (0,0)) (ColDelta 13) DP (0,0) [] [((G AnnVal),DP (0,0))])),
 (AnnKey ../../hackage-packages/hspec-2.1.4/src/Test/Hspec/Core.hs:13:13-48 CN "HsForAllTy" NotNeeded,
  (Ann (DP (0,1)) (ColDelta 13) DP (0,1) [] [])),
 (AnnKey ../../hackage-packages/hspec-2.1.4/src/Test/Hspec/Core.hs:13:13-48 CN "HsFunTy" NotNeeded,
  (Ann (DP (0,0)) (ColDelta 13) DP (0,0) [] [((G AnnRarrow),DP (0,1))])),
 (AnnKey ../../hackage-packages/hspec-2.1.4/src/Test/Hspec/Core.hs:13:23-34 CN "HsListTy" NotNeeded,
  (Ann (DP (0,0)) (ColDelta 23) DP (0,0) [] [((G AnnOpenS),DP (0,0)),((G AnnCloseS),DP (0,0))])),
 (AnnKey ../../hackage-packages/hspec-2.1.4/src/Test/Hspec/Core.hs:13:23-48 CN "HsFunTy" NotNeeded,
  (Ann (DP (0,1)) (ColDelta 23) DP (0,1) [] [((G AnnRarrow),DP (0,1))])),
 (AnnKey ../../hackage-packages/hspec-2.1.4/src/Test/Hspec/Core.hs:13:24-31 CN "HsTyVar" NotNeeded,
  (Ann (DP (0,0)) (ColDelta 24) DP (0,0) [] [((G AnnVal),DP (0,0))])),
 (AnnKey ../../hackage-packages/hspec-2.1.4/src/Test/Hspec/Core.hs:13:24-33 CN "HsAppTy" NotNeeded,
  (Ann (DP (0,0)) (ColDelta 24) DP (0,0) [] [])),
 (AnnKey ../../hackage-packages/hspec-2.1.4/src/Test/Hspec/Core.hs:13:33 CN "HsTyVar" NotNeeded,
  (Ann (DP (0,1)) (ColDelta 33) DP (0,1) [] [((G AnnVal),DP (0,0))])),
 (AnnKey ../../hackage-packages/hspec-2.1.4/src/Test/Hspec/Core.hs:13:39-46 CN "HsTyVar" NotNeeded,
  (Ann (DP (0,0)) (ColDelta 39) DP (0,0) [] [((G AnnVal),DP (0,0))])),
 (AnnKey ../../hackage-packages/hspec-2.1.4/src/Test/Hspec/Core.hs:13:39-48 CN "HsAppTy" NotNeeded,
  (Ann (DP (0,1)) (ColDelta 39) DP (0,1) [] [])),
 (AnnKey ../../hackage-packages/hspec-2.1.4/src/Test/Hspec/Core.hs:13:48 CN "HsTyVar" NotNeeded,
  (Ann (DP (0,1)) (ColDelta 48) DP (0,1) [] [((G AnnVal),DP (0,0))])),
 (AnnKey ../../hackage-packages/hspec-2.1.4/src/Test/Hspec/Core.hs:14:1-8 CN "Unqual" NotNeeded,
  (Ann (DP (0,0)) (ColDelta 1) DP (0,0) [] [((G AnnVal),DP (0,0))])),
 (AnnKey ../../hackage-packages/hspec-2.1.4/src/Test/Hspec/Core.hs:14:1-20 CN "Match" NotNeeded,
  (Ann (DP (0,0)) (ColDelta 1) DP (0,0) [] [((G AnnEqual),DP (0,1))])),
 (AnnKey ../../hackage-packages/hspec-2.1.4/src/Test/Hspec/Core.hs:14:1-20 CN "ValD" NotNeeded,
  (Ann (DP (1,1)) (ColDelta 1) DP (1,1) [] [])),
 (AnnKey ../../hackage-packages/hspec-2.1.4/src/Test/Hspec/Core.hs:14:10-20 CN "GRHS" NotNeeded,
  (Ann (DP (0,-1)) (ColDelta 10) DP (0,-1) [] [])),
 (AnnKey ../../hackage-packages/hspec-2.1.4/src/Test/Hspec/Core.hs:14:12-20 CN "HsVar" NotNeeded,
  (Ann (DP (0,1)) (ColDelta 12) DP (0,1) [] [((G AnnVal),DP (0,0))])),
 (AnnKey ../../hackage-packages/hspec-2.1.4/src/Test/Hspec/Core.hs:16:1-46 CN "WarningD" NotNeeded,
  (Ann (DP (2,1)) (ColDelta 1) DP (2,1) [] [((G AnnOpen),DP (0,0)),((G AnnClose),DP (0,1))])),
 (AnnKey ../../hackage-packages/hspec-2.1.4/src/Test/Hspec/Core.hs:16:16-17 CN "Unqual" NotNeeded,
  (Ann (DP (0,0)) (ColDelta 16) DP (0,0) [] [((G AnnVal),DP (0,0))])),
 (AnnKey ../../hackage-packages/hspec-2.1.4/src/Test/Hspec/Core.hs:16:16-42 CN "Warning" NotNeeded,
  (Ann (DP (0,1)) (ColDelta 16) DP (0,1) [] [])),
 (AnnKey ../../hackage-packages/hspec-2.1.4/src/Test/Hspec/Core.hs:16:19-42 CN "{abstract:FastString}" NotNeeded,
  (Ann (DP (0,1)) (ColDelta 19) DP (0,1) [] [((G AnnVal),DP (0,0))])),
 (AnnKey ../../hackage-packages/hspec-2.1.4/src/Test/Hspec/Core.hs:17:1-2 CN "Unqual" NotNeeded,
  (Ann (DP (0,0)) (ColDelta 1) DP (0,0) [] [((G AnnVal),DP (0,0))])),
 (AnnKey ../../hackage-packages/hspec-2.1.4/src/Test/Hspec/Core.hs:17:1-50 CN "SigD" NotNeeded,
  (Ann (DP (1,1)) (ColDelta 1) DP (1,1) [] [((G AnnDcolon),DP (0,1))])),
 (AnnKey ../../hackage-packages/hspec-2.1.4/src/Test/Hspec/Core.hs:17:7-13 CN "HsTyVar" NotNeeded,
  (Ann (DP (0,0)) (ColDelta 7) DP (0,0) [] [((G AnnVal),DP (0,0))])),
 (AnnKey ../../hackage-packages/hspec-2.1.4/src/Test/Hspec/Core.hs:17:7-15 CN "(:)" NotNeeded,
  (Ann (DP (0,0)) (ColDelta 7) DP (0,0) [] [((G AnnDarrow),DP (0,1))])),
 (AnnKey ../../hackage-packages/hspec-2.1.4/src/Test/Hspec/Core.hs:17:7-15 CN "HsAppTy" NotNeeded,
  (Ann (DP (0,0)) (ColDelta 7) DP (0,0) [] [])),
 (AnnKey ../../hackage-packages/hspec-2.1.4/src/Test/Hspec/Core.hs:17:7-50 CN "HsForAllTy" NotNeeded,
  (Ann (DP (0,1)) (ColDelta 7) DP (0,1) [] [])),
 (AnnKey ../../hackage-packages/hspec-2.1.4/src/Test/Hspec/Core.hs:17:15 CN "HsTyVar" NotNeeded,
  (Ann (DP (0,1)) (ColDelta 15) DP (0,1) [] [((G AnnVal),DP (0,0))])),
 (AnnKey ../../hackage-packages/hspec-2.1.4/src/Test/Hspec/Core.hs:17:20-25 CN "HsTyVar" NotNeeded,
  (Ann (DP (0,0)) (ColDelta 20) DP (0,0) [] [((G AnnVal),DP (0,0))])),
 (AnnKey ../../hackage-packages/hspec-2.1.4/src/Test/Hspec/Core.hs:17:20-50 CN "HsFunTy" NotNeeded,
  (Ann (DP (0,1)) (ColDelta 20) DP (0,1) [] [((G AnnRarrow),DP (0,1))])),
 (AnnKey ../../hackage-packages/hspec-2.1.4/src/Test/Hspec/Core.hs:17:30 CN "HsTyVar" NotNeeded,
  (Ann (DP (0,0)) (ColDelta 30) DP (0,0) [] [((G AnnVal),DP (0,0))])),
 (AnnKey ../../hackage-packages/hspec-2.1.4/src/Test/Hspec/Core.hs:17:30-50 CN "HsFunTy" NotNeeded,
  (Ann (DP (0,1)) (ColDelta 30) DP (0,1) [] [((G AnnRarrow),DP (0,1))])),
 (AnnKey ../../hackage-packages/hspec-2.1.4/src/Test/Hspec/Core.hs:17:35-42 CN "HsTyVar" NotNeeded,
  (Ann (DP (0,0)) (ColDelta 35) DP (0,0) [] [((G AnnVal),DP (0,0))])),
 (AnnKey ../../hackage-packages/hspec-2.1.4/src/Test/Hspec/Core.hs:17:35-50 CN "HsAppTy" NotNeeded,
  (Ann (DP (0,1)) (ColDelta 35) DP (0,1) [] [])),
 (AnnKey ../../hackage-packages/hspec-2.1.4/src/Test/Hspec/Core.hs:17:44-50 CN "HsParTy" NotNeeded,
  (Ann (DP (0,1)) (ColDelta 44) DP (0,1) [] [((G AnnOpenP),DP (0,0)),((G AnnCloseP),DP (0,0))])),
 (AnnKey ../../hackage-packages/hspec-2.1.4/src/Test/Hspec/Core.hs:17:45-47 CN "HsTyVar" NotNeeded,
  (Ann (DP (0,0)) (ColDelta 45) DP (0,0) [] [((G AnnVal),DP (0,0))])),
 (AnnKey ../../hackage-packages/hspec-2.1.4/src/Test/Hspec/Core.hs:17:45-49 CN "HsAppTy" NotNeeded,
  (Ann (DP (0,0)) (ColDelta 45) DP (0,0) [] [])),
 (AnnKey ../../hackage-packages/hspec-2.1.4/src/Test/Hspec/Core.hs:17:49 CN "HsTyVar" NotNeeded,
  (Ann (DP (0,1)) (ColDelta 49) DP (0,1) [] [((G AnnVal),DP (0,0))])),
 (AnnKey ../../hackage-packages/hspec-2.1.4/src/Test/Hspec/Core.hs:18:1-2 CN "Unqual" NotNeeded,
  (Ann (DP (0,0)) (ColDelta 1) DP (0,0) [] [((G AnnVal),DP (0,0))])),
 (AnnKey ../../hackage-packages/hspec-2.1.4/src/Test/Hspec/Core.hs:18:1-13 CN "Match" NotNeeded,
  (Ann (DP (0,0)) (ColDelta 1) DP (0,0) [] [((G AnnEqual),DP (0,1))])),
 (AnnKey ../../hackage-packages/hspec-2.1.4/src/Test/Hspec/Core.hs:18:1-13 CN "ValD" NotNeeded,
  (Ann (DP (1,1)) (ColDelta 1) DP (1,1) [] [])),
 (AnnKey ../../hackage-packages/hspec-2.1.4/src/Test/Hspec/Core.hs:18:4-13 CN "GRHS" NotNeeded,
  (Ann (DP (0,-1)) (ColDelta 4) DP (0,-1) [] [])),
 (AnnKey ../../hackage-packages/hspec-2.1.4/src/Test/Hspec/Core.hs:18:6-13 CN "HsVar" NotNeeded,
  (Ann (DP (0,1)) (ColDelta 6) DP (0,1) [] [((G AnnVal),DP (0,0))])),
 (AnnKey <no location info> CN "EmptyLocalBinds" NotNeeded,
  (Ann (DP (-14,0)) (ColDelta 0) DP (-14,0) [] []))]
==============
([((../../hackage-packages/hspec-2.1.4/src/Test/Hspec/Core.hs:1:1,
    AnnModule),
   [../../hackage-packages/hspec-2.1.4/src/Test/Hspec/Core.hs:2:1-6]),
  ((../../hackage-packages/hspec-2.1.4/src/Test/Hspec/Core.hs:1:1,
    AnnWhere),
   [../../hackage-packages/hspec-2.1.4/src/Test/Hspec/Core.hs:7:3-7]),
  ((../../hackage-packages/hspec-2.1.4/src/Test/Hspec/Core.hs:2:24-80,
    AnnClose),
   [../../hackage-packages/hspec-2.1.4/src/Test/Hspec/Core.hs:2:78-80]),
  ((../../hackage-packages/hspec-2.1.4/src/Test/Hspec/Core.hs:2:24-80,
    AnnOpen),
   [../../hackage-packages/hspec-2.1.4/src/Test/Hspec/Core.hs:2:24-37]),
  ((../../hackage-packages/hspec-2.1.4/src/Test/Hspec/Core.hs:(2,82)-(7,1),
    AnnCloseP),
   [../../hackage-packages/hspec-2.1.4/src/Test/Hspec/Core.hs:7:1]),
  ((../../hackage-packages/hspec-2.1.4/src/Test/Hspec/Core.hs:(2,82)-(7,1),
    AnnOpenP),
   [../../hackage-packages/hspec-2.1.4/src/Test/Hspec/Core.hs:2:82]),
  ((../../hackage-packages/hspec-2.1.4/src/Test/Hspec/Core.hs:3:3-29,
    AnnComma),
   [../../hackage-packages/hspec-2.1.4/src/Test/Hspec/Core.hs:5:1]),
  ((../../hackage-packages/hspec-2.1.4/src/Test/Hspec/Core.hs:3:3-29,
    AnnModule),
   [../../hackage-packages/hspec-2.1.4/src/Test/Hspec/Core.hs:3:3-8]),
  ((../../hackage-packages/hspec-2.1.4/src/Test/Hspec/Core.hs:5:3-10,
    AnnComma),
   [../../hackage-packages/hspec-2.1.4/src/Test/Hspec/Core.hs:6:1]),
  ((../../hackage-packages/hspec-2.1.4/src/Test/Hspec/Core.hs:9:1-59,
    AnnImport),
   [../../hackage-packages/hspec-2.1.4/src/Test/Hspec/Core.hs:9:1-6]),
  ((../../hackage-packages/hspec-2.1.4/src/Test/Hspec/Core.hs:9:1-59,
    AnnSemi),
   [../../hackage-packages/hspec-2.1.4/src/Test/Hspec/Core.hs:12:1]),
  ((../../hackage-packages/hspec-2.1.4/src/Test/Hspec/Core.hs:9:39-59,
    AnnCloseP),
   [../../hackage-packages/hspec-2.1.4/src/Test/Hspec/Core.hs:9:59]),
  ((../../hackage-packages/hspec-2.1.4/src/Test/Hspec/Core.hs:9:39-59,
    AnnHiding),
   [../../hackage-packages/hspec-2.1.4/src/Test/Hspec/Core.hs:9:39-44]),
  ((../../hackage-packages/hspec-2.1.4/src/Test/Hspec/Core.hs:9:39-59,
    AnnOpenP),
   [../../hackage-packages/hspec-2.1.4/src/Test/Hspec/Core.hs:9:46]),
  ((../../hackage-packages/hspec-2.1.4/src/Test/Hspec/Core.hs:9:47-54,
    AnnComma),
   [../../hackage-packages/hspec-2.1.4/src/Test/Hspec/Core.hs:9:55]),
  ((../../hackage-packages/hspec-2.1.4/src/Test/Hspec/Core.hs:12:1-53,
    AnnClose),
   [../../hackage-packages/hspec-2.1.4/src/Test/Hspec/Core.hs:12:51-53]),
  ((../../hackage-packages/hspec-2.1.4/src/Test/Hspec/Core.hs:12:1-53,
    AnnOpen),
   [../../hackage-packages/hspec-2.1.4/src/Test/Hspec/Core.hs:12:1-14]),
  ((../../hackage-packages/hspec-2.1.4/src/Test/Hspec/Core.hs:12:1-53,
    AnnSemi),
   [../../hackage-packages/hspec-2.1.4/src/Test/Hspec/Core.hs:13:1]),
  ((../../hackage-packages/hspec-2.1.4/src/Test/Hspec/Core.hs:13:1-48,
    AnnDcolon),
   [../../hackage-packages/hspec-2.1.4/src/Test/Hspec/Core.hs:13:10-11]),
  ((../../hackage-packages/hspec-2.1.4/src/Test/Hspec/Core.hs:13:1-48,
    AnnSemi),
   [../../hackage-packages/hspec-2.1.4/src/Test/Hspec/Core.hs:14:1]),
  ((../../hackage-packages/hspec-2.1.4/src/Test/Hspec/Core.hs:13:13-48,
    AnnRarrow),
   [../../hackage-packages/hspec-2.1.4/src/Test/Hspec/Core.hs:13:20-21]),
  ((../../hackage-packages/hspec-2.1.4/src/Test/Hspec/Core.hs:13:23-34,
    AnnCloseS),
   [../../hackage-packages/hspec-2.1.4/src/Test/Hspec/Core.hs:13:34]),
  ((../../hackage-packages/hspec-2.1.4/src/Test/Hspec/Core.hs:13:23-34,
    AnnOpenS),
   [../../hackage-packages/hspec-2.1.4/src/Test/Hspec/Core.hs:13:23]),
  ((../../hackage-packages/hspec-2.1.4/src/Test/Hspec/Core.hs:13:23-48,
    AnnRarrow),
   [../../hackage-packages/hspec-2.1.4/src/Test/Hspec/Core.hs:13:36-37]),
  ((../../hackage-packages/hspec-2.1.4/src/Test/Hspec/Core.hs:14:1-20,
    AnnEqual),
   [../../hackage-packages/hspec-2.1.4/src/Test/Hspec/Core.hs:14:10]),
  ((../../hackage-packages/hspec-2.1.4/src/Test/Hspec/Core.hs:14:1-20,
    AnnFunId),
   [../../hackage-packages/hspec-2.1.4/src/Test/Hspec/Core.hs:14:1-8]),
  ((../../hackage-packages/hspec-2.1.4/src/Test/Hspec/Core.hs:14:1-20,
    AnnSemi),
   [../../hackage-packages/hspec-2.1.4/src/Test/Hspec/Core.hs:16:1]),
  ((../../hackage-packages/hspec-2.1.4/src/Test/Hspec/Core.hs:16:1-46,
    AnnClose),
   [../../hackage-packages/hspec-2.1.4/src/Test/Hspec/Core.hs:16:44-46]),
  ((../../hackage-packages/hspec-2.1.4/src/Test/Hspec/Core.hs:16:1-46,
    AnnOpen),
   [../../hackage-packages/hspec-2.1.4/src/Test/Hspec/Core.hs:16:1-14]),
  ((../../hackage-packages/hspec-2.1.4/src/Test/Hspec/Core.hs:16:1-46,
    AnnSemi),
   [../../hackage-packages/hspec-2.1.4/src/Test/Hspec/Core.hs:17:1]),
  ((../../hackage-packages/hspec-2.1.4/src/Test/Hspec/Core.hs:17:1-50,
    AnnDcolon),
   [../../hackage-packages/hspec-2.1.4/src/Test/Hspec/Core.hs:17:4-5]),
  ((../../hackage-packages/hspec-2.1.4/src/Test/Hspec/Core.hs:17:1-50,
    AnnSemi),
   [../../hackage-packages/hspec-2.1.4/src/Test/Hspec/Core.hs:18:1]),
  ((../../hackage-packages/hspec-2.1.4/src/Test/Hspec/Core.hs:17:7-15,
    AnnDarrow),
   [../../hackage-packages/hspec-2.1.4/src/Test/Hspec/Core.hs:17:17-18]),
  ((../../hackage-packages/hspec-2.1.4/src/Test/Hspec/Core.hs:17:20-50,
    AnnRarrow),
   [../../hackage-packages/hspec-2.1.4/src/Test/Hspec/Core.hs:17:27-28]),
  ((../../hackage-packages/hspec-2.1.4/src/Test/Hspec/Core.hs:17:30-50,
    AnnRarrow),
   [../../hackage-packages/hspec-2.1.4/src/Test/Hspec/Core.hs:17:32-33]),
  ((../../hackage-packages/hspec-2.1.4/src/Test/Hspec/Core.hs:17:44-50,
    AnnCloseP),
   [../../hackage-packages/hspec-2.1.4/src/Test/Hspec/Core.hs:17:50]),
  ((../../hackage-packages/hspec-2.1.4/src/Test/Hspec/Core.hs:17:44-50,
    AnnOpenP),
   [../../hackage-packages/hspec-2.1.4/src/Test/Hspec/Core.hs:17:44]),
  ((../../hackage-packages/hspec-2.1.4/src/Test/Hspec/Core.hs:18:1-13,
    AnnEqual),
   [../../hackage-packages/hspec-2.1.4/src/Test/Hspec/Core.hs:18:4]),
  ((../../hackage-packages/hspec-2.1.4/src/Test/Hspec/Core.hs:18:1-13,
    AnnFunId),
   [../../hackage-packages/hspec-2.1.4/src/Test/Hspec/Core.hs:18:1-2]),
  ((../../hackage-packages/hspec-2.1.4/src/Test/Hspec/Core.hs:18:1-13,
    AnnSemi),
   [../../hackage-packages/hspec-2.1.4/src/Test/Hspec/Core.hs:19:1]),
  ((<no location info>, AnnEofPos),
   [../../hackage-packages/hspec-2.1.4/src/Test/Hspec/Core.hs:19:1])],
 [(../../hackage-packages/hspec-2.1.4/src/Test/Hspec/Core.hs:(2,82)-(7,1),
   [AnnLineComment "-- * Deprecated functions"]),
  (<no location info>, [AnnLineComment "-- | Stability: unstable"])])