{-# LANGUAGE CPP #-}

#define bar foo

foo :: Int -> Int
foo = id

baz' = 12

==============
../../hackage-packages/hscope-0.4.1/t/files/CPP.hs
==============
lengths:(77,77)

==============

({ ../../hackage-packages/hscope-0.4.1/t/files/CPP.hs:1:1 }
 Just (Ann (DP (0,0)) (ColDelta 1) DP (0,0) [] [((G AnnEofPos),DP (2,0))])
 (HsModule 
  (Nothing) 
  (Nothing) 
  [] 
  [
   ({ ../../hackage-packages/hscope-0.4.1/t/files/CPP.hs:5:1-17 }
    Just (Ann (DP (2,1)) (ColDelta 1) DP (4,1) [DComment (DP (0,0),DP (0,20)) "{-# LANGUAGE CPP #-}" Nothing,DComment (DP (2,1),DP (2,15)) "#define bar foo" Nothing] [((G AnnDcolon),DP (0,1))])
    (SigD 
     (TypeSig 
      [
       ({ ../../hackage-packages/hscope-0.4.1/t/files/CPP.hs:5:1-3 }
        Just (Ann (DP (0,0)) (ColDelta 1) DP (0,0) [] [((G AnnVal),DP (0,0))])
        (Unqual {OccName: foo}))] 
      ({ ../../hackage-packages/hscope-0.4.1/t/files/CPP.hs:5:8-17 }
       Just (Ann (DP (0,1)) (ColDelta 8) DP (0,1) [] [])
       (HsForAllTy 
        (Implicit) 
        (Nothing) 
        (HsQTvs 
         [] 
         []) 
        ({ <no location info> }
         Nothing
         []) 
        ({ ../../hackage-packages/hscope-0.4.1/t/files/CPP.hs:5:8-17 }
         Just (Ann (DP (0,0)) (ColDelta 8) DP (0,0) [] [((G AnnRarrow),DP (0,1))])
         (HsFunTy 
          ({ ../../hackage-packages/hscope-0.4.1/t/files/CPP.hs:5:8-10 }
           Just (Ann (DP (0,0)) (ColDelta 8) DP (0,0) [] [((G AnnVal),DP (0,0))])
           (HsTyVar 
            (Unqual {OccName: Int}))) 
          ({ ../../hackage-packages/hscope-0.4.1/t/files/CPP.hs:5:15-17 }
           Just (Ann (DP (0,1)) (ColDelta 15) DP (0,1) [] [((G AnnVal),DP (0,0))])
           (HsTyVar 
            (Unqual {OccName: Int}))))))) 
      (PlaceHolder)))),
   ({ ../../hackage-packages/hscope-0.4.1/t/files/CPP.hs:6:1-8 }
    Just (Ann (DP (1,1)) (ColDelta 1) DP (1,1) [] [])
    (ValD 
     (FunBind 
      ({ ../../hackage-packages/hscope-0.4.1/t/files/CPP.hs:6:1-3 }
       Just (Ann (DP (0,0)) (ColDelta 1) DP (0,0) [] [((G AnnVal),DP (0,0))])
       (Unqual {OccName: foo})) 
      (False) 
      (MG 
       [
        ({ ../../hackage-packages/hscope-0.4.1/t/files/CPP.hs:6:1-8 }
         Just (Ann (DP (0,0)) (ColDelta 1) DP (0,0) [] [((G AnnEqual),DP (0,1))])
         (Match 
          (Just 
           ((,) 
            ({ ../../hackage-packages/hscope-0.4.1/t/files/CPP.hs:6:1-3 }
             Just (Ann (DP (0,0)) (ColDelta 1) DP (0,0) [] [((G AnnVal),DP (0,0))])
             (Unqual {OccName: foo})) 
            (False))) 
          [] 
          (Nothing) 
          (GRHSs 
           [
            ({ ../../hackage-packages/hscope-0.4.1/t/files/CPP.hs:6:5-8 }
             Just (Ann (DP (0,-1)) (ColDelta 5) DP (0,-1) [] [])
             (GRHS 
              [] 
              ({ ../../hackage-packages/hscope-0.4.1/t/files/CPP.hs:6:7-8 }
               Just (Ann (DP (0,1)) (ColDelta 7) DP (0,1) [] [((G AnnVal),DP (0,0))])
               (HsVar 
                (Unqual {OccName: id})))))] 
           (EmptyLocalBinds))))] 
       [] 
       (PlaceHolder) 
       (FromSource)) 
      (WpHole) 
      (PlaceHolder) 
      []))),
   ({ ../../hackage-packages/hscope-0.4.1/t/files/CPP.hs:8:1-9 }
    Just (Ann (DP (2,1)) (ColDelta 1) DP (2,1) [] [])
    (ValD 
     (FunBind 
      ({ ../../hackage-packages/hscope-0.4.1/t/files/CPP.hs:8:1-4 }
       Just (Ann (DP (0,0)) (ColDelta 1) DP (0,0) [] [((G AnnVal),DP (0,0))])
       (Unqual {OccName: baz'})) 
      (False) 
      (MG 
       [
        ({ ../../hackage-packages/hscope-0.4.1/t/files/CPP.hs:8:1-9 }
         Just (Ann (DP (0,0)) (ColDelta 1) DP (0,0) [] [((G AnnEqual),DP (0,1))])
         (Match 
          (Just 
           ((,) 
            ({ ../../hackage-packages/hscope-0.4.1/t/files/CPP.hs:8:1-4 }
             Just (Ann (DP (0,0)) (ColDelta 1) DP (0,0) [] [((G AnnVal),DP (0,0))])
             (Unqual {OccName: baz'})) 
            (False))) 
          [] 
          (Nothing) 
          (GRHSs 
           [
            ({ ../../hackage-packages/hscope-0.4.1/t/files/CPP.hs:8:6-9 }
             Just (Ann (DP (0,-1)) (ColDelta 6) DP (0,-1) [] [])
             (GRHS 
              [] 
              ({ ../../hackage-packages/hscope-0.4.1/t/files/CPP.hs:8:8-9 }
               Just (Ann (DP (0,1)) (ColDelta 8) DP (0,1) [] [((G AnnVal),DP (0,0))])
               (HsOverLit {HsOverLit:12}))))] 
           (EmptyLocalBinds))))] 
       [] 
       (PlaceHolder) 
       (FromSource)) 
      (WpHole) 
      (PlaceHolder) 
      [])))] 
  (Nothing) 
  (Nothing)))
==============
[(AnnKey ../../hackage-packages/hscope-0.4.1/t/files/CPP.hs:1:1 CN "HsModule" NotNeeded,
  (Ann (DP (0,0)) (ColDelta 1) DP (0,0) [] [((G AnnEofPos),DP (2,0))])),
 (AnnKey ../../hackage-packages/hscope-0.4.1/t/files/CPP.hs:5:1-3 CN "Unqual" NotNeeded,
  (Ann (DP (0,0)) (ColDelta 1) DP (0,0) [] [((G AnnVal),DP (0,0))])),
 (AnnKey ../../hackage-packages/hscope-0.4.1/t/files/CPP.hs:5:1-17 CN "SigD" NotNeeded,
  (Ann (DP (2,1)) (ColDelta 1) DP (4,1) [DComment (DP (0,0),DP (0,20)) "{-# LANGUAGE CPP #-}" Nothing,DComment (DP (2,1),DP (2,15)) "#define bar foo" Nothing] [((G AnnDcolon),DP (0,1))])),
 (AnnKey ../../hackage-packages/hscope-0.4.1/t/files/CPP.hs:5:8-10 CN "HsTyVar" NotNeeded,
  (Ann (DP (0,0)) (ColDelta 8) DP (0,0) [] [((G AnnVal),DP (0,0))])),
 (AnnKey ../../hackage-packages/hscope-0.4.1/t/files/CPP.hs:5:8-17 CN "HsForAllTy" NotNeeded,
  (Ann (DP (0,1)) (ColDelta 8) DP (0,1) [] [])),
 (AnnKey ../../hackage-packages/hscope-0.4.1/t/files/CPP.hs:5:8-17 CN "HsFunTy" NotNeeded,
  (Ann (DP (0,0)) (ColDelta 8) DP (0,0) [] [((G AnnRarrow),DP (0,1))])),
 (AnnKey ../../hackage-packages/hscope-0.4.1/t/files/CPP.hs:5:15-17 CN "HsTyVar" NotNeeded,
  (Ann (DP (0,1)) (ColDelta 15) DP (0,1) [] [((G AnnVal),DP (0,0))])),
 (AnnKey ../../hackage-packages/hscope-0.4.1/t/files/CPP.hs:6:1-3 CN "Unqual" NotNeeded,
  (Ann (DP (0,0)) (ColDelta 1) DP (0,0) [] [((G AnnVal),DP (0,0))])),
 (AnnKey ../../hackage-packages/hscope-0.4.1/t/files/CPP.hs:6:1-8 CN "Match" NotNeeded,
  (Ann (DP (0,0)) (ColDelta 1) DP (0,0) [] [((G AnnEqual),DP (0,1))])),
 (AnnKey ../../hackage-packages/hscope-0.4.1/t/files/CPP.hs:6:1-8 CN "ValD" NotNeeded,
  (Ann (DP (1,1)) (ColDelta 1) DP (1,1) [] [])),
 (AnnKey ../../hackage-packages/hscope-0.4.1/t/files/CPP.hs:6:5-8 CN "GRHS" NotNeeded,
  (Ann (DP (0,-1)) (ColDelta 5) DP (0,-1) [] [])),
 (AnnKey ../../hackage-packages/hscope-0.4.1/t/files/CPP.hs:6:7-8 CN "HsVar" NotNeeded,
  (Ann (DP (0,1)) (ColDelta 7) DP (0,1) [] [((G AnnVal),DP (0,0))])),
 (AnnKey ../../hackage-packages/hscope-0.4.1/t/files/CPP.hs:8:1-4 CN "Unqual" NotNeeded,
  (Ann (DP (0,0)) (ColDelta 1) DP (0,0) [] [((G AnnVal),DP (0,0))])),
 (AnnKey ../../hackage-packages/hscope-0.4.1/t/files/CPP.hs:8:1-9 CN "Match" NotNeeded,
  (Ann (DP (0,0)) (ColDelta 1) DP (0,0) [] [((G AnnEqual),DP (0,1))])),
 (AnnKey ../../hackage-packages/hscope-0.4.1/t/files/CPP.hs:8:1-9 CN "ValD" NotNeeded,
  (Ann (DP (2,1)) (ColDelta 1) DP (2,1) [] [])),
 (AnnKey ../../hackage-packages/hscope-0.4.1/t/files/CPP.hs:8:6-9 CN "GRHS" NotNeeded,
  (Ann (DP (0,-1)) (ColDelta 6) DP (0,-1) [] [])),
 (AnnKey ../../hackage-packages/hscope-0.4.1/t/files/CPP.hs:8:8-9 CN "HsOverLit" NotNeeded,
  (Ann (DP (0,1)) (ColDelta 8) DP (0,1) [] [((G AnnVal),DP (0,0))])),
 (AnnKey <no location info> CN "EmptyLocalBinds" NotNeeded,
  (Ann (DP (-6,0)) (ColDelta 0) DP (-6,0) [] []))]
==============
([((../../hackage-packages/hscope-0.4.1/t/files/CPP.hs:5:1-17,
    AnnDcolon),
   [../../hackage-packages/hscope-0.4.1/t/files/CPP.hs:5:5-6]),
  ((../../hackage-packages/hscope-0.4.1/t/files/CPP.hs:5:1-17,
    AnnSemi),
   [../../hackage-packages/hscope-0.4.1/t/files/CPP.hs:6:1]),
  ((../../hackage-packages/hscope-0.4.1/t/files/CPP.hs:5:8-17,
    AnnRarrow),
   [../../hackage-packages/hscope-0.4.1/t/files/CPP.hs:5:12-13]),
  ((../../hackage-packages/hscope-0.4.1/t/files/CPP.hs:6:1-8,
    AnnEqual),
   [../../hackage-packages/hscope-0.4.1/t/files/CPP.hs:6:5]),
  ((../../hackage-packages/hscope-0.4.1/t/files/CPP.hs:6:1-8,
    AnnFunId),
   [../../hackage-packages/hscope-0.4.1/t/files/CPP.hs:6:1-3]),
  ((../../hackage-packages/hscope-0.4.1/t/files/CPP.hs:6:1-8,
    AnnSemi),
   [../../hackage-packages/hscope-0.4.1/t/files/CPP.hs:8:1]),
  ((../../hackage-packages/hscope-0.4.1/t/files/CPP.hs:8:1-9,
    AnnEqual),
   [../../hackage-packages/hscope-0.4.1/t/files/CPP.hs:8:6]),
  ((../../hackage-packages/hscope-0.4.1/t/files/CPP.hs:8:1-9,
    AnnFunId),
   [../../hackage-packages/hscope-0.4.1/t/files/CPP.hs:8:1-4]),
  ((../../hackage-packages/hscope-0.4.1/t/files/CPP.hs:8:1-9,
    AnnSemi),
   [../../hackage-packages/hscope-0.4.1/t/files/CPP.hs:10:1]),
  ((<no location info>, AnnEofPos),
   [../../hackage-packages/hscope-0.4.1/t/files/CPP.hs:10:1])],
 [(<no location info>, [AnnBlockComment "{-# LANGUAGE CPP #-}"])])