{-# LANGUAGE CPP #-}
------------------------------------------------------------------------
-- © 1998 Peter Thiemann
-- some default settings
--
module Defaults (afmPathDefault, ebnfInputDefault, rgbPathDefault)
where

afmPathDefault      = [        







==============
../../hackage-packages/Ebnf2ps-1.0.12/src/Defaults.hs
==============
lengths:(259,441)

==============

({ ../../hackage-packages/Ebnf2ps-1.0.12/src/Defaults.hs:1:1 }
 Just (Ann (DP (0,0)) (ColDelta 1) DP (0,0) [] [((AnnComment DComment (DP (0,0),DP (0,20)) "{-# LANGUAGE CPP #-}" Nothing),DP (0,0)),((AnnComment DComment (DP (1,1),DP (1,73)) "------------------------------------------------------------------------" Nothing),DP (1,1)),((AnnComment DComment (DP (1,1),DP (1,25)) "-- \169 1998 Peter Thiemann" Nothing),DP (1,1)),((AnnComment DComment (DP (1,1),DP (1,25)) "-- some default settings" Nothing),DP (1,1)),((AnnComment DComment (DP (1,1),DP (1,3)) "--" Nothing),DP (1,1)),((G AnnModule),DP (5,1)),((G AnnVal),DP (0,1)),((G AnnWhere),DP (1,1)),((AnnComment DComment (DP (1,1),DP (1,1)) "" Nothing),DP (1,1)),((G AnnEofPos),DP (2,0))])
 (HsModule 
  (Just 
   ({ ../../hackage-packages/Ebnf2ps-1.0.12/src/Defaults.hs:6:8-15 }
    Nothing{ModuleName: Defaults})) 
  (Just 
   ({ ../../hackage-packages/Ebnf2ps-1.0.12/src/Defaults.hs:6:17-66 }
    Just (Ann (DP (0,1)) (ColDelta 17) DP (0,1) [] [((G AnnOpenP),DP (0,0)),((G AnnCloseP),DP (0,0))])
    [
     ({ ../../hackage-packages/Ebnf2ps-1.0.12/src/Defaults.hs:6:18-31 }
      Just (Ann (DP (0,0)) (ColDelta 18) DP (0,0) [] [])
      (IEVar 
       ({ ../../hackage-packages/Ebnf2ps-1.0.12/src/Defaults.hs:6:18-31 }
        Just (Ann (DP (0,0)) (ColDelta 18) DP (0,0) [] [((G AnnVal),DP (0,0)),((G AnnComma),DP (0,0))])
        (Unqual {OccName: afmPathDefault})))),
     ({ ../../hackage-packages/Ebnf2ps-1.0.12/src/Defaults.hs:6:34-49 }
      Just (Ann (DP (0,1)) (ColDelta 34) DP (0,1) [] [])
      (IEVar 
       ({ ../../hackage-packages/Ebnf2ps-1.0.12/src/Defaults.hs:6:34-49 }
        Just (Ann (DP (0,0)) (ColDelta 34) DP (0,0) [] [((G AnnVal),DP (0,0)),((G AnnComma),DP (0,0))])
        (Unqual {OccName: ebnfInputDefault})))),
     ({ ../../hackage-packages/Ebnf2ps-1.0.12/src/Defaults.hs:6:52-65 }
      Just (Ann (DP (0,1)) (ColDelta 52) DP (0,1) [] [])
      (IEVar 
       ({ ../../hackage-packages/Ebnf2ps-1.0.12/src/Defaults.hs:6:52-65 }
        Just (Ann (DP (0,0)) (ColDelta 52) DP (0,0) [] [((G AnnVal),DP (0,0))])
        (Unqual {OccName: rgbPathDefault}))))])) 
  [] 
  [
   ({ ../../hackage-packages/Ebnf2ps-1.0.12/src/Defaults.hs:(9,1)-(11,55)
     }
    Just (Ann (DP (2,1)) (ColDelta 1) DP (2,1) [] [])
    (ValD 
     (FunBind 
      ({ ../../hackage-packages/Ebnf2ps-1.0.12/src/Defaults.hs:9:1-14 }
       Just (Ann (DP (0,0)) (ColDelta 1) DP (0,0) [] [((G AnnVal),DP (0,0))])
       (Unqual {OccName: afmPathDefault})) 
      (False) 
      (MG 
       [
        ({ ../../hackage-packages/Ebnf2ps-1.0.12/src/Defaults.hs:(9,1)-(11,55)
          }
         Just (Ann (DP (0,0)) (ColDelta 1) DP (0,0) [] [((G AnnEqual),DP (0,6))])
         (Match 
          (Just 
           ((,) 
            ({ ../../hackage-packages/Ebnf2ps-1.0.12/src/Defaults.hs:9:1-14 }
             Just (Ann (DP (0,0)) (ColDelta 1) DP (0,0) [] [((G AnnVal),DP (0,0))])
             (Unqual {OccName: afmPathDefault})) 
            (False))) 
          [] 
          (Nothing) 
          (GRHSs 
           [
            ({ ../../hackage-packages/Ebnf2ps-1.0.12/src/Defaults.hs:(9,21)-(11,55)
              }
             Just (Ann (DP (0,-1)) (ColDelta 21) DP (0,-1) [] [])
             (GRHS 
              [] 
              ({ ../../hackage-packages/Ebnf2ps-1.0.12/src/Defaults.hs:(9,23)-(11,55)
                }
               Just (Ann (DP (0,1)) (ColDelta 23) DP (0,1) [] [((G AnnOpenS),DP (0,0)),((G AnnCloseS),DP (0,0))])
               (ExplicitList 
                (PlaceHolder) 
                (Nothing) 
                [
                 ({ ../../hackage-packages/Ebnf2ps-1.0.12/src/afmpath.h:1:32-53 }
                  Just (Ann (DP (-8,32)) (ColDelta 32) DP (-8,32) [] [((G AnnVal),DP (-8,32)),((AnnComment DComment (DP (9,1),DP (9,20)) "#include \"afmpath.h\"" Nothing),DP (9,1)),((G AnnComma),DP (10,23))])
                  (HsLit 
                   (HsString "\"/usr/local/tex/Adobe\"" {FastString: "/usr/local/tex/Adobe"}))),
                 ({ ../../hackage-packages/Ebnf2ps-1.0.12/src/Defaults.hs:11:25-54 }
                  Just (Ann (DP (0,1)) (ColDelta 25) DP (0,1) [] [((G AnnVal),DP (0,0))])
                  (HsLit 
                   (HsString "\"/usr/local/tex/lib/TeXPS/afm\"" {FastString: "/usr/local/tex/lib/TeXPS/afm"})))]))))] 
           (EmptyLocalBinds))))] 
       [] 
       (PlaceHolder) 
       (FromSource)) 
      (WpHole) 
      (PlaceHolder) 
      []))),
   ({ ../../hackage-packages/Ebnf2ps-1.0.12/src/Defaults.hs:12:1-27 }
    Just (Ann (DP (1,1)) (ColDelta 1) DP (1,1) [] [])
    (ValD 
     (FunBind 
      ({ ../../hackage-packages/Ebnf2ps-1.0.12/src/Defaults.hs:12:1-16 }
       Just (Ann (DP (0,0)) (ColDelta 1) DP (0,0) [] [((G AnnVal),DP (0,0))])
       (Unqual {OccName: ebnfInputDefault})) 
      (False) 
      (MG 
       [
        ({ ../../hackage-packages/Ebnf2ps-1.0.12/src/Defaults.hs:12:1-27 }
         Just (Ann (DP (0,0)) (ColDelta 1) DP (0,0) [] [((G AnnEqual),DP (0,4))])
         (Match 
          (Just 
           ((,) 
            ({ ../../hackage-packages/Ebnf2ps-1.0.12/src/Defaults.hs:12:1-16 }
             Just (Ann (DP (0,0)) (ColDelta 1) DP (0,0) [] [((G AnnVal),DP (0,0))])
             (Unqual {OccName: ebnfInputDefault})) 
            (False))) 
          [] 
          (Nothing) 
          (GRHSs 
           [
            ({ ../../hackage-packages/Ebnf2ps-1.0.12/src/Defaults.hs:12:21-27 }
             Just (Ann (DP (0,-1)) (ColDelta 21) DP (0,-1) [] [])
             (GRHS 
              [] 
              ({ ../../hackage-packages/Ebnf2ps-1.0.12/src/Defaults.hs:12:23-27 }
               Just (Ann (DP (0,1)) (ColDelta 23) DP (0,1) [] [((G AnnOpenS),DP (0,0)),((G AnnCloseS),DP (0,0))])
               (ExplicitList 
                (PlaceHolder) 
                (Nothing) 
                [
                 ({ ../../hackage-packages/Ebnf2ps-1.0.12/src/Defaults.hs:12:24-26 }
                  Just (Ann (DP (0,0)) (ColDelta 24) DP (0,0) [] [((G AnnVal),DP (0,0))])
                  (HsLit 
                   (HsString "\".\"" {FastString: "."})))]))))] 
           (EmptyLocalBinds))))] 
       [] 
       (PlaceHolder) 
       (FromSource)) 
      (WpHole) 
      (PlaceHolder) 
      []))),
   ({ ../../hackage-packages/Ebnf2ps-1.0.12/src/Defaults.hs:(13,1)-(15,45)
     }
    Just (Ann (DP (1,1)) (ColDelta 1) DP (1,1) [] [])
    (ValD 
     (FunBind 
      ({ ../../hackage-packages/Ebnf2ps-1.0.12/src/Defaults.hs:13:1-14 }
       Just (Ann (DP (0,0)) (ColDelta 1) DP (0,0) [] [((G AnnVal),DP (0,0))])
       (Unqual {OccName: rgbPathDefault})) 
      (False) 
      (MG 
       [
        ({ ../../hackage-packages/Ebnf2ps-1.0.12/src/Defaults.hs:(13,1)-(15,45)
          }
         Just (Ann (DP (0,0)) (ColDelta 1) DP (0,0) [] [((G AnnEqual),DP (0,6))])
         (Match 
          (Just 
           ((,) 
            ({ ../../hackage-packages/Ebnf2ps-1.0.12/src/Defaults.hs:13:1-14 }
             Just (Ann (DP (0,0)) (ColDelta 1) DP (0,0) [] [((G AnnVal),DP (0,0))])
             (Unqual {OccName: rgbPathDefault})) 
            (False))) 
          [] 
          (Nothing) 
          (GRHSs 
           [
            ({ ../../hackage-packages/Ebnf2ps-1.0.12/src/Defaults.hs:(13,21)-(15,45)
              }
             Just (Ann (DP (0,-1)) (ColDelta 21) DP (0,-1) [] [])
             (GRHS 
              [] 
              ({ ../../hackage-packages/Ebnf2ps-1.0.12/src/Defaults.hs:(13,23)-(15,45)
                }
               Just (Ann (DP (0,1)) (ColDelta 23) DP (0,1) [] [((G AnnOpenS),DP (0,0)),((G AnnCloseS),DP (0,0))])
               (ExplicitList 
                (PlaceHolder) 
                (Nothing) 
                [
                 ({ ../../hackage-packages/Ebnf2ps-1.0.12/src/rgbpath.h:1:25-38 }
                  Just (Ann (DP (-12,25)) (ColDelta 25) DP (-12,25) [] [((G AnnVal),DP (-12,25)),((G AnnComma),DP (0,0))])
                  (HsLit 
                   (HsString "\"/usr/lib/X11\"" {FastString: "/usr/lib/X11"}))),
                 ({ ../../hackage-packages/Ebnf2ps-1.0.12/src/rgbpath.h:2:25-44 }
                  Just (Ann (DP (1,25)) (ColDelta 25) DP (1,25) [] [((G AnnVal),DP (0,0)),((AnnComment DComment (DP (12,1),DP (12,20)) "#include \"rgbpath.h\"" Nothing),DP (12,1)),((G AnnComma),DP (13,23))])
                  (HsLit 
                   (HsString "\"/opt/X11/share/X11\"" {FastString: "/opt/X11/share/X11"}))),
                 ({ ../../hackage-packages/Ebnf2ps-1.0.12/src/Defaults.hs:15:25-44 }
                  Just (Ann (DP (0,1)) (ColDelta 25) DP (0,1) [] [((G AnnVal),DP (0,0))])
                  (HsLit 
                   (HsString "\"/usr/X11R6/lib/X11\"" {FastString: "/usr/X11R6/lib/X11"})))]))))] 
           (EmptyLocalBinds))))] 
       [] 
       (PlaceHolder) 
       (FromSource)) 
      (WpHole) 
      (PlaceHolder) 
      [])))] 
  (Nothing) 
  (Nothing)))
==============
[(AnnKey ../../hackage-packages/Ebnf2ps-1.0.12/src/Defaults.hs:1:1 CN "HsModule" NotNeeded,
  (Ann (DP (0,0)) (ColDelta 1) DP (0,0) [] [((AnnComment DComment (DP (0,0),DP (0,20)) "{-# LANGUAGE CPP #-}" Nothing),DP (0,0)),((AnnComment DComment (DP (1,1),DP (1,73)) "------------------------------------------------------------------------" Nothing),DP (1,1)),((AnnComment DComment (DP (1,1),DP (1,25)) "-- \169 1998 Peter Thiemann" Nothing),DP (1,1)),((AnnComment DComment (DP (1,1),DP (1,25)) "-- some default settings" Nothing),DP (1,1)),((AnnComment DComment (DP (1,1),DP (1,3)) "--" Nothing),DP (1,1)),((G AnnModule),DP (5,1)),((G AnnVal),DP (0,1)),((G AnnWhere),DP (1,1)),((AnnComment DComment (DP (1,1),DP (1,1)) "" Nothing),DP (1,1)),((G AnnEofPos),DP (2,0))])),
 (AnnKey ../../hackage-packages/Ebnf2ps-1.0.12/src/Defaults.hs:6:17-66 CN "(:)" NotNeeded,
  (Ann (DP (0,1)) (ColDelta 17) DP (0,1) [] [((G AnnOpenP),DP (0,0)),((G AnnCloseP),DP (0,0))])),
 (AnnKey ../../hackage-packages/Ebnf2ps-1.0.12/src/Defaults.hs:6:18-31 CN "IEVar" NotNeeded,
  (Ann (DP (0,0)) (ColDelta 18) DP (0,0) [] [])),
 (AnnKey ../../hackage-packages/Ebnf2ps-1.0.12/src/Defaults.hs:6:18-31 CN "Unqual" NotNeeded,
  (Ann (DP (0,0)) (ColDelta 18) DP (0,0) [] [((G AnnVal),DP (0,0)),((G AnnComma),DP (0,0))])),
 (AnnKey ../../hackage-packages/Ebnf2ps-1.0.12/src/Defaults.hs:6:34-49 CN "IEVar" NotNeeded,
  (Ann (DP (0,1)) (ColDelta 34) DP (0,1) [] [])),
 (AnnKey ../../hackage-packages/Ebnf2ps-1.0.12/src/Defaults.hs:6:34-49 CN "Unqual" NotNeeded,
  (Ann (DP (0,0)) (ColDelta 34) DP (0,0) [] [((G AnnVal),DP (0,0)),((G AnnComma),DP (0,0))])),
 (AnnKey ../../hackage-packages/Ebnf2ps-1.0.12/src/Defaults.hs:6:52-65 CN "IEVar" NotNeeded,
  (Ann (DP (0,1)) (ColDelta 52) DP (0,1) [] [])),
 (AnnKey ../../hackage-packages/Ebnf2ps-1.0.12/src/Defaults.hs:6:52-65 CN "Unqual" NotNeeded,
  (Ann (DP (0,0)) (ColDelta 52) DP (0,0) [] [((G AnnVal),DP (0,0))])),
 (AnnKey ../../hackage-packages/Ebnf2ps-1.0.12/src/Defaults.hs:9:1-14 CN "Unqual" NotNeeded,
  (Ann (DP (0,0)) (ColDelta 1) DP (0,0) [] [((G AnnVal),DP (0,0))])),
 (AnnKey ../../hackage-packages/Ebnf2ps-1.0.12/src/Defaults.hs:(9,1)-(11,55) CN "Match" NotNeeded,
  (Ann (DP (0,0)) (ColDelta 1) DP (0,0) [] [((G AnnEqual),DP (0,6))])),
 (AnnKey ../../hackage-packages/Ebnf2ps-1.0.12/src/Defaults.hs:(9,1)-(11,55) CN "ValD" NotNeeded,
  (Ann (DP (2,1)) (ColDelta 1) DP (2,1) [] [])),
 (AnnKey ../../hackage-packages/Ebnf2ps-1.0.12/src/Defaults.hs:(9,21)-(11,55) CN "GRHS" NotNeeded,
  (Ann (DP (0,-1)) (ColDelta 21) DP (0,-1) [] [])),
 (AnnKey ../../hackage-packages/Ebnf2ps-1.0.12/src/Defaults.hs:(9,23)-(11,55) CN "ExplicitList" NotNeeded,
  (Ann (DP (0,1)) (ColDelta 23) DP (0,1) [] [((G AnnOpenS),DP (0,0)),((G AnnCloseS),DP (0,0))])),
 (AnnKey ../../hackage-packages/Ebnf2ps-1.0.12/src/Defaults.hs:11:25-54 CN "HsLit" NotNeeded,
  (Ann (DP (0,1)) (ColDelta 25) DP (0,1) [] [((G AnnVal),DP (0,0))])),
 (AnnKey ../../hackage-packages/Ebnf2ps-1.0.12/src/Defaults.hs:12:1-16 CN "Unqual" NotNeeded,
  (Ann (DP (0,0)) (ColDelta 1) DP (0,0) [] [((G AnnVal),DP (0,0))])),
 (AnnKey ../../hackage-packages/Ebnf2ps-1.0.12/src/Defaults.hs:12:1-27 CN "Match" NotNeeded,
  (Ann (DP (0,0)) (ColDelta 1) DP (0,0) [] [((G AnnEqual),DP (0,4))])),
 (AnnKey ../../hackage-packages/Ebnf2ps-1.0.12/src/Defaults.hs:12:1-27 CN "ValD" NotNeeded,
  (Ann (DP (1,1)) (ColDelta 1) DP (1,1) [] [])),
 (AnnKey ../../hackage-packages/Ebnf2ps-1.0.12/src/Defaults.hs:12:21-27 CN "GRHS" NotNeeded,
  (Ann (DP (0,-1)) (ColDelta 21) DP (0,-1) [] [])),
 (AnnKey ../../hackage-packages/Ebnf2ps-1.0.12/src/Defaults.hs:12:23-27 CN "ExplicitList" NotNeeded,
  (Ann (DP (0,1)) (ColDelta 23) DP (0,1) [] [((G AnnOpenS),DP (0,0)),((G AnnCloseS),DP (0,0))])),
 (AnnKey ../../hackage-packages/Ebnf2ps-1.0.12/src/Defaults.hs:12:24-26 CN "HsLit" NotNeeded,
  (Ann (DP (0,0)) (ColDelta 24) DP (0,0) [] [((G AnnVal),DP (0,0))])),
 (AnnKey ../../hackage-packages/Ebnf2ps-1.0.12/src/Defaults.hs:13:1-14 CN "Unqual" NotNeeded,
  (Ann (DP (0,0)) (ColDelta 1) DP (0,0) [] [((G AnnVal),DP (0,0))])),
 (AnnKey ../../hackage-packages/Ebnf2ps-1.0.12/src/Defaults.hs:(13,1)-(15,45) CN "Match" NotNeeded,
  (Ann (DP (0,0)) (ColDelta 1) DP (0,0) [] [((G AnnEqual),DP (0,6))])),
 (AnnKey ../../hackage-packages/Ebnf2ps-1.0.12/src/Defaults.hs:(13,1)-(15,45) CN "ValD" NotNeeded,
  (Ann (DP (1,1)) (ColDelta 1) DP (1,1) [] [])),
 (AnnKey ../../hackage-packages/Ebnf2ps-1.0.12/src/Defaults.hs:(13,21)-(15,45) CN "GRHS" NotNeeded,
  (Ann (DP (0,-1)) (ColDelta 21) DP (0,-1) [] [])),
 (AnnKey ../../hackage-packages/Ebnf2ps-1.0.12/src/Defaults.hs:(13,23)-(15,45) CN "ExplicitList" NotNeeded,
  (Ann (DP (0,1)) (ColDelta 23) DP (0,1) [] [((G AnnOpenS),DP (0,0)),((G AnnCloseS),DP (0,0))])),
 (AnnKey ../../hackage-packages/Ebnf2ps-1.0.12/src/Defaults.hs:15:25-44 CN "HsLit" NotNeeded,
  (Ann (DP (0,1)) (ColDelta 25) DP (0,1) [] [((G AnnVal),DP (0,0))])),
 (AnnKey ../../hackage-packages/Ebnf2ps-1.0.12/src/afmpath.h:1:32-53 CN "HsLit" NotNeeded,
  (Ann (DP (-8,32)) (ColDelta 32) DP (-8,32) [] [((G AnnVal),DP (-8,32)),((AnnComment DComment (DP (9,1),DP (9,20)) "#include \"afmpath.h\"" Nothing),DP (9,1)),((G AnnComma),DP (10,23))])),
 (AnnKey ../../hackage-packages/Ebnf2ps-1.0.12/src/rgbpath.h:1:25-38 CN "HsLit" NotNeeded,
  (Ann (DP (-12,25)) (ColDelta 25) DP (-12,25) [] [((G AnnVal),DP (-12,25)),((G AnnComma),DP (0,0))])),
 (AnnKey ../../hackage-packages/Ebnf2ps-1.0.12/src/rgbpath.h:2:25-44 CN "HsLit" NotNeeded,
  (Ann (DP (1,25)) (ColDelta 25) DP (1,25) [] [((G AnnVal),DP (0,0)),((AnnComment DComment (DP (12,1),DP (12,20)) "#include \"rgbpath.h\"" Nothing),DP (12,1)),((G AnnComma),DP (13,23))])),
 (AnnKey <no location info> CN "EmptyLocalBinds" NotNeeded,
  (Ann (DP (-11,0)) (ColDelta 0) DP (-11,0) [] []))]
==============
([((../../hackage-packages/Ebnf2ps-1.0.12/src/Defaults.hs:1:1,
    AnnModule),
   [../../hackage-packages/Ebnf2ps-1.0.12/src/Defaults.hs:6:1-6]),
  ((../../hackage-packages/Ebnf2ps-1.0.12/src/Defaults.hs:1:1,
    AnnWhere),
   [../../hackage-packages/Ebnf2ps-1.0.12/src/Defaults.hs:7:1-5]),
  ((../../hackage-packages/Ebnf2ps-1.0.12/src/Defaults.hs:6:17-66,
    AnnCloseP),
   [../../hackage-packages/Ebnf2ps-1.0.12/src/Defaults.hs:6:66]),
  ((../../hackage-packages/Ebnf2ps-1.0.12/src/Defaults.hs:6:17-66,
    AnnOpenP),
   [../../hackage-packages/Ebnf2ps-1.0.12/src/Defaults.hs:6:17]),
  ((../../hackage-packages/Ebnf2ps-1.0.12/src/Defaults.hs:6:18-31,
    AnnComma),
   [../../hackage-packages/Ebnf2ps-1.0.12/src/Defaults.hs:6:32]),
  ((../../hackage-packages/Ebnf2ps-1.0.12/src/Defaults.hs:6:34-49,
    AnnComma),
   [../../hackage-packages/Ebnf2ps-1.0.12/src/Defaults.hs:6:50]),
  ((../../hackage-packages/Ebnf2ps-1.0.12/src/Defaults.hs:(9,1)-(11,55),
    AnnEqual),
   [../../hackage-packages/Ebnf2ps-1.0.12/src/Defaults.hs:9:21]),
  ((../../hackage-packages/Ebnf2ps-1.0.12/src/Defaults.hs:(9,1)-(11,55),
    AnnFunId),
   [../../hackage-packages/Ebnf2ps-1.0.12/src/Defaults.hs:9:1-14]),
  ((../../hackage-packages/Ebnf2ps-1.0.12/src/Defaults.hs:(9,1)-(11,55),
    AnnSemi),
   [../../hackage-packages/Ebnf2ps-1.0.12/src/Defaults.hs:12:1]),
  ((../../hackage-packages/Ebnf2ps-1.0.12/src/Defaults.hs:(9,23)-(11,55),
    AnnCloseS),
   [../../hackage-packages/Ebnf2ps-1.0.12/src/Defaults.hs:11:55]),
  ((../../hackage-packages/Ebnf2ps-1.0.12/src/Defaults.hs:(9,23)-(11,55),
    AnnOpenS),
   [../../hackage-packages/Ebnf2ps-1.0.12/src/Defaults.hs:9:23]),
  ((../../hackage-packages/Ebnf2ps-1.0.12/src/Defaults.hs:12:1-27,
    AnnEqual),
   [../../hackage-packages/Ebnf2ps-1.0.12/src/Defaults.hs:12:21]),
  ((../../hackage-packages/Ebnf2ps-1.0.12/src/Defaults.hs:12:1-27,
    AnnFunId),
   [../../hackage-packages/Ebnf2ps-1.0.12/src/Defaults.hs:12:1-16]),
  ((../../hackage-packages/Ebnf2ps-1.0.12/src/Defaults.hs:12:1-27,
    AnnSemi),
   [../../hackage-packages/Ebnf2ps-1.0.12/src/Defaults.hs:13:1]),
  ((../../hackage-packages/Ebnf2ps-1.0.12/src/Defaults.hs:12:23-27,
    AnnCloseS),
   [../../hackage-packages/Ebnf2ps-1.0.12/src/Defaults.hs:12:27]),
  ((../../hackage-packages/Ebnf2ps-1.0.12/src/Defaults.hs:12:23-27,
    AnnOpenS),
   [../../hackage-packages/Ebnf2ps-1.0.12/src/Defaults.hs:12:23]),
  ((../../hackage-packages/Ebnf2ps-1.0.12/src/Defaults.hs:(13,1)-(15,45),
    AnnEqual),
   [../../hackage-packages/Ebnf2ps-1.0.12/src/Defaults.hs:13:21]),
  ((../../hackage-packages/Ebnf2ps-1.0.12/src/Defaults.hs:(13,1)-(15,45),
    AnnFunId),
   [../../hackage-packages/Ebnf2ps-1.0.12/src/Defaults.hs:13:1-14]),
  ((../../hackage-packages/Ebnf2ps-1.0.12/src/Defaults.hs:(13,1)-(15,45),
    AnnSemi),
   [../../hackage-packages/Ebnf2ps-1.0.12/src/Defaults.hs:17:1]),
  ((../../hackage-packages/Ebnf2ps-1.0.12/src/Defaults.hs:(13,23)-(15,45),
    AnnCloseS),
   [../../hackage-packages/Ebnf2ps-1.0.12/src/Defaults.hs:15:45]),
  ((../../hackage-packages/Ebnf2ps-1.0.12/src/Defaults.hs:(13,23)-(15,45),
    AnnOpenS),
   [../../hackage-packages/Ebnf2ps-1.0.12/src/Defaults.hs:13:23]),
  ((../../hackage-packages/Ebnf2ps-1.0.12/src/afmpath.h:1:32-53,
    AnnComma),
   [../../hackage-packages/Ebnf2ps-1.0.12/src/Defaults.hs:11:23]),
  ((../../hackage-packages/Ebnf2ps-1.0.12/src/rgbpath.h:1:25-38,
    AnnComma),
   [../../hackage-packages/Ebnf2ps-1.0.12/src/rgbpath.h:1:39]),
  ((../../hackage-packages/Ebnf2ps-1.0.12/src/rgbpath.h:2:25-44,
    AnnComma),
   [../../hackage-packages/Ebnf2ps-1.0.12/src/Defaults.hs:15:23]),
  ((<no location info>, AnnEofPos),
   [../../hackage-packages/Ebnf2ps-1.0.12/src/Defaults.hs:17:1])],
 [(<no location info>,
   [AnnLineComment "--", AnnLineComment "-- some default settings",
    AnnLineComment "-- \169 1998 Peter Thiemann",
    AnnLineComment "------------------------------------------------------------------------",
    AnnBlockComment "{-# LANGUAGE CPP #-}"])])