{-# LANGUAGE CPP #-}
#define Flt Double
#define VECT_Double

module Data.Vect.DoubleData.Vect.Flt
  ( module Data.Vect.Double.BaseData.Vect.Flt.Base
  , module Data.Vect.Double.InterpolateData.Vect.Flt.Interpolate
  , module Data.Vect.Double.Util.Dim2Data.Vect.Flt.Util.Dim2
  , module Data.Vect.Double.Util.Dim3Data.Vect.Flt.Util.Dim3
  , module Data.Vect.Double.Util.ProjectiveData.Vect.Flt.Util.Projective
#ifdef VECT_OPENGL
  , module Data.Vect.Flt.OpenGL
#endif
  ) where

import Data.Vect.Double.BaseData.Vect.Flt.Base
import Data.Vect.Double.InterpolateData.Vect.Flt.Interpolate

import Data.Vect.Double.Util.Dim2Data.Vect.Flt.Util.Dim2
import Data.Vect.Double.Util.Dim3Data.Vect.Flt.Util.Dim3
import Data.Vect.Double.Util.ProjectiveData.Vect.Flt.Util.Projective

#ifdef VECT_OPENGL
import Data.Vect.Flt.OpenGL
#endif

==============
../../hackage-packages/vect-0.4.7/Data/Vect/Double.hs
==============
lengths:(825,543)

==============

({ ../../hackage-packages/vect-0.4.7/Data/Vect/Double.hs:1:1 }
 Just (Ann (DP (0,0)) (ColDelta 1) DP (0,0) [] [((AnnComment DComment (DP (0,0),DP (0,20)) "{-# LANGUAGE CPP #-}" Nothing),DP (0,0)),((AnnComment DComment (DP (1,1),DP (1,18)) "#define Flt Double" Nothing),DP (1,1)),((AnnComment DComment (DP (1,1),DP (1,19)) "#define VECT_Double" Nothing),DP (1,1)),((G AnnModule),DP (4,1)),((G AnnVal),DP (0,1)),((G AnnWhere),DP (0,1)),((AnnComment DComment (DP (0,-32),DP (0,-3)) "Data.Vect.Flt.Util.Projective" Nothing),DP (0,-32)),((AnnComment DComment (DP (2,1),DP (2,18)) "#ifdef VECT_OPENGL" Nothing),DP (2,1)),((AnnComment DComment (DP (1,1),DP (1,7)) "import" Nothing),DP (1,1)),((AnnComment DComment (DP (0,1),DP (0,21)) "Data.Vect.Flt.OpenGL" Nothing),DP (0,1)),((AnnComment DComment (DP (1,1),DP (1,6)) "#endif" Nothing),DP (1,1)),((AnnComment DComment (DP (1,1),DP (1,1)) "" Nothing),DP (1,1)),((G AnnEofPos),DP (3,0))])
 (HsModule 
  (Just 
   ({ ../../hackage-packages/vect-0.4.7/Data/Vect/Double.hs:5:8-23 }
    Nothing{ModuleName: Data.Vect.Double})) 
  (Just 
   ({ ../../hackage-packages/vect-0.4.7/Data/Vect/Double.hs:(6,3)-(14,3) }
    Just (Ann (DP (1,3)) (ColDelta 3) DP (1,3) [DComment (DP (0,-16),DP (0,-3)) "Data.Vect.Flt" Nothing] [((G AnnOpenP),DP (0,0)),((AnnComment DComment (DP (0,-32),DP (0,-3)) "Data.Vect.Flt.Util.Projective" Nothing),DP (0,-32)),((AnnComment DComment (DP (1,1),DP (1,18)) "#ifdef VECT_OPENGL" Nothing),DP (1,1)),((AnnComment DComment (DP (1,3),DP (1,4)) "," Nothing),DP (1,3)),((AnnComment DComment (DP (0,1),DP (0,7)) "module" Nothing),DP (0,1)),((AnnComment DComment (DP (0,1),DP (0,21)) "Data.Vect.Flt.OpenGL" Nothing),DP (0,1)),((AnnComment DComment (DP (1,1),DP (1,6)) "#endif" Nothing),DP (1,1)),((G AnnCloseP),DP (4,3))])
    [
     ({ ../../hackage-packages/vect-0.4.7/Data/Vect/Double.hs:6:5-32 }
      Just (Ann (DP (0,1)) (ColDelta 5) DP (0,1) [] [((G AnnModule),DP (0,0)),((G AnnVal),DP (0,1)),((AnnComment DComment (DP (0,-21),DP (0,-3)) "Data.Vect.Flt.Base" Nothing),DP (0,-21)),((G AnnComma),DP (1,3))])
      (IEModuleContents 
       ({ ../../hackage-packages/vect-0.4.7/Data/Vect/Double.hs:6:12-32 }
        Nothing{ModuleName: Data.Vect.Double.Base}))),
     ({ ../../hackage-packages/vect-0.4.7/Data/Vect/Double.hs:7:5-39 }
      Just (Ann (DP (0,1)) (ColDelta 5) DP (0,1) [] [((G AnnModule),DP (0,0)),((G AnnVal),DP (0,1)),((AnnComment DComment (DP (0,-28),DP (0,-3)) "Data.Vect.Flt.Interpolate" Nothing),DP (0,-28)),((G AnnComma),DP (1,3))])
      (IEModuleContents 
       ({ ../../hackage-packages/vect-0.4.7/Data/Vect/Double.hs:7:12-39 }
        Nothing{ModuleName: Data.Vect.Double.Interpolate}))),
     ({ ../../hackage-packages/vect-0.4.7/Data/Vect/Double.hs:8:5-37 }
      Just (Ann (DP (0,1)) (ColDelta 5) DP (0,1) [] [((G AnnModule),DP (0,0)),((G AnnVal),DP (0,1)),((AnnComment DComment (DP (0,-26),DP (0,-3)) "Data.Vect.Flt.Util.Dim2" Nothing),DP (0,-26)),((G AnnComma),DP (1,3))])
      (IEModuleContents 
       ({ ../../hackage-packages/vect-0.4.7/Data/Vect/Double.hs:8:12-37 }
        Nothing{ModuleName: Data.Vect.Double.Util.Dim2}))),
     ({ ../../hackage-packages/vect-0.4.7/Data/Vect/Double.hs:9:5-37 }
      Just (Ann (DP (0,1)) (ColDelta 5) DP (0,1) [] [((G AnnModule),DP (0,0)),((G AnnVal),DP (0,1)),((AnnComment DComment (DP (0,-26),DP (0,-3)) "Data.Vect.Flt.Util.Dim3" Nothing),DP (0,-26)),((G AnnComma),DP (1,3))])
      (IEModuleContents 
       ({ ../../hackage-packages/vect-0.4.7/Data/Vect/Double.hs:9:12-37 }
        Nothing{ModuleName: Data.Vect.Double.Util.Dim3}))),
     ({ ../../hackage-packages/vect-0.4.7/Data/Vect/Double.hs:10:5-43 }
      Just (Ann (DP (0,1)) (ColDelta 5) DP (0,1) [] [((G AnnModule),DP (0,0)),((G AnnVal),DP (0,1))])
      (IEModuleContents 
       ({ ../../hackage-packages/vect-0.4.7/Data/Vect/Double.hs:10:12-43 }
        Nothing{ModuleName: Data.Vect.Double.Util.Projective})))])) 
  [
   ({ ../../hackage-packages/vect-0.4.7/Data/Vect/Double.hs:16:1-28 }
    Just (Ann (DP (2,1)) (ColDelta 1) DP (2,1) [] [((G AnnImport),DP (0,0)),((G AnnVal),DP (0,1))])
    (ImportDecl 
     (Nothing) 
     ({ ../../hackage-packages/vect-0.4.7/Data/Vect/Double.hs:16:8-28 }
      Nothing{ModuleName: Data.Vect.Double.Base}) 
     (Nothing) 
     (False) 
     (False) 
     (False) 
     (False) 
     (Nothing) 
     (Nothing))),
   ({ ../../hackage-packages/vect-0.4.7/Data/Vect/Double.hs:17:1-35 }
    Just (Ann (DP (1,1)) (ColDelta 1) DP (1,1) [DComment (DP (0,-21),DP (0,-3)) "Data.Vect.Flt.Base" Nothing] [((G AnnImport),DP (0,0)),((G AnnVal),DP (0,1))])
    (ImportDecl 
     (Nothing) 
     ({ ../../hackage-packages/vect-0.4.7/Data/Vect/Double.hs:17:8-35 }
      Nothing{ModuleName: Data.Vect.Double.Interpolate}) 
     (Nothing) 
     (False) 
     (False) 
     (False) 
     (False) 
     (Nothing) 
     (Nothing))),
   ({ ../../hackage-packages/vect-0.4.7/Data/Vect/Double.hs:19:1-33 }
    Just (Ann (DP (2,1)) (ColDelta 1) DP (2,1) [DComment (DP (0,-28),DP (0,-3)) "Data.Vect.Flt.Interpolate" Nothing] [((G AnnImport),DP (0,0)),((G AnnVal),DP (0,1))])
    (ImportDecl 
     (Nothing) 
     ({ ../../hackage-packages/vect-0.4.7/Data/Vect/Double.hs:19:8-33 }
      Nothing{ModuleName: Data.Vect.Double.Util.Dim2}) 
     (Nothing) 
     (False) 
     (False) 
     (False) 
     (False) 
     (Nothing) 
     (Nothing))),
   ({ ../../hackage-packages/vect-0.4.7/Data/Vect/Double.hs:20:1-33 }
    Just (Ann (DP (1,1)) (ColDelta 1) DP (1,1) [DComment (DP (0,-26),DP (0,-3)) "Data.Vect.Flt.Util.Dim2" Nothing] [((G AnnImport),DP (0,0)),((G AnnVal),DP (0,1))])
    (ImportDecl 
     (Nothing) 
     ({ ../../hackage-packages/vect-0.4.7/Data/Vect/Double.hs:20:8-33 }
      Nothing{ModuleName: Data.Vect.Double.Util.Dim3}) 
     (Nothing) 
     (False) 
     (False) 
     (False) 
     (False) 
     (Nothing) 
     (Nothing))),
   ({ ../../hackage-packages/vect-0.4.7/Data/Vect/Double.hs:21:1-39 }
    Just (Ann (DP (1,1)) (ColDelta 1) DP (1,1) [DComment (DP (0,-26),DP (0,-3)) "Data.Vect.Flt.Util.Dim3" Nothing] [((G AnnImport),DP (0,0)),((G AnnVal),DP (0,1))])
    (ImportDecl 
     (Nothing) 
     ({ ../../hackage-packages/vect-0.4.7/Data/Vect/Double.hs:21:8-39 }
      Nothing{ModuleName: Data.Vect.Double.Util.Projective}) 
     (Nothing) 
     (False) 
     (False) 
     (False) 
     (False) 
     (Nothing) 
     (Nothing)))] 
  [] 
  (Nothing) 
  (Nothing)))
==============
[(AnnKey ../../hackage-packages/vect-0.4.7/Data/Vect/Double.hs:1:1 CN "HsModule" NotNeeded,
  (Ann (DP (0,0)) (ColDelta 1) DP (0,0) [] [((AnnComment DComment (DP (0,0),DP (0,20)) "{-# LANGUAGE CPP #-}" Nothing),DP (0,0)),((AnnComment DComment (DP (1,1),DP (1,18)) "#define Flt Double" Nothing),DP (1,1)),((AnnComment DComment (DP (1,1),DP (1,19)) "#define VECT_Double" Nothing),DP (1,1)),((G AnnModule),DP (4,1)),((G AnnVal),DP (0,1)),((G AnnWhere),DP (0,1)),((AnnComment DComment (DP (0,-32),DP (0,-3)) "Data.Vect.Flt.Util.Projective" Nothing),DP (0,-32)),((AnnComment DComment (DP (2,1),DP (2,18)) "#ifdef VECT_OPENGL" Nothing),DP (2,1)),((AnnComment DComment (DP (1,1),DP (1,7)) "import" Nothing),DP (1,1)),((AnnComment DComment (DP (0,1),DP (0,21)) "Data.Vect.Flt.OpenGL" Nothing),DP (0,1)),((AnnComment DComment (DP (1,1),DP (1,6)) "#endif" Nothing),DP (1,1)),((AnnComment DComment (DP (1,1),DP (1,1)) "" Nothing),DP (1,1)),((G AnnEofPos),DP (3,0))])),
 (AnnKey ../../hackage-packages/vect-0.4.7/Data/Vect/Double.hs:(6,3)-(14,3) CN "(:)" NotNeeded,
  (Ann (DP (1,3)) (ColDelta 3) DP (1,3) [DComment (DP (0,-16),DP (0,-3)) "Data.Vect.Flt" Nothing] [((G AnnOpenP),DP (0,0)),((AnnComment DComment (DP (0,-32),DP (0,-3)) "Data.Vect.Flt.Util.Projective" Nothing),DP (0,-32)),((AnnComment DComment (DP (1,1),DP (1,18)) "#ifdef VECT_OPENGL" Nothing),DP (1,1)),((AnnComment DComment (DP (1,3),DP (1,4)) "," Nothing),DP (1,3)),((AnnComment DComment (DP (0,1),DP (0,7)) "module" Nothing),DP (0,1)),((AnnComment DComment (DP (0,1),DP (0,21)) "Data.Vect.Flt.OpenGL" Nothing),DP (0,1)),((AnnComment DComment (DP (1,1),DP (1,6)) "#endif" Nothing),DP (1,1)),((G AnnCloseP),DP (4,3))])),
 (AnnKey ../../hackage-packages/vect-0.4.7/Data/Vect/Double.hs:6:5-32 CN "IEModuleContents" NotNeeded,
  (Ann (DP (0,1)) (ColDelta 5) DP (0,1) [] [((G AnnModule),DP (0,0)),((G AnnVal),DP (0,1)),((AnnComment DComment (DP (0,-21),DP (0,-3)) "Data.Vect.Flt.Base" Nothing),DP (0,-21)),((G AnnComma),DP (1,3))])),
 (AnnKey ../../hackage-packages/vect-0.4.7/Data/Vect/Double.hs:7:5-39 CN "IEModuleContents" NotNeeded,
  (Ann (DP (0,1)) (ColDelta 5) DP (0,1) [] [((G AnnModule),DP (0,0)),((G AnnVal),DP (0,1)),((AnnComment DComment (DP (0,-28),DP (0,-3)) "Data.Vect.Flt.Interpolate" Nothing),DP (0,-28)),((G AnnComma),DP (1,3))])),
 (AnnKey ../../hackage-packages/vect-0.4.7/Data/Vect/Double.hs:8:5-37 CN "IEModuleContents" NotNeeded,
  (Ann (DP (0,1)) (ColDelta 5) DP (0,1) [] [((G AnnModule),DP (0,0)),((G AnnVal),DP (0,1)),((AnnComment DComment (DP (0,-26),DP (0,-3)) "Data.Vect.Flt.Util.Dim2" Nothing),DP (0,-26)),((G AnnComma),DP (1,3))])),
 (AnnKey ../../hackage-packages/vect-0.4.7/Data/Vect/Double.hs:9:5-37 CN "IEModuleContents" NotNeeded,
  (Ann (DP (0,1)) (ColDelta 5) DP (0,1) [] [((G AnnModule),DP (0,0)),((G AnnVal),DP (0,1)),((AnnComment DComment (DP (0,-26),DP (0,-3)) "Data.Vect.Flt.Util.Dim3" Nothing),DP (0,-26)),((G AnnComma),DP (1,3))])),
 (AnnKey ../../hackage-packages/vect-0.4.7/Data/Vect/Double.hs:10:5-43 CN "IEModuleContents" NotNeeded,
  (Ann (DP (0,1)) (ColDelta 5) DP (0,1) [] [((G AnnModule),DP (0,0)),((G AnnVal),DP (0,1))])),
 (AnnKey ../../hackage-packages/vect-0.4.7/Data/Vect/Double.hs:16:1-28 CN "ImportDecl" NotNeeded,
  (Ann (DP (2,1)) (ColDelta 1) DP (2,1) [] [((G AnnImport),DP (0,0)),((G AnnVal),DP (0,1))])),
 (AnnKey ../../hackage-packages/vect-0.4.7/Data/Vect/Double.hs:17:1-35 CN "ImportDecl" NotNeeded,
  (Ann (DP (1,1)) (ColDelta 1) DP (1,1) [DComment (DP (0,-21),DP (0,-3)) "Data.Vect.Flt.Base" Nothing] [((G AnnImport),DP (0,0)),((G AnnVal),DP (0,1))])),
 (AnnKey ../../hackage-packages/vect-0.4.7/Data/Vect/Double.hs:19:1-33 CN "ImportDecl" NotNeeded,
  (Ann (DP (2,1)) (ColDelta 1) DP (2,1) [DComment (DP (0,-28),DP (0,-3)) "Data.Vect.Flt.Interpolate" Nothing] [((G AnnImport),DP (0,0)),((G AnnVal),DP (0,1))])),
 (AnnKey ../../hackage-packages/vect-0.4.7/Data/Vect/Double.hs:20:1-33 CN "ImportDecl" NotNeeded,
  (Ann (DP (1,1)) (ColDelta 1) DP (1,1) [DComment (DP (0,-26),DP (0,-3)) "Data.Vect.Flt.Util.Dim2" Nothing] [((G AnnImport),DP (0,0)),((G AnnVal),DP (0,1))])),
 (AnnKey ../../hackage-packages/vect-0.4.7/Data/Vect/Double.hs:21:1-39 CN "ImportDecl" NotNeeded,
  (Ann (DP (1,1)) (ColDelta 1) DP (1,1) [DComment (DP (0,-26),DP (0,-3)) "Data.Vect.Flt.Util.Dim3" Nothing] [((G AnnImport),DP (0,0)),((G AnnVal),DP (0,1))]))]
==============
([((../../hackage-packages/vect-0.4.7/Data/Vect/Double.hs:1:1,
    AnnModule),
   [../../hackage-packages/vect-0.4.7/Data/Vect/Double.hs:5:1-6]),
  ((../../hackage-packages/vect-0.4.7/Data/Vect/Double.hs:1:1,
    AnnWhere),
   [../../hackage-packages/vect-0.4.7/Data/Vect/Double.hs:14:5-9]),
  ((../../hackage-packages/vect-0.4.7/Data/Vect/Double.hs:(6,3)-(14,3),
    AnnCloseP),
   [../../hackage-packages/vect-0.4.7/Data/Vect/Double.hs:14:3]),
  ((../../hackage-packages/vect-0.4.7/Data/Vect/Double.hs:(6,3)-(14,3),
    AnnOpenP),
   [../../hackage-packages/vect-0.4.7/Data/Vect/Double.hs:6:3]),
  ((../../hackage-packages/vect-0.4.7/Data/Vect/Double.hs:6:5-32,
    AnnComma),
   [../../hackage-packages/vect-0.4.7/Data/Vect/Double.hs:7:3]),
  ((../../hackage-packages/vect-0.4.7/Data/Vect/Double.hs:6:5-32,
    AnnModule),
   [../../hackage-packages/vect-0.4.7/Data/Vect/Double.hs:6:5-10]),
  ((../../hackage-packages/vect-0.4.7/Data/Vect/Double.hs:7:5-39,
    AnnComma),
   [../../hackage-packages/vect-0.4.7/Data/Vect/Double.hs:8:3]),
  ((../../hackage-packages/vect-0.4.7/Data/Vect/Double.hs:7:5-39,
    AnnModule),
   [../../hackage-packages/vect-0.4.7/Data/Vect/Double.hs:7:5-10]),
  ((../../hackage-packages/vect-0.4.7/Data/Vect/Double.hs:8:5-37,
    AnnComma),
   [../../hackage-packages/vect-0.4.7/Data/Vect/Double.hs:9:3]),
  ((../../hackage-packages/vect-0.4.7/Data/Vect/Double.hs:8:5-37,
    AnnModule),
   [../../hackage-packages/vect-0.4.7/Data/Vect/Double.hs:8:5-10]),
  ((../../hackage-packages/vect-0.4.7/Data/Vect/Double.hs:9:5-37,
    AnnComma),
   [../../hackage-packages/vect-0.4.7/Data/Vect/Double.hs:10:3]),
  ((../../hackage-packages/vect-0.4.7/Data/Vect/Double.hs:9:5-37,
    AnnModule),
   [../../hackage-packages/vect-0.4.7/Data/Vect/Double.hs:9:5-10]),
  ((../../hackage-packages/vect-0.4.7/Data/Vect/Double.hs:10:5-43,
    AnnModule),
   [../../hackage-packages/vect-0.4.7/Data/Vect/Double.hs:10:5-10]),
  ((../../hackage-packages/vect-0.4.7/Data/Vect/Double.hs:16:1-28,
    AnnImport),
   [../../hackage-packages/vect-0.4.7/Data/Vect/Double.hs:16:1-6]),
  ((../../hackage-packages/vect-0.4.7/Data/Vect/Double.hs:16:1-28,
    AnnSemi),
   [../../hackage-packages/vect-0.4.7/Data/Vect/Double.hs:17:1]),
  ((../../hackage-packages/vect-0.4.7/Data/Vect/Double.hs:17:1-35,
    AnnImport),
   [../../hackage-packages/vect-0.4.7/Data/Vect/Double.hs:17:1-6]),
  ((../../hackage-packages/vect-0.4.7/Data/Vect/Double.hs:17:1-35,
    AnnSemi),
   [../../hackage-packages/vect-0.4.7/Data/Vect/Double.hs:19:1]),
  ((../../hackage-packages/vect-0.4.7/Data/Vect/Double.hs:19:1-33,
    AnnImport),
   [../../hackage-packages/vect-0.4.7/Data/Vect/Double.hs:19:1-6]),
  ((../../hackage-packages/vect-0.4.7/Data/Vect/Double.hs:19:1-33,
    AnnSemi),
   [../../hackage-packages/vect-0.4.7/Data/Vect/Double.hs:20:1]),
  ((../../hackage-packages/vect-0.4.7/Data/Vect/Double.hs:20:1-33,
    AnnImport),
   [../../hackage-packages/vect-0.4.7/Data/Vect/Double.hs:20:1-6]),
  ((../../hackage-packages/vect-0.4.7/Data/Vect/Double.hs:20:1-33,
    AnnSemi),
   [../../hackage-packages/vect-0.4.7/Data/Vect/Double.hs:21:1]),
  ((../../hackage-packages/vect-0.4.7/Data/Vect/Double.hs:21:1-39,
    AnnImport),
   [../../hackage-packages/vect-0.4.7/Data/Vect/Double.hs:21:1-6]),
  ((../../hackage-packages/vect-0.4.7/Data/Vect/Double.hs:21:1-39,
    AnnSemi),
   [../../hackage-packages/vect-0.4.7/Data/Vect/Double.hs:24:1]),
  ((<no location info>, AnnEofPos),
   [../../hackage-packages/vect-0.4.7/Data/Vect/Double.hs:24:1])],
 [(<no location info>, [AnnBlockComment "{-# LANGUAGE CPP #-}"])])