{-# LANGUAGE CPP #-}
#define Flt Float
#define VECT_Float

module Data.Vect.FloatData.Vect.Flt
  ( module Data.Vect.Float.BaseData.Vect.Flt.Base
  , module Data.Vect.Float.InterpolateData.Vect.Flt.Interpolate
  , module Data.Vect.Float.Util.Dim2Data.Vect.Flt.Util.Dim2
  , module Data.Vect.Float.Util.Dim3Data.Vect.Flt.Util.Dim3
  , module Data.Vect.Float.Util.ProjectiveData.Vect.Flt.Util.Projective
#ifdef VECT_OPENGL
  , module Data.Vect.Flt.OpenGL
#endif
  ) where

import Data.Vect.Float.BaseData.Vect.Flt.Base
import Data.Vect.Float.InterpolateData.Vect.Flt.Interpolate

import Data.Vect.Float.Util.Dim2Data.Vect.Flt.Util.Dim2
import Data.Vect.Float.Util.Dim3Data.Vect.Flt.Util.Dim3
import Data.Vect.Float.Util.ProjectiveData.Vect.Flt.Util.Projective

#ifdef VECT_OPENGL
import Data.Vect.Flt.OpenGL
#endif

==============
../../hackage-packages/vect-0.4.7/Data/Vect/Float.hs
==============
lengths:(812,541)

==============

({ ../../hackage-packages/vect-0.4.7/Data/Vect/Float.hs:1:1 }
 Just (Ann (DP (0,0)) (ColDelta 1) DP (0,0) [] [((AnnComment DComment (DP (0,0),DP (0,20)) "{-# LANGUAGE CPP #-}" Nothing),DP (0,0)),((AnnComment DComment (DP (1,1),DP (1,17)) "#define Flt Float" Nothing),DP (1,1)),((AnnComment DComment (DP (1,1),DP (1,18)) "#define VECT_Float" Nothing),DP (1,1)),((G AnnModule),DP (4,1)),((G AnnVal),DP (0,1)),((G AnnWhere),DP (0,1)),((AnnComment DComment (DP (0,-31),DP (0,-2)) "Data.Vect.Flt.Util.Projective" Nothing),DP (0,-31)),((AnnComment DComment (DP (2,1),DP (2,18)) "#ifdef VECT_OPENGL" Nothing),DP (2,1)),((AnnComment DComment (DP (1,1),DP (1,7)) "import" Nothing),DP (1,1)),((AnnComment DComment (DP (0,1),DP (0,21)) "Data.Vect.Flt.OpenGL" Nothing),DP (0,1)),((AnnComment DComment (DP (1,1),DP (1,6)) "#endif" Nothing),DP (1,1)),((AnnComment DComment (DP (1,1),DP (1,1)) "" Nothing),DP (1,1)),((G AnnEofPos),DP (3,0))])
 (HsModule 
  (Just 
   ({ ../../hackage-packages/vect-0.4.7/Data/Vect/Float.hs:5:8-22 }
    Nothing{ModuleName: Data.Vect.Float})) 
  (Just 
   ({ ../../hackage-packages/vect-0.4.7/Data/Vect/Float.hs:(6,3)-(14,3) }
    Just (Ann (DP (1,3)) (ColDelta 3) DP (1,3) [DComment (DP (0,-15),DP (0,-2)) "Data.Vect.Flt" Nothing] [((G AnnOpenP),DP (0,0)),((AnnComment DComment (DP (0,-31),DP (0,-2)) "Data.Vect.Flt.Util.Projective" Nothing),DP (0,-31)),((AnnComment DComment (DP (1,1),DP (1,18)) "#ifdef VECT_OPENGL" Nothing),DP (1,1)),((AnnComment DComment (DP (1,3),DP (1,4)) "," Nothing),DP (1,3)),((AnnComment DComment (DP (0,1),DP (0,7)) "module" Nothing),DP (0,1)),((AnnComment DComment (DP (0,1),DP (0,21)) "Data.Vect.Flt.OpenGL" Nothing),DP (0,1)),((AnnComment DComment (DP (1,1),DP (1,6)) "#endif" Nothing),DP (1,1)),((G AnnCloseP),DP (4,3))])
    [
     ({ ../../hackage-packages/vect-0.4.7/Data/Vect/Float.hs:6:5-31 }
      Just (Ann (DP (0,1)) (ColDelta 5) DP (0,1) [] [((G AnnModule),DP (0,0)),((G AnnVal),DP (0,1)),((AnnComment DComment (DP (0,-20),DP (0,-2)) "Data.Vect.Flt.Base" Nothing),DP (0,-20)),((G AnnComma),DP (1,3))])
      (IEModuleContents 
       ({ ../../hackage-packages/vect-0.4.7/Data/Vect/Float.hs:6:12-31 }
        Nothing{ModuleName: Data.Vect.Float.Base}))),
     ({ ../../hackage-packages/vect-0.4.7/Data/Vect/Float.hs:7:5-38 }
      Just (Ann (DP (0,1)) (ColDelta 5) DP (0,1) [] [((G AnnModule),DP (0,0)),((G AnnVal),DP (0,1)),((AnnComment DComment (DP (0,-27),DP (0,-2)) "Data.Vect.Flt.Interpolate" Nothing),DP (0,-27)),((G AnnComma),DP (1,3))])
      (IEModuleContents 
       ({ ../../hackage-packages/vect-0.4.7/Data/Vect/Float.hs:7:12-38 }
        Nothing{ModuleName: Data.Vect.Float.Interpolate}))),
     ({ ../../hackage-packages/vect-0.4.7/Data/Vect/Float.hs:8:5-36 }
      Just (Ann (DP (0,1)) (ColDelta 5) DP (0,1) [] [((G AnnModule),DP (0,0)),((G AnnVal),DP (0,1)),((AnnComment DComment (DP (0,-25),DP (0,-2)) "Data.Vect.Flt.Util.Dim2" Nothing),DP (0,-25)),((G AnnComma),DP (1,3))])
      (IEModuleContents 
       ({ ../../hackage-packages/vect-0.4.7/Data/Vect/Float.hs:8:12-36 }
        Nothing{ModuleName: Data.Vect.Float.Util.Dim2}))),
     ({ ../../hackage-packages/vect-0.4.7/Data/Vect/Float.hs:9:5-36 }
      Just (Ann (DP (0,1)) (ColDelta 5) DP (0,1) [] [((G AnnModule),DP (0,0)),((G AnnVal),DP (0,1)),((AnnComment DComment (DP (0,-25),DP (0,-2)) "Data.Vect.Flt.Util.Dim3" Nothing),DP (0,-25)),((G AnnComma),DP (1,3))])
      (IEModuleContents 
       ({ ../../hackage-packages/vect-0.4.7/Data/Vect/Float.hs:9:12-36 }
        Nothing{ModuleName: Data.Vect.Float.Util.Dim3}))),
     ({ ../../hackage-packages/vect-0.4.7/Data/Vect/Float.hs:10:5-42 }
      Just (Ann (DP (0,1)) (ColDelta 5) DP (0,1) [] [((G AnnModule),DP (0,0)),((G AnnVal),DP (0,1))])
      (IEModuleContents 
       ({ ../../hackage-packages/vect-0.4.7/Data/Vect/Float.hs:10:12-42 }
        Nothing{ModuleName: Data.Vect.Float.Util.Projective})))])) 
  [
   ({ ../../hackage-packages/vect-0.4.7/Data/Vect/Float.hs:16:1-27 }
    Just (Ann (DP (2,1)) (ColDelta 1) DP (2,1) [] [((G AnnImport),DP (0,0)),((G AnnVal),DP (0,1))])
    (ImportDecl 
     (Nothing) 
     ({ ../../hackage-packages/vect-0.4.7/Data/Vect/Float.hs:16:8-27 }
      Nothing{ModuleName: Data.Vect.Float.Base}) 
     (Nothing) 
     (False) 
     (False) 
     (False) 
     (False) 
     (Nothing) 
     (Nothing))),
   ({ ../../hackage-packages/vect-0.4.7/Data/Vect/Float.hs:17:1-34 }
    Just (Ann (DP (1,1)) (ColDelta 1) DP (1,1) [DComment (DP (0,-20),DP (0,-2)) "Data.Vect.Flt.Base" Nothing] [((G AnnImport),DP (0,0)),((G AnnVal),DP (0,1))])
    (ImportDecl 
     (Nothing) 
     ({ ../../hackage-packages/vect-0.4.7/Data/Vect/Float.hs:17:8-34 }
      Nothing{ModuleName: Data.Vect.Float.Interpolate}) 
     (Nothing) 
     (False) 
     (False) 
     (False) 
     (False) 
     (Nothing) 
     (Nothing))),
   ({ ../../hackage-packages/vect-0.4.7/Data/Vect/Float.hs:19:1-32 }
    Just (Ann (DP (2,1)) (ColDelta 1) DP (2,1) [DComment (DP (0,-27),DP (0,-2)) "Data.Vect.Flt.Interpolate" Nothing] [((G AnnImport),DP (0,0)),((G AnnVal),DP (0,1))])
    (ImportDecl 
     (Nothing) 
     ({ ../../hackage-packages/vect-0.4.7/Data/Vect/Float.hs:19:8-32 }
      Nothing{ModuleName: Data.Vect.Float.Util.Dim2}) 
     (Nothing) 
     (False) 
     (False) 
     (False) 
     (False) 
     (Nothing) 
     (Nothing))),
   ({ ../../hackage-packages/vect-0.4.7/Data/Vect/Float.hs:20:1-32 }
    Just (Ann (DP (1,1)) (ColDelta 1) DP (1,1) [DComment (DP (0,-25),DP (0,-2)) "Data.Vect.Flt.Util.Dim2" Nothing] [((G AnnImport),DP (0,0)),((G AnnVal),DP (0,1))])
    (ImportDecl 
     (Nothing) 
     ({ ../../hackage-packages/vect-0.4.7/Data/Vect/Float.hs:20:8-32 }
      Nothing{ModuleName: Data.Vect.Float.Util.Dim3}) 
     (Nothing) 
     (False) 
     (False) 
     (False) 
     (False) 
     (Nothing) 
     (Nothing))),
   ({ ../../hackage-packages/vect-0.4.7/Data/Vect/Float.hs:21:1-38 }
    Just (Ann (DP (1,1)) (ColDelta 1) DP (1,1) [DComment (DP (0,-25),DP (0,-2)) "Data.Vect.Flt.Util.Dim3" Nothing] [((G AnnImport),DP (0,0)),((G AnnVal),DP (0,1))])
    (ImportDecl 
     (Nothing) 
     ({ ../../hackage-packages/vect-0.4.7/Data/Vect/Float.hs:21:8-38 }
      Nothing{ModuleName: Data.Vect.Float.Util.Projective}) 
     (Nothing) 
     (False) 
     (False) 
     (False) 
     (False) 
     (Nothing) 
     (Nothing)))] 
  [] 
  (Nothing) 
  (Nothing)))
==============
[(AnnKey ../../hackage-packages/vect-0.4.7/Data/Vect/Float.hs:1:1 CN "HsModule" NotNeeded,
  (Ann (DP (0,0)) (ColDelta 1) DP (0,0) [] [((AnnComment DComment (DP (0,0),DP (0,20)) "{-# LANGUAGE CPP #-}" Nothing),DP (0,0)),((AnnComment DComment (DP (1,1),DP (1,17)) "#define Flt Float" Nothing),DP (1,1)),((AnnComment DComment (DP (1,1),DP (1,18)) "#define VECT_Float" Nothing),DP (1,1)),((G AnnModule),DP (4,1)),((G AnnVal),DP (0,1)),((G AnnWhere),DP (0,1)),((AnnComment DComment (DP (0,-31),DP (0,-2)) "Data.Vect.Flt.Util.Projective" Nothing),DP (0,-31)),((AnnComment DComment (DP (2,1),DP (2,18)) "#ifdef VECT_OPENGL" Nothing),DP (2,1)),((AnnComment DComment (DP (1,1),DP (1,7)) "import" Nothing),DP (1,1)),((AnnComment DComment (DP (0,1),DP (0,21)) "Data.Vect.Flt.OpenGL" Nothing),DP (0,1)),((AnnComment DComment (DP (1,1),DP (1,6)) "#endif" Nothing),DP (1,1)),((AnnComment DComment (DP (1,1),DP (1,1)) "" Nothing),DP (1,1)),((G AnnEofPos),DP (3,0))])),
 (AnnKey ../../hackage-packages/vect-0.4.7/Data/Vect/Float.hs:(6,3)-(14,3) CN "(:)" NotNeeded,
  (Ann (DP (1,3)) (ColDelta 3) DP (1,3) [DComment (DP (0,-15),DP (0,-2)) "Data.Vect.Flt" Nothing] [((G AnnOpenP),DP (0,0)),((AnnComment DComment (DP (0,-31),DP (0,-2)) "Data.Vect.Flt.Util.Projective" Nothing),DP (0,-31)),((AnnComment DComment (DP (1,1),DP (1,18)) "#ifdef VECT_OPENGL" Nothing),DP (1,1)),((AnnComment DComment (DP (1,3),DP (1,4)) "," Nothing),DP (1,3)),((AnnComment DComment (DP (0,1),DP (0,7)) "module" Nothing),DP (0,1)),((AnnComment DComment (DP (0,1),DP (0,21)) "Data.Vect.Flt.OpenGL" Nothing),DP (0,1)),((AnnComment DComment (DP (1,1),DP (1,6)) "#endif" Nothing),DP (1,1)),((G AnnCloseP),DP (4,3))])),
 (AnnKey ../../hackage-packages/vect-0.4.7/Data/Vect/Float.hs:6:5-31 CN "IEModuleContents" NotNeeded,
  (Ann (DP (0,1)) (ColDelta 5) DP (0,1) [] [((G AnnModule),DP (0,0)),((G AnnVal),DP (0,1)),((AnnComment DComment (DP (0,-20),DP (0,-2)) "Data.Vect.Flt.Base" Nothing),DP (0,-20)),((G AnnComma),DP (1,3))])),
 (AnnKey ../../hackage-packages/vect-0.4.7/Data/Vect/Float.hs:7:5-38 CN "IEModuleContents" NotNeeded,
  (Ann (DP (0,1)) (ColDelta 5) DP (0,1) [] [((G AnnModule),DP (0,0)),((G AnnVal),DP (0,1)),((AnnComment DComment (DP (0,-27),DP (0,-2)) "Data.Vect.Flt.Interpolate" Nothing),DP (0,-27)),((G AnnComma),DP (1,3))])),
 (AnnKey ../../hackage-packages/vect-0.4.7/Data/Vect/Float.hs:8:5-36 CN "IEModuleContents" NotNeeded,
  (Ann (DP (0,1)) (ColDelta 5) DP (0,1) [] [((G AnnModule),DP (0,0)),((G AnnVal),DP (0,1)),((AnnComment DComment (DP (0,-25),DP (0,-2)) "Data.Vect.Flt.Util.Dim2" Nothing),DP (0,-25)),((G AnnComma),DP (1,3))])),
 (AnnKey ../../hackage-packages/vect-0.4.7/Data/Vect/Float.hs:9:5-36 CN "IEModuleContents" NotNeeded,
  (Ann (DP (0,1)) (ColDelta 5) DP (0,1) [] [((G AnnModule),DP (0,0)),((G AnnVal),DP (0,1)),((AnnComment DComment (DP (0,-25),DP (0,-2)) "Data.Vect.Flt.Util.Dim3" Nothing),DP (0,-25)),((G AnnComma),DP (1,3))])),
 (AnnKey ../../hackage-packages/vect-0.4.7/Data/Vect/Float.hs:10:5-42 CN "IEModuleContents" NotNeeded,
  (Ann (DP (0,1)) (ColDelta 5) DP (0,1) [] [((G AnnModule),DP (0,0)),((G AnnVal),DP (0,1))])),
 (AnnKey ../../hackage-packages/vect-0.4.7/Data/Vect/Float.hs:16:1-27 CN "ImportDecl" NotNeeded,
  (Ann (DP (2,1)) (ColDelta 1) DP (2,1) [] [((G AnnImport),DP (0,0)),((G AnnVal),DP (0,1))])),
 (AnnKey ../../hackage-packages/vect-0.4.7/Data/Vect/Float.hs:17:1-34 CN "ImportDecl" NotNeeded,
  (Ann (DP (1,1)) (ColDelta 1) DP (1,1) [DComment (DP (0,-20),DP (0,-2)) "Data.Vect.Flt.Base" Nothing] [((G AnnImport),DP (0,0)),((G AnnVal),DP (0,1))])),
 (AnnKey ../../hackage-packages/vect-0.4.7/Data/Vect/Float.hs:19:1-32 CN "ImportDecl" NotNeeded,
  (Ann (DP (2,1)) (ColDelta 1) DP (2,1) [DComment (DP (0,-27),DP (0,-2)) "Data.Vect.Flt.Interpolate" Nothing] [((G AnnImport),DP (0,0)),((G AnnVal),DP (0,1))])),
 (AnnKey ../../hackage-packages/vect-0.4.7/Data/Vect/Float.hs:20:1-32 CN "ImportDecl" NotNeeded,
  (Ann (DP (1,1)) (ColDelta 1) DP (1,1) [DComment (DP (0,-25),DP (0,-2)) "Data.Vect.Flt.Util.Dim2" Nothing] [((G AnnImport),DP (0,0)),((G AnnVal),DP (0,1))])),
 (AnnKey ../../hackage-packages/vect-0.4.7/Data/Vect/Float.hs:21:1-38 CN "ImportDecl" NotNeeded,
  (Ann (DP (1,1)) (ColDelta 1) DP (1,1) [DComment (DP (0,-25),DP (0,-2)) "Data.Vect.Flt.Util.Dim3" Nothing] [((G AnnImport),DP (0,0)),((G AnnVal),DP (0,1))]))]
==============
([((../../hackage-packages/vect-0.4.7/Data/Vect/Float.hs:1:1,
    AnnModule),
   [../../hackage-packages/vect-0.4.7/Data/Vect/Float.hs:5:1-6]),
  ((../../hackage-packages/vect-0.4.7/Data/Vect/Float.hs:1:1,
    AnnWhere),
   [../../hackage-packages/vect-0.4.7/Data/Vect/Float.hs:14:5-9]),
  ((../../hackage-packages/vect-0.4.7/Data/Vect/Float.hs:(6,3)-(14,3),
    AnnCloseP),
   [../../hackage-packages/vect-0.4.7/Data/Vect/Float.hs:14:3]),
  ((../../hackage-packages/vect-0.4.7/Data/Vect/Float.hs:(6,3)-(14,3),
    AnnOpenP),
   [../../hackage-packages/vect-0.4.7/Data/Vect/Float.hs:6:3]),
  ((../../hackage-packages/vect-0.4.7/Data/Vect/Float.hs:6:5-31,
    AnnComma),
   [../../hackage-packages/vect-0.4.7/Data/Vect/Float.hs:7:3]),
  ((../../hackage-packages/vect-0.4.7/Data/Vect/Float.hs:6:5-31,
    AnnModule),
   [../../hackage-packages/vect-0.4.7/Data/Vect/Float.hs:6:5-10]),
  ((../../hackage-packages/vect-0.4.7/Data/Vect/Float.hs:7:5-38,
    AnnComma),
   [../../hackage-packages/vect-0.4.7/Data/Vect/Float.hs:8:3]),
  ((../../hackage-packages/vect-0.4.7/Data/Vect/Float.hs:7:5-38,
    AnnModule),
   [../../hackage-packages/vect-0.4.7/Data/Vect/Float.hs:7:5-10]),
  ((../../hackage-packages/vect-0.4.7/Data/Vect/Float.hs:8:5-36,
    AnnComma),
   [../../hackage-packages/vect-0.4.7/Data/Vect/Float.hs:9:3]),
  ((../../hackage-packages/vect-0.4.7/Data/Vect/Float.hs:8:5-36,
    AnnModule),
   [../../hackage-packages/vect-0.4.7/Data/Vect/Float.hs:8:5-10]),
  ((../../hackage-packages/vect-0.4.7/Data/Vect/Float.hs:9:5-36,
    AnnComma),
   [../../hackage-packages/vect-0.4.7/Data/Vect/Float.hs:10:3]),
  ((../../hackage-packages/vect-0.4.7/Data/Vect/Float.hs:9:5-36,
    AnnModule),
   [../../hackage-packages/vect-0.4.7/Data/Vect/Float.hs:9:5-10]),
  ((../../hackage-packages/vect-0.4.7/Data/Vect/Float.hs:10:5-42,
    AnnModule),
   [../../hackage-packages/vect-0.4.7/Data/Vect/Float.hs:10:5-10]),
  ((../../hackage-packages/vect-0.4.7/Data/Vect/Float.hs:16:1-27,
    AnnImport),
   [../../hackage-packages/vect-0.4.7/Data/Vect/Float.hs:16:1-6]),
  ((../../hackage-packages/vect-0.4.7/Data/Vect/Float.hs:16:1-27,
    AnnSemi),
   [../../hackage-packages/vect-0.4.7/Data/Vect/Float.hs:17:1]),
  ((../../hackage-packages/vect-0.4.7/Data/Vect/Float.hs:17:1-34,
    AnnImport),
   [../../hackage-packages/vect-0.4.7/Data/Vect/Float.hs:17:1-6]),
  ((../../hackage-packages/vect-0.4.7/Data/Vect/Float.hs:17:1-34,
    AnnSemi),
   [../../hackage-packages/vect-0.4.7/Data/Vect/Float.hs:19:1]),
  ((../../hackage-packages/vect-0.4.7/Data/Vect/Float.hs:19:1-32,
    AnnImport),
   [../../hackage-packages/vect-0.4.7/Data/Vect/Float.hs:19:1-6]),
  ((../../hackage-packages/vect-0.4.7/Data/Vect/Float.hs:19:1-32,
    AnnSemi),
   [../../hackage-packages/vect-0.4.7/Data/Vect/Float.hs:20:1]),
  ((../../hackage-packages/vect-0.4.7/Data/Vect/Float.hs:20:1-32,
    AnnImport),
   [../../hackage-packages/vect-0.4.7/Data/Vect/Float.hs:20:1-6]),
  ((../../hackage-packages/vect-0.4.7/Data/Vect/Float.hs:20:1-32,
    AnnSemi),
   [../../hackage-packages/vect-0.4.7/Data/Vect/Float.hs:21:1]),
  ((../../hackage-packages/vect-0.4.7/Data/Vect/Float.hs:21:1-38,
    AnnImport),
   [../../hackage-packages/vect-0.4.7/Data/Vect/Float.hs:21:1-6]),
  ((../../hackage-packages/vect-0.4.7/Data/Vect/Float.hs:21:1-38,
    AnnSemi),
   [../../hackage-packages/vect-0.4.7/Data/Vect/Float.hs:24:1]),
  ((<no location info>, AnnEofPos),
   [../../hackage-packages/vect-0.4.7/Data/Vect/Float.hs:24:1])],
 [(<no location info>, [AnnBlockComment "{-# LANGUAGE CPP #-}"])])