module Test.Hspec.HUnit {-# DEPRECATED "use "Test.Hspec.Contrib.HUnit" from package @hspec-contrib@ instead" #-}
(
-- * Interoperability with HUnit
  fromHUnitTest
) where

import           Test.Hspec.Core.Spec
import           Test.HUnit (Test (..))

-- |
-- Convert a HUnit test suite to a spec.  This can be used to run existing
-- HUnit tests with Hspec.
fromHUnitTest :: Test -> Spec
fromHUnitTest t = case t of
  TestList xs -> mapM_ go xs
  x -> go x
  where
    go :: Test -> Spec
    go t_ = case t_ of
      TestLabel s (TestCase e) -> it s e
      TestLabel s (TestList xs) -> describe s (mapM_ go xs)
      TestLabel s x -> describe s (go x)
      TestList xs -> describe "<unlabeled>" (mapM_ go xs)
      TestCase e -> it "<unlabeled>" e

==============
../../hackage-packages/hspec-2.1.4/src/Test/Hspec/HUnit.hs
==============
lengths:(751,753)

==============

({ ../../hackage-packages/hspec-2.1.4/src/Test/Hspec/HUnit.hs:1:1 }
 Just (Ann (DP (0,0)) (ColDelta 1) DP (0,0) [] [((G AnnModule),DP (0,0)),((G AnnVal),DP (0,1)),((G AnnWhere),DP (0,1)),((G AnnEofPos),DP (1,0))])
 (HsModule 
  (Just 
   ({ ../../hackage-packages/hspec-2.1.4/src/Test/Hspec/HUnit.hs:1:8-23 }
    Nothing{ModuleName: Test.Hspec.HUnit})) 
  (Just 
   ({ ../../hackage-packages/hspec-2.1.4/src/Test/Hspec/HUnit.hs:(2,1)-(5,1)
     }
    Just (Ann (DP (1,1)) (ColDelta 1) DP (1,1) [] [((G AnnOpenP),DP (0,0)),((G AnnCloseP),DP (1,1))])
    [
     ({ ../../hackage-packages/hspec-2.1.4/src/Test/Hspec/HUnit.hs:4:3-15 }
      Just (Ann (DP (1,3)) (ColDelta 3) DP (2,3) [DComment (DP (1,1),DP (1,33)) "-- * Interoperability with HUnit" Nothing] [])
      (IEVar 
       ({ ../../hackage-packages/hspec-2.1.4/src/Test/Hspec/HUnit.hs:4:3-15 }
        Just (Ann (DP (0,0)) (ColDelta 3) DP (0,0) [] [((G AnnVal),DP (0,0))])
        (Unqual {OccName: fromHUnitTest}))))])) 
  [
   ({ ../../hackage-packages/hspec-2.1.4/src/Test/Hspec/HUnit.hs:7:1-37 }
    Just (Ann (DP (2,1)) (ColDelta 1) DP (2,1) [] [((G AnnImport),DP (0,0)),((G AnnVal),DP (0,11))])
    (ImportDecl 
     (Nothing) 
     ({ ../../hackage-packages/hspec-2.1.4/src/Test/Hspec/HUnit.hs:7:18-37 }
      Nothing{ModuleName: Test.Hspec.Core.Spec}) 
     (Nothing) 
     (False) 
     (False) 
     (False) 
     (False) 
     (Nothing) 
     (Nothing))),
   ({ ../../hackage-packages/hspec-2.1.4/src/Test/Hspec/HUnit.hs:8:1-39 }
    Just (Ann (DP (1,1)) (ColDelta 1) DP (1,1) [] [((G AnnImport),DP (0,0)),((G AnnVal),DP (0,11))])
    (ImportDecl 
     (Nothing) 
     ({ ../../hackage-packages/hspec-2.1.4/src/Test/Hspec/HUnit.hs:8:18-27 }
      Nothing{ModuleName: Test.HUnit}) 
     (Nothing) 
     (False) 
     (False) 
     (False) 
     (False) 
     (Nothing) 
     (Just 
      ((,) 
       (False) 
       ({ ../../hackage-packages/hspec-2.1.4/src/Test/Hspec/HUnit.hs:8:29-39 }
        Just (Ann (DP (0,1)) (ColDelta 29) DP (0,1) [] [((G AnnOpenP),DP (0,0)),((G AnnCloseP),DP (0,0))])
        [
         ({ ../../hackage-packages/hspec-2.1.4/src/Test/Hspec/HUnit.hs:8:30-38 }
          Just (Ann (DP (0,0)) (ColDelta 30) DP (0,0) [] [((G AnnOpenP),DP (0,1)),((G AnnDotdot),DP (0,0)),((G AnnCloseP),DP (0,0))])
          (IEThingAll 
           ({ ../../hackage-packages/hspec-2.1.4/src/Test/Hspec/HUnit.hs:8:30-33 }
            Just (Ann (DP (0,0)) (ColDelta 30) DP (0,0) [] [((G AnnVal),DP (0,0))])
            (Unqual {OccName: Test}))))])))))] 
  [
   ({ ../../hackage-packages/hspec-2.1.4/src/Test/Hspec/HUnit.hs:13:1-29 }
    Just (Ann (DP (1,1)) (ColDelta 1) DP (5,1) [DComment (DP (2,1),DP (2,5)) "-- |" Nothing,DComment (DP (1,1),DP (1,75)) "-- Convert a HUnit test suite to a spec.  This can be used to run existing" Nothing,DComment (DP (1,1),DP (1,27)) "-- HUnit tests with Hspec." Nothing] [((G AnnDcolon),DP (0,1))])
    (SigD 
     (TypeSig 
      [
       ({ ../../hackage-packages/hspec-2.1.4/src/Test/Hspec/HUnit.hs:13:1-13 }
        Just (Ann (DP (0,0)) (ColDelta 1) DP (0,0) [] [((G AnnVal),DP (0,0))])
        (Unqual {OccName: fromHUnitTest}))] 
      ({ ../../hackage-packages/hspec-2.1.4/src/Test/Hspec/HUnit.hs:13:18-29
        }
       Just (Ann (DP (0,1)) (ColDelta 18) DP (0,1) [] [])
       (HsForAllTy 
        (Implicit) 
        (Nothing) 
        (HsQTvs 
         [] 
         []) 
        ({ <no location info> }
         Nothing
         []) 
        ({ ../../hackage-packages/hspec-2.1.4/src/Test/Hspec/HUnit.hs:13:18-29
          }
         Just (Ann (DP (0,0)) (ColDelta 18) DP (0,0) [] [((G AnnRarrow),DP (0,1))])
         (HsFunTy 
          ({ ../../hackage-packages/hspec-2.1.4/src/Test/Hspec/HUnit.hs:13:18-21
            }
           Just (Ann (DP (0,0)) (ColDelta 18) DP (0,0) [] [((G AnnVal),DP (0,0))])
           (HsTyVar 
            (Unqual {OccName: Test}))) 
          ({ ../../hackage-packages/hspec-2.1.4/src/Test/Hspec/HUnit.hs:13:26-29
            }
           Just (Ann (DP (0,1)) (ColDelta 26) DP (0,1) [] [((G AnnVal),DP (0,0))])
           (HsTyVar 
            (Unqual {OccName: Spec}))))))) 
      (PlaceHolder)))),
   ({ ../../hackage-packages/hspec-2.1.4/src/Test/Hspec/HUnit.hs:(14,1)-(24,38)
     }
    Just (Ann (DP (1,1)) (ColDelta 1) DP (1,1) [] [])
    (ValD 
     (FunBind 
      ({ ../../hackage-packages/hspec-2.1.4/src/Test/Hspec/HUnit.hs:14:1-13 }
       Just (Ann (DP (0,0)) (ColDelta 1) DP (0,0) [] [((G AnnVal),DP (0,0))])
       (Unqual {OccName: fromHUnitTest})) 
      (False) 
      (MG 
       [
        ({ ../../hackage-packages/hspec-2.1.4/src/Test/Hspec/HUnit.hs:(14,1)-(24,38)
          }
         Just (Ann (DP (0,0)) (ColDelta 1) DP (0,0) [] [((G AnnEqual),DP (0,1)),((G AnnWhere),DP (1,3))])
         (Match 
          (Just 
           ((,) 
            ({ ../../hackage-packages/hspec-2.1.4/src/Test/Hspec/HUnit.hs:14:1-13 }
             Just (Ann (DP (0,0)) (ColDelta 1) DP (0,0) [] [((G AnnVal),DP (0,0))])
             (Unqual {OccName: fromHUnitTest})) 
            (False))) 
          [
           ({ ../../hackage-packages/hspec-2.1.4/src/Test/Hspec/HUnit.hs:14:15 }
            Just (Ann (DP (0,1)) (ColDelta 15) DP (0,1) [] [((G AnnVal),DP (0,0))])
            (VarPat 
             (Unqual {OccName: t})))] 
          (Nothing) 
          (GRHSs 
           [
            ({ ../../hackage-packages/hspec-2.1.4/src/Test/Hspec/HUnit.hs:(14,17)-(24,38)
              }
             Just (Ann (DP (0,-1)) (ColDelta 17) DP (0,-1) [] [])
             (GRHS 
              [] 
              ({ ../../hackage-packages/hspec-2.1.4/src/Test/Hspec/HUnit.hs:(14,19)-(17,2)
                }
               Just (Ann (DP (0,1)) (ColDelta 19) DP (0,1) [] [((G AnnCase),DP (0,0)),((G AnnOf),DP (0,1)),((AnnList ../../hackage-packages/hspec-2.1.4/src/Test/Hspec/HUnit.hs:(15,3)-(16,11) Ref "delta-1"),DP (0,0))])
               (HsCase 
                ({ ../../hackage-packages/hspec-2.1.4/src/Test/Hspec/HUnit.hs:14:24 }
                 Just (Ann (DP (0,1)) (ColDelta 24) DP (0,1) [] [((G AnnVal),DP (0,0))])
                 (HsVar 
                  (Unqual {OccName: t}))) 
                (MG 
                 [
                  ({ ../../hackage-packages/hspec-2.1.4/src/Test/Hspec/HUnit.hs:15:3-28 }
                   Just (Ann (DP (0,0)) (ColDelta 0) DP (0,0) [] [])
                   (Match 
                    (Nothing) 
                    [
                     ({ ../../hackage-packages/hspec-2.1.4/src/Test/Hspec/HUnit.hs:15:3-13 }
                      Just (Ann (DP (0,0)) (ColDelta 0) DP (0,0) [] [])
                      (ConPatIn 
                       ({ ../../hackage-packages/hspec-2.1.4/src/Test/Hspec/HUnit.hs:15:3-10 }
                        Just (Ann (DP (0,0)) (ColDelta 0) DP (0,0) [] [((G AnnVal),DP (0,0))])
                        (Unqual {OccName: TestList})) 
                       (PrefixCon 
                        [
                         ({ ../../hackage-packages/hspec-2.1.4/src/Test/Hspec/HUnit.hs:15:12-13
                           }
                          Just (Ann (DP (0,1)) (ColDelta 9) DP (0,1) [] [((G AnnVal),DP (0,0))])
                          (VarPat 
                           (Unqual {OccName: xs})))])))] 
                    (Nothing) 
                    (GRHSs 
                     [
                      ({ ../../hackage-packages/hspec-2.1.4/src/Test/Hspec/HUnit.hs:15:15-28
                        }
                       Just (Ann (DP (0,1)) (ColDelta 12) DP (0,1) [] [((G AnnRarrow),DP (0,0))])
                       (GRHS 
                        [] 
                        ({ ../../hackage-packages/hspec-2.1.4/src/Test/Hspec/HUnit.hs:15:18-28
                          }
                         Just (Ann (DP (0,1)) (ColDelta 15) DP (0,1) [] [])
                         (HsApp 
                          ({ ../../hackage-packages/hspec-2.1.4/src/Test/Hspec/HUnit.hs:15:18-25
                            }
                           Just (Ann (DP (0,0)) (ColDelta 15) DP (0,0) [] [])
                           (HsApp 
                            ({ ../../hackage-packages/hspec-2.1.4/src/Test/Hspec/HUnit.hs:15:18-22
                              }
                             Just (Ann (DP (0,0)) (ColDelta 15) DP (0,0) [] [((G AnnVal),DP (0,0))])
                             (HsVar 
                              (Unqual {OccName: mapM_}))) 
                            ({ ../../hackage-packages/hspec-2.1.4/src/Test/Hspec/HUnit.hs:15:24-25
                              }
                             Just (Ann (DP (0,1)) (ColDelta 21) DP (0,1) [] [((G AnnVal),DP (0,0))])
                             (HsVar 
                              (Unqual {OccName: go}))))) 
                          ({ ../../hackage-packages/hspec-2.1.4/src/Test/Hspec/HUnit.hs:15:27-28
                            }
                           Just (Ann (DP (0,1)) (ColDelta 24) DP (0,1) [] [((G AnnVal),DP (0,0))])
                           (HsVar 
                            (Unqual {OccName: xs})))))))] 
                     (EmptyLocalBinds)))),
                  ({ ../../hackage-packages/hspec-2.1.4/src/Test/Hspec/HUnit.hs:16:3-11 }
                   Just (Ann (DP (1,0)) (ColDelta 0) DP (1,0) [] [])
                   (Match 
                    (Nothing) 
                    [
                     ({ ../../hackage-packages/hspec-2.1.4/src/Test/Hspec/HUnit.hs:16:3 }
                      Just (Ann (DP (0,0)) (ColDelta 0) DP (0,0) [] [((G AnnVal),DP (0,0))])
                      (VarPat 
                       (Unqual {OccName: x})))] 
                    (Nothing) 
                    (GRHSs 
                     [
                      ({ ../../hackage-packages/hspec-2.1.4/src/Test/Hspec/HUnit.hs:16:5-11 }
                       Just (Ann (DP (0,1)) (ColDelta 2) DP (0,1) [] [((G AnnRarrow),DP (0,0))])
                       (GRHS 
                        [] 
                        ({ ../../hackage-packages/hspec-2.1.4/src/Test/Hspec/HUnit.hs:16:8-11 }
                         Just (Ann (DP (0,1)) (ColDelta 5) DP (0,1) [] [])
                         (HsApp 
                          ({ ../../hackage-packages/hspec-2.1.4/src/Test/Hspec/HUnit.hs:16:8-9 }
                           Just (Ann (DP (0,0)) (ColDelta 5) DP (0,0) [] [((G AnnVal),DP (0,0))])
                           (HsVar 
                            (Unqual {OccName: go}))) 
                          ({ ../../hackage-packages/hspec-2.1.4/src/Test/Hspec/HUnit.hs:16:11 }
                           Just (Ann (DP (0,1)) (ColDelta 8) DP (0,1) [] [((G AnnVal),DP (0,0))])
                           (HsVar 
                            (Unqual {OccName: x})))))))] 
                     (EmptyLocalBinds))))] 
                 [] 
                 (PlaceHolder) 
                 (FromSource))))))] 
           (HsValBinds 
            (ValBindsIn {Bag(Located (HsBind RdrName)): 
             [
              ({ ../../hackage-packages/hspec-2.1.4/src/Test/Hspec/HUnit.hs:(19,5)-(24,38)
                }
               Just (Ann (DP (1,0)) (ColDelta 0) DP (1,0) [] [])
               (FunBind 
                ({ ../../hackage-packages/hspec-2.1.4/src/Test/Hspec/HUnit.hs:19:5-6 }
                 Just (Ann (DP (0,0)) (ColDelta 0) DP (0,0) [] [((G AnnVal),DP (0,0))])
                 (Unqual {OccName: go})) 
                (False) 
                (MG 
                 [
                  ({ ../../hackage-packages/hspec-2.1.4/src/Test/Hspec/HUnit.hs:(19,5)-(24,38)
                    }
                   Just (Ann (DP (0,0)) (ColDelta 0) DP (0,0) [] [((G AnnEqual),DP (0,1))])
                   (Match 
                    (Just 
                     ((,) 
                      ({ ../../hackage-packages/hspec-2.1.4/src/Test/Hspec/HUnit.hs:19:5-6 }
                       Just (Ann (DP (0,0)) (ColDelta 0) DP (0,0) [] [((G AnnVal),DP (0,0))])
                       (Unqual {OccName: go})) 
                      (False))) 
                    [
                     ({ ../../hackage-packages/hspec-2.1.4/src/Test/Hspec/HUnit.hs:19:8-9 }
                      Just (Ann (DP (0,1)) (ColDelta 3) DP (0,1) [] [((G AnnVal),DP (0,0))])
                      (VarPat 
                       (Unqual {OccName: t_})))] 
                    (Nothing) 
                    (GRHSs 
                     [
                      ({ ../../hackage-packages/hspec-2.1.4/src/Test/Hspec/HUnit.hs:(19,11)-(24,38)
                        }
                       Just (Ann (DP (0,-1)) (ColDelta 6) DP (0,-1) [] [])
                       (GRHS 
                        [] 
                        ({ ../../hackage-packages/hspec-2.1.4/src/Test/Hspec/HUnit.hs:(19,13)-(24,38)
                          }
                         Just (Ann (DP (0,1)) (ColDelta 8) DP (0,1) [] [((G AnnCase),DP (0,0)),((G AnnOf),DP (0,1)),((AnnList ../../hackage-packages/hspec-2.1.4/src/Test/Hspec/HUnit.hs:(20,7)-(24,38) Ref "delta-2"),DP (0,0))])
                         (HsCase 
                          ({ ../../hackage-packages/hspec-2.1.4/src/Test/Hspec/HUnit.hs:19:18-19
                            }
                           Just (Ann (DP (0,1)) (ColDelta 13) DP (0,1) [] [((G AnnVal),DP (0,0))])
                           (HsVar 
                            (Unqual {OccName: t_}))) 
                          (MG 
                           [
                            ({ ../../hackage-packages/hspec-2.1.4/src/Test/Hspec/HUnit.hs:20:7-40 }
                             Just (Ann (DP (0,0)) (ColDelta 0) DP (0,0) [] [])
                             (Match 
                              (Nothing) 
                              [
                               ({ ../../hackage-packages/hspec-2.1.4/src/Test/Hspec/HUnit.hs:20:7-30 }
                                Just (Ann (DP (0,0)) (ColDelta 0) DP (0,0) [] [])
                                (ConPatIn 
                                 ({ ../../hackage-packages/hspec-2.1.4/src/Test/Hspec/HUnit.hs:20:7-15 }
                                  Just (Ann (DP (0,0)) (ColDelta 0) DP (0,0) [] [((G AnnVal),DP (0,0))])
                                  (Unqual {OccName: TestLabel})) 
                                 (PrefixCon 
                                  [
                                   ({ ../../hackage-packages/hspec-2.1.4/src/Test/Hspec/HUnit.hs:20:17 }
                                    Just (Ann (DP (0,1)) (ColDelta 10) DP (0,1) [] [((G AnnVal),DP (0,0))])
                                    (VarPat 
                                     (Unqual {OccName: s}))),
                                   ({ ../../hackage-packages/hspec-2.1.4/src/Test/Hspec/HUnit.hs:20:19-30
                                     }
                                    Just (Ann (DP (0,1)) (ColDelta 12) DP (0,1) [] [((G AnnOpenP),DP (0,0)),((G AnnCloseP),DP (0,0))])
                                    (ParPat 
                                     ({ ../../hackage-packages/hspec-2.1.4/src/Test/Hspec/HUnit.hs:20:20-29
                                       }
                                      Just (Ann (DP (0,0)) (ColDelta 13) DP (0,0) [] [])
                                      (ConPatIn 
                                       ({ ../../hackage-packages/hspec-2.1.4/src/Test/Hspec/HUnit.hs:20:20-27
                                         }
                                        Just (Ann (DP (0,0)) (ColDelta 13) DP (0,0) [] [((G AnnVal),DP (0,0))])
                                        (Unqual {OccName: TestCase})) 
                                       (PrefixCon 
                                        [
                                         ({ ../../hackage-packages/hspec-2.1.4/src/Test/Hspec/HUnit.hs:20:29 }
                                          Just (Ann (DP (0,1)) (ColDelta 22) DP (0,1) [] [((G AnnVal),DP (0,0))])
                                          (VarPat 
                                           (Unqual {OccName: e})))])))))])))] 
                              (Nothing) 
                              (GRHSs 
                               [
                                ({ ../../hackage-packages/hspec-2.1.4/src/Test/Hspec/HUnit.hs:20:32-40
                                  }
                                 Just (Ann (DP (0,1)) (ColDelta 25) DP (0,1) [] [((G AnnRarrow),DP (0,0))])
                                 (GRHS 
                                  [] 
                                  ({ ../../hackage-packages/hspec-2.1.4/src/Test/Hspec/HUnit.hs:20:35-40
                                    }
                                   Just (Ann (DP (0,1)) (ColDelta 28) DP (0,1) [] [])
                                   (HsApp 
                                    ({ ../../hackage-packages/hspec-2.1.4/src/Test/Hspec/HUnit.hs:20:35-38
                                      }
                                     Just (Ann (DP (0,0)) (ColDelta 28) DP (0,0) [] [])
                                     (HsApp 
                                      ({ ../../hackage-packages/hspec-2.1.4/src/Test/Hspec/HUnit.hs:20:35-36
                                        }
                                       Just (Ann (DP (0,0)) (ColDelta 28) DP (0,0) [] [((G AnnVal),DP (0,0))])
                                       (HsVar 
                                        (Unqual {OccName: it}))) 
                                      ({ ../../hackage-packages/hspec-2.1.4/src/Test/Hspec/HUnit.hs:20:38 }
                                       Just (Ann (DP (0,1)) (ColDelta 31) DP (0,1) [] [((G AnnVal),DP (0,0))])
                                       (HsVar 
                                        (Unqual {OccName: s}))))) 
                                    ({ ../../hackage-packages/hspec-2.1.4/src/Test/Hspec/HUnit.hs:20:40 }
                                     Just (Ann (DP (0,1)) (ColDelta 33) DP (0,1) [] [((G AnnVal),DP (0,0))])
                                     (HsVar 
                                      (Unqual {OccName: e})))))))] 
                               (EmptyLocalBinds)))),
                            ({ ../../hackage-packages/hspec-2.1.4/src/Test/Hspec/HUnit.hs:21:7-59 }
                             Just (Ann (DP (1,0)) (ColDelta 0) DP (1,0) [] [])
                             (Match 
                              (Nothing) 
                              [
                               ({ ../../hackage-packages/hspec-2.1.4/src/Test/Hspec/HUnit.hs:21:7-31 }
                                Just (Ann (DP (0,0)) (ColDelta 0) DP (0,0) [] [])
                                (ConPatIn 
                                 ({ ../../hackage-packages/hspec-2.1.4/src/Test/Hspec/HUnit.hs:21:7-15 }
                                  Just (Ann (DP (0,0)) (ColDelta 0) DP (0,0) [] [((G AnnVal),DP (0,0))])
                                  (Unqual {OccName: TestLabel})) 
                                 (PrefixCon 
                                  [
                                   ({ ../../hackage-packages/hspec-2.1.4/src/Test/Hspec/HUnit.hs:21:17 }
                                    Just (Ann (DP (0,1)) (ColDelta 10) DP (0,1) [] [((G AnnVal),DP (0,0))])
                                    (VarPat 
                                     (Unqual {OccName: s}))),
                                   ({ ../../hackage-packages/hspec-2.1.4/src/Test/Hspec/HUnit.hs:21:19-31
                                     }
                                    Just (Ann (DP (0,1)) (ColDelta 12) DP (0,1) [] [((G AnnOpenP),DP (0,0)),((G AnnCloseP),DP (0,0))])
                                    (ParPat 
                                     ({ ../../hackage-packages/hspec-2.1.4/src/Test/Hspec/HUnit.hs:21:20-30
                                       }
                                      Just (Ann (DP (0,0)) (ColDelta 13) DP (0,0) [] [])
                                      (ConPatIn 
                                       ({ ../../hackage-packages/hspec-2.1.4/src/Test/Hspec/HUnit.hs:21:20-27
                                         }
                                        Just (Ann (DP (0,0)) (ColDelta 13) DP (0,0) [] [((G AnnVal),DP (0,0))])
                                        (Unqual {OccName: TestList})) 
                                       (PrefixCon 
                                        [
                                         ({ ../../hackage-packages/hspec-2.1.4/src/Test/Hspec/HUnit.hs:21:29-30
                                           }
                                          Just (Ann (DP (0,1)) (ColDelta 22) DP (0,1) [] [((G AnnVal),DP (0,0))])
                                          (VarPat 
                                           (Unqual {OccName: xs})))])))))])))] 
                              (Nothing) 
                              (GRHSs 
                               [
                                ({ ../../hackage-packages/hspec-2.1.4/src/Test/Hspec/HUnit.hs:21:33-59
                                  }
                                 Just (Ann (DP (0,1)) (ColDelta 26) DP (0,1) [] [((G AnnRarrow),DP (0,0))])
                                 (GRHS 
                                  [] 
                                  ({ ../../hackage-packages/hspec-2.1.4/src/Test/Hspec/HUnit.hs:21:36-59
                                    }
                                   Just (Ann (DP (0,1)) (ColDelta 29) DP (0,1) [] [])
                                   (HsApp 
                                    ({ ../../hackage-packages/hspec-2.1.4/src/Test/Hspec/HUnit.hs:21:36-45
                                      }
                                     Just (Ann (DP (0,0)) (ColDelta 29) DP (0,0) [] [])
                                     (HsApp 
                                      ({ ../../hackage-packages/hspec-2.1.4/src/Test/Hspec/HUnit.hs:21:36-43
                                        }
                                       Just (Ann (DP (0,0)) (ColDelta 29) DP (0,0) [] [((G AnnVal),DP (0,0))])
                                       (HsVar 
                                        (Unqual {OccName: describe}))) 
                                      ({ ../../hackage-packages/hspec-2.1.4/src/Test/Hspec/HUnit.hs:21:45 }
                                       Just (Ann (DP (0,1)) (ColDelta 38) DP (0,1) [] [((G AnnVal),DP (0,0))])
                                       (HsVar 
                                        (Unqual {OccName: s}))))) 
                                    ({ ../../hackage-packages/hspec-2.1.4/src/Test/Hspec/HUnit.hs:21:47-59
                                      }
                                     Just (Ann (DP (0,1)) (ColDelta 40) DP (0,1) [] [((G AnnOpenP),DP (0,0)),((G AnnCloseP),DP (0,0))])
                                     (HsPar 
                                      ({ ../../hackage-packages/hspec-2.1.4/src/Test/Hspec/HUnit.hs:21:48-58
                                        }
                                       Just (Ann (DP (0,0)) (ColDelta 41) DP (0,0) [] [])
                                       (HsApp 
                                        ({ ../../hackage-packages/hspec-2.1.4/src/Test/Hspec/HUnit.hs:21:48-55
                                          }
                                         Just (Ann (DP (0,0)) (ColDelta 41) DP (0,0) [] [])
                                         (HsApp 
                                          ({ ../../hackage-packages/hspec-2.1.4/src/Test/Hspec/HUnit.hs:21:48-52
                                            }
                                           Just (Ann (DP (0,0)) (ColDelta 41) DP (0,0) [] [((G AnnVal),DP (0,0))])
                                           (HsVar 
                                            (Unqual {OccName: mapM_}))) 
                                          ({ ../../hackage-packages/hspec-2.1.4/src/Test/Hspec/HUnit.hs:21:54-55
                                            }
                                           Just (Ann (DP (0,1)) (ColDelta 47) DP (0,1) [] [((G AnnVal),DP (0,0))])
                                           (HsVar 
                                            (Unqual {OccName: go}))))) 
                                        ({ ../../hackage-packages/hspec-2.1.4/src/Test/Hspec/HUnit.hs:21:57-58
                                          }
                                         Just (Ann (DP (0,1)) (ColDelta 50) DP (0,1) [] [((G AnnVal),DP (0,0))])
                                         (HsVar 
                                          (Unqual {OccName: xs})))))))))))] 
                               (EmptyLocalBinds)))),
                            ({ ../../hackage-packages/hspec-2.1.4/src/Test/Hspec/HUnit.hs:22:7-40 }
                             Just (Ann (DP (1,0)) (ColDelta 0) DP (1,0) [] [])
                             (Match 
                              (Nothing) 
                              [
                               ({ ../../hackage-packages/hspec-2.1.4/src/Test/Hspec/HUnit.hs:22:7-19 }
                                Just (Ann (DP (0,0)) (ColDelta 0) DP (0,0) [] [])
                                (ConPatIn 
                                 ({ ../../hackage-packages/hspec-2.1.4/src/Test/Hspec/HUnit.hs:22:7-15 }
                                  Just (Ann (DP (0,0)) (ColDelta 0) DP (0,0) [] [((G AnnVal),DP (0,0))])
                                  (Unqual {OccName: TestLabel})) 
                                 (PrefixCon 
                                  [
                                   ({ ../../hackage-packages/hspec-2.1.4/src/Test/Hspec/HUnit.hs:22:17 }
                                    Just (Ann (DP (0,1)) (ColDelta 10) DP (0,1) [] [((G AnnVal),DP (0,0))])
                                    (VarPat 
                                     (Unqual {OccName: s}))),
                                   ({ ../../hackage-packages/hspec-2.1.4/src/Test/Hspec/HUnit.hs:22:19 }
                                    Just (Ann (DP (0,1)) (ColDelta 12) DP (0,1) [] [((G AnnVal),DP (0,0))])
                                    (VarPat 
                                     (Unqual {OccName: x})))])))] 
                              (Nothing) 
                              (GRHSs 
                               [
                                ({ ../../hackage-packages/hspec-2.1.4/src/Test/Hspec/HUnit.hs:22:21-40
                                  }
                                 Just (Ann (DP (0,1)) (ColDelta 14) DP (0,1) [] [((G AnnRarrow),DP (0,0))])
                                 (GRHS 
                                  [] 
                                  ({ ../../hackage-packages/hspec-2.1.4/src/Test/Hspec/HUnit.hs:22:24-40
                                    }
                                   Just (Ann (DP (0,1)) (ColDelta 17) DP (0,1) [] [])
                                   (HsApp 
                                    ({ ../../hackage-packages/hspec-2.1.4/src/Test/Hspec/HUnit.hs:22:24-33
                                      }
                                     Just (Ann (DP (0,0)) (ColDelta 17) DP (0,0) [] [])
                                     (HsApp 
                                      ({ ../../hackage-packages/hspec-2.1.4/src/Test/Hspec/HUnit.hs:22:24-31
                                        }
                                       Just (Ann (DP (0,0)) (ColDelta 17) DP (0,0) [] [((G AnnVal),DP (0,0))])
                                       (HsVar 
                                        (Unqual {OccName: describe}))) 
                                      ({ ../../hackage-packages/hspec-2.1.4/src/Test/Hspec/HUnit.hs:22:33 }
                                       Just (Ann (DP (0,1)) (ColDelta 26) DP (0,1) [] [((G AnnVal),DP (0,0))])
                                       (HsVar 
                                        (Unqual {OccName: s}))))) 
                                    ({ ../../hackage-packages/hspec-2.1.4/src/Test/Hspec/HUnit.hs:22:35-40
                                      }
                                     Just (Ann (DP (0,1)) (ColDelta 28) DP (0,1) [] [((G AnnOpenP),DP (0,0)),((G AnnCloseP),DP (0,0))])
                                     (HsPar 
                                      ({ ../../hackage-packages/hspec-2.1.4/src/Test/Hspec/HUnit.hs:22:36-39
                                        }
                                       Just (Ann (DP (0,0)) (ColDelta 29) DP (0,0) [] [])
                                       (HsApp 
                                        ({ ../../hackage-packages/hspec-2.1.4/src/Test/Hspec/HUnit.hs:22:36-37
                                          }
                                         Just (Ann (DP (0,0)) (ColDelta 29) DP (0,0) [] [((G AnnVal),DP (0,0))])
                                         (HsVar 
                                          (Unqual {OccName: go}))) 
                                        ({ ../../hackage-packages/hspec-2.1.4/src/Test/Hspec/HUnit.hs:22:39 }
                                         Just (Ann (DP (0,1)) (ColDelta 32) DP (0,1) [] [((G AnnVal),DP (0,0))])
                                         (HsVar 
                                          (Unqual {OccName: x})))))))))))] 
                               (EmptyLocalBinds)))),
                            ({ ../../hackage-packages/hspec-2.1.4/src/Test/Hspec/HUnit.hs:23:7-57 }
                             Just (Ann (DP (1,0)) (ColDelta 0) DP (1,0) [] [])
                             (Match 
                              (Nothing) 
                              [
                               ({ ../../hackage-packages/hspec-2.1.4/src/Test/Hspec/HUnit.hs:23:7-17 }
                                Just (Ann (DP (0,0)) (ColDelta 0) DP (0,0) [] [])
                                (ConPatIn 
                                 ({ ../../hackage-packages/hspec-2.1.4/src/Test/Hspec/HUnit.hs:23:7-14 }
                                  Just (Ann (DP (0,0)) (ColDelta 0) DP (0,0) [] [((G AnnVal),DP (0,0))])
                                  (Unqual {OccName: TestList})) 
                                 (PrefixCon 
                                  [
                                   ({ ../../hackage-packages/hspec-2.1.4/src/Test/Hspec/HUnit.hs:23:16-17
                                     }
                                    Just (Ann (DP (0,1)) (ColDelta 9) DP (0,1) [] [((G AnnVal),DP (0,0))])
                                    (VarPat 
                                     (Unqual {OccName: xs})))])))] 
                              (Nothing) 
                              (GRHSs 
                               [
                                ({ ../../hackage-packages/hspec-2.1.4/src/Test/Hspec/HUnit.hs:23:19-57
                                  }
                                 Just (Ann (DP (0,1)) (ColDelta 12) DP (0,1) [] [((G AnnRarrow),DP (0,0))])
                                 (GRHS 
                                  [] 
                                  ({ ../../hackage-packages/hspec-2.1.4/src/Test/Hspec/HUnit.hs:23:22-57
                                    }
                                   Just (Ann (DP (0,1)) (ColDelta 15) DP (0,1) [] [])
                                   (HsApp 
                                    ({ ../../hackage-packages/hspec-2.1.4/src/Test/Hspec/HUnit.hs:23:22-43
                                      }
                                     Just (Ann (DP (0,0)) (ColDelta 15) DP (0,0) [] [])
                                     (HsApp 
                                      ({ ../../hackage-packages/hspec-2.1.4/src/Test/Hspec/HUnit.hs:23:22-29
                                        }
                                       Just (Ann (DP (0,0)) (ColDelta 15) DP (0,0) [] [((G AnnVal),DP (0,0))])
                                       (HsVar 
                                        (Unqual {OccName: describe}))) 
                                      ({ ../../hackage-packages/hspec-2.1.4/src/Test/Hspec/HUnit.hs:23:31-43
                                        }
                                       Just (Ann (DP (0,1)) (ColDelta 24) DP (0,1) [] [((G AnnVal),DP (0,0))])
                                       (HsLit 
                                        (HsString "\"<unlabeled>\"" {FastString: "<unlabeled>"}))))) 
                                    ({ ../../hackage-packages/hspec-2.1.4/src/Test/Hspec/HUnit.hs:23:45-57
                                      }
                                     Just (Ann (DP (0,1)) (ColDelta 38) DP (0,1) [] [((G AnnOpenP),DP (0,0)),((G AnnCloseP),DP (0,0))])
                                     (HsPar 
                                      ({ ../../hackage-packages/hspec-2.1.4/src/Test/Hspec/HUnit.hs:23:46-56
                                        }
                                       Just (Ann (DP (0,0)) (ColDelta 39) DP (0,0) [] [])
                                       (HsApp 
                                        ({ ../../hackage-packages/hspec-2.1.4/src/Test/Hspec/HUnit.hs:23:46-53
                                          }
                                         Just (Ann (DP (0,0)) (ColDelta 39) DP (0,0) [] [])
                                         (HsApp 
                                          ({ ../../hackage-packages/hspec-2.1.4/src/Test/Hspec/HUnit.hs:23:46-50
                                            }
                                           Just (Ann (DP (0,0)) (ColDelta 39) DP (0,0) [] [((G AnnVal),DP (0,0))])
                                           (HsVar 
                                            (Unqual {OccName: mapM_}))) 
                                          ({ ../../hackage-packages/hspec-2.1.4/src/Test/Hspec/HUnit.hs:23:52-53
                                            }
                                           Just (Ann (DP (0,1)) (ColDelta 45) DP (0,1) [] [((G AnnVal),DP (0,0))])
                                           (HsVar 
                                            (Unqual {OccName: go}))))) 
                                        ({ ../../hackage-packages/hspec-2.1.4/src/Test/Hspec/HUnit.hs:23:55-56
                                          }
                                         Just (Ann (DP (0,1)) (ColDelta 48) DP (0,1) [] [((G AnnVal),DP (0,0))])
                                         (HsVar 
                                          (Unqual {OccName: xs})))))))))))] 
                               (EmptyLocalBinds)))),
                            ({ ../../hackage-packages/hspec-2.1.4/src/Test/Hspec/HUnit.hs:24:7-38 }
                             Just (Ann (DP (1,0)) (ColDelta 0) DP (1,0) [] [])
                             (Match 
                              (Nothing) 
                              [
                               ({ ../../hackage-packages/hspec-2.1.4/src/Test/Hspec/HUnit.hs:24:7-16 }
                                Just (Ann (DP (0,0)) (ColDelta 0) DP (0,0) [] [])
                                (ConPatIn 
                                 ({ ../../hackage-packages/hspec-2.1.4/src/Test/Hspec/HUnit.hs:24:7-14 }
                                  Just (Ann (DP (0,0)) (ColDelta 0) DP (0,0) [] [((G AnnVal),DP (0,0))])
                                  (Unqual {OccName: TestCase})) 
                                 (PrefixCon 
                                  [
                                   ({ ../../hackage-packages/hspec-2.1.4/src/Test/Hspec/HUnit.hs:24:16 }
                                    Just (Ann (DP (0,1)) (ColDelta 9) DP (0,1) [] [((G AnnVal),DP (0,0))])
                                    (VarPat 
                                     (Unqual {OccName: e})))])))] 
                              (Nothing) 
                              (GRHSs 
                               [
                                ({ ../../hackage-packages/hspec-2.1.4/src/Test/Hspec/HUnit.hs:24:18-38
                                  }
                                 Just (Ann (DP (0,1)) (ColDelta 11) DP (0,1) [] [((G AnnRarrow),DP (0,0))])
                                 (GRHS 
                                  [] 
                                  ({ ../../hackage-packages/hspec-2.1.4/src/Test/Hspec/HUnit.hs:24:21-38
                                    }
                                   Just (Ann (DP (0,1)) (ColDelta 14) DP (0,1) [] [])
                                   (HsApp 
                                    ({ ../../hackage-packages/hspec-2.1.4/src/Test/Hspec/HUnit.hs:24:21-36
                                      }
                                     Just (Ann (DP (0,0)) (ColDelta 14) DP (0,0) [] [])
                                     (HsApp 
                                      ({ ../../hackage-packages/hspec-2.1.4/src/Test/Hspec/HUnit.hs:24:21-22
                                        }
                                       Just (Ann (DP (0,0)) (ColDelta 14) DP (0,0) [] [((G AnnVal),DP (0,0))])
                                       (HsVar 
                                        (Unqual {OccName: it}))) 
                                      ({ ../../hackage-packages/hspec-2.1.4/src/Test/Hspec/HUnit.hs:24:24-36
                                        }
                                       Just (Ann (DP (0,1)) (ColDelta 17) DP (0,1) [] [((G AnnVal),DP (0,0))])
                                       (HsLit 
                                        (HsString "\"<unlabeled>\"" {FastString: "<unlabeled>"}))))) 
                                    ({ ../../hackage-packages/hspec-2.1.4/src/Test/Hspec/HUnit.hs:24:38 }
                                     Just (Ann (DP (0,1)) (ColDelta 31) DP (0,1) [] [((G AnnVal),DP (0,0))])
                                     (HsVar 
                                      (Unqual {OccName: e})))))))] 
                               (EmptyLocalBinds))))] 
                           [] 
                           (PlaceHolder) 
                           (FromSource))))))] 
                     (EmptyLocalBinds))))] 
                 [] 
                 (PlaceHolder) 
                 (FromSource)) 
                (WpHole) 
                (PlaceHolder) 
                []))]} 
             [
              ({ ../../hackage-packages/hspec-2.1.4/src/Test/Hspec/HUnit.hs:18:5-22 }
               Just (Ann (DP (0,0)) (ColDelta 0) DP (0,0) [] [((G AnnDcolon),DP (0,1))])
               (TypeSig 
                [
                 ({ ../../hackage-packages/hspec-2.1.4/src/Test/Hspec/HUnit.hs:18:5-6 }
                  Just (Ann (DP (0,0)) (ColDelta 0) DP (0,0) [] [((G AnnVal),DP (0,0))])
                  (Unqual {OccName: go}))] 
                ({ ../../hackage-packages/hspec-2.1.4/src/Test/Hspec/HUnit.hs:18:11-22
                  }
                 Just (Ann (DP (0,1)) (ColDelta 6) DP (0,1) [] [])
                 (HsForAllTy 
                  (Implicit) 
                  (Nothing) 
                  (HsQTvs 
                   [] 
                   []) 
                  ({ <no location info> }
                   Nothing
                   []) 
                  ({ ../../hackage-packages/hspec-2.1.4/src/Test/Hspec/HUnit.hs:18:11-22
                    }
                   Just (Ann (DP (0,0)) (ColDelta 6) DP (0,0) [] [((G AnnRarrow),DP (0,1))])
                   (HsFunTy 
                    ({ ../../hackage-packages/hspec-2.1.4/src/Test/Hspec/HUnit.hs:18:11-14
                      }
                     Just (Ann (DP (0,0)) (ColDelta 6) DP (0,0) [] [((G AnnVal),DP (0,0))])
                     (HsTyVar 
                      (Unqual {OccName: Test}))) 
                    ({ ../../hackage-packages/hspec-2.1.4/src/Test/Hspec/HUnit.hs:18:19-22
                      }
                     Just (Ann (DP (0,1)) (ColDelta 14) DP (0,1) [] [((G AnnVal),DP (0,0))])
                     (HsTyVar 
                      (Unqual {OccName: Spec}))))))) 
                (PlaceHolder)))])))))] 
       [] 
       (PlaceHolder) 
       (FromSource)) 
      (WpHole) 
      (PlaceHolder) 
      [])))] 
  (Just 
   ({ ../../hackage-packages/hspec-2.1.4/src/Test/Hspec/HUnit.hs:1:25-114
     }
    Just (Ann (DP (0,1)) (ColDelta 25) DP (0,1) [] [((G AnnOpen),DP (0,0)),((G AnnClose),DP (0,1))])
    (DeprecatedTxt 
     ({ ../../hackage-packages/hspec-2.1.4/src/Test/Hspec/HUnit.hs:1:25-38 }
      Nothing"{-# DEPRECATED") 
     [
      ({ ../../hackage-packages/hspec-2.1.4/src/Test/Hspec/HUnit.hs:1:40-110
        }
       Just (Ann (DP (0,1)) (ColDelta 40) DP (0,1) [] [((G AnnVal),DP (0,0))]){FastString: "use \"Test.Hspec.Contrib.HUnit\" from package @hspec-contrib@ instead"})]))) 
  (Nothing)))
==============
[(AnnKey ../../hackage-packages/hspec-2.1.4/src/Test/Hspec/HUnit.hs:1:1 CN "HsModule" NotNeeded,
  (Ann (DP (0,0)) (ColDelta 1) DP (0,0) [] [((G AnnModule),DP (0,0)),((G AnnVal),DP (0,1)),((G AnnWhere),DP (0,1)),((G AnnEofPos),DP (1,0))])),
 (AnnKey ../../hackage-packages/hspec-2.1.4/src/Test/Hspec/HUnit.hs:1:25-114 CN "DeprecatedTxt" NotNeeded,
  (Ann (DP (0,1)) (ColDelta 25) DP (0,1) [] [((G AnnOpen),DP (0,0)),((G AnnClose),DP (0,1))])),
 (AnnKey ../../hackage-packages/hspec-2.1.4/src/Test/Hspec/HUnit.hs:1:40-110 CN "{abstract:FastString}" NotNeeded,
  (Ann (DP (0,1)) (ColDelta 40) DP (0,1) [] [((G AnnVal),DP (0,0))])),
 (AnnKey ../../hackage-packages/hspec-2.1.4/src/Test/Hspec/HUnit.hs:(2,1)-(5,1) CN "(:)" NotNeeded,
  (Ann (DP (1,1)) (ColDelta 1) DP (1,1) [] [((G AnnOpenP),DP (0,0)),((G AnnCloseP),DP (1,1))])),
 (AnnKey ../../hackage-packages/hspec-2.1.4/src/Test/Hspec/HUnit.hs:4:3-15 CN "IEVar" NotNeeded,
  (Ann (DP (1,3)) (ColDelta 3) DP (2,3) [DComment (DP (1,1),DP (1,33)) "-- * Interoperability with HUnit" Nothing] [])),
 (AnnKey ../../hackage-packages/hspec-2.1.4/src/Test/Hspec/HUnit.hs:4:3-15 CN "Unqual" NotNeeded,
  (Ann (DP (0,0)) (ColDelta 3) DP (0,0) [] [((G AnnVal),DP (0,0))])),
 (AnnKey ../../hackage-packages/hspec-2.1.4/src/Test/Hspec/HUnit.hs:7:1-37 CN "ImportDecl" NotNeeded,
  (Ann (DP (2,1)) (ColDelta 1) DP (2,1) [] [((G AnnImport),DP (0,0)),((G AnnVal),DP (0,11))])),
 (AnnKey ../../hackage-packages/hspec-2.1.4/src/Test/Hspec/HUnit.hs:8:1-39 CN "ImportDecl" NotNeeded,
  (Ann (DP (1,1)) (ColDelta 1) DP (1,1) [] [((G AnnImport),DP (0,0)),((G AnnVal),DP (0,11))])),
 (AnnKey ../../hackage-packages/hspec-2.1.4/src/Test/Hspec/HUnit.hs:8:29-39 CN "(:)" NotNeeded,
  (Ann (DP (0,1)) (ColDelta 29) DP (0,1) [] [((G AnnOpenP),DP (0,0)),((G AnnCloseP),DP (0,0))])),
 (AnnKey ../../hackage-packages/hspec-2.1.4/src/Test/Hspec/HUnit.hs:8:30-33 CN "Unqual" NotNeeded,
  (Ann (DP (0,0)) (ColDelta 30) DP (0,0) [] [((G AnnVal),DP (0,0))])),
 (AnnKey ../../hackage-packages/hspec-2.1.4/src/Test/Hspec/HUnit.hs:8:30-38 CN "IEThingAll" NotNeeded,
  (Ann (DP (0,0)) (ColDelta 30) DP (0,0) [] [((G AnnOpenP),DP (0,1)),((G AnnDotdot),DP (0,0)),((G AnnCloseP),DP (0,0))])),
 (AnnKey ../../hackage-packages/hspec-2.1.4/src/Test/Hspec/HUnit.hs:13:1-13 CN "Unqual" NotNeeded,
  (Ann (DP (0,0)) (ColDelta 1) DP (0,0) [] [((G AnnVal),DP (0,0))])),
 (AnnKey ../../hackage-packages/hspec-2.1.4/src/Test/Hspec/HUnit.hs:13:1-29 CN "SigD" NotNeeded,
  (Ann (DP (1,1)) (ColDelta 1) DP (5,1) [DComment (DP (2,1),DP (2,5)) "-- |" Nothing,DComment (DP (1,1),DP (1,75)) "-- Convert a HUnit test suite to a spec.  This can be used to run existing" Nothing,DComment (DP (1,1),DP (1,27)) "-- HUnit tests with Hspec." Nothing] [((G AnnDcolon),DP (0,1))])),
 (AnnKey ../../hackage-packages/hspec-2.1.4/src/Test/Hspec/HUnit.hs:13:18-21 CN "HsTyVar" NotNeeded,
  (Ann (DP (0,0)) (ColDelta 18) DP (0,0) [] [((G AnnVal),DP (0,0))])),
 (AnnKey ../../hackage-packages/hspec-2.1.4/src/Test/Hspec/HUnit.hs:13:18-29 CN "HsForAllTy" NotNeeded,
  (Ann (DP (0,1)) (ColDelta 18) DP (0,1) [] [])),
 (AnnKey ../../hackage-packages/hspec-2.1.4/src/Test/Hspec/HUnit.hs:13:18-29 CN "HsFunTy" NotNeeded,
  (Ann (DP (0,0)) (ColDelta 18) DP (0,0) [] [((G AnnRarrow),DP (0,1))])),
 (AnnKey ../../hackage-packages/hspec-2.1.4/src/Test/Hspec/HUnit.hs:13:26-29 CN "HsTyVar" NotNeeded,
  (Ann (DP (0,1)) (ColDelta 26) DP (0,1) [] [((G AnnVal),DP (0,0))])),
 (AnnKey ../../hackage-packages/hspec-2.1.4/src/Test/Hspec/HUnit.hs:14:1-13 CN "Unqual" NotNeeded,
  (Ann (DP (0,0)) (ColDelta 1) DP (0,0) [] [((G AnnVal),DP (0,0))])),
 (AnnKey ../../hackage-packages/hspec-2.1.4/src/Test/Hspec/HUnit.hs:(14,1)-(24,38) CN "Match" NotNeeded,
  (Ann (DP (0,0)) (ColDelta 1) DP (0,0) [] [((G AnnEqual),DP (0,1)),((G AnnWhere),DP (1,3))])),
 (AnnKey ../../hackage-packages/hspec-2.1.4/src/Test/Hspec/HUnit.hs:(14,1)-(24,38) CN "ValD" NotNeeded,
  (Ann (DP (1,1)) (ColDelta 1) DP (1,1) [] [])),
 (AnnKey ../../hackage-packages/hspec-2.1.4/src/Test/Hspec/HUnit.hs:14:15 CN "VarPat" NotNeeded,
  (Ann (DP (0,1)) (ColDelta 15) DP (0,1) [] [((G AnnVal),DP (0,0))])),
 (AnnKey ../../hackage-packages/hspec-2.1.4/src/Test/Hspec/HUnit.hs:(14,17)-(24,38) CN "GRHS" NotNeeded,
  (Ann (DP (0,-1)) (ColDelta 17) DP (0,-1) [] [])),
 (AnnKey ../../hackage-packages/hspec-2.1.4/src/Test/Hspec/HUnit.hs:(14,19)-(17,2) CN "HsCase" NotNeeded,
  (Ann (DP (0,1)) (ColDelta 19) DP (0,1) [] [((G AnnCase),DP (0,0)),((G AnnOf),DP (0,1)),((AnnList ../../hackage-packages/hspec-2.1.4/src/Test/Hspec/HUnit.hs:(15,3)-(16,11) Ref "delta-1"),DP (0,0))])),
 (AnnKey ../../hackage-packages/hspec-2.1.4/src/Test/Hspec/HUnit.hs:14:24 CN "HsVar" NotNeeded,
  (Ann (DP (0,1)) (ColDelta 24) DP (0,1) [] [((G AnnVal),DP (0,0))])),
 (AnnKey ../../hackage-packages/hspec-2.1.4/src/Test/Hspec/HUnit.hs:15:3-10 CN "Unqual" NotNeeded,
  (Ann (DP (0,0)) (ColDelta 0) DP (0,0) [] [((G AnnVal),DP (0,0))])),
 (AnnKey ../../hackage-packages/hspec-2.1.4/src/Test/Hspec/HUnit.hs:15:3-13 CN "ConPatIn" NotNeeded,
  (Ann (DP (0,0)) (ColDelta 0) DP (0,0) [] [])),
 (AnnKey ../../hackage-packages/hspec-2.1.4/src/Test/Hspec/HUnit.hs:15:3-28 CN "Match" NotNeeded,
  (Ann (DP (0,0)) (ColDelta 0) DP (0,0) [] [])),
 (AnnKey ../../hackage-packages/hspec-2.1.4/src/Test/Hspec/HUnit.hs:(15,3)-(16,11) CN "(:)" Ref "delta-1",
  (Ann (DP (1,0)) (ColDelta 3) DP (1,0) [] [])),
 (AnnKey ../../hackage-packages/hspec-2.1.4/src/Test/Hspec/HUnit.hs:15:12-13 CN "VarPat" NotNeeded,
  (Ann (DP (0,1)) (ColDelta 9) DP (0,1) [] [((G AnnVal),DP (0,0))])),
 (AnnKey ../../hackage-packages/hspec-2.1.4/src/Test/Hspec/HUnit.hs:15:15-28 CN "GRHS" NotNeeded,
  (Ann (DP (0,1)) (ColDelta 12) DP (0,1) [] [((G AnnRarrow),DP (0,0))])),
 (AnnKey ../../hackage-packages/hspec-2.1.4/src/Test/Hspec/HUnit.hs:15:18-22 CN "HsVar" NotNeeded,
  (Ann (DP (0,0)) (ColDelta 15) DP (0,0) [] [((G AnnVal),DP (0,0))])),
 (AnnKey ../../hackage-packages/hspec-2.1.4/src/Test/Hspec/HUnit.hs:15:18-25 CN "HsApp" NotNeeded,
  (Ann (DP (0,0)) (ColDelta 15) DP (0,0) [] [])),
 (AnnKey ../../hackage-packages/hspec-2.1.4/src/Test/Hspec/HUnit.hs:15:18-28 CN "HsApp" NotNeeded,
  (Ann (DP (0,1)) (ColDelta 15) DP (0,1) [] [])),
 (AnnKey ../../hackage-packages/hspec-2.1.4/src/Test/Hspec/HUnit.hs:15:24-25 CN "HsVar" NotNeeded,
  (Ann (DP (0,1)) (ColDelta 21) DP (0,1) [] [((G AnnVal),DP (0,0))])),
 (AnnKey ../../hackage-packages/hspec-2.1.4/src/Test/Hspec/HUnit.hs:15:27-28 CN "HsVar" NotNeeded,
  (Ann (DP (0,1)) (ColDelta 24) DP (0,1) [] [((G AnnVal),DP (0,0))])),
 (AnnKey ../../hackage-packages/hspec-2.1.4/src/Test/Hspec/HUnit.hs:16:3 CN "VarPat" NotNeeded,
  (Ann (DP (0,0)) (ColDelta 0) DP (0,0) [] [((G AnnVal),DP (0,0))])),
 (AnnKey ../../hackage-packages/hspec-2.1.4/src/Test/Hspec/HUnit.hs:16:3-11 CN "Match" NotNeeded,
  (Ann (DP (1,0)) (ColDelta 0) DP (1,0) [] [])),
 (AnnKey ../../hackage-packages/hspec-2.1.4/src/Test/Hspec/HUnit.hs:16:5-11 CN "GRHS" NotNeeded,
  (Ann (DP (0,1)) (ColDelta 2) DP (0,1) [] [((G AnnRarrow),DP (0,0))])),
 (AnnKey ../../hackage-packages/hspec-2.1.4/src/Test/Hspec/HUnit.hs:16:8-9 CN "HsVar" NotNeeded,
  (Ann (DP (0,0)) (ColDelta 5) DP (0,0) [] [((G AnnVal),DP (0,0))])),
 (AnnKey ../../hackage-packages/hspec-2.1.4/src/Test/Hspec/HUnit.hs:16:8-11 CN "HsApp" NotNeeded,
  (Ann (DP (0,1)) (ColDelta 5) DP (0,1) [] [])),
 (AnnKey ../../hackage-packages/hspec-2.1.4/src/Test/Hspec/HUnit.hs:16:11 CN "HsVar" NotNeeded,
  (Ann (DP (0,1)) (ColDelta 8) DP (0,1) [] [((G AnnVal),DP (0,0))])),
 (AnnKey ../../hackage-packages/hspec-2.1.4/src/Test/Hspec/HUnit.hs:18:5-6 CN "Unqual" NotNeeded,
  (Ann (DP (0,0)) (ColDelta 0) DP (0,0) [] [((G AnnVal),DP (0,0))])),
 (AnnKey ../../hackage-packages/hspec-2.1.4/src/Test/Hspec/HUnit.hs:18:5-22 CN "TypeSig" NotNeeded,
  (Ann (DP (0,0)) (ColDelta 0) DP (0,0) [] [((G AnnDcolon),DP (0,1))])),
 (AnnKey ../../hackage-packages/hspec-2.1.4/src/Test/Hspec/HUnit.hs:(18,5)-(24,38) CN "HsValBinds" NotNeeded,
  (Ann (DP (1,0)) (ColDelta 5) DP (1,0) [] [])),
 (AnnKey ../../hackage-packages/hspec-2.1.4/src/Test/Hspec/HUnit.hs:18:11-14 CN "HsTyVar" NotNeeded,
  (Ann (DP (0,0)) (ColDelta 6) DP (0,0) [] [((G AnnVal),DP (0,0))])),
 (AnnKey ../../hackage-packages/hspec-2.1.4/src/Test/Hspec/HUnit.hs:18:11-22 CN "HsForAllTy" NotNeeded,
  (Ann (DP (0,1)) (ColDelta 6) DP (0,1) [] [])),
 (AnnKey ../../hackage-packages/hspec-2.1.4/src/Test/Hspec/HUnit.hs:18:11-22 CN "HsFunTy" NotNeeded,
  (Ann (DP (0,0)) (ColDelta 6) DP (0,0) [] [((G AnnRarrow),DP (0,1))])),
 (AnnKey ../../hackage-packages/hspec-2.1.4/src/Test/Hspec/HUnit.hs:18:19-22 CN "HsTyVar" NotNeeded,
  (Ann (DP (0,1)) (ColDelta 14) DP (0,1) [] [((G AnnVal),DP (0,0))])),
 (AnnKey ../../hackage-packages/hspec-2.1.4/src/Test/Hspec/HUnit.hs:19:5-6 CN "Unqual" NotNeeded,
  (Ann (DP (0,0)) (ColDelta 0) DP (0,0) [] [((G AnnVal),DP (0,0))])),
 (AnnKey ../../hackage-packages/hspec-2.1.4/src/Test/Hspec/HUnit.hs:(19,5)-(24,38) CN "FunBind" NotNeeded,
  (Ann (DP (1,0)) (ColDelta 0) DP (1,0) [] [])),
 (AnnKey ../../hackage-packages/hspec-2.1.4/src/Test/Hspec/HUnit.hs:(19,5)-(24,38) CN "Match" NotNeeded,
  (Ann (DP (0,0)) (ColDelta 0) DP (0,0) [] [((G AnnEqual),DP (0,1))])),
 (AnnKey ../../hackage-packages/hspec-2.1.4/src/Test/Hspec/HUnit.hs:19:8-9 CN "VarPat" NotNeeded,
  (Ann (DP (0,1)) (ColDelta 3) DP (0,1) [] [((G AnnVal),DP (0,0))])),
 (AnnKey ../../hackage-packages/hspec-2.1.4/src/Test/Hspec/HUnit.hs:(19,11)-(24,38) CN "GRHS" NotNeeded,
  (Ann (DP (0,-1)) (ColDelta 6) DP (0,-1) [] [])),
 (AnnKey ../../hackage-packages/hspec-2.1.4/src/Test/Hspec/HUnit.hs:(19,13)-(24,38) CN "HsCase" NotNeeded,
  (Ann (DP (0,1)) (ColDelta 8) DP (0,1) [] [((G AnnCase),DP (0,0)),((G AnnOf),DP (0,1)),((AnnList ../../hackage-packages/hspec-2.1.4/src/Test/Hspec/HUnit.hs:(20,7)-(24,38) Ref "delta-2"),DP (0,0))])),
 (AnnKey ../../hackage-packages/hspec-2.1.4/src/Test/Hspec/HUnit.hs:19:18-19 CN "HsVar" NotNeeded,
  (Ann (DP (0,1)) (ColDelta 13) DP (0,1) [] [((G AnnVal),DP (0,0))])),
 (AnnKey ../../hackage-packages/hspec-2.1.4/src/Test/Hspec/HUnit.hs:20:7-15 CN "Unqual" NotNeeded,
  (Ann (DP (0,0)) (ColDelta 0) DP (0,0) [] [((G AnnVal),DP (0,0))])),
 (AnnKey ../../hackage-packages/hspec-2.1.4/src/Test/Hspec/HUnit.hs:20:7-30 CN "ConPatIn" NotNeeded,
  (Ann (DP (0,0)) (ColDelta 0) DP (0,0) [] [])),
 (AnnKey ../../hackage-packages/hspec-2.1.4/src/Test/Hspec/HUnit.hs:20:7-40 CN "Match" NotNeeded,
  (Ann (DP (0,0)) (ColDelta 0) DP (0,0) [] [])),
 (AnnKey ../../hackage-packages/hspec-2.1.4/src/Test/Hspec/HUnit.hs:(20,7)-(24,38) CN "(:)" Ref "delta-2",
  (Ann (DP (1,0)) (ColDelta 2) DP (1,0) [] [])),
 (AnnKey ../../hackage-packages/hspec-2.1.4/src/Test/Hspec/HUnit.hs:20:17 CN "VarPat" NotNeeded,
  (Ann (DP (0,1)) (ColDelta 10) DP (0,1) [] [((G AnnVal),DP (0,0))])),
 (AnnKey ../../hackage-packages/hspec-2.1.4/src/Test/Hspec/HUnit.hs:20:19-30 CN "ParPat" NotNeeded,
  (Ann (DP (0,1)) (ColDelta 12) DP (0,1) [] [((G AnnOpenP),DP (0,0)),((G AnnCloseP),DP (0,0))])),
 (AnnKey ../../hackage-packages/hspec-2.1.4/src/Test/Hspec/HUnit.hs:20:20-27 CN "Unqual" NotNeeded,
  (Ann (DP (0,0)) (ColDelta 13) DP (0,0) [] [((G AnnVal),DP (0,0))])),
 (AnnKey ../../hackage-packages/hspec-2.1.4/src/Test/Hspec/HUnit.hs:20:20-29 CN "ConPatIn" NotNeeded,
  (Ann (DP (0,0)) (ColDelta 13) DP (0,0) [] [])),
 (AnnKey ../../hackage-packages/hspec-2.1.4/src/Test/Hspec/HUnit.hs:20:29 CN "VarPat" NotNeeded,
  (Ann (DP (0,1)) (ColDelta 22) DP (0,1) [] [((G AnnVal),DP (0,0))])),
 (AnnKey ../../hackage-packages/hspec-2.1.4/src/Test/Hspec/HUnit.hs:20:32-40 CN "GRHS" NotNeeded,
  (Ann (DP (0,1)) (ColDelta 25) DP (0,1) [] [((G AnnRarrow),DP (0,0))])),
 (AnnKey ../../hackage-packages/hspec-2.1.4/src/Test/Hspec/HUnit.hs:20:35-36 CN "HsVar" NotNeeded,
  (Ann (DP (0,0)) (ColDelta 28) DP (0,0) [] [((G AnnVal),DP (0,0))])),
 (AnnKey ../../hackage-packages/hspec-2.1.4/src/Test/Hspec/HUnit.hs:20:35-38 CN "HsApp" NotNeeded,
  (Ann (DP (0,0)) (ColDelta 28) DP (0,0) [] [])),
 (AnnKey ../../hackage-packages/hspec-2.1.4/src/Test/Hspec/HUnit.hs:20:35-40 CN "HsApp" NotNeeded,
  (Ann (DP (0,1)) (ColDelta 28) DP (0,1) [] [])),
 (AnnKey ../../hackage-packages/hspec-2.1.4/src/Test/Hspec/HUnit.hs:20:38 CN "HsVar" NotNeeded,
  (Ann (DP (0,1)) (ColDelta 31) DP (0,1) [] [((G AnnVal),DP (0,0))])),
 (AnnKey ../../hackage-packages/hspec-2.1.4/src/Test/Hspec/HUnit.hs:20:40 CN "HsVar" NotNeeded,
  (Ann (DP (0,1)) (ColDelta 33) DP (0,1) [] [((G AnnVal),DP (0,0))])),
 (AnnKey ../../hackage-packages/hspec-2.1.4/src/Test/Hspec/HUnit.hs:21:7-15 CN "Unqual" NotNeeded,
  (Ann (DP (0,0)) (ColDelta 0) DP (0,0) [] [((G AnnVal),DP (0,0))])),
 (AnnKey ../../hackage-packages/hspec-2.1.4/src/Test/Hspec/HUnit.hs:21:7-31 CN "ConPatIn" NotNeeded,
  (Ann (DP (0,0)) (ColDelta 0) DP (0,0) [] [])),
 (AnnKey ../../hackage-packages/hspec-2.1.4/src/Test/Hspec/HUnit.hs:21:7-59 CN "Match" NotNeeded,
  (Ann (DP (1,0)) (ColDelta 0) DP (1,0) [] [])),
 (AnnKey ../../hackage-packages/hspec-2.1.4/src/Test/Hspec/HUnit.hs:21:17 CN "VarPat" NotNeeded,
  (Ann (DP (0,1)) (ColDelta 10) DP (0,1) [] [((G AnnVal),DP (0,0))])),
 (AnnKey ../../hackage-packages/hspec-2.1.4/src/Test/Hspec/HUnit.hs:21:19-31 CN "ParPat" NotNeeded,
  (Ann (DP (0,1)) (ColDelta 12) DP (0,1) [] [((G AnnOpenP),DP (0,0)),((G AnnCloseP),DP (0,0))])),
 (AnnKey ../../hackage-packages/hspec-2.1.4/src/Test/Hspec/HUnit.hs:21:20-27 CN "Unqual" NotNeeded,
  (Ann (DP (0,0)) (ColDelta 13) DP (0,0) [] [((G AnnVal),DP (0,0))])),
 (AnnKey ../../hackage-packages/hspec-2.1.4/src/Test/Hspec/HUnit.hs:21:20-30 CN "ConPatIn" NotNeeded,
  (Ann (DP (0,0)) (ColDelta 13) DP (0,0) [] [])),
 (AnnKey ../../hackage-packages/hspec-2.1.4/src/Test/Hspec/HUnit.hs:21:29-30 CN "VarPat" NotNeeded,
  (Ann (DP (0,1)) (ColDelta 22) DP (0,1) [] [((G AnnVal),DP (0,0))])),
 (AnnKey ../../hackage-packages/hspec-2.1.4/src/Test/Hspec/HUnit.hs:21:33-59 CN "GRHS" NotNeeded,
  (Ann (DP (0,1)) (ColDelta 26) DP (0,1) [] [((G AnnRarrow),DP (0,0))])),
 (AnnKey ../../hackage-packages/hspec-2.1.4/src/Test/Hspec/HUnit.hs:21:36-43 CN "HsVar" NotNeeded,
  (Ann (DP (0,0)) (ColDelta 29) DP (0,0) [] [((G AnnVal),DP (0,0))])),
 (AnnKey ../../hackage-packages/hspec-2.1.4/src/Test/Hspec/HUnit.hs:21:36-45 CN "HsApp" NotNeeded,
  (Ann (DP (0,0)) (ColDelta 29) DP (0,0) [] [])),
 (AnnKey ../../hackage-packages/hspec-2.1.4/src/Test/Hspec/HUnit.hs:21:36-59 CN "HsApp" NotNeeded,
  (Ann (DP (0,1)) (ColDelta 29) DP (0,1) [] [])),
 (AnnKey ../../hackage-packages/hspec-2.1.4/src/Test/Hspec/HUnit.hs:21:45 CN "HsVar" NotNeeded,
  (Ann (DP (0,1)) (ColDelta 38) DP (0,1) [] [((G AnnVal),DP (0,0))])),
 (AnnKey ../../hackage-packages/hspec-2.1.4/src/Test/Hspec/HUnit.hs:21:47-59 CN "HsPar" NotNeeded,
  (Ann (DP (0,1)) (ColDelta 40) DP (0,1) [] [((G AnnOpenP),DP (0,0)),((G AnnCloseP),DP (0,0))])),
 (AnnKey ../../hackage-packages/hspec-2.1.4/src/Test/Hspec/HUnit.hs:21:48-52 CN "HsVar" NotNeeded,
  (Ann (DP (0,0)) (ColDelta 41) DP (0,0) [] [((G AnnVal),DP (0,0))])),
 (AnnKey ../../hackage-packages/hspec-2.1.4/src/Test/Hspec/HUnit.hs:21:48-55 CN "HsApp" NotNeeded,
  (Ann (DP (0,0)) (ColDelta 41) DP (0,0) [] [])),
 (AnnKey ../../hackage-packages/hspec-2.1.4/src/Test/Hspec/HUnit.hs:21:48-58 CN "HsApp" NotNeeded,
  (Ann (DP (0,0)) (ColDelta 41) DP (0,0) [] [])),
 (AnnKey ../../hackage-packages/hspec-2.1.4/src/Test/Hspec/HUnit.hs:21:54-55 CN "HsVar" NotNeeded,
  (Ann (DP (0,1)) (ColDelta 47) DP (0,1) [] [((G AnnVal),DP (0,0))])),
 (AnnKey ../../hackage-packages/hspec-2.1.4/src/Test/Hspec/HUnit.hs:21:57-58 CN "HsVar" NotNeeded,
  (Ann (DP (0,1)) (ColDelta 50) DP (0,1) [] [((G AnnVal),DP (0,0))])),
 (AnnKey ../../hackage-packages/hspec-2.1.4/src/Test/Hspec/HUnit.hs:22:7-15 CN "Unqual" NotNeeded,
  (Ann (DP (0,0)) (ColDelta 0) DP (0,0) [] [((G AnnVal),DP (0,0))])),
 (AnnKey ../../hackage-packages/hspec-2.1.4/src/Test/Hspec/HUnit.hs:22:7-19 CN "ConPatIn" NotNeeded,
  (Ann (DP (0,0)) (ColDelta 0) DP (0,0) [] [])),
 (AnnKey ../../hackage-packages/hspec-2.1.4/src/Test/Hspec/HUnit.hs:22:7-40 CN "Match" NotNeeded,
  (Ann (DP (1,0)) (ColDelta 0) DP (1,0) [] [])),
 (AnnKey ../../hackage-packages/hspec-2.1.4/src/Test/Hspec/HUnit.hs:22:17 CN "VarPat" NotNeeded,
  (Ann (DP (0,1)) (ColDelta 10) DP (0,1) [] [((G AnnVal),DP (0,0))])),
 (AnnKey ../../hackage-packages/hspec-2.1.4/src/Test/Hspec/HUnit.hs:22:19 CN "VarPat" NotNeeded,
  (Ann (DP (0,1)) (ColDelta 12) DP (0,1) [] [((G AnnVal),DP (0,0))])),
 (AnnKey ../../hackage-packages/hspec-2.1.4/src/Test/Hspec/HUnit.hs:22:21-40 CN "GRHS" NotNeeded,
  (Ann (DP (0,1)) (ColDelta 14) DP (0,1) [] [((G AnnRarrow),DP (0,0))])),
 (AnnKey ../../hackage-packages/hspec-2.1.4/src/Test/Hspec/HUnit.hs:22:24-31 CN "HsVar" NotNeeded,
  (Ann (DP (0,0)) (ColDelta 17) DP (0,0) [] [((G AnnVal),DP (0,0))])),
 (AnnKey ../../hackage-packages/hspec-2.1.4/src/Test/Hspec/HUnit.hs:22:24-33 CN "HsApp" NotNeeded,
  (Ann (DP (0,0)) (ColDelta 17) DP (0,0) [] [])),
 (AnnKey ../../hackage-packages/hspec-2.1.4/src/Test/Hspec/HUnit.hs:22:24-40 CN "HsApp" NotNeeded,
  (Ann (DP (0,1)) (ColDelta 17) DP (0,1) [] [])),
 (AnnKey ../../hackage-packages/hspec-2.1.4/src/Test/Hspec/HUnit.hs:22:33 CN "HsVar" NotNeeded,
  (Ann (DP (0,1)) (ColDelta 26) DP (0,1) [] [((G AnnVal),DP (0,0))])),
 (AnnKey ../../hackage-packages/hspec-2.1.4/src/Test/Hspec/HUnit.hs:22:35-40 CN "HsPar" NotNeeded,
  (Ann (DP (0,1)) (ColDelta 28) DP (0,1) [] [((G AnnOpenP),DP (0,0)),((G AnnCloseP),DP (0,0))])),
 (AnnKey ../../hackage-packages/hspec-2.1.4/src/Test/Hspec/HUnit.hs:22:36-37 CN "HsVar" NotNeeded,
  (Ann (DP (0,0)) (ColDelta 29) DP (0,0) [] [((G AnnVal),DP (0,0))])),
 (AnnKey ../../hackage-packages/hspec-2.1.4/src/Test/Hspec/HUnit.hs:22:36-39 CN "HsApp" NotNeeded,
  (Ann (DP (0,0)) (ColDelta 29) DP (0,0) [] [])),
 (AnnKey ../../hackage-packages/hspec-2.1.4/src/Test/Hspec/HUnit.hs:22:39 CN "HsVar" NotNeeded,
  (Ann (DP (0,1)) (ColDelta 32) DP (0,1) [] [((G AnnVal),DP (0,0))])),
 (AnnKey ../../hackage-packages/hspec-2.1.4/src/Test/Hspec/HUnit.hs:23:7-14 CN "Unqual" NotNeeded,
  (Ann (DP (0,0)) (ColDelta 0) DP (0,0) [] [((G AnnVal),DP (0,0))])),
 (AnnKey ../../hackage-packages/hspec-2.1.4/src/Test/Hspec/HUnit.hs:23:7-17 CN "ConPatIn" NotNeeded,
  (Ann (DP (0,0)) (ColDelta 0) DP (0,0) [] [])),
 (AnnKey ../../hackage-packages/hspec-2.1.4/src/Test/Hspec/HUnit.hs:23:7-57 CN "Match" NotNeeded,
  (Ann (DP (1,0)) (ColDelta 0) DP (1,0) [] [])),
 (AnnKey ../../hackage-packages/hspec-2.1.4/src/Test/Hspec/HUnit.hs:23:16-17 CN "VarPat" NotNeeded,
  (Ann (DP (0,1)) (ColDelta 9) DP (0,1) [] [((G AnnVal),DP (0,0))])),
 (AnnKey ../../hackage-packages/hspec-2.1.4/src/Test/Hspec/HUnit.hs:23:19-57 CN "GRHS" NotNeeded,
  (Ann (DP (0,1)) (ColDelta 12) DP (0,1) [] [((G AnnRarrow),DP (0,0))])),
 (AnnKey ../../hackage-packages/hspec-2.1.4/src/Test/Hspec/HUnit.hs:23:22-29 CN "HsVar" NotNeeded,
  (Ann (DP (0,0)) (ColDelta 15) DP (0,0) [] [((G AnnVal),DP (0,0))])),
 (AnnKey ../../hackage-packages/hspec-2.1.4/src/Test/Hspec/HUnit.hs:23:22-43 CN "HsApp" NotNeeded,
  (Ann (DP (0,0)) (ColDelta 15) DP (0,0) [] [])),
 (AnnKey ../../hackage-packages/hspec-2.1.4/src/Test/Hspec/HUnit.hs:23:22-57 CN "HsApp" NotNeeded,
  (Ann (DP (0,1)) (ColDelta 15) DP (0,1) [] [])),
 (AnnKey ../../hackage-packages/hspec-2.1.4/src/Test/Hspec/HUnit.hs:23:31-43 CN "HsLit" NotNeeded,
  (Ann (DP (0,1)) (ColDelta 24) DP (0,1) [] [((G AnnVal),DP (0,0))])),
 (AnnKey ../../hackage-packages/hspec-2.1.4/src/Test/Hspec/HUnit.hs:23:45-57 CN "HsPar" NotNeeded,
  (Ann (DP (0,1)) (ColDelta 38) DP (0,1) [] [((G AnnOpenP),DP (0,0)),((G AnnCloseP),DP (0,0))])),
 (AnnKey ../../hackage-packages/hspec-2.1.4/src/Test/Hspec/HUnit.hs:23:46-50 CN "HsVar" NotNeeded,
  (Ann (DP (0,0)) (ColDelta 39) DP (0,0) [] [((G AnnVal),DP (0,0))])),
 (AnnKey ../../hackage-packages/hspec-2.1.4/src/Test/Hspec/HUnit.hs:23:46-53 CN "HsApp" NotNeeded,
  (Ann (DP (0,0)) (ColDelta 39) DP (0,0) [] [])),
 (AnnKey ../../hackage-packages/hspec-2.1.4/src/Test/Hspec/HUnit.hs:23:46-56 CN "HsApp" NotNeeded,
  (Ann (DP (0,0)) (ColDelta 39) DP (0,0) [] [])),
 (AnnKey ../../hackage-packages/hspec-2.1.4/src/Test/Hspec/HUnit.hs:23:52-53 CN "HsVar" NotNeeded,
  (Ann (DP (0,1)) (ColDelta 45) DP (0,1) [] [((G AnnVal),DP (0,0))])),
 (AnnKey ../../hackage-packages/hspec-2.1.4/src/Test/Hspec/HUnit.hs:23:55-56 CN "HsVar" NotNeeded,
  (Ann (DP (0,1)) (ColDelta 48) DP (0,1) [] [((G AnnVal),DP (0,0))])),
 (AnnKey ../../hackage-packages/hspec-2.1.4/src/Test/Hspec/HUnit.hs:24:7-14 CN "Unqual" NotNeeded,
  (Ann (DP (0,0)) (ColDelta 0) DP (0,0) [] [((G AnnVal),DP (0,0))])),
 (AnnKey ../../hackage-packages/hspec-2.1.4/src/Test/Hspec/HUnit.hs:24:7-16 CN "ConPatIn" NotNeeded,
  (Ann (DP (0,0)) (ColDelta 0) DP (0,0) [] [])),
 (AnnKey ../../hackage-packages/hspec-2.1.4/src/Test/Hspec/HUnit.hs:24:7-38 CN "Match" NotNeeded,
  (Ann (DP (1,0)) (ColDelta 0) DP (1,0) [] [])),
 (AnnKey ../../hackage-packages/hspec-2.1.4/src/Test/Hspec/HUnit.hs:24:16 CN "VarPat" NotNeeded,
  (Ann (DP (0,1)) (ColDelta 9) DP (0,1) [] [((G AnnVal),DP (0,0))])),
 (AnnKey ../../hackage-packages/hspec-2.1.4/src/Test/Hspec/HUnit.hs:24:18-38 CN "GRHS" NotNeeded,
  (Ann (DP (0,1)) (ColDelta 11) DP (0,1) [] [((G AnnRarrow),DP (0,0))])),
 (AnnKey ../../hackage-packages/hspec-2.1.4/src/Test/Hspec/HUnit.hs:24:21-22 CN "HsVar" NotNeeded,
  (Ann (DP (0,0)) (ColDelta 14) DP (0,0) [] [((G AnnVal),DP (0,0))])),
 (AnnKey ../../hackage-packages/hspec-2.1.4/src/Test/Hspec/HUnit.hs:24:21-36 CN "HsApp" NotNeeded,
  (Ann (DP (0,0)) (ColDelta 14) DP (0,0) [] [])),
 (AnnKey ../../hackage-packages/hspec-2.1.4/src/Test/Hspec/HUnit.hs:24:21-38 CN "HsApp" NotNeeded,
  (Ann (DP (0,1)) (ColDelta 14) DP (0,1) [] [])),
 (AnnKey ../../hackage-packages/hspec-2.1.4/src/Test/Hspec/HUnit.hs:24:24-36 CN "HsLit" NotNeeded,
  (Ann (DP (0,1)) (ColDelta 17) DP (0,1) [] [((G AnnVal),DP (0,0))])),
 (AnnKey ../../hackage-packages/hspec-2.1.4/src/Test/Hspec/HUnit.hs:24:38 CN "HsVar" NotNeeded,
  (Ann (DP (0,1)) (ColDelta 31) DP (0,1) [] [((G AnnVal),DP (0,0))])),
 (AnnKey <no location info> CN "EmptyLocalBinds" NotNeeded,
  (Ann (DP (-15,0)) (ColDelta -3) DP (-15,0) [] []))]
==============
([((../../hackage-packages/hspec-2.1.4/src/Test/Hspec/HUnit.hs:1:1,
    AnnModule),
   [../../hackage-packages/hspec-2.1.4/src/Test/Hspec/HUnit.hs:1:1-6]),
  ((../../hackage-packages/hspec-2.1.4/src/Test/Hspec/HUnit.hs:1:1,
    AnnWhere),
   [../../hackage-packages/hspec-2.1.4/src/Test/Hspec/HUnit.hs:5:3-7]),
  ((../../hackage-packages/hspec-2.1.4/src/Test/Hspec/HUnit.hs:1:25-114,
    AnnClose),
   [../../hackage-packages/hspec-2.1.4/src/Test/Hspec/HUnit.hs:1:112-114]),
  ((../../hackage-packages/hspec-2.1.4/src/Test/Hspec/HUnit.hs:1:25-114,
    AnnOpen),
   [../../hackage-packages/hspec-2.1.4/src/Test/Hspec/HUnit.hs:1:25-38]),
  ((../../hackage-packages/hspec-2.1.4/src/Test/Hspec/HUnit.hs:(2,1)-(5,1),
    AnnCloseP),
   [../../hackage-packages/hspec-2.1.4/src/Test/Hspec/HUnit.hs:5:1]),
  ((../../hackage-packages/hspec-2.1.4/src/Test/Hspec/HUnit.hs:(2,1)-(5,1),
    AnnOpenP),
   [../../hackage-packages/hspec-2.1.4/src/Test/Hspec/HUnit.hs:2:1]),
  ((../../hackage-packages/hspec-2.1.4/src/Test/Hspec/HUnit.hs:7:1-37,
    AnnImport),
   [../../hackage-packages/hspec-2.1.4/src/Test/Hspec/HUnit.hs:7:1-6]),
  ((../../hackage-packages/hspec-2.1.4/src/Test/Hspec/HUnit.hs:7:1-37,
    AnnSemi),
   [../../hackage-packages/hspec-2.1.4/src/Test/Hspec/HUnit.hs:8:1]),
  ((../../hackage-packages/hspec-2.1.4/src/Test/Hspec/HUnit.hs:8:1-39,
    AnnImport),
   [../../hackage-packages/hspec-2.1.4/src/Test/Hspec/HUnit.hs:8:1-6]),
  ((../../hackage-packages/hspec-2.1.4/src/Test/Hspec/HUnit.hs:8:1-39,
    AnnSemi),
   [../../hackage-packages/hspec-2.1.4/src/Test/Hspec/HUnit.hs:13:1]),
  ((../../hackage-packages/hspec-2.1.4/src/Test/Hspec/HUnit.hs:8:29-39,
    AnnCloseP),
   [../../hackage-packages/hspec-2.1.4/src/Test/Hspec/HUnit.hs:8:39]),
  ((../../hackage-packages/hspec-2.1.4/src/Test/Hspec/HUnit.hs:8:29-39,
    AnnOpenP),
   [../../hackage-packages/hspec-2.1.4/src/Test/Hspec/HUnit.hs:8:29]),
  ((../../hackage-packages/hspec-2.1.4/src/Test/Hspec/HUnit.hs:8:30-38,
    AnnCloseP),
   [../../hackage-packages/hspec-2.1.4/src/Test/Hspec/HUnit.hs:8:38]),
  ((../../hackage-packages/hspec-2.1.4/src/Test/Hspec/HUnit.hs:8:30-38,
    AnnDotdot),
   [../../hackage-packages/hspec-2.1.4/src/Test/Hspec/HUnit.hs:8:36-37]),
  ((../../hackage-packages/hspec-2.1.4/src/Test/Hspec/HUnit.hs:8:30-38,
    AnnOpenP),
   [../../hackage-packages/hspec-2.1.4/src/Test/Hspec/HUnit.hs:8:35]),
  ((../../hackage-packages/hspec-2.1.4/src/Test/Hspec/HUnit.hs:13:1-29,
    AnnDcolon),
   [../../hackage-packages/hspec-2.1.4/src/Test/Hspec/HUnit.hs:13:15-16]),
  ((../../hackage-packages/hspec-2.1.4/src/Test/Hspec/HUnit.hs:13:1-29,
    AnnSemi),
   [../../hackage-packages/hspec-2.1.4/src/Test/Hspec/HUnit.hs:14:1]),
  ((../../hackage-packages/hspec-2.1.4/src/Test/Hspec/HUnit.hs:13:18-29,
    AnnRarrow),
   [../../hackage-packages/hspec-2.1.4/src/Test/Hspec/HUnit.hs:13:23-24]),
  ((../../hackage-packages/hspec-2.1.4/src/Test/Hspec/HUnit.hs:(14,1)-(24,38),
    AnnEqual),
   [../../hackage-packages/hspec-2.1.4/src/Test/Hspec/HUnit.hs:14:17]),
  ((../../hackage-packages/hspec-2.1.4/src/Test/Hspec/HUnit.hs:(14,1)-(24,38),
    AnnFunId),
   [../../hackage-packages/hspec-2.1.4/src/Test/Hspec/HUnit.hs:14:1-13]),
  ((../../hackage-packages/hspec-2.1.4/src/Test/Hspec/HUnit.hs:(14,1)-(24,38),
    AnnSemi),
   [../../hackage-packages/hspec-2.1.4/src/Test/Hspec/HUnit.hs:25:1]),
  ((../../hackage-packages/hspec-2.1.4/src/Test/Hspec/HUnit.hs:(14,1)-(24,38),
    AnnWhere),
   [../../hackage-packages/hspec-2.1.4/src/Test/Hspec/HUnit.hs:17:3-7]),
  ((../../hackage-packages/hspec-2.1.4/src/Test/Hspec/HUnit.hs:(14,19)-(17,2),
    AnnCase),
   [../../hackage-packages/hspec-2.1.4/src/Test/Hspec/HUnit.hs:14:19-22]),
  ((../../hackage-packages/hspec-2.1.4/src/Test/Hspec/HUnit.hs:(14,19)-(17,2),
    AnnOf),
   [../../hackage-packages/hspec-2.1.4/src/Test/Hspec/HUnit.hs:14:26-27]),
  ((../../hackage-packages/hspec-2.1.4/src/Test/Hspec/HUnit.hs:15:3-28,
    AnnSemi),
   [../../hackage-packages/hspec-2.1.4/src/Test/Hspec/HUnit.hs:16:3]),
  ((../../hackage-packages/hspec-2.1.4/src/Test/Hspec/HUnit.hs:15:15-28,
    AnnRarrow),
   [../../hackage-packages/hspec-2.1.4/src/Test/Hspec/HUnit.hs:15:15-16]),
  ((../../hackage-packages/hspec-2.1.4/src/Test/Hspec/HUnit.hs:16:3-11,
    AnnSemi),
   [../../hackage-packages/hspec-2.1.4/src/Test/Hspec/HUnit.hs:17:3]),
  ((../../hackage-packages/hspec-2.1.4/src/Test/Hspec/HUnit.hs:16:5-11,
    AnnRarrow),
   [../../hackage-packages/hspec-2.1.4/src/Test/Hspec/HUnit.hs:16:5-6]),
  ((../../hackage-packages/hspec-2.1.4/src/Test/Hspec/HUnit.hs:18:5-22,
    AnnDcolon),
   [../../hackage-packages/hspec-2.1.4/src/Test/Hspec/HUnit.hs:18:8-9]),
  ((../../hackage-packages/hspec-2.1.4/src/Test/Hspec/HUnit.hs:18:5-22,
    AnnSemi),
   [../../hackage-packages/hspec-2.1.4/src/Test/Hspec/HUnit.hs:19:5]),
  ((../../hackage-packages/hspec-2.1.4/src/Test/Hspec/HUnit.hs:18:11-22,
    AnnRarrow),
   [../../hackage-packages/hspec-2.1.4/src/Test/Hspec/HUnit.hs:18:16-17]),
  ((../../hackage-packages/hspec-2.1.4/src/Test/Hspec/HUnit.hs:(19,5)-(24,38),
    AnnEqual),
   [../../hackage-packages/hspec-2.1.4/src/Test/Hspec/HUnit.hs:19:11]),
  ((../../hackage-packages/hspec-2.1.4/src/Test/Hspec/HUnit.hs:(19,5)-(24,38),
    AnnFunId),
   [../../hackage-packages/hspec-2.1.4/src/Test/Hspec/HUnit.hs:19:5-6]),
  ((../../hackage-packages/hspec-2.1.4/src/Test/Hspec/HUnit.hs:(19,13)-(24,38),
    AnnCase),
   [../../hackage-packages/hspec-2.1.4/src/Test/Hspec/HUnit.hs:19:13-16]),
  ((../../hackage-packages/hspec-2.1.4/src/Test/Hspec/HUnit.hs:(19,13)-(24,38),
    AnnOf),
   [../../hackage-packages/hspec-2.1.4/src/Test/Hspec/HUnit.hs:19:21-22]),
  ((../../hackage-packages/hspec-2.1.4/src/Test/Hspec/HUnit.hs:20:7-40,
    AnnSemi),
   [../../hackage-packages/hspec-2.1.4/src/Test/Hspec/HUnit.hs:21:7]),
  ((../../hackage-packages/hspec-2.1.4/src/Test/Hspec/HUnit.hs:20:19-30,
    AnnCloseP),
   [../../hackage-packages/hspec-2.1.4/src/Test/Hspec/HUnit.hs:20:30]),
  ((../../hackage-packages/hspec-2.1.4/src/Test/Hspec/HUnit.hs:20:19-30,
    AnnOpenP),
   [../../hackage-packages/hspec-2.1.4/src/Test/Hspec/HUnit.hs:20:19]),
  ((../../hackage-packages/hspec-2.1.4/src/Test/Hspec/HUnit.hs:20:32-40,
    AnnRarrow),
   [../../hackage-packages/hspec-2.1.4/src/Test/Hspec/HUnit.hs:20:32-33]),
  ((../../hackage-packages/hspec-2.1.4/src/Test/Hspec/HUnit.hs:21:7-59,
    AnnSemi),
   [../../hackage-packages/hspec-2.1.4/src/Test/Hspec/HUnit.hs:22:7]),
  ((../../hackage-packages/hspec-2.1.4/src/Test/Hspec/HUnit.hs:21:19-31,
    AnnCloseP),
   [../../hackage-packages/hspec-2.1.4/src/Test/Hspec/HUnit.hs:21:31]),
  ((../../hackage-packages/hspec-2.1.4/src/Test/Hspec/HUnit.hs:21:19-31,
    AnnOpenP),
   [../../hackage-packages/hspec-2.1.4/src/Test/Hspec/HUnit.hs:21:19]),
  ((../../hackage-packages/hspec-2.1.4/src/Test/Hspec/HUnit.hs:21:33-59,
    AnnRarrow),
   [../../hackage-packages/hspec-2.1.4/src/Test/Hspec/HUnit.hs:21:33-34]),
  ((../../hackage-packages/hspec-2.1.4/src/Test/Hspec/HUnit.hs:21:47-59,
    AnnCloseP),
   [../../hackage-packages/hspec-2.1.4/src/Test/Hspec/HUnit.hs:21:59]),
  ((../../hackage-packages/hspec-2.1.4/src/Test/Hspec/HUnit.hs:21:47-59,
    AnnOpenP),
   [../../hackage-packages/hspec-2.1.4/src/Test/Hspec/HUnit.hs:21:47]),
  ((../../hackage-packages/hspec-2.1.4/src/Test/Hspec/HUnit.hs:22:7-40,
    AnnSemi),
   [../../hackage-packages/hspec-2.1.4/src/Test/Hspec/HUnit.hs:23:7]),
  ((../../hackage-packages/hspec-2.1.4/src/Test/Hspec/HUnit.hs:22:21-40,
    AnnRarrow),
   [../../hackage-packages/hspec-2.1.4/src/Test/Hspec/HUnit.hs:22:21-22]),
  ((../../hackage-packages/hspec-2.1.4/src/Test/Hspec/HUnit.hs:22:35-40,
    AnnCloseP),
   [../../hackage-packages/hspec-2.1.4/src/Test/Hspec/HUnit.hs:22:40]),
  ((../../hackage-packages/hspec-2.1.4/src/Test/Hspec/HUnit.hs:22:35-40,
    AnnOpenP),
   [../../hackage-packages/hspec-2.1.4/src/Test/Hspec/HUnit.hs:22:35]),
  ((../../hackage-packages/hspec-2.1.4/src/Test/Hspec/HUnit.hs:23:7-57,
    AnnSemi),
   [../../hackage-packages/hspec-2.1.4/src/Test/Hspec/HUnit.hs:24:7]),
  ((../../hackage-packages/hspec-2.1.4/src/Test/Hspec/HUnit.hs:23:19-57,
    AnnRarrow),
   [../../hackage-packages/hspec-2.1.4/src/Test/Hspec/HUnit.hs:23:19-20]),
  ((../../hackage-packages/hspec-2.1.4/src/Test/Hspec/HUnit.hs:23:45-57,
    AnnCloseP),
   [../../hackage-packages/hspec-2.1.4/src/Test/Hspec/HUnit.hs:23:57]),
  ((../../hackage-packages/hspec-2.1.4/src/Test/Hspec/HUnit.hs:23:45-57,
    AnnOpenP),
   [../../hackage-packages/hspec-2.1.4/src/Test/Hspec/HUnit.hs:23:45]),
  ((../../hackage-packages/hspec-2.1.4/src/Test/Hspec/HUnit.hs:24:18-38,
    AnnRarrow),
   [../../hackage-packages/hspec-2.1.4/src/Test/Hspec/HUnit.hs:24:18-19]),
  ((<no location info>, AnnEofPos),
   [../../hackage-packages/hspec-2.1.4/src/Test/Hspec/HUnit.hs:25:1])],
 [(../../hackage-packages/hspec-2.1.4/src/Test/Hspec/HUnit.hs:(2,1)-(5,1),
   [AnnLineComment "-- * Interoperability with HUnit"]),
  (<no location info>,
   [AnnLineComment "-- HUnit tests with Hspec.",
    AnnLineComment "-- Convert a HUnit test suite to a spec.  This can be used to run existing",
    AnnLineComment "-- |"])])