{-# LANGUAGE
        CPP,
        MultiParamTypeClasses,
        FlexibleInstances
  #-}

-- |This module exports no new symbols of its own.  It defines
-- |This module exports no new symbols of its own.  It defines--  basic class instances for creating, reading, and writing 'MVar's, and
--  re-exports 'MVar'.--  basic class instances for creating, reading, and writing 'MVar's, and
module--  re-exports 'MVar'.Data.MRef.Instances
module( MVarData.MRef.Instances
    ( MVarMonadIO(..)
    , MonadIO(..)
#ifdef useSTM
    , module Data.MRef.Instances.STM
#endif
    ) where
    ) where
#ifdef useSTM
import Data.MRef.Instances.STM
#endif

import Data.MRef.Types
import Data.MRef.Types
import Control.Concurrent.MVar
import Control.Concurrent.MVarControl.Monad.Trans
import Control.Monad.Trans
-- preferred instances
-- MVar in IO monad-- preferred instances
instance-- MVar in IO monadHasMRef IO where
instancenewMRefx    IO= fmapwhereMRef (newMVar x)
    newMRefnewEmptyMRef    = fmap MRef (newEmptyMVarnewMVar x)
instanceMonadIO = fmap=> NewMRef newEmptyMVar(MVar a) m a where
instancenewMReference m==>liftIO. newMVarMVar a) m a where
    newMReferencenewEmptyMReference= liftIO= liftIO newMVarnewEmptyMVar
instanceMonadIO m => TakeMRef= liftIO(newEmptyMVarMVar a) m a where
instancetakeMReference m =>= liftIO. takeMVarMVar a) m a where
instanceMonadIO m ==>liftIOPutMRef takeMVar(MVar a) m a where
instanceputMReference mr=>= PutMRefliftIO .(MVarputMVar) m a where

==============
../../hackage-packages/stateref-0.3/src/Data/MRef/Instances.hs
==============
lengths:(1471,976)

==============

({ ../../hackage-packages/stateref-0.3/src/Data/MRef/Instances.hs:1:1 }
 Just (Ann (DP (0,0)) (ColDelta 1) DP (0,0) [] [((AnnComment DComment (DP (0,0),DP (4,6)) "{-# LANGUAGE\n        CPP,\n        MultiParamTypeClasses,\n        FlexibleInstances\n  #-}" Nothing),DP (0,0)),((AnnComment DComment (DP (2,1),DP (2,63)) "-- |This module exports no new symbols of its own.  It defines" Nothing),DP (2,1)),((AnnComment DComment (DP (1,1),DP (1,63)) "-- |This module exports no new symbols of its own.  It defines" Nothing),DP (1,1)),((AnnComment DComment (DP (0,-62),DP (0,11)) "--  basic class instances for creating, reading, and writing 'MVar's, and" Nothing),DP (0,-62)),((AnnComment DComment (DP (1,1),DP (1,23)) "--  re-exports 'MVar'." Nothing),DP (1,1)),((AnnComment DComment (DP (0,-22),DP (0,51)) "--  basic class instances for creating, reading, and writing 'MVar's, and" Nothing),DP (0,-22)),((AnnComment DComment (DP (1,1),DP (1,7)) "module" Nothing),DP (1,1)),((AnnComment DComment (DP (0,-6),DP (0,16)) "--  re-exports 'MVar'." Nothing),DP (0,-6)),((AnnComment DComment (DP (0,-15),DP (0,4)) "Data.MRef.Instances" Nothing),DP (0,-15)),((G AnnModule),DP (10,1)),((AnnComment DComment (DP (0,-2),DP (0,-1)) "(" Nothing),DP (0,-2)),((AnnComment DComment (DP (0,1),DP (0,5)) "MVar" Nothing),DP (0,1)),((G AnnVal),DP (0,1)),((G AnnWhere),DP (0,1)),((G AnnEofPos),DP (2,0))])
 (HsModule 
  (Just 
   ({ ../../hackage-packages/stateref-0.3/src/Data/MRef/Instances.hs:11:8-26
     }
    Nothing{ModuleName: Data.MRef.Instances})) 
  (Just 
   ({ ../../hackage-packages/stateref-0.3/src/Data/MRef/Instances.hs:(12,5)-(18,5)
     }
    Just (Ann (DP (1,5)) (ColDelta 5) DP (1,5) [] [((G AnnOpenP),DP (0,0)),((AnnComment DComment (DP (1,1),DP (1,13)) "#ifdef useSTM" Nothing),DP (1,1)),((AnnComment DComment (DP (1,5),DP (1,6)) "," Nothing),DP (1,5)),((AnnComment DComment (DP (0,1),DP (0,7)) "module" Nothing),DP (0,1)),((AnnComment DComment (DP (0,1),DP (0,24)) "Data.MRef.Instances.STM" Nothing),DP (0,1)),((AnnComment DComment (DP (1,1),DP (1,6)) "#endif" Nothing),DP (1,1)),((AnnComment DComment (DP (1,5),DP (1,6)) ")" Nothing),DP (1,5)),((AnnComment DComment (DP (0,1),DP (0,6)) "where" Nothing),DP (0,1)),((G AnnCloseP),DP (5,5))])
    [
     ({ ../../hackage-packages/stateref-0.3/src/Data/MRef/Instances.hs:12:7-10
       }
      Just (Ann (DP (0,1)) (ColDelta 7) DP (0,1) [] [])
      (IEThingAbs 
       ({ ../../hackage-packages/stateref-0.3/src/Data/MRef/Instances.hs:12:7-10
         }
        Just (Ann (DP (0,0)) (ColDelta 7) DP (0,0) [] [((G AnnVal),DP (0,0)),((AnnComment DComment (DP (0,-4),DP (0,3)) "MonadIO" Nothing),DP (0,-4)),((AnnComment DComment (DP (0,0),DP (0,1)) "(" Nothing),DP (0,0)),((AnnComment DComment (DP (0,0),DP (0,2)) ".." Nothing),DP (0,0)),((AnnComment DComment (DP (0,0),DP (0,1)) ")" Nothing),DP (0,0)),((G AnnComma),DP (1,5))])
        (Unqual {OccName: MVar})))),
     ({ ../../hackage-packages/stateref-0.3/src/Data/MRef/Instances.hs:13:7-17
       }
      Just (Ann (DP (0,1)) (ColDelta 7) DP (0,1) [] [((G AnnOpenP),DP (0,0)),((G AnnDotdot),DP (0,0)),((G AnnCloseP),DP (0,0))])
      (IEThingAll 
       ({ ../../hackage-packages/stateref-0.3/src/Data/MRef/Instances.hs:13:7-13
         }
        Just (Ann (DP (0,0)) (ColDelta 7) DP (0,0) [] [((G AnnVal),DP (0,0))])
        (Unqual {OccName: MonadIO}))))])) 
  [
   ({ ../../hackage-packages/stateref-0.3/src/Data/MRef/Instances.hs:24:1-22
     }
    Just (Ann (DP (1,1)) (ColDelta 1) DP (6,1) [DComment (DP (1,1),DP (1,13)) "#ifdef useSTM" Nothing,DComment (DP (1,1),DP (1,1)) "" Nothing,DComment (DP (0,0),DP (0,6)) "import" Nothing,DComment (DP (0,1),DP (0,24)) "Data.MRef.Instances.STM" Nothing,DComment (DP (1,1),DP (1,6)) "#endif" Nothing,DComment (DP (2,1),DP (2,1)) "" Nothing,DComment (DP (0,0),DP (0,6)) "import" Nothing,DComment (DP (0,1),DP (0,16)) "Data.MRef.Types" Nothing] [((G AnnImport),DP (0,0)),((G AnnVal),DP (0,1))])
    (ImportDecl 
     (Nothing) 
     ({ ../../hackage-packages/stateref-0.3/src/Data/MRef/Instances.hs:24:8-22
       }
      Nothing{ModuleName: Data.MRef.Types}) 
     (Nothing) 
     (False) 
     (False) 
     (False) 
     (False) 
     (Nothing) 
     (Nothing))),
   ({ ../../hackage-packages/stateref-0.3/src/Data/MRef/Instances.hs:26:1-30
     }
    Just (Ann (DP (1,1)) (ColDelta 1) DP (2,1) [DComment (DP (1,1),DP (1,1)) "" Nothing,DComment (DP (0,0),DP (0,6)) "import" Nothing,DComment (DP (0,1),DP (0,24)) "Control.Concurrent.MVar" Nothing] [((G AnnImport),DP (0,0)),((G AnnVal),DP (0,1))])
    (ImportDecl 
     (Nothing) 
     ({ ../../hackage-packages/stateref-0.3/src/Data/MRef/Instances.hs:26:8-30
       }
      Nothing{ModuleName: Control.Concurrent.MVar}) 
     (Nothing) 
     (False) 
     (False) 
     (False) 
     (False) 
     (Nothing) 
     (Nothing))),
   ({ ../../hackage-packages/stateref-0.3/src/Data/MRef/Instances.hs:27:1-26
     }
    Just (Ann (DP (1,1)) (ColDelta 1) DP (1,1) [DComment (DP (0,-23),DP (0,-4)) "Control.Monad.Trans" Nothing] [((G AnnImport),DP (0,0)),((G AnnVal),DP (0,1))])
    (ImportDecl 
     (Nothing) 
     ({ ../../hackage-packages/stateref-0.3/src/Data/MRef/Instances.hs:27:8-26
       }
      Nothing{ModuleName: Control.Monad.Trans}) 
     (Nothing) 
     (False) 
     (False) 
     (False) 
     (False) 
     (Nothing) 
     (Nothing)))] 
  [
   ({ ../../hackage-packages/stateref-0.3/src/Data/MRef/Instances.hs:(31,1)-(33,41)
     }
    Just (Ann (DP (1,1)) (ColDelta 1) DP (4,1) [DComment (DP (1,1),DP (1,23)) "-- preferred instances" Nothing,DComment (DP (1,1),DP (1,20)) "-- MVar in IO monad" Nothing,DComment (DP (0,-19),DP (0,3)) "-- preferred instances" Nothing,DComment (DP (1,1),DP (1,1)) "" Nothing,DComment (DP (0,0),DP (0,8)) "instance" Nothing,DComment (DP (0,-8),DP (0,11)) "-- MVar in IO monad" Nothing,DComment (DP (0,-10),DP (0,-3)) "HasMRef" Nothing,DComment (DP (0,1),DP (0,3)) "IO" Nothing,DComment (DP (0,1),DP (0,6)) "where" Nothing] [((G AnnInstance),DP (0,0)),((AnnComment DComment (DP (0,-2),DP (0,-1)) "=" Nothing),DP (0,-2)),((AnnComment DComment (DP (0,1),DP (0,5)) "fmap" Nothing),DP (0,1)),((G AnnWhere),DP (0,1))])
    (InstD 
     (ClsInstD 
      (ClsInstDecl 
       ({ ../../hackage-packages/stateref-0.3/src/Data/MRef/Instances.hs:31:10-19
         }
        Just (Ann (DP (0,-2)) (ColDelta 10) DP (0,1) [DComment (DP (0,-4),DP (0,-4)) "" Nothing,DComment (DP (0,0),DP (0,7)) "newMRef" Nothing] [])
        (HsForAllTy 
         (Implicit) 
         (Nothing) 
         (HsQTvs 
          [] 
          []) 
         ({ <no location info> }
          Nothing
          []) 
         ({ ../../hackage-packages/stateref-0.3/src/Data/MRef/Instances.hs:31:10-19
           }
          Just (Ann (DP (0,-2)) (ColDelta 10) DP (0,1) [] [])
          (HsAppTy 
           ({ ../../hackage-packages/stateref-0.3/src/Data/MRef/Instances.hs:31:10-16
             }
            Just (Ann (DP (0,-2)) (ColDelta 10) DP (0,1) [] [((G AnnVal),DP (0,-2))])
            (HsTyVar 
             (Unqual {OccName: HasMRef}))) 
           ({ ../../hackage-packages/stateref-0.3/src/Data/MRef/Instances.hs:31:18-19
             }
            Just (Ann (DP (0,4)) (ColDelta 18) DP (0,1) [DComment (DP (0,-4),DP (0,-3)) "x" Nothing] [((G AnnVal),DP (0,0))])
            (HsTyVar 
             (Unqual {OccName: IO}))))))) {Bag(Located (HsBind RdrName)): 
       [
        ({ ../../hackage-packages/stateref-0.3/src/Data/MRef/Instances.hs:32:5-40
          }
         Just (Ann (DP (1,5)) (ColDelta 5) DP (1,5) [DComment (DP (0,-1),DP (0,3)) "MRef" Nothing,DComment (DP (0,1),DP (0,2)) "(" Nothing,DComment (DP (0,0),DP (0,7)) "newMVar" Nothing,DComment (DP (0,1),DP (0,2)) "x" Nothing,DComment (DP (0,0),DP (0,1)) ")" Nothing] [])
         (FunBind 
          ({ ../../hackage-packages/stateref-0.3/src/Data/MRef/Instances.hs:32:5-11
            }
           Just (Ann (DP (0,0)) (ColDelta 5) DP (0,0) [] [((G AnnVal),DP (0,0))])
           (Unqual {OccName: newMRef})) 
          (False) 
          (MG 
           [
            ({ ../../hackage-packages/stateref-0.3/src/Data/MRef/Instances.hs:32:5-40
              }
             Just (Ann (DP (0,0)) (ColDelta 5) DP (0,0) [] [((G AnnEqual),DP (0,4))])
             (Match 
              (Just 
               ((,) 
                ({ ../../hackage-packages/stateref-0.3/src/Data/MRef/Instances.hs:32:5-11
                  }
                 Just (Ann (DP (0,0)) (ColDelta 5) DP (0,0) [] [((G AnnVal),DP (0,0))])
                 (Unqual {OccName: newMRef})) 
                (False))) 
              [
               ({ ../../hackage-packages/stateref-0.3/src/Data/MRef/Instances.hs:32:13
                 }
                Just (Ann (DP (0,-4)) (ColDelta 13) DP (0,1) [DComment (DP (0,-7),DP (0,5)) "newEmptyMRef" Nothing] [((G AnnVal),DP (0,-4))])
                (VarPat 
                 (Unqual {OccName: x})))] 
              (Nothing) 
              (GRHSs 
               [
                ({ ../../hackage-packages/stateref-0.3/src/Data/MRef/Instances.hs:32:18-40
                  }
                 Just (Ann (DP (0,-1)) (ColDelta 18) DP (0,-1) [] [])
                 (GRHS 
                  [] 
                  ({ ../../hackage-packages/stateref-0.3/src/Data/MRef/Instances.hs:32:20-40
                    }
                   Just (Ann (DP (0,1)) (ColDelta 20) DP (0,1) [] [])
                   (HsApp 
                    ({ ../../hackage-packages/stateref-0.3/src/Data/MRef/Instances.hs:32:20-28
                      }
                     Just (Ann (DP (0,0)) (ColDelta 20) DP (0,0) [] [])
                     (HsApp 
                      ({ ../../hackage-packages/stateref-0.3/src/Data/MRef/Instances.hs:32:20-23
                        }
                       Just (Ann (DP (0,0)) (ColDelta 20) DP (0,0) [] [((G AnnVal),DP (0,0))])
                       (HsVar 
                        (Unqual {OccName: fmap}))) 
                      ({ ../../hackage-packages/stateref-0.3/src/Data/MRef/Instances.hs:32:25-28
                        }
                       Just (Ann (DP (0,1)) (ColDelta 25) DP (0,1) [] [((G AnnVal),DP (0,0))])
                       (HsVar 
                        (Unqual {OccName: MRef}))))) 
                    ({ ../../hackage-packages/stateref-0.3/src/Data/MRef/Instances.hs:32:30-40
                      }
                     Just (Ann (DP (0,1)) (ColDelta 30) DP (0,1) [] [((G AnnOpenP),DP (0,0)),((G AnnCloseP),DP (0,0))])
                     (HsPar 
                      ({ ../../hackage-packages/stateref-0.3/src/Data/MRef/Instances.hs:32:31-39
                        }
                       Just (Ann (DP (0,0)) (ColDelta 31) DP (0,0) [] [])
                       (HsApp 
                        ({ ../../hackage-packages/stateref-0.3/src/Data/MRef/Instances.hs:32:31-37
                          }
                         Just (Ann (DP (0,0)) (ColDelta 31) DP (0,0) [] [((AnnComment DComment (DP (0,-1),DP (0,11)) "newEmptyMVar" Nothing),DP (0,-1)),((G AnnVal),DP (0,0))])
                         (HsVar 
                          (Unqual {OccName: newMVar}))) 
                        ({ ../../hackage-packages/stateref-0.3/src/Data/MRef/Instances.hs:32:39
                          }
                         Just (Ann (DP (0,1)) (ColDelta 39) DP (0,1) [] [((G AnnVal),DP (0,0))])
                         (HsVar 
                          (Unqual {OccName: x})))))))))))] 
               (EmptyLocalBinds))))] 
           [] 
           (PlaceHolder) 
           (FromSource)) 
          (WpHole) 
          (PlaceHolder) 
          [])),
        ({ ../../hackage-packages/stateref-0.3/src/Data/MRef/Instances.hs:33:5-41
          }
         Just (Ann (DP (0,-4)) (ColDelta 5) DP (1,5) [DComment (DP (1,1),DP (1,1)) "" Nothing,DComment (DP (0,0),DP (0,0)) "" Nothing,DComment (DP (0,0),DP (0,8)) "instance" Nothing] [])
         (FunBind 
          ({ ../../hackage-packages/stateref-0.3/src/Data/MRef/Instances.hs:33:5-16
            }
           Just (Ann (DP (0,-4)) (ColDelta 5) DP (1,5) [] [((G AnnVal),DP (0,-4))])
           (Unqual {OccName: newEmptyMRef})) 
          (False) 
          (MG 
           [
            ({ ../../hackage-packages/stateref-0.3/src/Data/MRef/Instances.hs:33:5-41
              }
             Just (Ann (DP (0,-4)) (ColDelta 5) DP (1,5) [] [((AnnComment DComment (DP (0,-7),DP (0,0)) "MonadIO" Nothing),DP (0,-7)),((G AnnEqual),DP (0,1))])
             (Match 
              (Just 
               ((,) 
                ({ ../../hackage-packages/stateref-0.3/src/Data/MRef/Instances.hs:33:5-16
                  }
                 Just (Ann (DP (0,-4)) (ColDelta 5) DP (1,5) [] [((G AnnVal),DP (0,-4))])
                 (Unqual {OccName: newEmptyMRef})) 
                (False))) 
              [] 
              (Nothing) 
              (GRHSs 
               [
                ({ ../../hackage-packages/stateref-0.3/src/Data/MRef/Instances.hs:33:18-41
                  }
                 Just (Ann (DP (0,-1)) (ColDelta 18) DP (0,-1) [] [])
                 (GRHS 
                  [] 
                  ({ ../../hackage-packages/stateref-0.3/src/Data/MRef/Instances.hs:33:20-41
                    }
                   Just (Ann (DP (0,1)) (ColDelta 20) DP (0,1) [] [])
                   (HsApp 
                    ({ ../../hackage-packages/stateref-0.3/src/Data/MRef/Instances.hs:33:20-28
                      }
                     Just (Ann (DP (0,0)) (ColDelta 20) DP (0,0) [] [])
                     (HsApp 
                      ({ ../../hackage-packages/stateref-0.3/src/Data/MRef/Instances.hs:33:20-23
                        }
                       Just (Ann (DP (0,0)) (ColDelta 20) DP (0,0) [] [((G AnnVal),DP (0,0))])
                       (HsVar 
                        (Unqual {OccName: fmap}))) 
                      ({ ../../hackage-packages/stateref-0.3/src/Data/MRef/Instances.hs:33:25-28
                        }
                       Just (Ann (DP (0,-5)) (ColDelta 25) DP (0,1) [DComment (DP (0,-4),DP (0,-2)) "=>" Nothing,DComment (DP (0,1),DP (0,8)) "NewMRef" Nothing] [((G AnnVal),DP (0,-5))])
                       (HsVar 
                        (Unqual {OccName: MRef}))))) 
                    ({ ../../hackage-packages/stateref-0.3/src/Data/MRef/Instances.hs:33:30-41
                      }
                     Just (Ann (DP (0,1)) (ColDelta 30) DP (0,1) [] [((G AnnVal),DP (0,0))])
                     (HsVar 
                      (Unqual {OccName: newEmptyMVar})))))))] 
               (EmptyLocalBinds))))] 
           [] 
           (PlaceHolder) 
           (FromSource)) 
          (WpHole) 
          (PlaceHolder) 
          []))]} 
       [] 
       [] 
       [] 
       (Nothing))))),
   ({ ../../hackage-packages/stateref-0.3/src/Data/MRef/Instances.hs:(34,1)-(36,44)
     }
    Just (Ann (DP (1,1)) (ColDelta 1) DP (1,1) [DComment (DP (0,-11),DP (0,-10)) "(" Nothing,DComment (DP (0,0),DP (0,4)) "MVar" Nothing,DComment (DP (0,1),DP (0,2)) "a" Nothing,DComment (DP (0,0),DP (0,1)) ")" Nothing,DComment (DP (0,1),DP (0,2)) "m" Nothing,DComment (DP (0,1),DP (0,2)) "a" Nothing,DComment (DP (0,1),DP (0,6)) "where" Nothing] [((G AnnInstance),DP (0,0)),((G AnnWhere),DP (0,1))])
    (InstD 
     (ClsInstD 
      (ClsInstDecl 
       ({ ../../hackage-packages/stateref-0.3/src/Data/MRef/Instances.hs:34:10-42
         }
        Just (Ann (DP (0,-8)) (ColDelta 10) DP (0,1) [DComment (DP (0,-4),DP (0,-4)) "" Nothing,DComment (DP (0,0),DP (0,13)) "newMReference" Nothing] [])
        (HsForAllTy 
         (Implicit) 
         (Nothing) 
         (HsQTvs 
          [] 
          []) 
         ({ ../../hackage-packages/stateref-0.3/src/Data/MRef/Instances.hs:34:10-18
           }
          Just (Ann (DP (0,-8)) (ColDelta 10) DP (0,1) [] [((AnnComment DComment (DP (0,0),DP (0,1)) "=" Nothing),DP (0,0)),((G AnnDarrow),DP (0,1))])
          [
           ({ ../../hackage-packages/stateref-0.3/src/Data/MRef/Instances.hs:34:10-18
             }
            Just (Ann (DP (0,-8)) (ColDelta 10) DP (0,1) [] [])
            (HsAppTy 
             ({ ../../hackage-packages/stateref-0.3/src/Data/MRef/Instances.hs:34:10-16
               }
              Just (Ann (DP (0,-8)) (ColDelta 10) DP (0,1) [] [((G AnnVal),DP (0,-8))])
              (HsTyVar 
               (Unqual {OccName: MonadIO}))) 
             ({ ../../hackage-packages/stateref-0.3/src/Data/MRef/Instances.hs:34:18
               }
              Just (Ann (DP (0,1)) (ColDelta 18) DP (0,1) [] [((G AnnVal),DP (0,0))])
              (HsTyVar 
               (Unqual {OccName: m})))))]) 
         ({ ../../hackage-packages/stateref-0.3/src/Data/MRef/Instances.hs:34:23-42
           }
          Just (Ann (DP (0,-4)) (ColDelta 23) DP (0,1) [DComment (DP (0,-1),DP (0,5)) "liftIO" Nothing] [])
          (HsAppTy 
           ({ ../../hackage-packages/stateref-0.3/src/Data/MRef/Instances.hs:34:23-40
             }
            Just (Ann (DP (0,-4)) (ColDelta 23) DP (0,1) [] [])
            (HsAppTy 
             ({ ../../hackage-packages/stateref-0.3/src/Data/MRef/Instances.hs:34:23-38
               }
              Just (Ann (DP (0,-4)) (ColDelta 23) DP (0,1) [] [])
              (HsAppTy 
               ({ ../../hackage-packages/stateref-0.3/src/Data/MRef/Instances.hs:34:23-29
                 }
                Just (Ann (DP (0,-4)) (ColDelta 23) DP (0,1) [] [((G AnnVal),DP (0,-4))])
                (HsTyVar 
                 (Unqual {OccName: NewMRef}))) 
               ({ ../../hackage-packages/stateref-0.3/src/Data/MRef/Instances.hs:34:31-38
                 }
                Just (Ann (DP (0,-6)) (ColDelta 31) DP (0,1) [DComment (DP (0,-2),DP (0,-1)) "." Nothing,DComment (DP (0,1),DP (0,8)) "newMVar" Nothing] [((G AnnOpenP),DP (0,-6)),((G AnnCloseP),DP (0,0))])
                (HsParTy 
                 ({ ../../hackage-packages/stateref-0.3/src/Data/MRef/Instances.hs:34:32-37
                   }
                  Just (Ann (DP (0,0)) (ColDelta 32) DP (0,0) [] [])
                  (HsAppTy 
                   ({ ../../hackage-packages/stateref-0.3/src/Data/MRef/Instances.hs:34:32-35
                     }
                    Just (Ann (DP (0,0)) (ColDelta 32) DP (0,0) [] [((G AnnVal),DP (0,0))])
                    (HsTyVar 
                     (Unqual {OccName: MVar}))) 
                   ({ ../../hackage-packages/stateref-0.3/src/Data/MRef/Instances.hs:34:37
                     }
                    Just (Ann (DP (0,1)) (ColDelta 37) DP (0,1) [] [((G AnnVal),DP (0,0))])
                    (HsTyVar 
                     (Unqual {OccName: a}))))))))) 
             ({ ../../hackage-packages/stateref-0.3/src/Data/MRef/Instances.hs:34:40
               }
              Just (Ann (DP (0,1)) (ColDelta 40) DP (0,1) [] [((G AnnVal),DP (0,0))])
              (HsTyVar 
               (Unqual {OccName: m}))))) 
           ({ ../../hackage-packages/stateref-0.3/src/Data/MRef/Instances.hs:34:42
             }
            Just (Ann (DP (0,1)) (ColDelta 42) DP (0,1) [] [((G AnnVal),DP (0,0))])
            (HsTyVar 
             (Unqual {OccName: a}))))))) {Bag(Located (HsBind RdrName)): 
       [
        ({ ../../hackage-packages/stateref-0.3/src/Data/MRef/Instances.hs:35:5-36
          }
         Just (Ann (DP (1,5)) (ColDelta 5) DP (1,5) [] [])
         (FunBind 
          ({ ../../hackage-packages/stateref-0.3/src/Data/MRef/Instances.hs:35:5-17
            }
           Just (Ann (DP (0,0)) (ColDelta 5) DP (0,0) [] [((G AnnVal),DP (0,0))])
           (Unqual {OccName: newMReference})) 
          (False) 
          (MG 
           [
            ({ ../../hackage-packages/stateref-0.3/src/Data/MRef/Instances.hs:35:5-36
              }
             Just (Ann (DP (0,0)) (ColDelta 5) DP (0,0) [] [((AnnComment DComment (DP (0,-13),DP (0,5)) "newEmptyMReference" Nothing),DP (0,-13)),((G AnnEqual),DP (0,1))])
             (Match 
              (Just 
               ((,) 
                ({ ../../hackage-packages/stateref-0.3/src/Data/MRef/Instances.hs:35:5-17
                  }
                 Just (Ann (DP (0,0)) (ColDelta 5) DP (0,0) [] [((G AnnVal),DP (0,0))])
                 (Unqual {OccName: newMReference})) 
                (False))) 
              [] 
              (Nothing) 
              (GRHSs 
               [
                ({ ../../hackage-packages/stateref-0.3/src/Data/MRef/Instances.hs:35:19-36
                  }
                 Just (Ann (DP (0,-1)) (ColDelta 19) DP (0,-1) [] [])
                 (GRHS 
                  [] 
                  ({ ../../hackage-packages/stateref-0.3/src/Data/MRef/Instances.hs:35:21-36
                    }
                   Just (Ann (DP (0,1)) (ColDelta 21) DP (0,1) [] [])
                   (OpApp 
                    ({ ../../hackage-packages/stateref-0.3/src/Data/MRef/Instances.hs:35:21-26
                      }
                     Just (Ann (DP (0,0)) (ColDelta 21) DP (0,0) [] [((G AnnVal),DP (0,0))])
                     (HsVar 
                      (Unqual {OccName: liftIO}))) 
                    ({ ../../hackage-packages/stateref-0.3/src/Data/MRef/Instances.hs:35:28
                      }
                     Just (Ann (DP (0,-4)) (ColDelta 28) DP (0,1) [DComment (DP (0,-3),DP (0,-2)) "=" Nothing,DComment (DP (0,1),DP (0,7)) "liftIO" Nothing] [((G AnnVal),DP (0,-4))])
                     (HsVar 
                      (Unqual {OccName: .}))) 
                    (PlaceHolder) 
                    ({ ../../hackage-packages/stateref-0.3/src/Data/MRef/Instances.hs:35:30-36
                      }
                     Just (Ann (DP (0,1)) (ColDelta 30) DP (0,1) [] [((G AnnVal),DP (0,0))])
                     (HsVar 
                      (Unqual {OccName: newMVar})))))))] 
               (EmptyLocalBinds))))] 
           [] 
           (PlaceHolder) 
           (FromSource)) 
          (WpHole) 
          (PlaceHolder) 
          [])),
        ({ ../../hackage-packages/stateref-0.3/src/Data/MRef/Instances.hs:36:5-44
          }
         Just (Ann (DP (0,-4)) (ColDelta 5) DP (1,5) [DComment (DP (0,-4),DP (0,8)) "newEmptyMVar" Nothing,DComment (DP (1,1),DP (1,1)) "" Nothing,DComment (DP (0,0),DP (0,0)) "" Nothing,DComment (DP (0,0),DP (0,8)) "instance" Nothing] [])
         (FunBind 
          ({ ../../hackage-packages/stateref-0.3/src/Data/MRef/Instances.hs:36:5-22
            }
           Just (Ann (DP (0,-4)) (ColDelta 5) DP (1,5) [] [((G AnnVal),DP (0,-4))])
           (Unqual {OccName: newEmptyMReference})) 
          (False) 
          (MG 
           [
            ({ ../../hackage-packages/stateref-0.3/src/Data/MRef/Instances.hs:36:5-44
              }
             Just (Ann (DP (0,-4)) (ColDelta 5) DP (1,5) [] [((AnnComment DComment (DP (0,-13),DP (0,-6)) "MonadIO" Nothing),DP (0,-13)),((AnnComment DComment (DP (0,1),DP (0,2)) "m" Nothing),DP (0,1)),((AnnComment DComment (DP (0,1),DP (0,3)) "=>" Nothing),DP (0,1)),((AnnComment DComment (DP (0,1),DP (0,9)) "TakeMRef" Nothing),DP (0,1)),((G AnnEqual),DP (0,1))])
             (Match 
              (Just 
               ((,) 
                ({ ../../hackage-packages/stateref-0.3/src/Data/MRef/Instances.hs:36:5-22
                  }
                 Just (Ann (DP (0,-4)) (ColDelta 5) DP (1,5) [] [((G AnnVal),DP (0,-4))])
                 (Unqual {OccName: newEmptyMReference})) 
                (False))) 
              [] 
              (Nothing) 
              (GRHSs 
               [
                ({ ../../hackage-packages/stateref-0.3/src/Data/MRef/Instances.hs:36:24-44
                  }
                 Just (Ann (DP (0,-1)) (ColDelta 24) DP (0,-1) [] [])
                 (GRHS 
                  [] 
                  ({ ../../hackage-packages/stateref-0.3/src/Data/MRef/Instances.hs:36:26-44
                    }
                   Just (Ann (DP (0,1)) (ColDelta 26) DP (0,1) [] [])
                   (HsApp 
                    ({ ../../hackage-packages/stateref-0.3/src/Data/MRef/Instances.hs:36:26-31
                      }
                     Just (Ann (DP (0,0)) (ColDelta 26) DP (0,0) [] [((G AnnVal),DP (0,0))])
                     (HsVar 
                      (Unqual {OccName: liftIO}))) 
                    ({ ../../hackage-packages/stateref-0.3/src/Data/MRef/Instances.hs:36:33-44
                      }
                     Just (Ann (DP (0,0)) (ColDelta 33) DP (0,1) [DComment (DP (0,0),DP (0,1)) "(" Nothing] [((G AnnVal),DP (0,0))])
                     (HsVar 
                      (Unqual {OccName: newEmptyMVar})))))))] 
               (EmptyLocalBinds))))] 
           [] 
           (PlaceHolder) 
           (FromSource)) 
          (WpHole) 
          (PlaceHolder) 
          []))]} 
       [] 
       [] 
       [] 
       (Nothing))))),
   ({ ../../hackage-packages/stateref-0.3/src/Data/MRef/Instances.hs:(37,1)-(38,38)
     }
    Just (Ann (DP (1,1)) (ColDelta 1) DP (1,1) [DComment (DP (0,-12),DP (0,-8)) "MVar" Nothing,DComment (DP (0,1),DP (0,2)) "a" Nothing,DComment (DP (0,0),DP (0,1)) ")" Nothing,DComment (DP (0,1),DP (0,2)) "m" Nothing,DComment (DP (0,1),DP (0,2)) "a" Nothing,DComment (DP (0,1),DP (0,6)) "where" Nothing] [((G AnnInstance),DP (0,0)),((G AnnWhere),DP (0,1))])
    (InstD 
     (ClsInstD 
      (ClsInstDecl 
       ({ ../../hackage-packages/stateref-0.3/src/Data/MRef/Instances.hs:37:10-43
         }
        Just (Ann (DP (0,-9)) (ColDelta 10) DP (0,1) [DComment (DP (0,-4),DP (0,-4)) "" Nothing,DComment (DP (0,0),DP (0,14)) "takeMReference" Nothing] [])
        (HsForAllTy 
         (Implicit) 
         (Nothing) 
         (HsQTvs 
          [] 
          []) 
         ({ ../../hackage-packages/stateref-0.3/src/Data/MRef/Instances.hs:37:10-18
           }
          Just (Ann (DP (0,-9)) (ColDelta 10) DP (0,1) [] [((G AnnDarrow),DP (0,1))])
          [
           ({ ../../hackage-packages/stateref-0.3/src/Data/MRef/Instances.hs:37:10-18
             }
            Just (Ann (DP (0,-9)) (ColDelta 10) DP (0,1) [] [])
            (HsAppTy 
             ({ ../../hackage-packages/stateref-0.3/src/Data/MRef/Instances.hs:37:10-16
               }
              Just (Ann (DP (0,-9)) (ColDelta 10) DP (0,1) [] [((G AnnVal),DP (0,-9))])
              (HsTyVar 
               (Unqual {OccName: MonadIO}))) 
             ({ ../../hackage-packages/stateref-0.3/src/Data/MRef/Instances.hs:37:18
               }
              Just (Ann (DP (0,1)) (ColDelta 18) DP (0,1) [] [((G AnnVal),DP (0,0))])
              (HsTyVar 
               (Unqual {OccName: m})))))]) 
         ({ ../../hackage-packages/stateref-0.3/src/Data/MRef/Instances.hs:37:23-43
           }
          Just (Ann (DP (0,-5)) (ColDelta 23) DP (0,1) [DComment (DP (0,-2),DP (0,-1)) "=" Nothing,DComment (DP (0,1),DP (0,7)) "liftIO" Nothing] [])
          (HsAppTy 
           ({ ../../hackage-packages/stateref-0.3/src/Data/MRef/Instances.hs:37:23-41
             }
            Just (Ann (DP (0,-5)) (ColDelta 23) DP (0,1) [] [])
            (HsAppTy 
             ({ ../../hackage-packages/stateref-0.3/src/Data/MRef/Instances.hs:37:23-39
               }
              Just (Ann (DP (0,-5)) (ColDelta 23) DP (0,1) [] [])
              (HsAppTy 
               ({ ../../hackage-packages/stateref-0.3/src/Data/MRef/Instances.hs:37:23-30
                 }
                Just (Ann (DP (0,-5)) (ColDelta 23) DP (0,1) [] [((G AnnVal),DP (0,-5))])
                (HsTyVar 
                 (Unqual {OccName: TakeMRef}))) 
               ({ ../../hackage-packages/stateref-0.3/src/Data/MRef/Instances.hs:37:32-39
                 }
                Just (Ann (DP (0,-7)) (ColDelta 32) DP (0,1) [DComment (DP (0,-2),DP (0,-1)) "." Nothing,DComment (DP (0,1),DP (0,9)) "takeMVar" Nothing] [((G AnnOpenP),DP (0,-7)),((G AnnCloseP),DP (0,0))])
                (HsParTy 
                 ({ ../../hackage-packages/stateref-0.3/src/Data/MRef/Instances.hs:37:33-38
                   }
                  Just (Ann (DP (0,0)) (ColDelta 33) DP (0,0) [] [])
                  (HsAppTy 
                   ({ ../../hackage-packages/stateref-0.3/src/Data/MRef/Instances.hs:37:33-36
                     }
                    Just (Ann (DP (0,0)) (ColDelta 33) DP (0,0) [] [((G AnnVal),DP (0,0))])
                    (HsTyVar 
                     (Unqual {OccName: MVar}))) 
                   ({ ../../hackage-packages/stateref-0.3/src/Data/MRef/Instances.hs:37:38
                     }
                    Just (Ann (DP (0,1)) (ColDelta 38) DP (0,1) [] [((G AnnVal),DP (0,0))])
                    (HsTyVar 
                     (Unqual {OccName: a}))))))))) 
             ({ ../../hackage-packages/stateref-0.3/src/Data/MRef/Instances.hs:37:41
               }
              Just (Ann (DP (0,1)) (ColDelta 41) DP (0,1) [] [((G AnnVal),DP (0,0))])
              (HsTyVar 
               (Unqual {OccName: m}))))) 
           ({ ../../hackage-packages/stateref-0.3/src/Data/MRef/Instances.hs:37:43
             }
            Just (Ann (DP (0,1)) (ColDelta 43) DP (0,1) [] [((G AnnVal),DP (0,0))])
            (HsTyVar 
             (Unqual {OccName: a}))))))) {Bag(Located (HsBind RdrName)): 
       [
        ({ ../../hackage-packages/stateref-0.3/src/Data/MRef/Instances.hs:38:5-38
          }
         Just (Ann (DP (0,-4)) (ColDelta 5) DP (1,5) [DComment (DP (1,1),DP (1,1)) "" Nothing,DComment (DP (0,0),DP (0,0)) "" Nothing,DComment (DP (0,0),DP (0,8)) "instance" Nothing] [])
         (FunBind 
          ({ ../../hackage-packages/stateref-0.3/src/Data/MRef/Instances.hs:38:5-18
            }
           Just (Ann (DP (0,-4)) (ColDelta 5) DP (1,5) [] [((G AnnVal),DP (0,-4))])
           (Unqual {OccName: takeMReference})) 
          (False) 
          (MG 
           [
            ({ ../../hackage-packages/stateref-0.3/src/Data/MRef/Instances.hs:38:5-38
              }
             Just (Ann (DP (0,-4)) (ColDelta 5) DP (1,5) [] [((AnnComment DComment (DP (0,-9),DP (0,-2)) "MonadIO" Nothing),DP (0,-9)),((AnnComment DComment (DP (0,1),DP (0,2)) "m" Nothing),DP (0,1)),((G AnnEqual),DP (0,1))])
             (Match 
              (Just 
               ((,) 
                ({ ../../hackage-packages/stateref-0.3/src/Data/MRef/Instances.hs:38:5-18
                  }
                 Just (Ann (DP (0,-4)) (ColDelta 5) DP (1,5) [] [((G AnnVal),DP (0,-4))])
                 (Unqual {OccName: takeMReference})) 
                (False))) 
              [] 
              (Nothing) 
              (GRHSs 
               [
                ({ ../../hackage-packages/stateref-0.3/src/Data/MRef/Instances.hs:38:20-38
                  }
                 Just (Ann (DP (0,-1)) (ColDelta 20) DP (0,-1) [] [])
                 (GRHS 
                  [] 
                  ({ ../../hackage-packages/stateref-0.3/src/Data/MRef/Instances.hs:38:22-38
                    }
                   Just (Ann (DP (0,0)) (ColDelta 22) DP (0,1) [DComment (DP (0,-1),DP (0,1)) "=>" Nothing] [])
                   (OpApp 
                    ({ ../../hackage-packages/stateref-0.3/src/Data/MRef/Instances.hs:38:22-27
                      }
                     Just (Ann (DP (0,0)) (ColDelta 22) DP (0,1) [] [((G AnnVal),DP (0,0))])
                     (HsVar 
                      (Unqual {OccName: liftIO}))) 
                    ({ ../../hackage-packages/stateref-0.3/src/Data/MRef/Instances.hs:38:29
                      }
                     Just (Ann (DP (0,-1)) (ColDelta 29) DP (0,1) [DComment (DP (0,-5),DP (0,2)) "PutMRef" Nothing] [((G AnnVal),DP (0,-1))])
                     (HsVar 
                      (Unqual {OccName: .}))) 
                    (PlaceHolder) 
                    ({ ../../hackage-packages/stateref-0.3/src/Data/MRef/Instances.hs:38:31-38
                      }
                     Just (Ann (DP (0,1)) (ColDelta 31) DP (0,1) [] [((G AnnVal),DP (0,0))])
                     (HsVar 
                      (Unqual {OccName: takeMVar})))))))] 
               (EmptyLocalBinds))))] 
           [] 
           (PlaceHolder) 
           (FromSource)) 
          (WpHole) 
          (PlaceHolder) 
          []))]} 
       [] 
       [] 
       [] 
       (Nothing))))),
   ({ ../../hackage-packages/stateref-0.3/src/Data/MRef/Instances.hs:(39,1)-(40,40)
     }
    Just (Ann (DP (1,1)) (ColDelta 1) DP (1,1) [DComment (DP (0,-8),DP (0,-7)) "(" Nothing,DComment (DP (0,0),DP (0,4)) "MVar" Nothing,DComment (DP (0,1),DP (0,2)) "a" Nothing,DComment (DP (0,0),DP (0,1)) ")" Nothing,DComment (DP (0,1),DP (0,2)) "m" Nothing,DComment (DP (0,1),DP (0,2)) "a" Nothing,DComment (DP (0,1),DP (0,6)) "where" Nothing] [((G AnnInstance),DP (0,0)),((G AnnWhere),DP (0,1))])
    (InstD 
     (ClsInstD 
      (ClsInstDecl 
       ({ ../../hackage-packages/stateref-0.3/src/Data/MRef/Instances.hs:39:10-42
         }
        Just (Ann (DP (0,-8)) (ColDelta 10) DP (0,1) [DComment (DP (0,-4),DP (0,-4)) "" Nothing,DComment (DP (0,0),DP (0,13)) "putMReference" Nothing] [])
        (HsForAllTy 
         (Implicit) 
         (Nothing) 
         (HsQTvs 
          [] 
          []) 
         ({ ../../hackage-packages/stateref-0.3/src/Data/MRef/Instances.hs:39:10-18
           }
          Just (Ann (DP (0,-8)) (ColDelta 10) DP (0,1) [] [((AnnComment DComment (DP (0,0),DP (0,1)) "r" Nothing),DP (0,0)),((G AnnDarrow),DP (0,1))])
          [
           ({ ../../hackage-packages/stateref-0.3/src/Data/MRef/Instances.hs:39:10-18
             }
            Just (Ann (DP (0,-8)) (ColDelta 10) DP (0,1) [] [])
            (HsAppTy 
             ({ ../../hackage-packages/stateref-0.3/src/Data/MRef/Instances.hs:39:10-16
               }
              Just (Ann (DP (0,-8)) (ColDelta 10) DP (0,1) [] [((G AnnVal),DP (0,-8))])
              (HsTyVar 
               (Unqual {OccName: MonadIO}))) 
             ({ ../../hackage-packages/stateref-0.3/src/Data/MRef/Instances.hs:39:18
               }
              Just (Ann (DP (0,1)) (ColDelta 18) DP (0,1) [] [((G AnnVal),DP (0,0))])
              (HsTyVar 
               (Unqual {OccName: m})))))]) 
         ({ ../../hackage-packages/stateref-0.3/src/Data/MRef/Instances.hs:39:23-42
           }
          Just (Ann (DP (0,1)) (ColDelta 23) DP (0,1) [DComment (DP (0,-1),DP (0,0)) "=" Nothing] [])
          (HsAppTy 
           ({ ../../hackage-packages/stateref-0.3/src/Data/MRef/Instances.hs:39:23-40
             }
            Just (Ann (DP (0,0)) (ColDelta 23) DP (0,0) [] [])
            (HsAppTy 
             ({ ../../hackage-packages/stateref-0.3/src/Data/MRef/Instances.hs:39:23-38
               }
              Just (Ann (DP (0,0)) (ColDelta 23) DP (0,0) [] [])
              (HsAppTy 
               ({ ../../hackage-packages/stateref-0.3/src/Data/MRef/Instances.hs:39:23-29
                 }
                Just (Ann (DP (0,0)) (ColDelta 23) DP (0,0) [] [((G AnnVal),DP (0,0))])
                (HsTyVar 
                 (Unqual {OccName: PutMRef}))) 
               ({ ../../hackage-packages/stateref-0.3/src/Data/MRef/Instances.hs:39:31-38
                 }
                Just (Ann (DP (0,0)) (ColDelta 31) DP (0,1) [DComment (DP (0,-7),DP (0,-1)) "liftIO" Nothing,DComment (DP (0,1),DP (0,2)) "." Nothing] [((G AnnOpenP),DP (0,0)),((G AnnCloseP),DP (0,0))])
                (HsParTy 
                 ({ ../../hackage-packages/stateref-0.3/src/Data/MRef/Instances.hs:39:32-37
                   }
                  Just (Ann (DP (0,0)) (ColDelta 32) DP (0,0) [] [])
                  (HsAppTy 
                   ({ ../../hackage-packages/stateref-0.3/src/Data/MRef/Instances.hs:39:32-35
                     }
                    Just (Ann (DP (0,0)) (ColDelta 32) DP (0,0) [] [((G AnnVal),DP (0,0))])
                    (HsTyVar 
                     (Unqual {OccName: MVar}))) 
                   ({ ../../hackage-packages/stateref-0.3/src/Data/MRef/Instances.hs:39:37
                     }
                    Just (Ann (DP (0,-2)) (ColDelta 37) DP (0,1) [DComment (DP (0,-4),DP (0,3)) "putMVar" Nothing] [((G AnnVal),DP (0,-2))])
                    (HsTyVar 
                     (Unqual {OccName: a}))))))))) 
             ({ ../../hackage-packages/stateref-0.3/src/Data/MRef/Instances.hs:39:40
               }
              Just (Ann (DP (0,1)) (ColDelta 40) DP (0,1) [] [((G AnnVal),DP (0,0))])
              (HsTyVar 
               (Unqual {OccName: m}))))) 
           ({ ../../hackage-packages/stateref-0.3/src/Data/MRef/Instances.hs:39:42
             }
            Just (Ann (DP (0,1)) (ColDelta 42) DP (0,1) [] [((G AnnVal),DP (0,0))])
            (HsTyVar 
             (Unqual {OccName: a}))))))) {Bag(Located (HsBind RdrName)): 
       [
        ({ ../../hackage-packages/stateref-0.3/src/Data/MRef/Instances.hs:40:5-40
          }
         Just (Ann (DP (0,4)) (ColDelta 5) DP (1,5) [DComment (DP (1,1),DP (1,1)) "" Nothing,DComment (DP (0,0),DP (0,0)) "" Nothing] [])
         (FunBind 
          ({ ../../hackage-packages/stateref-0.3/src/Data/MRef/Instances.hs:40:5-17
            }
           Just (Ann (DP (0,0)) (ColDelta 5) DP (0,0) [] [((G AnnVal),DP (0,0))])
           (Unqual {OccName: putMReference})) 
          (False) 
          (MG 
           [
            ({ ../../hackage-packages/stateref-0.3/src/Data/MRef/Instances.hs:40:5-40
              }
             Just (Ann (DP (0,0)) (ColDelta 5) DP (0,0) [] [((G AnnEqual),DP (0,1))])
             (Match 
              (Just 
               ((,) 
                ({ ../../hackage-packages/stateref-0.3/src/Data/MRef/Instances.hs:40:5-17
                  }
                 Just (Ann (DP (0,0)) (ColDelta 5) DP (0,0) [] [((G AnnVal),DP (0,0))])
                 (Unqual {OccName: putMReference})) 
                (False))) 
              [
               ({ ../../hackage-packages/stateref-0.3/src/Data/MRef/Instances.hs:40:19
                 }
                Just (Ann (DP (0,1)) (ColDelta 19) DP (0,1) [] [((G AnnVal),DP (0,0))])
                (VarPat 
                 (Unqual {OccName: r})))] 
              (Nothing) 
              (GRHSs 
               [
                ({ ../../hackage-packages/stateref-0.3/src/Data/MRef/Instances.hs:40:21-40
                  }
                 Just (Ann (DP (0,-1)) (ColDelta 21) DP (0,-1) [] [])
                 (GRHS 
                  [] 
                  ({ ../../hackage-packages/stateref-0.3/src/Data/MRef/Instances.hs:40:23-40
                    }
                   Just (Ann (DP (0,1)) (ColDelta 23) DP (0,1) [] [])
                   (OpApp 
                    ({ ../../hackage-packages/stateref-0.3/src/Data/MRef/Instances.hs:40:23-28
                      }
                     Just (Ann (DP (0,0)) (ColDelta 23) DP (0,0) [] [((G AnnVal),DP (0,0))])
                     (HsVar 
                      (Unqual {OccName: liftIO}))) 
                    ({ ../../hackage-packages/stateref-0.3/src/Data/MRef/Instances.hs:40:30
                      }
                     Just (Ann (DP (0,1)) (ColDelta 30) DP (0,1) [] [((G AnnVal),DP (0,0))])
                     (HsVar 
                      (Unqual {OccName: .}))) 
                    (PlaceHolder) 
                    ({ ../../hackage-packages/stateref-0.3/src/Data/MRef/Instances.hs:40:32-40
                      }
                     Just (Ann (DP (0,1)) (ColDelta 32) DP (0,1) [] [])
                     (HsApp 
                      ({ ../../hackage-packages/stateref-0.3/src/Data/MRef/Instances.hs:40:32-38
                        }
                       Just (Ann (DP (0,0)) (ColDelta 32) DP (0,0) [] [((G AnnVal),DP (0,0))])
                       (HsVar 
                        (Unqual {OccName: putMVar}))) 
                      ({ ../../hackage-packages/stateref-0.3/src/Data/MRef/Instances.hs:40:40
                        }
                       Just (Ann (DP (0,1)) (ColDelta 40) DP (0,1) [] [((G AnnVal),DP (0,0))])
                       (HsVar 
                        (Unqual {OccName: r})))))))))] 
               (EmptyLocalBinds))))] 
           [] 
           (PlaceHolder) 
           (FromSource)) 
          (WpHole) 
          (PlaceHolder) 
          []))]} 
       [] 
       [] 
       [] 
       (Nothing)))))] 
  (Nothing) 
  (Nothing)))
==============
[(AnnKey ../../hackage-packages/stateref-0.3/src/Data/MRef/Instances.hs:1:1 CN "HsModule" NotNeeded,
  (Ann (DP (0,0)) (ColDelta 1) DP (0,0) [] [((AnnComment DComment (DP (0,0),DP (4,6)) "{-# LANGUAGE\n        CPP,\n        MultiParamTypeClasses,\n        FlexibleInstances\n  #-}" Nothing),DP (0,0)),((AnnComment DComment (DP (2,1),DP (2,63)) "-- |This module exports no new symbols of its own.  It defines" Nothing),DP (2,1)),((AnnComment DComment (DP (1,1),DP (1,63)) "-- |This module exports no new symbols of its own.  It defines" Nothing),DP (1,1)),((AnnComment DComment (DP (0,-62),DP (0,11)) "--  basic class instances for creating, reading, and writing 'MVar's, and" Nothing),DP (0,-62)),((AnnComment DComment (DP (1,1),DP (1,23)) "--  re-exports 'MVar'." Nothing),DP (1,1)),((AnnComment DComment (DP (0,-22),DP (0,51)) "--  basic class instances for creating, reading, and writing 'MVar's, and" Nothing),DP (0,-22)),((AnnComment DComment (DP (1,1),DP (1,7)) "module" Nothing),DP (1,1)),((AnnComment DComment (DP (0,-6),DP (0,16)) "--  re-exports 'MVar'." Nothing),DP (0,-6)),((AnnComment DComment (DP (0,-15),DP (0,4)) "Data.MRef.Instances" Nothing),DP (0,-15)),((G AnnModule),DP (10,1)),((AnnComment DComment (DP (0,-2),DP (0,-1)) "(" Nothing),DP (0,-2)),((AnnComment DComment (DP (0,1),DP (0,5)) "MVar" Nothing),DP (0,1)),((G AnnVal),DP (0,1)),((G AnnWhere),DP (0,1)),((G AnnEofPos),DP (2,0))])),
 (AnnKey ../../hackage-packages/stateref-0.3/src/Data/MRef/Instances.hs:(12,5)-(18,5) CN "(:)" NotNeeded,
  (Ann (DP (1,5)) (ColDelta 5) DP (1,5) [] [((G AnnOpenP),DP (0,0)),((AnnComment DComment (DP (1,1),DP (1,13)) "#ifdef useSTM" Nothing),DP (1,1)),((AnnComment DComment (DP (1,5),DP (1,6)) "," Nothing),DP (1,5)),((AnnComment DComment (DP (0,1),DP (0,7)) "module" Nothing),DP (0,1)),((AnnComment DComment (DP (0,1),DP (0,24)) "Data.MRef.Instances.STM" Nothing),DP (0,1)),((AnnComment DComment (DP (1,1),DP (1,6)) "#endif" Nothing),DP (1,1)),((AnnComment DComment (DP (1,5),DP (1,6)) ")" Nothing),DP (1,5)),((AnnComment DComment (DP (0,1),DP (0,6)) "where" Nothing),DP (0,1)),((G AnnCloseP),DP (5,5))])),
 (AnnKey ../../hackage-packages/stateref-0.3/src/Data/MRef/Instances.hs:12:7-10 CN "IEThingAbs" NotNeeded,
  (Ann (DP (0,1)) (ColDelta 7) DP (0,1) [] [])),
 (AnnKey ../../hackage-packages/stateref-0.3/src/Data/MRef/Instances.hs:12:7-10 CN "Unqual" NotNeeded,
  (Ann (DP (0,0)) (ColDelta 7) DP (0,0) [] [((G AnnVal),DP (0,0)),((AnnComment DComment (DP (0,-4),DP (0,3)) "MonadIO" Nothing),DP (0,-4)),((AnnComment DComment (DP (0,0),DP (0,1)) "(" Nothing),DP (0,0)),((AnnComment DComment (DP (0,0),DP (0,2)) ".." Nothing),DP (0,0)),((AnnComment DComment (DP (0,0),DP (0,1)) ")" Nothing),DP (0,0)),((G AnnComma),DP (1,5))])),
 (AnnKey ../../hackage-packages/stateref-0.3/src/Data/MRef/Instances.hs:13:7-13 CN "Unqual" NotNeeded,
  (Ann (DP (0,0)) (ColDelta 7) DP (0,0) [] [((G AnnVal),DP (0,0))])),
 (AnnKey ../../hackage-packages/stateref-0.3/src/Data/MRef/Instances.hs:13:7-17 CN "IEThingAll" NotNeeded,
  (Ann (DP (0,1)) (ColDelta 7) DP (0,1) [] [((G AnnOpenP),DP (0,0)),((G AnnDotdot),DP (0,0)),((G AnnCloseP),DP (0,0))])),
 (AnnKey ../../hackage-packages/stateref-0.3/src/Data/MRef/Instances.hs:24:1-22 CN "ImportDecl" NotNeeded,
  (Ann (DP (1,1)) (ColDelta 1) DP (6,1) [DComment (DP (1,1),DP (1,13)) "#ifdef useSTM" Nothing,DComment (DP (1,1),DP (1,1)) "" Nothing,DComment (DP (0,0),DP (0,6)) "import" Nothing,DComment (DP (0,1),DP (0,24)) "Data.MRef.Instances.STM" Nothing,DComment (DP (1,1),DP (1,6)) "#endif" Nothing,DComment (DP (2,1),DP (2,1)) "" Nothing,DComment (DP (0,0),DP (0,6)) "import" Nothing,DComment (DP (0,1),DP (0,16)) "Data.MRef.Types" Nothing] [((G AnnImport),DP (0,0)),((G AnnVal),DP (0,1))])),
 (AnnKey ../../hackage-packages/stateref-0.3/src/Data/MRef/Instances.hs:26:1-30 CN "ImportDecl" NotNeeded,
  (Ann (DP (1,1)) (ColDelta 1) DP (2,1) [DComment (DP (1,1),DP (1,1)) "" Nothing,DComment (DP (0,0),DP (0,6)) "import" Nothing,DComment (DP (0,1),DP (0,24)) "Control.Concurrent.MVar" Nothing] [((G AnnImport),DP (0,0)),((G AnnVal),DP (0,1))])),
 (AnnKey ../../hackage-packages/stateref-0.3/src/Data/MRef/Instances.hs:27:1-26 CN "ImportDecl" NotNeeded,
  (Ann (DP (1,1)) (ColDelta 1) DP (1,1) [DComment (DP (0,-23),DP (0,-4)) "Control.Monad.Trans" Nothing] [((G AnnImport),DP (0,0)),((G AnnVal),DP (0,1))])),
 (AnnKey ../../hackage-packages/stateref-0.3/src/Data/MRef/Instances.hs:(31,1)-(33,41) CN "InstD" NotNeeded,
  (Ann (DP (1,1)) (ColDelta 1) DP (4,1) [DComment (DP (1,1),DP (1,23)) "-- preferred instances" Nothing,DComment (DP (1,1),DP (1,20)) "-- MVar in IO monad" Nothing,DComment (DP (0,-19),DP (0,3)) "-- preferred instances" Nothing,DComment (DP (1,1),DP (1,1)) "" Nothing,DComment (DP (0,0),DP (0,8)) "instance" Nothing,DComment (DP (0,-8),DP (0,11)) "-- MVar in IO monad" Nothing,DComment (DP (0,-10),DP (0,-3)) "HasMRef" Nothing,DComment (DP (0,1),DP (0,3)) "IO" Nothing,DComment (DP (0,1),DP (0,6)) "where" Nothing] [((G AnnInstance),DP (0,0)),((AnnComment DComment (DP (0,-2),DP (0,-1)) "=" Nothing),DP (0,-2)),((AnnComment DComment (DP (0,1),DP (0,5)) "fmap" Nothing),DP (0,1)),((G AnnWhere),DP (0,1))])),
 (AnnKey ../../hackage-packages/stateref-0.3/src/Data/MRef/Instances.hs:31:10-16 CN "HsTyVar" NotNeeded,
  (Ann (DP (0,-2)) (ColDelta 10) DP (0,1) [] [((G AnnVal),DP (0,-2))])),
 (AnnKey ../../hackage-packages/stateref-0.3/src/Data/MRef/Instances.hs:31:10-19 CN "HsAppTy" NotNeeded,
  (Ann (DP (0,-2)) (ColDelta 10) DP (0,1) [] [])),
 (AnnKey ../../hackage-packages/stateref-0.3/src/Data/MRef/Instances.hs:31:10-19 CN "HsForAllTy" NotNeeded,
  (Ann (DP (0,-2)) (ColDelta 10) DP (0,1) [DComment (DP (0,-4),DP (0,-4)) "" Nothing,DComment (DP (0,0),DP (0,7)) "newMRef" Nothing] [])),
 (AnnKey ../../hackage-packages/stateref-0.3/src/Data/MRef/Instances.hs:31:18-19 CN "HsTyVar" NotNeeded,
  (Ann (DP (0,4)) (ColDelta 18) DP (0,1) [DComment (DP (0,-4),DP (0,-3)) "x" Nothing] [((G AnnVal),DP (0,0))])),
 (AnnKey ../../hackage-packages/stateref-0.3/src/Data/MRef/Instances.hs:32:5-11 CN "Unqual" NotNeeded,
  (Ann (DP (0,0)) (ColDelta 5) DP (0,0) [] [((G AnnVal),DP (0,0))])),
 (AnnKey ../../hackage-packages/stateref-0.3/src/Data/MRef/Instances.hs:32:5-40 CN "FunBind" NotNeeded,
  (Ann (DP (1,5)) (ColDelta 5) DP (1,5) [DComment (DP (0,-1),DP (0,3)) "MRef" Nothing,DComment (DP (0,1),DP (0,2)) "(" Nothing,DComment (DP (0,0),DP (0,7)) "newMVar" Nothing,DComment (DP (0,1),DP (0,2)) "x" Nothing,DComment (DP (0,0),DP (0,1)) ")" Nothing] [])),
 (AnnKey ../../hackage-packages/stateref-0.3/src/Data/MRef/Instances.hs:32:5-40 CN "Match" NotNeeded,
  (Ann (DP (0,0)) (ColDelta 5) DP (0,0) [] [((G AnnEqual),DP (0,4))])),
 (AnnKey ../../hackage-packages/stateref-0.3/src/Data/MRef/Instances.hs:32:13 CN "VarPat" NotNeeded,
  (Ann (DP (0,-4)) (ColDelta 13) DP (0,1) [DComment (DP (0,-7),DP (0,5)) "newEmptyMRef" Nothing] [((G AnnVal),DP (0,-4))])),
 (AnnKey ../../hackage-packages/stateref-0.3/src/Data/MRef/Instances.hs:32:18-40 CN "GRHS" NotNeeded,
  (Ann (DP (0,-1)) (ColDelta 18) DP (0,-1) [] [])),
 (AnnKey ../../hackage-packages/stateref-0.3/src/Data/MRef/Instances.hs:32:20-23 CN "HsVar" NotNeeded,
  (Ann (DP (0,0)) (ColDelta 20) DP (0,0) [] [((G AnnVal),DP (0,0))])),
 (AnnKey ../../hackage-packages/stateref-0.3/src/Data/MRef/Instances.hs:32:20-28 CN "HsApp" NotNeeded,
  (Ann (DP (0,0)) (ColDelta 20) DP (0,0) [] [])),
 (AnnKey ../../hackage-packages/stateref-0.3/src/Data/MRef/Instances.hs:32:20-40 CN "HsApp" NotNeeded,
  (Ann (DP (0,1)) (ColDelta 20) DP (0,1) [] [])),
 (AnnKey ../../hackage-packages/stateref-0.3/src/Data/MRef/Instances.hs:32:25-28 CN "HsVar" NotNeeded,
  (Ann (DP (0,1)) (ColDelta 25) DP (0,1) [] [((G AnnVal),DP (0,0))])),
 (AnnKey ../../hackage-packages/stateref-0.3/src/Data/MRef/Instances.hs:32:30-40 CN "HsPar" NotNeeded,
  (Ann (DP (0,1)) (ColDelta 30) DP (0,1) [] [((G AnnOpenP),DP (0,0)),((G AnnCloseP),DP (0,0))])),
 (AnnKey ../../hackage-packages/stateref-0.3/src/Data/MRef/Instances.hs:32:31-37 CN "HsVar" NotNeeded,
  (Ann (DP (0,0)) (ColDelta 31) DP (0,0) [] [((AnnComment DComment (DP (0,-1),DP (0,11)) "newEmptyMVar" Nothing),DP (0,-1)),((G AnnVal),DP (0,0))])),
 (AnnKey ../../hackage-packages/stateref-0.3/src/Data/MRef/Instances.hs:32:31-39 CN "HsApp" NotNeeded,
  (Ann (DP (0,0)) (ColDelta 31) DP (0,0) [] [])),
 (AnnKey ../../hackage-packages/stateref-0.3/src/Data/MRef/Instances.hs:32:39 CN "HsVar" NotNeeded,
  (Ann (DP (0,1)) (ColDelta 39) DP (0,1) [] [((G AnnVal),DP (0,0))])),
 (AnnKey ../../hackage-packages/stateref-0.3/src/Data/MRef/Instances.hs:33:5-16 CN "Unqual" NotNeeded,
  (Ann (DP (0,-4)) (ColDelta 5) DP (1,5) [] [((G AnnVal),DP (0,-4))])),
 (AnnKey ../../hackage-packages/stateref-0.3/src/Data/MRef/Instances.hs:33:5-41 CN "FunBind" NotNeeded,
  (Ann (DP (0,-4)) (ColDelta 5) DP (1,5) [DComment (DP (1,1),DP (1,1)) "" Nothing,DComment (DP (0,0),DP (0,0)) "" Nothing,DComment (DP (0,0),DP (0,8)) "instance" Nothing] [])),
 (AnnKey ../../hackage-packages/stateref-0.3/src/Data/MRef/Instances.hs:33:5-41 CN "Match" NotNeeded,
  (Ann (DP (0,-4)) (ColDelta 5) DP (1,5) [] [((AnnComment DComment (DP (0,-7),DP (0,0)) "MonadIO" Nothing),DP (0,-7)),((G AnnEqual),DP (0,1))])),
 (AnnKey ../../hackage-packages/stateref-0.3/src/Data/MRef/Instances.hs:33:18-41 CN "GRHS" NotNeeded,
  (Ann (DP (0,-1)) (ColDelta 18) DP (0,-1) [] [])),
 (AnnKey ../../hackage-packages/stateref-0.3/src/Data/MRef/Instances.hs:33:20-23 CN "HsVar" NotNeeded,
  (Ann (DP (0,0)) (ColDelta 20) DP (0,0) [] [((G AnnVal),DP (0,0))])),
 (AnnKey ../../hackage-packages/stateref-0.3/src/Data/MRef/Instances.hs:33:20-28 CN "HsApp" NotNeeded,
  (Ann (DP (0,0)) (ColDelta 20) DP (0,0) [] [])),
 (AnnKey ../../hackage-packages/stateref-0.3/src/Data/MRef/Instances.hs:33:20-41 CN "HsApp" NotNeeded,
  (Ann (DP (0,1)) (ColDelta 20) DP (0,1) [] [])),
 (AnnKey ../../hackage-packages/stateref-0.3/src/Data/MRef/Instances.hs:33:25-28 CN "HsVar" NotNeeded,
  (Ann (DP (0,-5)) (ColDelta 25) DP (0,1) [DComment (DP (0,-4),DP (0,-2)) "=>" Nothing,DComment (DP (0,1),DP (0,8)) "NewMRef" Nothing] [((G AnnVal),DP (0,-5))])),
 (AnnKey ../../hackage-packages/stateref-0.3/src/Data/MRef/Instances.hs:33:30-41 CN "HsVar" NotNeeded,
  (Ann (DP (0,1)) (ColDelta 30) DP (0,1) [] [((G AnnVal),DP (0,0))])),
 (AnnKey ../../hackage-packages/stateref-0.3/src/Data/MRef/Instances.hs:(34,1)-(36,44) CN "InstD" NotNeeded,
  (Ann (DP (1,1)) (ColDelta 1) DP (1,1) [DComment (DP (0,-11),DP (0,-10)) "(" Nothing,DComment (DP (0,0),DP (0,4)) "MVar" Nothing,DComment (DP (0,1),DP (0,2)) "a" Nothing,DComment (DP (0,0),DP (0,1)) ")" Nothing,DComment (DP (0,1),DP (0,2)) "m" Nothing,DComment (DP (0,1),DP (0,2)) "a" Nothing,DComment (DP (0,1),DP (0,6)) "where" Nothing] [((G AnnInstance),DP (0,0)),((G AnnWhere),DP (0,1))])),
 (AnnKey ../../hackage-packages/stateref-0.3/src/Data/MRef/Instances.hs:34:10-16 CN "HsTyVar" NotNeeded,
  (Ann (DP (0,-8)) (ColDelta 10) DP (0,1) [] [((G AnnVal),DP (0,-8))])),
 (AnnKey ../../hackage-packages/stateref-0.3/src/Data/MRef/Instances.hs:34:10-18 CN "(:)" NotNeeded,
  (Ann (DP (0,-8)) (ColDelta 10) DP (0,1) [] [((AnnComment DComment (DP (0,0),DP (0,1)) "=" Nothing),DP (0,0)),((G AnnDarrow),DP (0,1))])),
 (AnnKey ../../hackage-packages/stateref-0.3/src/Data/MRef/Instances.hs:34:10-18 CN "HsAppTy" NotNeeded,
  (Ann (DP (0,-8)) (ColDelta 10) DP (0,1) [] [])),
 (AnnKey ../../hackage-packages/stateref-0.3/src/Data/MRef/Instances.hs:34:10-42 CN "HsForAllTy" NotNeeded,
  (Ann (DP (0,-8)) (ColDelta 10) DP (0,1) [DComment (DP (0,-4),DP (0,-4)) "" Nothing,DComment (DP (0,0),DP (0,13)) "newMReference" Nothing] [])),
 (AnnKey ../../hackage-packages/stateref-0.3/src/Data/MRef/Instances.hs:34:18 CN "HsTyVar" NotNeeded,
  (Ann (DP (0,1)) (ColDelta 18) DP (0,1) [] [((G AnnVal),DP (0,0))])),
 (AnnKey ../../hackage-packages/stateref-0.3/src/Data/MRef/Instances.hs:34:23-29 CN "HsTyVar" NotNeeded,
  (Ann (DP (0,-4)) (ColDelta 23) DP (0,1) [] [((G AnnVal),DP (0,-4))])),
 (AnnKey ../../hackage-packages/stateref-0.3/src/Data/MRef/Instances.hs:34:23-38 CN "HsAppTy" NotNeeded,
  (Ann (DP (0,-4)) (ColDelta 23) DP (0,1) [] [])),
 (AnnKey ../../hackage-packages/stateref-0.3/src/Data/MRef/Instances.hs:34:23-40 CN "HsAppTy" NotNeeded,
  (Ann (DP (0,-4)) (ColDelta 23) DP (0,1) [] [])),
 (AnnKey ../../hackage-packages/stateref-0.3/src/Data/MRef/Instances.hs:34:23-42 CN "HsAppTy" NotNeeded,
  (Ann (DP (0,-4)) (ColDelta 23) DP (0,1) [DComment (DP (0,-1),DP (0,5)) "liftIO" Nothing] [])),
 (AnnKey ../../hackage-packages/stateref-0.3/src/Data/MRef/Instances.hs:34:31-38 CN "HsParTy" NotNeeded,
  (Ann (DP (0,-6)) (ColDelta 31) DP (0,1) [DComment (DP (0,-2),DP (0,-1)) "." Nothing,DComment (DP (0,1),DP (0,8)) "newMVar" Nothing] [((G AnnOpenP),DP (0,-6)),((G AnnCloseP),DP (0,0))])),
 (AnnKey ../../hackage-packages/stateref-0.3/src/Data/MRef/Instances.hs:34:32-35 CN "HsTyVar" NotNeeded,
  (Ann (DP (0,0)) (ColDelta 32) DP (0,0) [] [((G AnnVal),DP (0,0))])),
 (AnnKey ../../hackage-packages/stateref-0.3/src/Data/MRef/Instances.hs:34:32-37 CN "HsAppTy" NotNeeded,
  (Ann (DP (0,0)) (ColDelta 32) DP (0,0) [] [])),
 (AnnKey ../../hackage-packages/stateref-0.3/src/Data/MRef/Instances.hs:34:37 CN "HsTyVar" NotNeeded,
  (Ann (DP (0,1)) (ColDelta 37) DP (0,1) [] [((G AnnVal),DP (0,0))])),
 (AnnKey ../../hackage-packages/stateref-0.3/src/Data/MRef/Instances.hs:34:40 CN "HsTyVar" NotNeeded,
  (Ann (DP (0,1)) (ColDelta 40) DP (0,1) [] [((G AnnVal),DP (0,0))])),
 (AnnKey ../../hackage-packages/stateref-0.3/src/Data/MRef/Instances.hs:34:42 CN "HsTyVar" NotNeeded,
  (Ann (DP (0,1)) (ColDelta 42) DP (0,1) [] [((G AnnVal),DP (0,0))])),
 (AnnKey ../../hackage-packages/stateref-0.3/src/Data/MRef/Instances.hs:35:5-17 CN "Unqual" NotNeeded,
  (Ann (DP (0,0)) (ColDelta 5) DP (0,0) [] [((G AnnVal),DP (0,0))])),
 (AnnKey ../../hackage-packages/stateref-0.3/src/Data/MRef/Instances.hs:35:5-36 CN "FunBind" NotNeeded,
  (Ann (DP (1,5)) (ColDelta 5) DP (1,5) [] [])),
 (AnnKey ../../hackage-packages/stateref-0.3/src/Data/MRef/Instances.hs:35:5-36 CN "Match" NotNeeded,
  (Ann (DP (0,0)) (ColDelta 5) DP (0,0) [] [((AnnComment DComment (DP (0,-13),DP (0,5)) "newEmptyMReference" Nothing),DP (0,-13)),((G AnnEqual),DP (0,1))])),
 (AnnKey ../../hackage-packages/stateref-0.3/src/Data/MRef/Instances.hs:35:19-36 CN "GRHS" NotNeeded,
  (Ann (DP (0,-1)) (ColDelta 19) DP (0,-1) [] [])),
 (AnnKey ../../hackage-packages/stateref-0.3/src/Data/MRef/Instances.hs:35:21-26 CN "HsVar" NotNeeded,
  (Ann (DP (0,0)) (ColDelta 21) DP (0,0) [] [((G AnnVal),DP (0,0))])),
 (AnnKey ../../hackage-packages/stateref-0.3/src/Data/MRef/Instances.hs:35:21-36 CN "OpApp" NotNeeded,
  (Ann (DP (0,1)) (ColDelta 21) DP (0,1) [] [])),
 (AnnKey ../../hackage-packages/stateref-0.3/src/Data/MRef/Instances.hs:35:28 CN "HsVar" NotNeeded,
  (Ann (DP (0,-4)) (ColDelta 28) DP (0,1) [DComment (DP (0,-3),DP (0,-2)) "=" Nothing,DComment (DP (0,1),DP (0,7)) "liftIO" Nothing] [((G AnnVal),DP (0,-4))])),
 (AnnKey ../../hackage-packages/stateref-0.3/src/Data/MRef/Instances.hs:35:30-36 CN "HsVar" NotNeeded,
  (Ann (DP (0,1)) (ColDelta 30) DP (0,1) [] [((G AnnVal),DP (0,0))])),
 (AnnKey ../../hackage-packages/stateref-0.3/src/Data/MRef/Instances.hs:36:5-22 CN "Unqual" NotNeeded,
  (Ann (DP (0,-4)) (ColDelta 5) DP (1,5) [] [((G AnnVal),DP (0,-4))])),
 (AnnKey ../../hackage-packages/stateref-0.3/src/Data/MRef/Instances.hs:36:5-44 CN "FunBind" NotNeeded,
  (Ann (DP (0,-4)) (ColDelta 5) DP (1,5) [DComment (DP (0,-4),DP (0,8)) "newEmptyMVar" Nothing,DComment (DP (1,1),DP (1,1)) "" Nothing,DComment (DP (0,0),DP (0,0)) "" Nothing,DComment (DP (0,0),DP (0,8)) "instance" Nothing] [])),
 (AnnKey ../../hackage-packages/stateref-0.3/src/Data/MRef/Instances.hs:36:5-44 CN "Match" NotNeeded,
  (Ann (DP (0,-4)) (ColDelta 5) DP (1,5) [] [((AnnComment DComment (DP (0,-13),DP (0,-6)) "MonadIO" Nothing),DP (0,-13)),((AnnComment DComment (DP (0,1),DP (0,2)) "m" Nothing),DP (0,1)),((AnnComment DComment (DP (0,1),DP (0,3)) "=>" Nothing),DP (0,1)),((AnnComment DComment (DP (0,1),DP (0,9)) "TakeMRef" Nothing),DP (0,1)),((G AnnEqual),DP (0,1))])),
 (AnnKey ../../hackage-packages/stateref-0.3/src/Data/MRef/Instances.hs:36:24-44 CN "GRHS" NotNeeded,
  (Ann (DP (0,-1)) (ColDelta 24) DP (0,-1) [] [])),
 (AnnKey ../../hackage-packages/stateref-0.3/src/Data/MRef/Instances.hs:36:26-31 CN "HsVar" NotNeeded,
  (Ann (DP (0,0)) (ColDelta 26) DP (0,0) [] [((G AnnVal),DP (0,0))])),
 (AnnKey ../../hackage-packages/stateref-0.3/src/Data/MRef/Instances.hs:36:26-44 CN "HsApp" NotNeeded,
  (Ann (DP (0,1)) (ColDelta 26) DP (0,1) [] [])),
 (AnnKey ../../hackage-packages/stateref-0.3/src/Data/MRef/Instances.hs:36:33-44 CN "HsVar" NotNeeded,
  (Ann (DP (0,0)) (ColDelta 33) DP (0,1) [DComment (DP (0,0),DP (0,1)) "(" Nothing] [((G AnnVal),DP (0,0))])),
 (AnnKey ../../hackage-packages/stateref-0.3/src/Data/MRef/Instances.hs:(37,1)-(38,38) CN "InstD" NotNeeded,
  (Ann (DP (1,1)) (ColDelta 1) DP (1,1) [DComment (DP (0,-12),DP (0,-8)) "MVar" Nothing,DComment (DP (0,1),DP (0,2)) "a" Nothing,DComment (DP (0,0),DP (0,1)) ")" Nothing,DComment (DP (0,1),DP (0,2)) "m" Nothing,DComment (DP (0,1),DP (0,2)) "a" Nothing,DComment (DP (0,1),DP (0,6)) "where" Nothing] [((G AnnInstance),DP (0,0)),((G AnnWhere),DP (0,1))])),
 (AnnKey ../../hackage-packages/stateref-0.3/src/Data/MRef/Instances.hs:37:10-16 CN "HsTyVar" NotNeeded,
  (Ann (DP (0,-9)) (ColDelta 10) DP (0,1) [] [((G AnnVal),DP (0,-9))])),
 (AnnKey ../../hackage-packages/stateref-0.3/src/Data/MRef/Instances.hs:37:10-18 CN "(:)" NotNeeded,
  (Ann (DP (0,-9)) (ColDelta 10) DP (0,1) [] [((G AnnDarrow),DP (0,1))])),
 (AnnKey ../../hackage-packages/stateref-0.3/src/Data/MRef/Instances.hs:37:10-18 CN "HsAppTy" NotNeeded,
  (Ann (DP (0,-9)) (ColDelta 10) DP (0,1) [] [])),
 (AnnKey ../../hackage-packages/stateref-0.3/src/Data/MRef/Instances.hs:37:10-43 CN "HsForAllTy" NotNeeded,
  (Ann (DP (0,-9)) (ColDelta 10) DP (0,1) [DComment (DP (0,-4),DP (0,-4)) "" Nothing,DComment (DP (0,0),DP (0,14)) "takeMReference" Nothing] [])),
 (AnnKey ../../hackage-packages/stateref-0.3/src/Data/MRef/Instances.hs:37:18 CN "HsTyVar" NotNeeded,
  (Ann (DP (0,1)) (ColDelta 18) DP (0,1) [] [((G AnnVal),DP (0,0))])),
 (AnnKey ../../hackage-packages/stateref-0.3/src/Data/MRef/Instances.hs:37:23-30 CN "HsTyVar" NotNeeded,
  (Ann (DP (0,-5)) (ColDelta 23) DP (0,1) [] [((G AnnVal),DP (0,-5))])),
 (AnnKey ../../hackage-packages/stateref-0.3/src/Data/MRef/Instances.hs:37:23-39 CN "HsAppTy" NotNeeded,
  (Ann (DP (0,-5)) (ColDelta 23) DP (0,1) [] [])),
 (AnnKey ../../hackage-packages/stateref-0.3/src/Data/MRef/Instances.hs:37:23-41 CN "HsAppTy" NotNeeded,
  (Ann (DP (0,-5)) (ColDelta 23) DP (0,1) [] [])),
 (AnnKey ../../hackage-packages/stateref-0.3/src/Data/MRef/Instances.hs:37:23-43 CN "HsAppTy" NotNeeded,
  (Ann (DP (0,-5)) (ColDelta 23) DP (0,1) [DComment (DP (0,-2),DP (0,-1)) "=" Nothing,DComment (DP (0,1),DP (0,7)) "liftIO" Nothing] [])),
 (AnnKey ../../hackage-packages/stateref-0.3/src/Data/MRef/Instances.hs:37:32-39 CN "HsParTy" NotNeeded,
  (Ann (DP (0,-7)) (ColDelta 32) DP (0,1) [DComment (DP (0,-2),DP (0,-1)) "." Nothing,DComment (DP (0,1),DP (0,9)) "takeMVar" Nothing] [((G AnnOpenP),DP (0,-7)),((G AnnCloseP),DP (0,0))])),
 (AnnKey ../../hackage-packages/stateref-0.3/src/Data/MRef/Instances.hs:37:33-36 CN "HsTyVar" NotNeeded,
  (Ann (DP (0,0)) (ColDelta 33) DP (0,0) [] [((G AnnVal),DP (0,0))])),
 (AnnKey ../../hackage-packages/stateref-0.3/src/Data/MRef/Instances.hs:37:33-38 CN "HsAppTy" NotNeeded,
  (Ann (DP (0,0)) (ColDelta 33) DP (0,0) [] [])),
 (AnnKey ../../hackage-packages/stateref-0.3/src/Data/MRef/Instances.hs:37:38 CN "HsTyVar" NotNeeded,
  (Ann (DP (0,1)) (ColDelta 38) DP (0,1) [] [((G AnnVal),DP (0,0))])),
 (AnnKey ../../hackage-packages/stateref-0.3/src/Data/MRef/Instances.hs:37:41 CN "HsTyVar" NotNeeded,
  (Ann (DP (0,1)) (ColDelta 41) DP (0,1) [] [((G AnnVal),DP (0,0))])),
 (AnnKey ../../hackage-packages/stateref-0.3/src/Data/MRef/Instances.hs:37:43 CN "HsTyVar" NotNeeded,
  (Ann (DP (0,1)) (ColDelta 43) DP (0,1) [] [((G AnnVal),DP (0,0))])),
 (AnnKey ../../hackage-packages/stateref-0.3/src/Data/MRef/Instances.hs:38:5-18 CN "Unqual" NotNeeded,
  (Ann (DP (0,-4)) (ColDelta 5) DP (1,5) [] [((G AnnVal),DP (0,-4))])),
 (AnnKey ../../hackage-packages/stateref-0.3/src/Data/MRef/Instances.hs:38:5-38 CN "FunBind" NotNeeded,
  (Ann (DP (0,-4)) (ColDelta 5) DP (1,5) [DComment (DP (1,1),DP (1,1)) "" Nothing,DComment (DP (0,0),DP (0,0)) "" Nothing,DComment (DP (0,0),DP (0,8)) "instance" Nothing] [])),
 (AnnKey ../../hackage-packages/stateref-0.3/src/Data/MRef/Instances.hs:38:5-38 CN "Match" NotNeeded,
  (Ann (DP (0,-4)) (ColDelta 5) DP (1,5) [] [((AnnComment DComment (DP (0,-9),DP (0,-2)) "MonadIO" Nothing),DP (0,-9)),((AnnComment DComment (DP (0,1),DP (0,2)) "m" Nothing),DP (0,1)),((G AnnEqual),DP (0,1))])),
 (AnnKey ../../hackage-packages/stateref-0.3/src/Data/MRef/Instances.hs:38:20-38 CN "GRHS" NotNeeded,
  (Ann (DP (0,-1)) (ColDelta 20) DP (0,-1) [] [])),
 (AnnKey ../../hackage-packages/stateref-0.3/src/Data/MRef/Instances.hs:38:22-27 CN "HsVar" NotNeeded,
  (Ann (DP (0,0)) (ColDelta 22) DP (0,1) [] [((G AnnVal),DP (0,0))])),
 (AnnKey ../../hackage-packages/stateref-0.3/src/Data/MRef/Instances.hs:38:22-38 CN "OpApp" NotNeeded,
  (Ann (DP (0,0)) (ColDelta 22) DP (0,1) [DComment (DP (0,-1),DP (0,1)) "=>" Nothing] [])),
 (AnnKey ../../hackage-packages/stateref-0.3/src/Data/MRef/Instances.hs:38:29 CN "HsVar" NotNeeded,
  (Ann (DP (0,-1)) (ColDelta 29) DP (0,1) [DComment (DP (0,-5),DP (0,2)) "PutMRef" Nothing] [((G AnnVal),DP (0,-1))])),
 (AnnKey ../../hackage-packages/stateref-0.3/src/Data/MRef/Instances.hs:38:31-38 CN "HsVar" NotNeeded,
  (Ann (DP (0,1)) (ColDelta 31) DP (0,1) [] [((G AnnVal),DP (0,0))])),
 (AnnKey ../../hackage-packages/stateref-0.3/src/Data/MRef/Instances.hs:(39,1)-(40,40) CN "InstD" NotNeeded,
  (Ann (DP (1,1)) (ColDelta 1) DP (1,1) [DComment (DP (0,-8),DP (0,-7)) "(" Nothing,DComment (DP (0,0),DP (0,4)) "MVar" Nothing,DComment (DP (0,1),DP (0,2)) "a" Nothing,DComment (DP (0,0),DP (0,1)) ")" Nothing,DComment (DP (0,1),DP (0,2)) "m" Nothing,DComment (DP (0,1),DP (0,2)) "a" Nothing,DComment (DP (0,1),DP (0,6)) "where" Nothing] [((G AnnInstance),DP (0,0)),((G AnnWhere),DP (0,1))])),
 (AnnKey ../../hackage-packages/stateref-0.3/src/Data/MRef/Instances.hs:39:10-16 CN "HsTyVar" NotNeeded,
  (Ann (DP (0,-8)) (ColDelta 10) DP (0,1) [] [((G AnnVal),DP (0,-8))])),
 (AnnKey ../../hackage-packages/stateref-0.3/src/Data/MRef/Instances.hs:39:10-18 CN "(:)" NotNeeded,
  (Ann (DP (0,-8)) (ColDelta 10) DP (0,1) [] [((AnnComment DComment (DP (0,0),DP (0,1)) "r" Nothing),DP (0,0)),((G AnnDarrow),DP (0,1))])),
 (AnnKey ../../hackage-packages/stateref-0.3/src/Data/MRef/Instances.hs:39:10-18 CN "HsAppTy" NotNeeded,
  (Ann (DP (0,-8)) (ColDelta 10) DP (0,1) [] [])),
 (AnnKey ../../hackage-packages/stateref-0.3/src/Data/MRef/Instances.hs:39:10-42 CN "HsForAllTy" NotNeeded,
  (Ann (DP (0,-8)) (ColDelta 10) DP (0,1) [DComment (DP (0,-4),DP (0,-4)) "" Nothing,DComment (DP (0,0),DP (0,13)) "putMReference" Nothing] [])),
 (AnnKey ../../hackage-packages/stateref-0.3/src/Data/MRef/Instances.hs:39:18 CN "HsTyVar" NotNeeded,
  (Ann (DP (0,1)) (ColDelta 18) DP (0,1) [] [((G AnnVal),DP (0,0))])),
 (AnnKey ../../hackage-packages/stateref-0.3/src/Data/MRef/Instances.hs:39:23-29 CN "HsTyVar" NotNeeded,
  (Ann (DP (0,0)) (ColDelta 23) DP (0,0) [] [((G AnnVal),DP (0,0))])),
 (AnnKey ../../hackage-packages/stateref-0.3/src/Data/MRef/Instances.hs:39:23-38 CN "HsAppTy" NotNeeded,
  (Ann (DP (0,0)) (ColDelta 23) DP (0,0) [] [])),
 (AnnKey ../../hackage-packages/stateref-0.3/src/Data/MRef/Instances.hs:39:23-40 CN "HsAppTy" NotNeeded,
  (Ann (DP (0,0)) (ColDelta 23) DP (0,0) [] [])),
 (AnnKey ../../hackage-packages/stateref-0.3/src/Data/MRef/Instances.hs:39:23-42 CN "HsAppTy" NotNeeded,
  (Ann (DP (0,1)) (ColDelta 23) DP (0,1) [DComment (DP (0,-1),DP (0,0)) "=" Nothing] [])),
 (AnnKey ../../hackage-packages/stateref-0.3/src/Data/MRef/Instances.hs:39:31-38 CN "HsParTy" NotNeeded,
  (Ann (DP (0,0)) (ColDelta 31) DP (0,1) [DComment (DP (0,-7),DP (0,-1)) "liftIO" Nothing,DComment (DP (0,1),DP (0,2)) "." Nothing] [((G AnnOpenP),DP (0,0)),((G AnnCloseP),DP (0,0))])),
 (AnnKey ../../hackage-packages/stateref-0.3/src/Data/MRef/Instances.hs:39:32-35 CN "HsTyVar" NotNeeded,
  (Ann (DP (0,0)) (ColDelta 32) DP (0,0) [] [((G AnnVal),DP (0,0))])),
 (AnnKey ../../hackage-packages/stateref-0.3/src/Data/MRef/Instances.hs:39:32-37 CN "HsAppTy" NotNeeded,
  (Ann (DP (0,0)) (ColDelta 32) DP (0,0) [] [])),
 (AnnKey ../../hackage-packages/stateref-0.3/src/Data/MRef/Instances.hs:39:37 CN "HsTyVar" NotNeeded,
  (Ann (DP (0,-2)) (ColDelta 37) DP (0,1) [DComment (DP (0,-4),DP (0,3)) "putMVar" Nothing] [((G AnnVal),DP (0,-2))])),
 (AnnKey ../../hackage-packages/stateref-0.3/src/Data/MRef/Instances.hs:39:40 CN "HsTyVar" NotNeeded,
  (Ann (DP (0,1)) (ColDelta 40) DP (0,1) [] [((G AnnVal),DP (0,0))])),
 (AnnKey ../../hackage-packages/stateref-0.3/src/Data/MRef/Instances.hs:39:42 CN "HsTyVar" NotNeeded,
  (Ann (DP (0,1)) (ColDelta 42) DP (0,1) [] [((G AnnVal),DP (0,0))])),
 (AnnKey ../../hackage-packages/stateref-0.3/src/Data/MRef/Instances.hs:40:5-17 CN "Unqual" NotNeeded,
  (Ann (DP (0,0)) (ColDelta 5) DP (0,0) [] [((G AnnVal),DP (0,0))])),
 (AnnKey ../../hackage-packages/stateref-0.3/src/Data/MRef/Instances.hs:40:5-40 CN "FunBind" NotNeeded,
  (Ann (DP (0,4)) (ColDelta 5) DP (1,5) [DComment (DP (1,1),DP (1,1)) "" Nothing,DComment (DP (0,0),DP (0,0)) "" Nothing] [])),
 (AnnKey ../../hackage-packages/stateref-0.3/src/Data/MRef/Instances.hs:40:5-40 CN "Match" NotNeeded,
  (Ann (DP (0,0)) (ColDelta 5) DP (0,0) [] [((G AnnEqual),DP (0,1))])),
 (AnnKey ../../hackage-packages/stateref-0.3/src/Data/MRef/Instances.hs:40:19 CN "VarPat" NotNeeded,
  (Ann (DP (0,1)) (ColDelta 19) DP (0,1) [] [((G AnnVal),DP (0,0))])),
 (AnnKey ../../hackage-packages/stateref-0.3/src/Data/MRef/Instances.hs:40:21-40 CN "GRHS" NotNeeded,
  (Ann (DP (0,-1)) (ColDelta 21) DP (0,-1) [] [])),
 (AnnKey ../../hackage-packages/stateref-0.3/src/Data/MRef/Instances.hs:40:23-28 CN "HsVar" NotNeeded,
  (Ann (DP (0,0)) (ColDelta 23) DP (0,0) [] [((G AnnVal),DP (0,0))])),
 (AnnKey ../../hackage-packages/stateref-0.3/src/Data/MRef/Instances.hs:40:23-40 CN "OpApp" NotNeeded,
  (Ann (DP (0,1)) (ColDelta 23) DP (0,1) [] [])),
 (AnnKey ../../hackage-packages/stateref-0.3/src/Data/MRef/Instances.hs:40:30 CN "HsVar" NotNeeded,
  (Ann (DP (0,1)) (ColDelta 30) DP (0,1) [] [((G AnnVal),DP (0,0))])),
 (AnnKey ../../hackage-packages/stateref-0.3/src/Data/MRef/Instances.hs:40:32-38 CN "HsVar" NotNeeded,
  (Ann (DP (0,0)) (ColDelta 32) DP (0,0) [] [((G AnnVal),DP (0,0))])),
 (AnnKey ../../hackage-packages/stateref-0.3/src/Data/MRef/Instances.hs:40:32-40 CN "HsApp" NotNeeded,
  (Ann (DP (0,1)) (ColDelta 32) DP (0,1) [] [])),
 (AnnKey ../../hackage-packages/stateref-0.3/src/Data/MRef/Instances.hs:40:40 CN "HsVar" NotNeeded,
  (Ann (DP (0,1)) (ColDelta 40) DP (0,1) [] [((G AnnVal),DP (0,0))])),
 (AnnKey <no location info> CN "EmptyLocalBinds" NotNeeded,
  (Ann (DP (-32,0)) (ColDelta 0) DP (-32,0) [] []))]
==============
([((../../hackage-packages/stateref-0.3/src/Data/MRef/Instances.hs:1:1,
    AnnModule),
   [../../hackage-packages/stateref-0.3/src/Data/MRef/Instances.hs:11:1-6]),
  ((../../hackage-packages/stateref-0.3/src/Data/MRef/Instances.hs:1:1,
    AnnWhere),
   [../../hackage-packages/stateref-0.3/src/Data/MRef/Instances.hs:18:7-11]),
  ((../../hackage-packages/stateref-0.3/src/Data/MRef/Instances.hs:(12,5)-(18,5),
    AnnCloseP),
   [../../hackage-packages/stateref-0.3/src/Data/MRef/Instances.hs:18:5]),
  ((../../hackage-packages/stateref-0.3/src/Data/MRef/Instances.hs:(12,5)-(18,5),
    AnnOpenP),
   [../../hackage-packages/stateref-0.3/src/Data/MRef/Instances.hs:12:5]),
  ((../../hackage-packages/stateref-0.3/src/Data/MRef/Instances.hs:12:7-10,
    AnnComma),
   [../../hackage-packages/stateref-0.3/src/Data/MRef/Instances.hs:13:5]),
  ((../../hackage-packages/stateref-0.3/src/Data/MRef/Instances.hs:13:7-17,
    AnnCloseP),
   [../../hackage-packages/stateref-0.3/src/Data/MRef/Instances.hs:13:17]),
  ((../../hackage-packages/stateref-0.3/src/Data/MRef/Instances.hs:13:7-17,
    AnnDotdot),
   [../../hackage-packages/stateref-0.3/src/Data/MRef/Instances.hs:13:15-16]),
  ((../../hackage-packages/stateref-0.3/src/Data/MRef/Instances.hs:13:7-17,
    AnnOpenP),
   [../../hackage-packages/stateref-0.3/src/Data/MRef/Instances.hs:13:14]),
  ((../../hackage-packages/stateref-0.3/src/Data/MRef/Instances.hs:24:1-22,
    AnnImport),
   [../../hackage-packages/stateref-0.3/src/Data/MRef/Instances.hs:24:1-6]),
  ((../../hackage-packages/stateref-0.3/src/Data/MRef/Instances.hs:24:1-22,
    AnnSemi),
   [../../hackage-packages/stateref-0.3/src/Data/MRef/Instances.hs:26:1]),
  ((../../hackage-packages/stateref-0.3/src/Data/MRef/Instances.hs:26:1-30,
    AnnImport),
   [../../hackage-packages/stateref-0.3/src/Data/MRef/Instances.hs:26:1-6]),
  ((../../hackage-packages/stateref-0.3/src/Data/MRef/Instances.hs:26:1-30,
    AnnSemi),
   [../../hackage-packages/stateref-0.3/src/Data/MRef/Instances.hs:27:1]),
  ((../../hackage-packages/stateref-0.3/src/Data/MRef/Instances.hs:27:1-26,
    AnnImport),
   [../../hackage-packages/stateref-0.3/src/Data/MRef/Instances.hs:27:1-6]),
  ((../../hackage-packages/stateref-0.3/src/Data/MRef/Instances.hs:27:1-26,
    AnnSemi),
   [../../hackage-packages/stateref-0.3/src/Data/MRef/Instances.hs:31:1]),
  ((../../hackage-packages/stateref-0.3/src/Data/MRef/Instances.hs:(31,1)-(33,41),
    AnnInstance),
   [../../hackage-packages/stateref-0.3/src/Data/MRef/Instances.hs:31:1-8]),
  ((../../hackage-packages/stateref-0.3/src/Data/MRef/Instances.hs:(31,1)-(33,41),
    AnnSemi),
   [../../hackage-packages/stateref-0.3/src/Data/MRef/Instances.hs:34:1]),
  ((../../hackage-packages/stateref-0.3/src/Data/MRef/Instances.hs:(31,1)-(33,41),
    AnnWhere),
   [../../hackage-packages/stateref-0.3/src/Data/MRef/Instances.hs:31:21-25]),
  ((../../hackage-packages/stateref-0.3/src/Data/MRef/Instances.hs:32:5-40,
    AnnEqual),
   [../../hackage-packages/stateref-0.3/src/Data/MRef/Instances.hs:32:18]),
  ((../../hackage-packages/stateref-0.3/src/Data/MRef/Instances.hs:32:5-40,
    AnnFunId),
   [../../hackage-packages/stateref-0.3/src/Data/MRef/Instances.hs:32:5-11]),
  ((../../hackage-packages/stateref-0.3/src/Data/MRef/Instances.hs:32:5-40,
    AnnSemi),
   [../../hackage-packages/stateref-0.3/src/Data/MRef/Instances.hs:33:5]),
  ((../../hackage-packages/stateref-0.3/src/Data/MRef/Instances.hs:32:30-40,
    AnnCloseP),
   [../../hackage-packages/stateref-0.3/src/Data/MRef/Instances.hs:32:40]),
  ((../../hackage-packages/stateref-0.3/src/Data/MRef/Instances.hs:32:30-40,
    AnnOpenP),
   [../../hackage-packages/stateref-0.3/src/Data/MRef/Instances.hs:32:30]),
  ((../../hackage-packages/stateref-0.3/src/Data/MRef/Instances.hs:33:5-41,
    AnnEqual),
   [../../hackage-packages/stateref-0.3/src/Data/MRef/Instances.hs:33:18]),
  ((../../hackage-packages/stateref-0.3/src/Data/MRef/Instances.hs:33:5-41,
    AnnFunId),
   [../../hackage-packages/stateref-0.3/src/Data/MRef/Instances.hs:33:5-16]),
  ((../../hackage-packages/stateref-0.3/src/Data/MRef/Instances.hs:(34,1)-(36,44),
    AnnInstance),
   [../../hackage-packages/stateref-0.3/src/Data/MRef/Instances.hs:34:1-8]),
  ((../../hackage-packages/stateref-0.3/src/Data/MRef/Instances.hs:(34,1)-(36,44),
    AnnSemi),
   [../../hackage-packages/stateref-0.3/src/Data/MRef/Instances.hs:37:1]),
  ((../../hackage-packages/stateref-0.3/src/Data/MRef/Instances.hs:(34,1)-(36,44),
    AnnWhere),
   [../../hackage-packages/stateref-0.3/src/Data/MRef/Instances.hs:34:44-48]),
  ((../../hackage-packages/stateref-0.3/src/Data/MRef/Instances.hs:34:10-18,
    AnnDarrow),
   [../../hackage-packages/stateref-0.3/src/Data/MRef/Instances.hs:34:20-21]),
  ((../../hackage-packages/stateref-0.3/src/Data/MRef/Instances.hs:34:31-38,
    AnnCloseP),
   [../../hackage-packages/stateref-0.3/src/Data/MRef/Instances.hs:34:38]),
  ((../../hackage-packages/stateref-0.3/src/Data/MRef/Instances.hs:34:31-38,
    AnnOpenP),
   [../../hackage-packages/stateref-0.3/src/Data/MRef/Instances.hs:34:31]),
  ((../../hackage-packages/stateref-0.3/src/Data/MRef/Instances.hs:35:5-36,
    AnnEqual),
   [../../hackage-packages/stateref-0.3/src/Data/MRef/Instances.hs:35:19]),
  ((../../hackage-packages/stateref-0.3/src/Data/MRef/Instances.hs:35:5-36,
    AnnFunId),
   [../../hackage-packages/stateref-0.3/src/Data/MRef/Instances.hs:35:5-17]),
  ((../../hackage-packages/stateref-0.3/src/Data/MRef/Instances.hs:35:5-36,
    AnnSemi),
   [../../hackage-packages/stateref-0.3/src/Data/MRef/Instances.hs:36:5]),
  ((../../hackage-packages/stateref-0.3/src/Data/MRef/Instances.hs:35:21-36,
    AnnVal),
   [../../hackage-packages/stateref-0.3/src/Data/MRef/Instances.hs:35:28]),
  ((../../hackage-packages/stateref-0.3/src/Data/MRef/Instances.hs:36:5-44,
    AnnEqual),
   [../../hackage-packages/stateref-0.3/src/Data/MRef/Instances.hs:36:24]),
  ((../../hackage-packages/stateref-0.3/src/Data/MRef/Instances.hs:36:5-44,
    AnnFunId),
   [../../hackage-packages/stateref-0.3/src/Data/MRef/Instances.hs:36:5-22]),
  ((../../hackage-packages/stateref-0.3/src/Data/MRef/Instances.hs:(37,1)-(38,38),
    AnnInstance),
   [../../hackage-packages/stateref-0.3/src/Data/MRef/Instances.hs:37:1-8]),
  ((../../hackage-packages/stateref-0.3/src/Data/MRef/Instances.hs:(37,1)-(38,38),
    AnnSemi),
   [../../hackage-packages/stateref-0.3/src/Data/MRef/Instances.hs:39:1]),
  ((../../hackage-packages/stateref-0.3/src/Data/MRef/Instances.hs:(37,1)-(38,38),
    AnnWhere),
   [../../hackage-packages/stateref-0.3/src/Data/MRef/Instances.hs:37:45-49]),
  ((../../hackage-packages/stateref-0.3/src/Data/MRef/Instances.hs:37:10-18,
    AnnDarrow),
   [../../hackage-packages/stateref-0.3/src/Data/MRef/Instances.hs:37:20-21]),
  ((../../hackage-packages/stateref-0.3/src/Data/MRef/Instances.hs:37:32-39,
    AnnCloseP),
   [../../hackage-packages/stateref-0.3/src/Data/MRef/Instances.hs:37:39]),
  ((../../hackage-packages/stateref-0.3/src/Data/MRef/Instances.hs:37:32-39,
    AnnOpenP),
   [../../hackage-packages/stateref-0.3/src/Data/MRef/Instances.hs:37:32]),
  ((../../hackage-packages/stateref-0.3/src/Data/MRef/Instances.hs:38:5-38,
    AnnEqual),
   [../../hackage-packages/stateref-0.3/src/Data/MRef/Instances.hs:38:20]),
  ((../../hackage-packages/stateref-0.3/src/Data/MRef/Instances.hs:38:5-38,
    AnnFunId),
   [../../hackage-packages/stateref-0.3/src/Data/MRef/Instances.hs:38:5-18]),
  ((../../hackage-packages/stateref-0.3/src/Data/MRef/Instances.hs:38:22-38,
    AnnVal),
   [../../hackage-packages/stateref-0.3/src/Data/MRef/Instances.hs:38:29]),
  ((../../hackage-packages/stateref-0.3/src/Data/MRef/Instances.hs:(39,1)-(40,40),
    AnnInstance),
   [../../hackage-packages/stateref-0.3/src/Data/MRef/Instances.hs:39:1-8]),
  ((../../hackage-packages/stateref-0.3/src/Data/MRef/Instances.hs:(39,1)-(40,40),
    AnnSemi),
   [../../hackage-packages/stateref-0.3/src/Data/MRef/Instances.hs:42:1]),
  ((../../hackage-packages/stateref-0.3/src/Data/MRef/Instances.hs:(39,1)-(40,40),
    AnnWhere),
   [../../hackage-packages/stateref-0.3/src/Data/MRef/Instances.hs:39:44-48]),
  ((../../hackage-packages/stateref-0.3/src/Data/MRef/Instances.hs:39:10-18,
    AnnDarrow),
   [../../hackage-packages/stateref-0.3/src/Data/MRef/Instances.hs:39:20-21]),
  ((../../hackage-packages/stateref-0.3/src/Data/MRef/Instances.hs:39:31-38,
    AnnCloseP),
   [../../hackage-packages/stateref-0.3/src/Data/MRef/Instances.hs:39:38]),
  ((../../hackage-packages/stateref-0.3/src/Data/MRef/Instances.hs:39:31-38,
    AnnOpenP),
   [../../hackage-packages/stateref-0.3/src/Data/MRef/Instances.hs:39:31]),
  ((../../hackage-packages/stateref-0.3/src/Data/MRef/Instances.hs:40:5-40,
    AnnEqual),
   [../../hackage-packages/stateref-0.3/src/Data/MRef/Instances.hs:40:21]),
  ((../../hackage-packages/stateref-0.3/src/Data/MRef/Instances.hs:40:5-40,
    AnnFunId),
   [../../hackage-packages/stateref-0.3/src/Data/MRef/Instances.hs:40:5-17]),
  ((../../hackage-packages/stateref-0.3/src/Data/MRef/Instances.hs:40:23-40,
    AnnVal),
   [../../hackage-packages/stateref-0.3/src/Data/MRef/Instances.hs:40:30]),
  ((<no location info>, AnnEofPos),
   [../../hackage-packages/stateref-0.3/src/Data/MRef/Instances.hs:42:1])],
 [(<no location info>,
   [AnnLineComment "-- MVar in IO monad",
    AnnLineComment "-- preferred instances",
    AnnLineComment "--  re-exports 'MVar'.",
    AnnLineComment "--  basic class instances for creating, reading, and writing 'MVar's, and",
    AnnLineComment "-- |This module exports no new symbols of its own.  It defines",
    AnnBlockComment "{-# LANGUAGE\n        CPP,\n        MultiParamTypeClasses,\n        FlexibleInstances\n  #-}"])])