{-# OPTIONS_GHC -cpp #-}
{- demonstrating the use of ReifyHs.reify -}

module Main where

import ReifyHs (reify)
import PrettyGraph (prettyGraph)
import Data.Char (toUpper)

main :: IO ()
main
   = do putStrLn $ "GHC version: " ++ show 711__GLASGOW_HASKELL__
        let listTups = zip "abcdefghij" [1..]
        putStr "\n\nForce the list to be evaluated a bit:\n\n"
        print $ take 3 listTups
        graph <- reify listTups
        putStr "\n\nhere's the graph representation: \n\n"
        print graph
        putStr "\n\nhere's a pretty print of the above: \n\n"
        putStrLn $ prettyGraph graph
        putStr "\n\nForce the list to be evaluated a bit more:\n\n"
        print $ take 5 listTups
        graph <- reify listTups
        putStr "\n\nthe graph pretty printed again: \n\n"
        putStrLn $ prettyGraph graph

==============
../../hackage-packages/reify-0.1.1/Main.hs
==============
lengths:(837,834)

==============

({ ../../hackage-packages/reify-0.1.1/Main.hs:1:1 }
 Just (Ann (DP (0,0)) (ColDelta 1) DP (0,0) [] [((AnnComment DComment (DP (0,0),DP (0,24)) "{-# OPTIONS_GHC -cpp #-}" Nothing),DP (0,0)),((AnnComment DComment (DP (1,1),DP (1,45)) "{- demonstrating the use of ReifyHs.reify -}" Nothing),DP (1,1)),((G AnnModule),DP (3,1)),((G AnnVal),DP (0,1)),((G AnnWhere),DP (0,1)),((AnnComment DComment (DP (1,1),DP (1,1)) "" Nothing),DP (1,1)),((AnnComment DComment (DP (0,0),DP (0,0)) "" Nothing),DP (0,0)),((G AnnEofPos),DP (2,0))])
 (HsModule 
  (Just 
   ({ ../../hackage-packages/reify-0.1.1/Main.hs:4:8-11 }
    Nothing{ModuleName: Main})) 
  (Nothing) 
  [
   ({ ../../hackage-packages/reify-0.1.1/Main.hs:6:1-22 }
    Just (Ann (DP (2,1)) (ColDelta 1) DP (2,1) [] [((G AnnImport),DP (0,0)),((G AnnVal),DP (0,1))])
    (ImportDecl 
     (Nothing) 
     ({ ../../hackage-packages/reify-0.1.1/Main.hs:6:8-14 }
      Nothing{ModuleName: ReifyHs}) 
     (Nothing) 
     (False) 
     (False) 
     (False) 
     (False) 
     (Nothing) 
     (Just 
      ((,) 
       (False) 
       ({ ../../hackage-packages/reify-0.1.1/Main.hs:6:16-22 }
        Just (Ann (DP (0,1)) (ColDelta 16) DP (0,1) [] [((G AnnOpenP),DP (0,0)),((G AnnCloseP),DP (0,0))])
        [
         ({ ../../hackage-packages/reify-0.1.1/Main.hs:6:17-21 }
          Just (Ann (DP (0,0)) (ColDelta 17) DP (0,0) [] [])
          (IEVar 
           ({ ../../hackage-packages/reify-0.1.1/Main.hs:6:17-21 }
            Just (Ann (DP (0,0)) (ColDelta 17) DP (0,0) [] [((G AnnVal),DP (0,0))])
            (Unqual {OccName: reify}))))]))))),
   ({ ../../hackage-packages/reify-0.1.1/Main.hs:7:1-32 }
    Just (Ann (DP (1,1)) (ColDelta 1) DP (1,1) [] [((G AnnImport),DP (0,0)),((G AnnVal),DP (0,1))])
    (ImportDecl 
     (Nothing) 
     ({ ../../hackage-packages/reify-0.1.1/Main.hs:7:8-18 }
      Nothing{ModuleName: PrettyGraph}) 
     (Nothing) 
     (False) 
     (False) 
     (False) 
     (False) 
     (Nothing) 
     (Just 
      ((,) 
       (False) 
       ({ ../../hackage-packages/reify-0.1.1/Main.hs:7:20-32 }
        Just (Ann (DP (0,1)) (ColDelta 20) DP (0,1) [] [((G AnnOpenP),DP (0,0)),((G AnnCloseP),DP (0,0))])
        [
         ({ ../../hackage-packages/reify-0.1.1/Main.hs:7:21-31 }
          Just (Ann (DP (0,0)) (ColDelta 21) DP (0,0) [] [])
          (IEVar 
           ({ ../../hackage-packages/reify-0.1.1/Main.hs:7:21-31 }
            Just (Ann (DP (0,0)) (ColDelta 21) DP (0,0) [] [((G AnnVal),DP (0,0))])
            (Unqual {OccName: prettyGraph}))))]))))),
   ({ ../../hackage-packages/reify-0.1.1/Main.hs:8:1-26 }
    Just (Ann (DP (1,1)) (ColDelta 1) DP (1,1) [] [((G AnnImport),DP (0,0)),((G AnnVal),DP (0,1))])
    (ImportDecl 
     (Nothing) 
     ({ ../../hackage-packages/reify-0.1.1/Main.hs:8:8-16 }
      Nothing{ModuleName: Data.Char}) 
     (Nothing) 
     (False) 
     (False) 
     (False) 
     (False) 
     (Nothing) 
     (Just 
      ((,) 
       (False) 
       ({ ../../hackage-packages/reify-0.1.1/Main.hs:8:18-26 }
        Just (Ann (DP (0,1)) (ColDelta 18) DP (0,1) [] [((G AnnOpenP),DP (0,0)),((G AnnCloseP),DP (0,0))])
        [
         ({ ../../hackage-packages/reify-0.1.1/Main.hs:8:19-25 }
          Just (Ann (DP (0,0)) (ColDelta 19) DP (0,0) [] [])
          (IEVar 
           ({ ../../hackage-packages/reify-0.1.1/Main.hs:8:19-25 }
            Just (Ann (DP (0,0)) (ColDelta 19) DP (0,0) [] [((G AnnVal),DP (0,0))])
            (Unqual {OccName: toUpper}))))])))))] 
  [
   ({ ../../hackage-packages/reify-0.1.1/Main.hs:10:1-13 }
    Just (Ann (DP (2,1)) (ColDelta 1) DP (2,1) [] [((G AnnDcolon),DP (0,1))])
    (SigD 
     (TypeSig 
      [
       ({ ../../hackage-packages/reify-0.1.1/Main.hs:10:1-4 }
        Just (Ann (DP (0,0)) (ColDelta 1) DP (0,0) [] [((G AnnVal),DP (0,0))])
        (Unqual {OccName: main}))] 
      ({ ../../hackage-packages/reify-0.1.1/Main.hs:10:9-13 }
       Just (Ann (DP (0,1)) (ColDelta 9) DP (0,1) [] [])
       (HsForAllTy 
        (Implicit) 
        (Nothing) 
        (HsQTvs 
         [] 
         []) 
        ({ <no location info> }
         Nothing
         []) 
        ({ ../../hackage-packages/reify-0.1.1/Main.hs:10:9-13 }
         Just (Ann (DP (0,0)) (ColDelta 9) DP (0,0) [] [])
         (HsAppTy 
          ({ ../../hackage-packages/reify-0.1.1/Main.hs:10:9-10 }
           Just (Ann (DP (0,0)) (ColDelta 9) DP (0,0) [] [((G AnnVal),DP (0,0))])
           (HsTyVar 
            (Unqual {OccName: IO}))) 
          ({ ../../hackage-packages/reify-0.1.1/Main.hs:10:12-13 }
           Just (Ann (DP (0,1)) (ColDelta 12) DP (0,1) [] [((G AnnOpenP),DP (0,0)),((G AnnCloseP),DP (0,0))])
           (HsTupleTy 
            (HsBoxedOrConstraintTuple) 
            [])))))) 
      (PlaceHolder)))),
   ({ ../../hackage-packages/reify-0.1.1/Main.hs:(11,1)-(25,36) }
    Just (Ann (DP (1,1)) (ColDelta 1) DP (1,1) [] [])
    (ValD 
     (FunBind 
      ({ ../../hackage-packages/reify-0.1.1/Main.hs:11:1-4 }
       Just (Ann (DP (0,0)) (ColDelta 1) DP (0,0) [] [((G AnnVal),DP (0,0))])
       (Unqual {OccName: main})) 
      (False) 
      (MG 
       [
        ({ ../../hackage-packages/reify-0.1.1/Main.hs:(11,1)-(25,36) }
         Just (Ann (DP (0,0)) (ColDelta 1) DP (0,0) [] [((G AnnEqual),DP (1,4))])
         (Match 
          (Just 
           ((,) 
            ({ ../../hackage-packages/reify-0.1.1/Main.hs:11:1-4 }
             Just (Ann (DP (0,0)) (ColDelta 1) DP (0,0) [] [((G AnnVal),DP (0,0))])
             (Unqual {OccName: main})) 
            (False))) 
          [] 
          (Nothing) 
          (GRHSs 
           [
            ({ ../../hackage-packages/reify-0.1.1/Main.hs:(12,4)-(25,36) }
             Just (Ann (DP (0,-1)) (ColDelta 4) DP (0,-1) [] [])
             (GRHS 
              [] 
              ({ ../../hackage-packages/reify-0.1.1/Main.hs:(12,6)-(25,36) }
               Just (Ann (DP (0,1)) (ColDelta 6) DP (0,1) [] [((G AnnDo),DP (0,0)),((AnnList ../../hackage-packages/reify-0.1.1/Main.hs:(12,9)-(25,36) Ref "delta-1"),DP (0,0))])
               (HsDo 
                (DoExpr) 
                [
                 ({ ../../hackage-packages/reify-0.1.1/Main.hs:12:9-46 }
                  Just (Ann (DP (0,0)) (ColDelta 0) DP (0,0) [] [])
                  (BodyStmt 
                   ({ ../../hackage-packages/reify-0.1.1/Main.hs:12:9-46 }
                    Just (Ann (DP (0,0)) (ColDelta 0) DP (0,0) [] [])
                    (OpApp 
                     ({ ../../hackage-packages/reify-0.1.1/Main.hs:12:9-34 }
                      Just (Ann (DP (0,0)) (ColDelta 0) DP (0,0) [] [])
                      (OpApp 
                       ({ ../../hackage-packages/reify-0.1.1/Main.hs:12:9-16 }
                        Just (Ann (DP (0,0)) (ColDelta 0) DP (0,0) [] [((G AnnVal),DP (0,0))])
                        (HsVar 
                         (Unqual {OccName: putStrLn}))) 
                       ({ ../../hackage-packages/reify-0.1.1/Main.hs:12:18 }
                        Just (Ann (DP (0,1)) (ColDelta 9) DP (0,1) [] [((G AnnVal),DP (0,0))])
                        (HsVar 
                         (Unqual {OccName: $}))) 
                       (PlaceHolder) 
                       ({ ../../hackage-packages/reify-0.1.1/Main.hs:12:20-34 }
                        Just (Ann (DP (0,1)) (ColDelta 11) DP (0,1) [] [((G AnnVal),DP (0,0))])
                        (HsLit 
                         (HsString "\"GHC version: \"" {FastString: "GHC version: "}))))) 
                     ({ ../../hackage-packages/reify-0.1.1/Main.hs:12:36-37 }
                      Just (Ann (DP (0,1)) (ColDelta 27) DP (0,1) [] [((G AnnVal),DP (0,0))])
                      (HsVar 
                       (Unqual {OccName: ++}))) 
                     (PlaceHolder) 
                     ({ ../../hackage-packages/reify-0.1.1/Main.hs:12:39-46 }
                      Just (Ann (DP (0,1)) (ColDelta 30) DP (0,1) [] [])
                      (HsApp 
                       ({ ../../hackage-packages/reify-0.1.1/Main.hs:12:39-42 }
                        Just (Ann (DP (0,0)) (ColDelta 30) DP (0,0) [] [((G AnnVal),DP (0,0))])
                        (HsVar 
                         (Unqual {OccName: show}))) 
                       ({ ../../hackage-packages/reify-0.1.1/Main.hs:12:44-46 }
                        Just (Ann (DP (0,1)) (ColDelta 35) DP (0,1) [] [((G AnnVal),DP (0,0))])
                        (HsOverLit {HsOverLit:711})))))) 
                   (HsLit 
                    (HsString "" {FastString: "noSyntaxExpr"})) 
                   (HsLit 
                    (HsString "" {FastString: "noSyntaxExpr"})) 
                   (PlaceHolder))),
                 ({ ../../hackage-packages/reify-0.1.1/Main.hs:13:9-45 }
                  Just (Ann (DP (1,0)) (ColDelta 0) DP (1,0) [DComment (DP (0,-3),DP (0,16)) "__GLASGOW_HASKELL__" Nothing] [((G AnnLet),DP (0,0))])
                  (LetStmt 
                   (HsValBinds 
                    (ValBindsIn {Bag(Located (HsBind RdrName)): 
                     [
                      ({ ../../hackage-packages/reify-0.1.1/Main.hs:13:13-45 }
                       Just (Ann (DP (0,0)) (ColDelta 0) DP (0,0) [] [])
                       (FunBind 
                        ({ ../../hackage-packages/reify-0.1.1/Main.hs:13:13-20 }
                         Just (Ann (DP (0,0)) (ColDelta 0) DP (0,0) [] [((G AnnVal),DP (0,0))])
                         (Unqual {OccName: listTups})) 
                        (False) 
                        (MG 
                         [
                          ({ ../../hackage-packages/reify-0.1.1/Main.hs:13:13-45 }
                           Just (Ann (DP (0,0)) (ColDelta 0) DP (0,0) [] [((G AnnEqual),DP (0,1))])
                           (Match 
                            (Just 
                             ((,) 
                              ({ ../../hackage-packages/reify-0.1.1/Main.hs:13:13-20 }
                               Just (Ann (DP (0,0)) (ColDelta 0) DP (0,0) [] [((G AnnVal),DP (0,0))])
                               (Unqual {OccName: listTups})) 
                              (False))) 
                            [] 
                            (Nothing) 
                            (GRHSs 
                             [
                              ({ ../../hackage-packages/reify-0.1.1/Main.hs:13:22-45 }
                               Just (Ann (DP (0,-1)) (ColDelta 9) DP (0,-1) [] [])
                               (GRHS 
                                [] 
                                ({ ../../hackage-packages/reify-0.1.1/Main.hs:13:24-45 }
                                 Just (Ann (DP (0,1)) (ColDelta 11) DP (0,1) [] [])
                                 (HsApp 
                                  ({ ../../hackage-packages/reify-0.1.1/Main.hs:13:24-39 }
                                   Just (Ann (DP (0,0)) (ColDelta 11) DP (0,0) [] [])
                                   (HsApp 
                                    ({ ../../hackage-packages/reify-0.1.1/Main.hs:13:24-26 }
                                     Just (Ann (DP (0,0)) (ColDelta 11) DP (0,0) [] [((G AnnVal),DP (0,0))])
                                     (HsVar 
                                      (Unqual {OccName: zip}))) 
                                    ({ ../../hackage-packages/reify-0.1.1/Main.hs:13:28-39 }
                                     Just (Ann (DP (0,1)) (ColDelta 15) DP (0,1) [] [((G AnnVal),DP (0,0))])
                                     (HsLit 
                                      (HsString "\"abcdefghij\"" {FastString: "abcdefghij"}))))) 
                                  ({ ../../hackage-packages/reify-0.1.1/Main.hs:13:41-45 }
                                   Just (Ann (DP (0,1)) (ColDelta 28) DP (0,1) [] [((G AnnOpenS),DP (0,0)),((G AnnDotdot),DP (0,0)),((G AnnCloseS),DP (0,0))])
                                   (ArithSeq 
                                    (HsLit 
                                     (HsString "" {FastString: "noPostTcExpr"})) 
                                    (Nothing) 
                                    (From 
                                     ({ ../../hackage-packages/reify-0.1.1/Main.hs:13:42 }
                                      Just (Ann (DP (0,0)) (ColDelta 29) DP (0,0) [] [((G AnnVal),DP (0,0))])
                                      (HsOverLit {HsOverLit:1})))))))))] 
                             (EmptyLocalBinds))))] 
                         [] 
                         (PlaceHolder) 
                         (FromSource)) 
                        (WpHole) 
                        (PlaceHolder) 
                        []))]} 
                     [])))),
                 ({ ../../hackage-packages/reify-0.1.1/Main.hs:14:9-62 }
                  Just (Ann (DP (1,0)) (ColDelta 0) DP (1,0) [] [])
                  (BodyStmt 
                   ({ ../../hackage-packages/reify-0.1.1/Main.hs:14:9-62 }
                    Just (Ann (DP (0,0)) (ColDelta 0) DP (0,0) [] [])
                    (HsApp 
                     ({ ../../hackage-packages/reify-0.1.1/Main.hs:14:9-14 }
                      Just (Ann (DP (0,0)) (ColDelta 0) DP (0,0) [] [((G AnnVal),DP (0,0))])
                      (HsVar 
                       (Unqual {OccName: putStr}))) 
                     ({ ../../hackage-packages/reify-0.1.1/Main.hs:14:16-62 }
                      Just (Ann (DP (0,1)) (ColDelta 7) DP (0,1) [] [((G AnnVal),DP (0,0))])
                      (HsLit 
                       (HsString "\"\\n\\nForce the list to be evaluated a bit:\\n\\n\"" {FastString: "\n\nForce the list to be evaluated a bit:\n\n"}))))) 
                   (HsLit 
                    (HsString "" {FastString: "noSyntaxExpr"})) 
                   (HsLit 
                    (HsString "" {FastString: "noSyntaxExpr"})) 
                   (PlaceHolder))),
                 ({ ../../hackage-packages/reify-0.1.1/Main.hs:15:9-31 }
                  Just (Ann (DP (1,0)) (ColDelta 0) DP (1,0) [] [])
                  (BodyStmt 
                   ({ ../../hackage-packages/reify-0.1.1/Main.hs:15:9-31 }
                    Just (Ann (DP (0,0)) (ColDelta 0) DP (0,0) [] [])
                    (OpApp 
                     ({ ../../hackage-packages/reify-0.1.1/Main.hs:15:9-13 }
                      Just (Ann (DP (0,0)) (ColDelta 0) DP (0,0) [] [((G AnnVal),DP (0,0))])
                      (HsVar 
                       (Unqual {OccName: print}))) 
                     ({ ../../hackage-packages/reify-0.1.1/Main.hs:15:15 }
                      Just (Ann (DP (0,1)) (ColDelta 6) DP (0,1) [] [((G AnnVal),DP (0,0))])
                      (HsVar 
                       (Unqual {OccName: $}))) 
                     (PlaceHolder) 
                     ({ ../../hackage-packages/reify-0.1.1/Main.hs:15:17-31 }
                      Just (Ann (DP (0,1)) (ColDelta 8) DP (0,1) [] [])
                      (HsApp 
                       ({ ../../hackage-packages/reify-0.1.1/Main.hs:15:17-22 }
                        Just (Ann (DP (0,0)) (ColDelta 8) DP (0,0) [] [])
                        (HsApp 
                         ({ ../../hackage-packages/reify-0.1.1/Main.hs:15:17-20 }
                          Just (Ann (DP (0,0)) (ColDelta 8) DP (0,0) [] [((G AnnVal),DP (0,0))])
                          (HsVar 
                           (Unqual {OccName: take}))) 
                         ({ ../../hackage-packages/reify-0.1.1/Main.hs:15:22 }
                          Just (Ann (DP (0,1)) (ColDelta 13) DP (0,1) [] [((G AnnVal),DP (0,0))])
                          (HsOverLit {HsOverLit:3})))) 
                       ({ ../../hackage-packages/reify-0.1.1/Main.hs:15:24-31 }
                        Just (Ann (DP (0,1)) (ColDelta 15) DP (0,1) [] [((G AnnVal),DP (0,0))])
                        (HsVar 
                         (Unqual {OccName: listTups}))))))) 
                   (HsLit 
                    (HsString "" {FastString: "noSyntaxExpr"})) 
                   (HsLit 
                    (HsString "" {FastString: "noSyntaxExpr"})) 
                   (PlaceHolder))),
                 ({ ../../hackage-packages/reify-0.1.1/Main.hs:16:9-31 }
                  Just (Ann (DP (1,0)) (ColDelta 0) DP (1,0) [] [((G AnnLarrow),DP (0,1))])
                  (BindStmt 
                   ({ ../../hackage-packages/reify-0.1.1/Main.hs:16:9-13 }
                    Just (Ann (DP (0,0)) (ColDelta 0) DP (0,0) [] [((G AnnVal),DP (0,0))])
                    (VarPat 
                     (Unqual {OccName: graph}))) 
                   ({ ../../hackage-packages/reify-0.1.1/Main.hs:16:18-31 }
                    Just (Ann (DP (0,1)) (ColDelta 9) DP (0,1) [] [])
                    (HsApp 
                     ({ ../../hackage-packages/reify-0.1.1/Main.hs:16:18-22 }
                      Just (Ann (DP (0,0)) (ColDelta 9) DP (0,0) [] [((G AnnVal),DP (0,0))])
                      (HsVar 
                       (Unqual {OccName: reify}))) 
                     ({ ../../hackage-packages/reify-0.1.1/Main.hs:16:24-31 }
                      Just (Ann (DP (0,1)) (ColDelta 15) DP (0,1) [] [((G AnnVal),DP (0,0))])
                      (HsVar 
                       (Unqual {OccName: listTups}))))) 
                   (HsLit 
                    (HsString "" {FastString: "noSyntaxExpr"})) 
                   (HsLit 
                    (HsString "" {FastString: "noSyntaxExpr"})))),
                 ({ ../../hackage-packages/reify-0.1.1/Main.hs:17:9-58 }
                  Just (Ann (DP (1,0)) (ColDelta 0) DP (1,0) [] [])
                  (BodyStmt 
                   ({ ../../hackage-packages/reify-0.1.1/Main.hs:17:9-58 }
                    Just (Ann (DP (0,0)) (ColDelta 0) DP (0,0) [] [])
                    (HsApp 
                     ({ ../../hackage-packages/reify-0.1.1/Main.hs:17:9-14 }
                      Just (Ann (DP (0,0)) (ColDelta 0) DP (0,0) [] [((G AnnVal),DP (0,0))])
                      (HsVar 
                       (Unqual {OccName: putStr}))) 
                     ({ ../../hackage-packages/reify-0.1.1/Main.hs:17:16-58 }
                      Just (Ann (DP (0,1)) (ColDelta 7) DP (0,1) [] [((G AnnVal),DP (0,0))])
                      (HsLit 
                       (HsString "\"\\n\\nhere's the graph representation: \\n\\n\"" {FastString: "\n\nhere's the graph representation: \n\n"}))))) 
                   (HsLit 
                    (HsString "" {FastString: "noSyntaxExpr"})) 
                   (HsLit 
                    (HsString "" {FastString: "noSyntaxExpr"})) 
                   (PlaceHolder))),
                 ({ ../../hackage-packages/reify-0.1.1/Main.hs:18:9-19 }
                  Just (Ann (DP (1,0)) (ColDelta 0) DP (1,0) [] [])
                  (BodyStmt 
                   ({ ../../hackage-packages/reify-0.1.1/Main.hs:18:9-19 }
                    Just (Ann (DP (0,0)) (ColDelta 0) DP (0,0) [] [])
                    (HsApp 
                     ({ ../../hackage-packages/reify-0.1.1/Main.hs:18:9-13 }
                      Just (Ann (DP (0,0)) (ColDelta 0) DP (0,0) [] [((G AnnVal),DP (0,0))])
                      (HsVar 
                       (Unqual {OccName: print}))) 
                     ({ ../../hackage-packages/reify-0.1.1/Main.hs:18:15-19 }
                      Just (Ann (DP (0,1)) (ColDelta 6) DP (0,1) [] [((G AnnVal),DP (0,0))])
                      (HsVar 
                       (Unqual {OccName: graph}))))) 
                   (HsLit 
                    (HsString "" {FastString: "noSyntaxExpr"})) 
                   (HsLit 
                    (HsString "" {FastString: "noSyntaxExpr"})) 
                   (PlaceHolder))),
                 ({ ../../hackage-packages/reify-0.1.1/Main.hs:19:9-61 }
                  Just (Ann (DP (1,0)) (ColDelta 0) DP (1,0) [] [])
                  (BodyStmt 
                   ({ ../../hackage-packages/reify-0.1.1/Main.hs:19:9-61 }
                    Just (Ann (DP (0,0)) (ColDelta 0) DP (0,0) [] [])
                    (HsApp 
                     ({ ../../hackage-packages/reify-0.1.1/Main.hs:19:9-14 }
                      Just (Ann (DP (0,0)) (ColDelta 0) DP (0,0) [] [((G AnnVal),DP (0,0))])
                      (HsVar 
                       (Unqual {OccName: putStr}))) 
                     ({ ../../hackage-packages/reify-0.1.1/Main.hs:19:16-61 }
                      Just (Ann (DP (0,1)) (ColDelta 7) DP (0,1) [] [((G AnnVal),DP (0,0))])
                      (HsLit 
                       (HsString "\"\\n\\nhere's a pretty print of the above: \\n\\n\"" {FastString: "\n\nhere's a pretty print of the above: \n\n"}))))) 
                   (HsLit 
                    (HsString "" {FastString: "noSyntaxExpr"})) 
                   (HsLit 
                    (HsString "" {FastString: "noSyntaxExpr"})) 
                   (PlaceHolder))),
                 ({ ../../hackage-packages/reify-0.1.1/Main.hs:20:9-36 }
                  Just (Ann (DP (1,0)) (ColDelta 0) DP (1,0) [] [])
                  (BodyStmt 
                   ({ ../../hackage-packages/reify-0.1.1/Main.hs:20:9-36 }
                    Just (Ann (DP (0,0)) (ColDelta 0) DP (0,0) [] [])
                    (OpApp 
                     ({ ../../hackage-packages/reify-0.1.1/Main.hs:20:9-16 }
                      Just (Ann (DP (0,0)) (ColDelta 0) DP (0,0) [] [((G AnnVal),DP (0,0))])
                      (HsVar 
                       (Unqual {OccName: putStrLn}))) 
                     ({ ../../hackage-packages/reify-0.1.1/Main.hs:20:18 }
                      Just (Ann (DP (0,1)) (ColDelta 9) DP (0,1) [] [((G AnnVal),DP (0,0))])
                      (HsVar 
                       (Unqual {OccName: $}))) 
                     (PlaceHolder) 
                     ({ ../../hackage-packages/reify-0.1.1/Main.hs:20:20-36 }
                      Just (Ann (DP (0,1)) (ColDelta 11) DP (0,1) [] [])
                      (HsApp 
                       ({ ../../hackage-packages/reify-0.1.1/Main.hs:20:20-30 }
                        Just (Ann (DP (0,0)) (ColDelta 11) DP (0,0) [] [((G AnnVal),DP (0,0))])
                        (HsVar 
                         (Unqual {OccName: prettyGraph}))) 
                       ({ ../../hackage-packages/reify-0.1.1/Main.hs:20:32-36 }
                        Just (Ann (DP (0,1)) (ColDelta 23) DP (0,1) [] [((G AnnVal),DP (0,0))])
                        (HsVar 
                         (Unqual {OccName: graph}))))))) 
                   (HsLit 
                    (HsString "" {FastString: "noSyntaxExpr"})) 
                   (HsLit 
                    (HsString "" {FastString: "noSyntaxExpr"})) 
                   (PlaceHolder))),
                 ({ ../../hackage-packages/reify-0.1.1/Main.hs:21:9-67 }
                  Just (Ann (DP (1,0)) (ColDelta 0) DP (1,0) [] [])
                  (BodyStmt 
                   ({ ../../hackage-packages/reify-0.1.1/Main.hs:21:9-67 }
                    Just (Ann (DP (0,0)) (ColDelta 0) DP (0,0) [] [])
                    (HsApp 
                     ({ ../../hackage-packages/reify-0.1.1/Main.hs:21:9-14 }
                      Just (Ann (DP (0,0)) (ColDelta 0) DP (0,0) [] [((G AnnVal),DP (0,0))])
                      (HsVar 
                       (Unqual {OccName: putStr}))) 
                     ({ ../../hackage-packages/reify-0.1.1/Main.hs:21:16-67 }
                      Just (Ann (DP (0,1)) (ColDelta 7) DP (0,1) [] [((G AnnVal),DP (0,0))])
                      (HsLit 
                       (HsString "\"\\n\\nForce the list to be evaluated a bit more:\\n\\n\"" {FastString: "\n\nForce the list to be evaluated a bit more:\n\n"}))))) 
                   (HsLit 
                    (HsString "" {FastString: "noSyntaxExpr"})) 
                   (HsLit 
                    (HsString "" {FastString: "noSyntaxExpr"})) 
                   (PlaceHolder))),
                 ({ ../../hackage-packages/reify-0.1.1/Main.hs:22:9-31 }
                  Just (Ann (DP (1,0)) (ColDelta 0) DP (1,0) [] [])
                  (BodyStmt 
                   ({ ../../hackage-packages/reify-0.1.1/Main.hs:22:9-31 }
                    Just (Ann (DP (0,0)) (ColDelta 0) DP (0,0) [] [])
                    (OpApp 
                     ({ ../../hackage-packages/reify-0.1.1/Main.hs:22:9-13 }
                      Just (Ann (DP (0,0)) (ColDelta 0) DP (0,0) [] [((G AnnVal),DP (0,0))])
                      (HsVar 
                       (Unqual {OccName: print}))) 
                     ({ ../../hackage-packages/reify-0.1.1/Main.hs:22:15 }
                      Just (Ann (DP (0,1)) (ColDelta 6) DP (0,1) [] [((G AnnVal),DP (0,0))])
                      (HsVar 
                       (Unqual {OccName: $}))) 
                     (PlaceHolder) 
                     ({ ../../hackage-packages/reify-0.1.1/Main.hs:22:17-31 }
                      Just (Ann (DP (0,1)) (ColDelta 8) DP (0,1) [] [])
                      (HsApp 
                       ({ ../../hackage-packages/reify-0.1.1/Main.hs:22:17-22 }
                        Just (Ann (DP (0,0)) (ColDelta 8) DP (0,0) [] [])
                        (HsApp 
                         ({ ../../hackage-packages/reify-0.1.1/Main.hs:22:17-20 }
                          Just (Ann (DP (0,0)) (ColDelta 8) DP (0,0) [] [((G AnnVal),DP (0,0))])
                          (HsVar 
                           (Unqual {OccName: take}))) 
                         ({ ../../hackage-packages/reify-0.1.1/Main.hs:22:22 }
                          Just (Ann (DP (0,1)) (ColDelta 13) DP (0,1) [] [((G AnnVal),DP (0,0))])
                          (HsOverLit {HsOverLit:5})))) 
                       ({ ../../hackage-packages/reify-0.1.1/Main.hs:22:24-31 }
                        Just (Ann (DP (0,1)) (ColDelta 15) DP (0,1) [] [((G AnnVal),DP (0,0))])
                        (HsVar 
                         (Unqual {OccName: listTups}))))))) 
                   (HsLit 
                    (HsString "" {FastString: "noSyntaxExpr"})) 
                   (HsLit 
                    (HsString "" {FastString: "noSyntaxExpr"})) 
                   (PlaceHolder))),
                 ({ ../../hackage-packages/reify-0.1.1/Main.hs:23:9-31 }
                  Just (Ann (DP (1,0)) (ColDelta 0) DP (1,0) [] [((G AnnLarrow),DP (0,1))])
                  (BindStmt 
                   ({ ../../hackage-packages/reify-0.1.1/Main.hs:23:9-13 }
                    Just (Ann (DP (0,0)) (ColDelta 0) DP (0,0) [] [((G AnnVal),DP (0,0))])
                    (VarPat 
                     (Unqual {OccName: graph}))) 
                   ({ ../../hackage-packages/reify-0.1.1/Main.hs:23:18-31 }
                    Just (Ann (DP (0,1)) (ColDelta 9) DP (0,1) [] [])
                    (HsApp 
                     ({ ../../hackage-packages/reify-0.1.1/Main.hs:23:18-22 }
                      Just (Ann (DP (0,0)) (ColDelta 9) DP (0,0) [] [((G AnnVal),DP (0,0))])
                      (HsVar 
                       (Unqual {OccName: reify}))) 
                     ({ ../../hackage-packages/reify-0.1.1/Main.hs:23:24-31 }
                      Just (Ann (DP (0,1)) (ColDelta 15) DP (0,1) [] [((G AnnVal),DP (0,0))])
                      (HsVar 
                       (Unqual {OccName: listTups}))))) 
                   (HsLit 
                    (HsString "" {FastString: "noSyntaxExpr"})) 
                   (HsLit 
                    (HsString "" {FastString: "noSyntaxExpr"})))),
                 ({ ../../hackage-packages/reify-0.1.1/Main.hs:24:9-57 }
                  Just (Ann (DP (1,0)) (ColDelta 0) DP (1,0) [] [])
                  (BodyStmt 
                   ({ ../../hackage-packages/reify-0.1.1/Main.hs:24:9-57 }
                    Just (Ann (DP (0,0)) (ColDelta 0) DP (0,0) [] [])
                    (HsApp 
                     ({ ../../hackage-packages/reify-0.1.1/Main.hs:24:9-14 }
                      Just (Ann (DP (0,0)) (ColDelta 0) DP (0,0) [] [((G AnnVal),DP (0,0))])
                      (HsVar 
                       (Unqual {OccName: putStr}))) 
                     ({ ../../hackage-packages/reify-0.1.1/Main.hs:24:16-57 }
                      Just (Ann (DP (0,1)) (ColDelta 7) DP (0,1) [] [((G AnnVal),DP (0,0))])
                      (HsLit 
                       (HsString "\"\\n\\nthe graph pretty printed again: \\n\\n\"" {FastString: "\n\nthe graph pretty printed again: \n\n"}))))) 
                   (HsLit 
                    (HsString "" {FastString: "noSyntaxExpr"})) 
                   (HsLit 
                    (HsString "" {FastString: "noSyntaxExpr"})) 
                   (PlaceHolder))),
                 ({ ../../hackage-packages/reify-0.1.1/Main.hs:25:9-36 }
                  Just (Ann (DP (1,0)) (ColDelta 0) DP (1,0) [] [])
                  (BodyStmt 
                   ({ ../../hackage-packages/reify-0.1.1/Main.hs:25:9-36 }
                    Just (Ann (DP (0,0)) (ColDelta 0) DP (0,0) [] [])
                    (OpApp 
                     ({ ../../hackage-packages/reify-0.1.1/Main.hs:25:9-16 }
                      Just (Ann (DP (0,0)) (ColDelta 0) DP (0,0) [] [((G AnnVal),DP (0,0))])
                      (HsVar 
                       (Unqual {OccName: putStrLn}))) 
                     ({ ../../hackage-packages/reify-0.1.1/Main.hs:25:18 }
                      Just (Ann (DP (0,1)) (ColDelta 9) DP (0,1) [] [((G AnnVal),DP (0,0))])
                      (HsVar 
                       (Unqual {OccName: $}))) 
                     (PlaceHolder) 
                     ({ ../../hackage-packages/reify-0.1.1/Main.hs:25:20-36 }
                      Just (Ann (DP (0,1)) (ColDelta 11) DP (0,1) [] [])
                      (HsApp 
                       ({ ../../hackage-packages/reify-0.1.1/Main.hs:25:20-30 }
                        Just (Ann (DP (0,0)) (ColDelta 11) DP (0,0) [] [((G AnnVal),DP (0,0))])
                        (HsVar 
                         (Unqual {OccName: prettyGraph}))) 
                       ({ ../../hackage-packages/reify-0.1.1/Main.hs:25:32-36 }
                        Just (Ann (DP (0,1)) (ColDelta 23) DP (0,1) [] [((G AnnVal),DP (0,0))])
                        (HsVar 
                         (Unqual {OccName: graph}))))))) 
                   (HsLit 
                    (HsString "" {FastString: "noSyntaxExpr"})) 
                   (HsLit 
                    (HsString "" {FastString: "noSyntaxExpr"})) 
                   (PlaceHolder)))] 
                (PlaceHolder)))))] 
           (EmptyLocalBinds))))] 
       [] 
       (PlaceHolder) 
       (FromSource)) 
      (WpHole) 
      (PlaceHolder) 
      [])))] 
  (Nothing) 
  (Nothing)))
==============
[(AnnKey ../../hackage-packages/reify-0.1.1/Main.hs:1:1 CN "HsModule" NotNeeded,
  (Ann (DP (0,0)) (ColDelta 1) DP (0,0) [] [((AnnComment DComment (DP (0,0),DP (0,24)) "{-# OPTIONS_GHC -cpp #-}" Nothing),DP (0,0)),((AnnComment DComment (DP (1,1),DP (1,45)) "{- demonstrating the use of ReifyHs.reify -}" Nothing),DP (1,1)),((G AnnModule),DP (3,1)),((G AnnVal),DP (0,1)),((G AnnWhere),DP (0,1)),((AnnComment DComment (DP (1,1),DP (1,1)) "" Nothing),DP (1,1)),((AnnComment DComment (DP (0,0),DP (0,0)) "" Nothing),DP (0,0)),((G AnnEofPos),DP (2,0))])),
 (AnnKey ../../hackage-packages/reify-0.1.1/Main.hs:6:1-22 CN "ImportDecl" NotNeeded,
  (Ann (DP (2,1)) (ColDelta 1) DP (2,1) [] [((G AnnImport),DP (0,0)),((G AnnVal),DP (0,1))])),
 (AnnKey ../../hackage-packages/reify-0.1.1/Main.hs:6:16-22 CN "(:)" NotNeeded,
  (Ann (DP (0,1)) (ColDelta 16) DP (0,1) [] [((G AnnOpenP),DP (0,0)),((G AnnCloseP),DP (0,0))])),
 (AnnKey ../../hackage-packages/reify-0.1.1/Main.hs:6:17-21 CN "IEVar" NotNeeded,
  (Ann (DP (0,0)) (ColDelta 17) DP (0,0) [] [])),
 (AnnKey ../../hackage-packages/reify-0.1.1/Main.hs:6:17-21 CN "Unqual" NotNeeded,
  (Ann (DP (0,0)) (ColDelta 17) DP (0,0) [] [((G AnnVal),DP (0,0))])),
 (AnnKey ../../hackage-packages/reify-0.1.1/Main.hs:7:1-32 CN "ImportDecl" NotNeeded,
  (Ann (DP (1,1)) (ColDelta 1) DP (1,1) [] [((G AnnImport),DP (0,0)),((G AnnVal),DP (0,1))])),
 (AnnKey ../../hackage-packages/reify-0.1.1/Main.hs:7:20-32 CN "(:)" NotNeeded,
  (Ann (DP (0,1)) (ColDelta 20) DP (0,1) [] [((G AnnOpenP),DP (0,0)),((G AnnCloseP),DP (0,0))])),
 (AnnKey ../../hackage-packages/reify-0.1.1/Main.hs:7:21-31 CN "IEVar" NotNeeded,
  (Ann (DP (0,0)) (ColDelta 21) DP (0,0) [] [])),
 (AnnKey ../../hackage-packages/reify-0.1.1/Main.hs:7:21-31 CN "Unqual" NotNeeded,
  (Ann (DP (0,0)) (ColDelta 21) DP (0,0) [] [((G AnnVal),DP (0,0))])),
 (AnnKey ../../hackage-packages/reify-0.1.1/Main.hs:8:1-26 CN "ImportDecl" NotNeeded,
  (Ann (DP (1,1)) (ColDelta 1) DP (1,1) [] [((G AnnImport),DP (0,0)),((G AnnVal),DP (0,1))])),
 (AnnKey ../../hackage-packages/reify-0.1.1/Main.hs:8:18-26 CN "(:)" NotNeeded,
  (Ann (DP (0,1)) (ColDelta 18) DP (0,1) [] [((G AnnOpenP),DP (0,0)),((G AnnCloseP),DP (0,0))])),
 (AnnKey ../../hackage-packages/reify-0.1.1/Main.hs:8:19-25 CN "IEVar" NotNeeded,
  (Ann (DP (0,0)) (ColDelta 19) DP (0,0) [] [])),
 (AnnKey ../../hackage-packages/reify-0.1.1/Main.hs:8:19-25 CN "Unqual" NotNeeded,
  (Ann (DP (0,0)) (ColDelta 19) DP (0,0) [] [((G AnnVal),DP (0,0))])),
 (AnnKey ../../hackage-packages/reify-0.1.1/Main.hs:10:1-4 CN "Unqual" NotNeeded,
  (Ann (DP (0,0)) (ColDelta 1) DP (0,0) [] [((G AnnVal),DP (0,0))])),
 (AnnKey ../../hackage-packages/reify-0.1.1/Main.hs:10:1-13 CN "SigD" NotNeeded,
  (Ann (DP (2,1)) (ColDelta 1) DP (2,1) [] [((G AnnDcolon),DP (0,1))])),
 (AnnKey ../../hackage-packages/reify-0.1.1/Main.hs:10:9-10 CN "HsTyVar" NotNeeded,
  (Ann (DP (0,0)) (ColDelta 9) DP (0,0) [] [((G AnnVal),DP (0,0))])),
 (AnnKey ../../hackage-packages/reify-0.1.1/Main.hs:10:9-13 CN "HsAppTy" NotNeeded,
  (Ann (DP (0,0)) (ColDelta 9) DP (0,0) [] [])),
 (AnnKey ../../hackage-packages/reify-0.1.1/Main.hs:10:9-13 CN "HsForAllTy" NotNeeded,
  (Ann (DP (0,1)) (ColDelta 9) DP (0,1) [] [])),
 (AnnKey ../../hackage-packages/reify-0.1.1/Main.hs:10:12-13 CN "HsTupleTy" NotNeeded,
  (Ann (DP (0,1)) (ColDelta 12) DP (0,1) [] [((G AnnOpenP),DP (0,0)),((G AnnCloseP),DP (0,0))])),
 (AnnKey ../../hackage-packages/reify-0.1.1/Main.hs:11:1-4 CN "Unqual" NotNeeded,
  (Ann (DP (0,0)) (ColDelta 1) DP (0,0) [] [((G AnnVal),DP (0,0))])),
 (AnnKey ../../hackage-packages/reify-0.1.1/Main.hs:(11,1)-(25,36) CN "Match" NotNeeded,
  (Ann (DP (0,0)) (ColDelta 1) DP (0,0) [] [((G AnnEqual),DP (1,4))])),
 (AnnKey ../../hackage-packages/reify-0.1.1/Main.hs:(11,1)-(25,36) CN "ValD" NotNeeded,
  (Ann (DP (1,1)) (ColDelta 1) DP (1,1) [] [])),
 (AnnKey ../../hackage-packages/reify-0.1.1/Main.hs:(12,4)-(25,36) CN "GRHS" NotNeeded,
  (Ann (DP (0,-1)) (ColDelta 4) DP (0,-1) [] [])),
 (AnnKey ../../hackage-packages/reify-0.1.1/Main.hs:(12,6)-(25,36) CN "HsDo" NotNeeded,
  (Ann (DP (0,1)) (ColDelta 6) DP (0,1) [] [((G AnnDo),DP (0,0)),((AnnList ../../hackage-packages/reify-0.1.1/Main.hs:(12,9)-(25,36) Ref "delta-1"),DP (0,0))])),
 (AnnKey ../../hackage-packages/reify-0.1.1/Main.hs:12:9-16 CN "HsVar" NotNeeded,
  (Ann (DP (0,0)) (ColDelta 0) DP (0,0) [] [((G AnnVal),DP (0,0))])),
 (AnnKey ../../hackage-packages/reify-0.1.1/Main.hs:12:9-34 CN "OpApp" NotNeeded,
  (Ann (DP (0,0)) (ColDelta 0) DP (0,0) [] [])),
 (AnnKey ../../hackage-packages/reify-0.1.1/Main.hs:12:9-46 CN "BodyStmt" NotNeeded,
  (Ann (DP (0,0)) (ColDelta 0) DP (0,0) [] [])),
 (AnnKey ../../hackage-packages/reify-0.1.1/Main.hs:12:9-46 CN "OpApp" NotNeeded,
  (Ann (DP (0,0)) (ColDelta 0) DP (0,0) [] [])),
 (AnnKey ../../hackage-packages/reify-0.1.1/Main.hs:(12,9)-(25,36) CN "(:)" Ref "delta-1",
  (Ann (DP (0,1)) (ColDelta 9) DP (0,1) [] [])),
 (AnnKey ../../hackage-packages/reify-0.1.1/Main.hs:12:18 CN "HsVar" NotNeeded,
  (Ann (DP (0,1)) (ColDelta 9) DP (0,1) [] [((G AnnVal),DP (0,0))])),
 (AnnKey ../../hackage-packages/reify-0.1.1/Main.hs:12:20-34 CN "HsLit" NotNeeded,
  (Ann (DP (0,1)) (ColDelta 11) DP (0,1) [] [((G AnnVal),DP (0,0))])),
 (AnnKey ../../hackage-packages/reify-0.1.1/Main.hs:12:36-37 CN "HsVar" NotNeeded,
  (Ann (DP (0,1)) (ColDelta 27) DP (0,1) [] [((G AnnVal),DP (0,0))])),
 (AnnKey ../../hackage-packages/reify-0.1.1/Main.hs:12:39-42 CN "HsVar" NotNeeded,
  (Ann (DP (0,0)) (ColDelta 30) DP (0,0) [] [((G AnnVal),DP (0,0))])),
 (AnnKey ../../hackage-packages/reify-0.1.1/Main.hs:12:39-46 CN "HsApp" NotNeeded,
  (Ann (DP (0,1)) (ColDelta 30) DP (0,1) [] [])),
 (AnnKey ../../hackage-packages/reify-0.1.1/Main.hs:12:44-46 CN "HsOverLit" NotNeeded,
  (Ann (DP (0,1)) (ColDelta 35) DP (0,1) [] [((G AnnVal),DP (0,0))])),
 (AnnKey ../../hackage-packages/reify-0.1.1/Main.hs:13:9-45 CN "LetStmt" NotNeeded,
  (Ann (DP (1,0)) (ColDelta 0) DP (1,0) [DComment (DP (0,-3),DP (0,16)) "__GLASGOW_HASKELL__" Nothing] [((G AnnLet),DP (0,0))])),
 (AnnKey ../../hackage-packages/reify-0.1.1/Main.hs:13:13-20 CN "Unqual" NotNeeded,
  (Ann (DP (0,0)) (ColDelta 0) DP (0,0) [] [((G AnnVal),DP (0,0))])),
 (AnnKey ../../hackage-packages/reify-0.1.1/Main.hs:13:13-45 CN "FunBind" NotNeeded,
  (Ann (DP (0,0)) (ColDelta 0) DP (0,0) [] [])),
 (AnnKey ../../hackage-packages/reify-0.1.1/Main.hs:13:13-45 CN "HsValBinds" NotNeeded,
  (Ann (DP (0,1)) (ColDelta 4) DP (0,1) [] [])),
 (AnnKey ../../hackage-packages/reify-0.1.1/Main.hs:13:13-45 CN "Match" NotNeeded,
  (Ann (DP (0,0)) (ColDelta 0) DP (0,0) [] [((G AnnEqual),DP (0,1))])),
 (AnnKey ../../hackage-packages/reify-0.1.1/Main.hs:13:22-45 CN "GRHS" NotNeeded,
  (Ann (DP (0,-1)) (ColDelta 9) DP (0,-1) [] [])),
 (AnnKey ../../hackage-packages/reify-0.1.1/Main.hs:13:24-26 CN "HsVar" NotNeeded,
  (Ann (DP (0,0)) (ColDelta 11) DP (0,0) [] [((G AnnVal),DP (0,0))])),
 (AnnKey ../../hackage-packages/reify-0.1.1/Main.hs:13:24-39 CN "HsApp" NotNeeded,
  (Ann (DP (0,0)) (ColDelta 11) DP (0,0) [] [])),
 (AnnKey ../../hackage-packages/reify-0.1.1/Main.hs:13:24-45 CN "HsApp" NotNeeded,
  (Ann (DP (0,1)) (ColDelta 11) DP (0,1) [] [])),
 (AnnKey ../../hackage-packages/reify-0.1.1/Main.hs:13:28-39 CN "HsLit" NotNeeded,
  (Ann (DP (0,1)) (ColDelta 15) DP (0,1) [] [((G AnnVal),DP (0,0))])),
 (AnnKey ../../hackage-packages/reify-0.1.1/Main.hs:13:41-45 CN "ArithSeq" NotNeeded,
  (Ann (DP (0,1)) (ColDelta 28) DP (0,1) [] [((G AnnOpenS),DP (0,0)),((G AnnDotdot),DP (0,0)),((G AnnCloseS),DP (0,0))])),
 (AnnKey ../../hackage-packages/reify-0.1.1/Main.hs:13:42 CN "HsOverLit" NotNeeded,
  (Ann (DP (0,0)) (ColDelta 29) DP (0,0) [] [((G AnnVal),DP (0,0))])),
 (AnnKey ../../hackage-packages/reify-0.1.1/Main.hs:14:9-14 CN "HsVar" NotNeeded,
  (Ann (DP (0,0)) (ColDelta 0) DP (0,0) [] [((G AnnVal),DP (0,0))])),
 (AnnKey ../../hackage-packages/reify-0.1.1/Main.hs:14:9-62 CN "BodyStmt" NotNeeded,
  (Ann (DP (1,0)) (ColDelta 0) DP (1,0) [] [])),
 (AnnKey ../../hackage-packages/reify-0.1.1/Main.hs:14:9-62 CN "HsApp" NotNeeded,
  (Ann (DP (0,0)) (ColDelta 0) DP (0,0) [] [])),
 (AnnKey ../../hackage-packages/reify-0.1.1/Main.hs:14:16-62 CN "HsLit" NotNeeded,
  (Ann (DP (0,1)) (ColDelta 7) DP (0,1) [] [((G AnnVal),DP (0,0))])),
 (AnnKey ../../hackage-packages/reify-0.1.1/Main.hs:15:9-13 CN "HsVar" NotNeeded,
  (Ann (DP (0,0)) (ColDelta 0) DP (0,0) [] [((G AnnVal),DP (0,0))])),
 (AnnKey ../../hackage-packages/reify-0.1.1/Main.hs:15:9-31 CN "BodyStmt" NotNeeded,
  (Ann (DP (1,0)) (ColDelta 0) DP (1,0) [] [])),
 (AnnKey ../../hackage-packages/reify-0.1.1/Main.hs:15:9-31 CN "OpApp" NotNeeded,
  (Ann (DP (0,0)) (ColDelta 0) DP (0,0) [] [])),
 (AnnKey ../../hackage-packages/reify-0.1.1/Main.hs:15:15 CN "HsVar" NotNeeded,
  (Ann (DP (0,1)) (ColDelta 6) DP (0,1) [] [((G AnnVal),DP (0,0))])),
 (AnnKey ../../hackage-packages/reify-0.1.1/Main.hs:15:17-20 CN "HsVar" NotNeeded,
  (Ann (DP (0,0)) (ColDelta 8) DP (0,0) [] [((G AnnVal),DP (0,0))])),
 (AnnKey ../../hackage-packages/reify-0.1.1/Main.hs:15:17-22 CN "HsApp" NotNeeded,
  (Ann (DP (0,0)) (ColDelta 8) DP (0,0) [] [])),
 (AnnKey ../../hackage-packages/reify-0.1.1/Main.hs:15:17-31 CN "HsApp" NotNeeded,
  (Ann (DP (0,1)) (ColDelta 8) DP (0,1) [] [])),
 (AnnKey ../../hackage-packages/reify-0.1.1/Main.hs:15:22 CN "HsOverLit" NotNeeded,
  (Ann (DP (0,1)) (ColDelta 13) DP (0,1) [] [((G AnnVal),DP (0,0))])),
 (AnnKey ../../hackage-packages/reify-0.1.1/Main.hs:15:24-31 CN "HsVar" NotNeeded,
  (Ann (DP (0,1)) (ColDelta 15) DP (0,1) [] [((G AnnVal),DP (0,0))])),
 (AnnKey ../../hackage-packages/reify-0.1.1/Main.hs:16:9-13 CN "VarPat" NotNeeded,
  (Ann (DP (0,0)) (ColDelta 0) DP (0,0) [] [((G AnnVal),DP (0,0))])),
 (AnnKey ../../hackage-packages/reify-0.1.1/Main.hs:16:9-31 CN "BindStmt" NotNeeded,
  (Ann (DP (1,0)) (ColDelta 0) DP (1,0) [] [((G AnnLarrow),DP (0,1))])),
 (AnnKey ../../hackage-packages/reify-0.1.1/Main.hs:16:18-22 CN "HsVar" NotNeeded,
  (Ann (DP (0,0)) (ColDelta 9) DP (0,0) [] [((G AnnVal),DP (0,0))])),
 (AnnKey ../../hackage-packages/reify-0.1.1/Main.hs:16:18-31 CN "HsApp" NotNeeded,
  (Ann (DP (0,1)) (ColDelta 9) DP (0,1) [] [])),
 (AnnKey ../../hackage-packages/reify-0.1.1/Main.hs:16:24-31 CN "HsVar" NotNeeded,
  (Ann (DP (0,1)) (ColDelta 15) DP (0,1) [] [((G AnnVal),DP (0,0))])),
 (AnnKey ../../hackage-packages/reify-0.1.1/Main.hs:17:9-14 CN "HsVar" NotNeeded,
  (Ann (DP (0,0)) (ColDelta 0) DP (0,0) [] [((G AnnVal),DP (0,0))])),
 (AnnKey ../../hackage-packages/reify-0.1.1/Main.hs:17:9-58 CN "BodyStmt" NotNeeded,
  (Ann (DP (1,0)) (ColDelta 0) DP (1,0) [] [])),
 (AnnKey ../../hackage-packages/reify-0.1.1/Main.hs:17:9-58 CN "HsApp" NotNeeded,
  (Ann (DP (0,0)) (ColDelta 0) DP (0,0) [] [])),
 (AnnKey ../../hackage-packages/reify-0.1.1/Main.hs:17:16-58 CN "HsLit" NotNeeded,
  (Ann (DP (0,1)) (ColDelta 7) DP (0,1) [] [((G AnnVal),DP (0,0))])),
 (AnnKey ../../hackage-packages/reify-0.1.1/Main.hs:18:9-13 CN "HsVar" NotNeeded,
  (Ann (DP (0,0)) (ColDelta 0) DP (0,0) [] [((G AnnVal),DP (0,0))])),
 (AnnKey ../../hackage-packages/reify-0.1.1/Main.hs:18:9-19 CN "BodyStmt" NotNeeded,
  (Ann (DP (1,0)) (ColDelta 0) DP (1,0) [] [])),
 (AnnKey ../../hackage-packages/reify-0.1.1/Main.hs:18:9-19 CN "HsApp" NotNeeded,
  (Ann (DP (0,0)) (ColDelta 0) DP (0,0) [] [])),
 (AnnKey ../../hackage-packages/reify-0.1.1/Main.hs:18:15-19 CN "HsVar" NotNeeded,
  (Ann (DP (0,1)) (ColDelta 6) DP (0,1) [] [((G AnnVal),DP (0,0))])),
 (AnnKey ../../hackage-packages/reify-0.1.1/Main.hs:19:9-14 CN "HsVar" NotNeeded,
  (Ann (DP (0,0)) (ColDelta 0) DP (0,0) [] [((G AnnVal),DP (0,0))])),
 (AnnKey ../../hackage-packages/reify-0.1.1/Main.hs:19:9-61 CN "BodyStmt" NotNeeded,
  (Ann (DP (1,0)) (ColDelta 0) DP (1,0) [] [])),
 (AnnKey ../../hackage-packages/reify-0.1.1/Main.hs:19:9-61 CN "HsApp" NotNeeded,
  (Ann (DP (0,0)) (ColDelta 0) DP (0,0) [] [])),
 (AnnKey ../../hackage-packages/reify-0.1.1/Main.hs:19:16-61 CN "HsLit" NotNeeded,
  (Ann (DP (0,1)) (ColDelta 7) DP (0,1) [] [((G AnnVal),DP (0,0))])),
 (AnnKey ../../hackage-packages/reify-0.1.1/Main.hs:20:9-16 CN "HsVar" NotNeeded,
  (Ann (DP (0,0)) (ColDelta 0) DP (0,0) [] [((G AnnVal),DP (0,0))])),
 (AnnKey ../../hackage-packages/reify-0.1.1/Main.hs:20:9-36 CN "BodyStmt" NotNeeded,
  (Ann (DP (1,0)) (ColDelta 0) DP (1,0) [] [])),
 (AnnKey ../../hackage-packages/reify-0.1.1/Main.hs:20:9-36 CN "OpApp" NotNeeded,
  (Ann (DP (0,0)) (ColDelta 0) DP (0,0) [] [])),
 (AnnKey ../../hackage-packages/reify-0.1.1/Main.hs:20:18 CN "HsVar" NotNeeded,
  (Ann (DP (0,1)) (ColDelta 9) DP (0,1) [] [((G AnnVal),DP (0,0))])),
 (AnnKey ../../hackage-packages/reify-0.1.1/Main.hs:20:20-30 CN "HsVar" NotNeeded,
  (Ann (DP (0,0)) (ColDelta 11) DP (0,0) [] [((G AnnVal),DP (0,0))])),
 (AnnKey ../../hackage-packages/reify-0.1.1/Main.hs:20:20-36 CN "HsApp" NotNeeded,
  (Ann (DP (0,1)) (ColDelta 11) DP (0,1) [] [])),
 (AnnKey ../../hackage-packages/reify-0.1.1/Main.hs:20:32-36 CN "HsVar" NotNeeded,
  (Ann (DP (0,1)) (ColDelta 23) DP (0,1) [] [((G AnnVal),DP (0,0))])),
 (AnnKey ../../hackage-packages/reify-0.1.1/Main.hs:21:9-14 CN "HsVar" NotNeeded,
  (Ann (DP (0,0)) (ColDelta 0) DP (0,0) [] [((G AnnVal),DP (0,0))])),
 (AnnKey ../../hackage-packages/reify-0.1.1/Main.hs:21:9-67 CN "BodyStmt" NotNeeded,
  (Ann (DP (1,0)) (ColDelta 0) DP (1,0) [] [])),
 (AnnKey ../../hackage-packages/reify-0.1.1/Main.hs:21:9-67 CN "HsApp" NotNeeded,
  (Ann (DP (0,0)) (ColDelta 0) DP (0,0) [] [])),
 (AnnKey ../../hackage-packages/reify-0.1.1/Main.hs:21:16-67 CN "HsLit" NotNeeded,
  (Ann (DP (0,1)) (ColDelta 7) DP (0,1) [] [((G AnnVal),DP (0,0))])),
 (AnnKey ../../hackage-packages/reify-0.1.1/Main.hs:22:9-13 CN "HsVar" NotNeeded,
  (Ann (DP (0,0)) (ColDelta 0) DP (0,0) [] [((G AnnVal),DP (0,0))])),
 (AnnKey ../../hackage-packages/reify-0.1.1/Main.hs:22:9-31 CN "BodyStmt" NotNeeded,
  (Ann (DP (1,0)) (ColDelta 0) DP (1,0) [] [])),
 (AnnKey ../../hackage-packages/reify-0.1.1/Main.hs:22:9-31 CN "OpApp" NotNeeded,
  (Ann (DP (0,0)) (ColDelta 0) DP (0,0) [] [])),
 (AnnKey ../../hackage-packages/reify-0.1.1/Main.hs:22:15 CN "HsVar" NotNeeded,
  (Ann (DP (0,1)) (ColDelta 6) DP (0,1) [] [((G AnnVal),DP (0,0))])),
 (AnnKey ../../hackage-packages/reify-0.1.1/Main.hs:22:17-20 CN "HsVar" NotNeeded,
  (Ann (DP (0,0)) (ColDelta 8) DP (0,0) [] [((G AnnVal),DP (0,0))])),
 (AnnKey ../../hackage-packages/reify-0.1.1/Main.hs:22:17-22 CN "HsApp" NotNeeded,
  (Ann (DP (0,0)) (ColDelta 8) DP (0,0) [] [])),
 (AnnKey ../../hackage-packages/reify-0.1.1/Main.hs:22:17-31 CN "HsApp" NotNeeded,
  (Ann (DP (0,1)) (ColDelta 8) DP (0,1) [] [])),
 (AnnKey ../../hackage-packages/reify-0.1.1/Main.hs:22:22 CN "HsOverLit" NotNeeded,
  (Ann (DP (0,1)) (ColDelta 13) DP (0,1) [] [((G AnnVal),DP (0,0))])),
 (AnnKey ../../hackage-packages/reify-0.1.1/Main.hs:22:24-31 CN "HsVar" NotNeeded,
  (Ann (DP (0,1)) (ColDelta 15) DP (0,1) [] [((G AnnVal),DP (0,0))])),
 (AnnKey ../../hackage-packages/reify-0.1.1/Main.hs:23:9-13 CN "VarPat" NotNeeded,
  (Ann (DP (0,0)) (ColDelta 0) DP (0,0) [] [((G AnnVal),DP (0,0))])),
 (AnnKey ../../hackage-packages/reify-0.1.1/Main.hs:23:9-31 CN "BindStmt" NotNeeded,
  (Ann (DP (1,0)) (ColDelta 0) DP (1,0) [] [((G AnnLarrow),DP (0,1))])),
 (AnnKey ../../hackage-packages/reify-0.1.1/Main.hs:23:18-22 CN "HsVar" NotNeeded,
  (Ann (DP (0,0)) (ColDelta 9) DP (0,0) [] [((G AnnVal),DP (0,0))])),
 (AnnKey ../../hackage-packages/reify-0.1.1/Main.hs:23:18-31 CN "HsApp" NotNeeded,
  (Ann (DP (0,1)) (ColDelta 9) DP (0,1) [] [])),
 (AnnKey ../../hackage-packages/reify-0.1.1/Main.hs:23:24-31 CN "HsVar" NotNeeded,
  (Ann (DP (0,1)) (ColDelta 15) DP (0,1) [] [((G AnnVal),DP (0,0))])),
 (AnnKey ../../hackage-packages/reify-0.1.1/Main.hs:24:9-14 CN "HsVar" NotNeeded,
  (Ann (DP (0,0)) (ColDelta 0) DP (0,0) [] [((G AnnVal),DP (0,0))])),
 (AnnKey ../../hackage-packages/reify-0.1.1/Main.hs:24:9-57 CN "BodyStmt" NotNeeded,
  (Ann (DP (1,0)) (ColDelta 0) DP (1,0) [] [])),
 (AnnKey ../../hackage-packages/reify-0.1.1/Main.hs:24:9-57 CN "HsApp" NotNeeded,
  (Ann (DP (0,0)) (ColDelta 0) DP (0,0) [] [])),
 (AnnKey ../../hackage-packages/reify-0.1.1/Main.hs:24:16-57 CN "HsLit" NotNeeded,
  (Ann (DP (0,1)) (ColDelta 7) DP (0,1) [] [((G AnnVal),DP (0,0))])),
 (AnnKey ../../hackage-packages/reify-0.1.1/Main.hs:25:9-16 CN "HsVar" NotNeeded,
  (Ann (DP (0,0)) (ColDelta 0) DP (0,0) [] [((G AnnVal),DP (0,0))])),
 (AnnKey ../../hackage-packages/reify-0.1.1/Main.hs:25:9-36 CN "BodyStmt" NotNeeded,
  (Ann (DP (1,0)) (ColDelta 0) DP (1,0) [] [])),
 (AnnKey ../../hackage-packages/reify-0.1.1/Main.hs:25:9-36 CN "OpApp" NotNeeded,
  (Ann (DP (0,0)) (ColDelta 0) DP (0,0) [] [])),
 (AnnKey ../../hackage-packages/reify-0.1.1/Main.hs:25:18 CN "HsVar" NotNeeded,
  (Ann (DP (0,1)) (ColDelta 9) DP (0,1) [] [((G AnnVal),DP (0,0))])),
 (AnnKey ../../hackage-packages/reify-0.1.1/Main.hs:25:20-30 CN "HsVar" NotNeeded,
  (Ann (DP (0,0)) (ColDelta 11) DP (0,0) [] [((G AnnVal),DP (0,0))])),
 (AnnKey ../../hackage-packages/reify-0.1.1/Main.hs:25:20-36 CN "HsApp" NotNeeded,
  (Ann (DP (0,1)) (ColDelta 11) DP (0,1) [] [])),
 (AnnKey ../../hackage-packages/reify-0.1.1/Main.hs:25:32-36 CN "HsVar" NotNeeded,
  (Ann (DP (0,1)) (ColDelta 23) DP (0,1) [] [((G AnnVal),DP (0,0))])),
 (AnnKey <no location info> CN "EmptyLocalBinds" NotNeeded,
  (Ann (DP (-13,0)) (ColDelta -13) DP (-13,0) [] []))]
==============
([((../../hackage-packages/reify-0.1.1/Main.hs:1:1, AnnModule),
   [../../hackage-packages/reify-0.1.1/Main.hs:4:1-6]),
  ((../../hackage-packages/reify-0.1.1/Main.hs:1:1, AnnWhere),
   [../../hackage-packages/reify-0.1.1/Main.hs:4:13-17]),
  ((../../hackage-packages/reify-0.1.1/Main.hs:6:1-22, AnnImport),
   [../../hackage-packages/reify-0.1.1/Main.hs:6:1-6]),
  ((../../hackage-packages/reify-0.1.1/Main.hs:6:1-22, AnnSemi),
   [../../hackage-packages/reify-0.1.1/Main.hs:7:1]),
  ((../../hackage-packages/reify-0.1.1/Main.hs:6:16-22, AnnCloseP),
   [../../hackage-packages/reify-0.1.1/Main.hs:6:22]),
  ((../../hackage-packages/reify-0.1.1/Main.hs:6:16-22, AnnOpenP),
   [../../hackage-packages/reify-0.1.1/Main.hs:6:16]),
  ((../../hackage-packages/reify-0.1.1/Main.hs:7:1-32, AnnImport),
   [../../hackage-packages/reify-0.1.1/Main.hs:7:1-6]),
  ((../../hackage-packages/reify-0.1.1/Main.hs:7:1-32, AnnSemi),
   [../../hackage-packages/reify-0.1.1/Main.hs:8:1]),
  ((../../hackage-packages/reify-0.1.1/Main.hs:7:20-32, AnnCloseP),
   [../../hackage-packages/reify-0.1.1/Main.hs:7:32]),
  ((../../hackage-packages/reify-0.1.1/Main.hs:7:20-32, AnnOpenP),
   [../../hackage-packages/reify-0.1.1/Main.hs:7:20]),
  ((../../hackage-packages/reify-0.1.1/Main.hs:8:1-26, AnnImport),
   [../../hackage-packages/reify-0.1.1/Main.hs:8:1-6]),
  ((../../hackage-packages/reify-0.1.1/Main.hs:8:1-26, AnnSemi),
   [../../hackage-packages/reify-0.1.1/Main.hs:10:1]),
  ((../../hackage-packages/reify-0.1.1/Main.hs:8:18-26, AnnCloseP),
   [../../hackage-packages/reify-0.1.1/Main.hs:8:26]),
  ((../../hackage-packages/reify-0.1.1/Main.hs:8:18-26, AnnOpenP),
   [../../hackage-packages/reify-0.1.1/Main.hs:8:18]),
  ((../../hackage-packages/reify-0.1.1/Main.hs:10:1-13, AnnDcolon),
   [../../hackage-packages/reify-0.1.1/Main.hs:10:6-7]),
  ((../../hackage-packages/reify-0.1.1/Main.hs:10:1-13, AnnSemi),
   [../../hackage-packages/reify-0.1.1/Main.hs:11:1]),
  ((../../hackage-packages/reify-0.1.1/Main.hs:10:12-13, AnnCloseP),
   [../../hackage-packages/reify-0.1.1/Main.hs:10:13]),
  ((../../hackage-packages/reify-0.1.1/Main.hs:10:12-13, AnnOpenP),
   [../../hackage-packages/reify-0.1.1/Main.hs:10:12]),
  ((../../hackage-packages/reify-0.1.1/Main.hs:(11,1)-(25,36),
    AnnEqual),
   [../../hackage-packages/reify-0.1.1/Main.hs:12:4]),
  ((../../hackage-packages/reify-0.1.1/Main.hs:(11,1)-(25,36),
    AnnFunId),
   [../../hackage-packages/reify-0.1.1/Main.hs:11:1-4]),
  ((../../hackage-packages/reify-0.1.1/Main.hs:(11,1)-(25,36),
    AnnSemi),
   [../../hackage-packages/reify-0.1.1/Main.hs:27:1]),
  ((../../hackage-packages/reify-0.1.1/Main.hs:(12,6)-(25,36),
    AnnDo),
   [../../hackage-packages/reify-0.1.1/Main.hs:12:6-7]),
  ((../../hackage-packages/reify-0.1.1/Main.hs:12:9-34, AnnVal),
   [../../hackage-packages/reify-0.1.1/Main.hs:12:18]),
  ((../../hackage-packages/reify-0.1.1/Main.hs:12:9-46, AnnSemi),
   [../../hackage-packages/reify-0.1.1/Main.hs:13:9]),
  ((../../hackage-packages/reify-0.1.1/Main.hs:12:9-46, AnnVal),
   [../../hackage-packages/reify-0.1.1/Main.hs:12:36-37]),
  ((../../hackage-packages/reify-0.1.1/Main.hs:13:9-45, AnnLet),
   [../../hackage-packages/reify-0.1.1/Main.hs:13:9-11]),
  ((../../hackage-packages/reify-0.1.1/Main.hs:13:9-45, AnnSemi),
   [../../hackage-packages/reify-0.1.1/Main.hs:14:9]),
  ((../../hackage-packages/reify-0.1.1/Main.hs:13:13-45, AnnEqual),
   [../../hackage-packages/reify-0.1.1/Main.hs:13:22]),
  ((../../hackage-packages/reify-0.1.1/Main.hs:13:13-45, AnnFunId),
   [../../hackage-packages/reify-0.1.1/Main.hs:13:13-20]),
  ((../../hackage-packages/reify-0.1.1/Main.hs:13:41-45, AnnCloseS),
   [../../hackage-packages/reify-0.1.1/Main.hs:13:45]),
  ((../../hackage-packages/reify-0.1.1/Main.hs:13:41-45, AnnDotdot),
   [../../hackage-packages/reify-0.1.1/Main.hs:13:43-44]),
  ((../../hackage-packages/reify-0.1.1/Main.hs:13:41-45, AnnOpenS),
   [../../hackage-packages/reify-0.1.1/Main.hs:13:41]),
  ((../../hackage-packages/reify-0.1.1/Main.hs:14:9-62, AnnSemi),
   [../../hackage-packages/reify-0.1.1/Main.hs:15:9]),
  ((../../hackage-packages/reify-0.1.1/Main.hs:15:9-31, AnnSemi),
   [../../hackage-packages/reify-0.1.1/Main.hs:16:9]),
  ((../../hackage-packages/reify-0.1.1/Main.hs:15:9-31, AnnVal),
   [../../hackage-packages/reify-0.1.1/Main.hs:15:15]),
  ((../../hackage-packages/reify-0.1.1/Main.hs:16:9-31, AnnLarrow),
   [../../hackage-packages/reify-0.1.1/Main.hs:16:15-16]),
  ((../../hackage-packages/reify-0.1.1/Main.hs:16:9-31, AnnSemi),
   [../../hackage-packages/reify-0.1.1/Main.hs:17:9]),
  ((../../hackage-packages/reify-0.1.1/Main.hs:17:9-58, AnnSemi),
   [../../hackage-packages/reify-0.1.1/Main.hs:18:9]),
  ((../../hackage-packages/reify-0.1.1/Main.hs:18:9-19, AnnSemi),
   [../../hackage-packages/reify-0.1.1/Main.hs:19:9]),
  ((../../hackage-packages/reify-0.1.1/Main.hs:19:9-61, AnnSemi),
   [../../hackage-packages/reify-0.1.1/Main.hs:20:9]),
  ((../../hackage-packages/reify-0.1.1/Main.hs:20:9-36, AnnSemi),
   [../../hackage-packages/reify-0.1.1/Main.hs:21:9]),
  ((../../hackage-packages/reify-0.1.1/Main.hs:20:9-36, AnnVal),
   [../../hackage-packages/reify-0.1.1/Main.hs:20:18]),
  ((../../hackage-packages/reify-0.1.1/Main.hs:21:9-67, AnnSemi),
   [../../hackage-packages/reify-0.1.1/Main.hs:22:9]),
  ((../../hackage-packages/reify-0.1.1/Main.hs:22:9-31, AnnSemi),
   [../../hackage-packages/reify-0.1.1/Main.hs:23:9]),
  ((../../hackage-packages/reify-0.1.1/Main.hs:22:9-31, AnnVal),
   [../../hackage-packages/reify-0.1.1/Main.hs:22:15]),
  ((../../hackage-packages/reify-0.1.1/Main.hs:23:9-31, AnnLarrow),
   [../../hackage-packages/reify-0.1.1/Main.hs:23:15-16]),
  ((../../hackage-packages/reify-0.1.1/Main.hs:23:9-31, AnnSemi),
   [../../hackage-packages/reify-0.1.1/Main.hs:24:9]),
  ((../../hackage-packages/reify-0.1.1/Main.hs:24:9-57, AnnSemi),
   [../../hackage-packages/reify-0.1.1/Main.hs:25:9]),
  ((../../hackage-packages/reify-0.1.1/Main.hs:25:9-36, AnnVal),
   [../../hackage-packages/reify-0.1.1/Main.hs:25:18]),
  ((<no location info>, AnnEofPos),
   [../../hackage-packages/reify-0.1.1/Main.hs:27:1])],
 [(<no location info>,
   [AnnBlockComment "{- demonstrating the use of ReifyHs.reify -}",
    AnnBlockComment "{-# OPTIONS_GHC -cpp #-}"])])