-- |Wrappers around some handy unix shell commands.  Please let
-- me know if you think of better module names to hold these
-- functions.  -dsf
module System.Unix.Misc
    ( md5sum
    , gzip)
    where

import Control.Exception
import qualified Codec.Compression.GZip
import Data.ByteString.Lazy.Char8 (empty, readFile, writeFile)
import Data.Digest.Pure.MD5 (md5)
import Data.Maybe
import System.Process
import System.Directory
import System.Exit
import System.IO
import System.Posix.Files
import System.Process

-- | Deprecated: Use @Data.ByteString.Lazy.Char8.readFile path >>= return . show . Data.Digest.Pure.MD5.md5@
{-# DEPRECATED md5sum "Use Data.ByteString.Lazy.Char8.readFile path >>= return . show . Data.Digest.Pure.MD5.md5" #-}
md5sum :: FilePath -> IO String
md5sum path = Data.ByteString.Lazy.Char8.readFile path >>= return . show . md5
{-
    do
      (text, _, exitCode) <- lazyProcess "md5sum" [path] Nothing Nothing empty >>= return . collectOutputUnpacked
      let output = listToMaybe (words text)
      case exitCode of
        ExitSuccess ->
            case output of
              Nothing -> error ("Error in output of 'md5sum " ++ path ++ "'")
              Just checksum -> return checksum
        _ -> error ("Error running 'md5sum " ++ path ++ "'")
-}

-- | Deprecated: Use @Data.ByteString.Lazy.Char8.readFile path >>= Data.ByteString.Lazy.Char8.writeFile (path ++ \".gz\")@
{-# DEPRECATED gzip "Use Data.ByteString.Lazy.Char8.readFile path >>= Data.ByteString.Lazy.Char8.writeFile (path ++ ".gz")" #-}
gzip :: FilePath -> IO ()
gzip path = Data.ByteString.Lazy.Char8.readFile path >>= Data.ByteString.Lazy.Char8.writeFile (path ++ ".gz")
{-
    do
      result <- system ("gzip < " ++ path ++ " > " ++ path ++ ".gz")
      case result of
        ExitSuccess -> return ()
        e -> error (show e)
-}

==============
../../hackage-packages/Unixutils-1.52.4/System/Unix/Misc.hs
==============
lengths:(1836,1838)

==============

({ ../../hackage-packages/Unixutils-1.52.4/System/Unix/Misc.hs:1:1 }
 Just (Ann (DP (0,0)) (ColDelta 1) DP (0,0) [] [((AnnComment DComment (DP (0,0),DP (0,63)) "-- |Wrappers around some handy unix shell commands.  Please let" Nothing),DP (0,0)),((AnnComment DComment (DP (1,1),DP (1,61)) "-- me know if you think of better module names to hold these" Nothing),DP (1,1)),((AnnComment DComment (DP (1,1),DP (1,20)) "-- functions.  -dsf" Nothing),DP (1,1)),((G AnnModule),DP (3,1)),((G AnnVal),DP (0,1)),((G AnnWhere),DP (1,5)),((AnnComment DComment (DP (1,1),DP (7,3)) "{-\n    do\n      result <- system (\"gzip < \" ++ path ++ \" > \" ++ path ++ \".gz\")\n      case result of\n        ExitSuccess -> return ()\n        e -> error (show e)\n-}" Nothing),DP (1,1)),((G AnnEofPos),DP (8,0))])
 (HsModule 
  (Just 
   ({ ../../hackage-packages/Unixutils-1.52.4/System/Unix/Misc.hs:4:8-23 }
    Nothing{ModuleName: System.Unix.Misc})) 
  (Just 
   ({ ../../hackage-packages/Unixutils-1.52.4/System/Unix/Misc.hs:(5,5)-(6,11)
     }
    Just (Ann (DP (1,5)) (ColDelta 5) DP (1,5) [] [((G AnnOpenP),DP (0,0)),((G AnnCloseP),DP (0,0))])
    [
     ({ ../../hackage-packages/Unixutils-1.52.4/System/Unix/Misc.hs:5:7-12 }
      Just (Ann (DP (0,1)) (ColDelta 7) DP (0,1) [] [])
      (IEVar 
       ({ ../../hackage-packages/Unixutils-1.52.4/System/Unix/Misc.hs:5:7-12 }
        Just (Ann (DP (0,0)) (ColDelta 7) DP (0,0) [] [((G AnnVal),DP (0,0)),((G AnnComma),DP (1,5))])
        (Unqual {OccName: md5sum})))),
     ({ ../../hackage-packages/Unixutils-1.52.4/System/Unix/Misc.hs:6:7-10 }
      Just (Ann (DP (0,1)) (ColDelta 7) DP (0,1) [] [])
      (IEVar 
       ({ ../../hackage-packages/Unixutils-1.52.4/System/Unix/Misc.hs:6:7-10 }
        Just (Ann (DP (0,0)) (ColDelta 7) DP (0,0) [] [((G AnnVal),DP (0,0))])
        (Unqual {OccName: gzip}))))])) 
  [
   ({ ../../hackage-packages/Unixutils-1.52.4/System/Unix/Misc.hs:9:1-24 }
    Just (Ann (DP (2,1)) (ColDelta 1) DP (2,1) [] [((G AnnImport),DP (0,0)),((G AnnVal),DP (0,1))])
    (ImportDecl 
     (Nothing) 
     ({ ../../hackage-packages/Unixutils-1.52.4/System/Unix/Misc.hs:9:8-24 }
      Nothing{ModuleName: Control.Exception}) 
     (Nothing) 
     (False) 
     (False) 
     (False) 
     (False) 
     (Nothing) 
     (Nothing))),
   ({ ../../hackage-packages/Unixutils-1.52.4/System/Unix/Misc.hs:10:1-39
     }
    Just (Ann (DP (1,1)) (ColDelta 1) DP (1,1) [] [((G AnnImport),DP (0,0)),((G AnnQualified),DP (0,1)),((G AnnVal),DP (0,1))])
    (ImportDecl 
     (Nothing) 
     ({ ../../hackage-packages/Unixutils-1.52.4/System/Unix/Misc.hs:10:18-39
       }
      Nothing{ModuleName: Codec.Compression.GZip}) 
     (Nothing) 
     (False) 
     (False) 
     (True) 
     (False) 
     (Nothing) 
     (Nothing))),
   ({ ../../hackage-packages/Unixutils-1.52.4/System/Unix/Misc.hs:11:1-62
     }
    Just (Ann (DP (1,1)) (ColDelta 1) DP (1,1) [] [((G AnnImport),DP (0,0)),((G AnnVal),DP (0,1))])
    (ImportDecl 
     (Nothing) 
     ({ ../../hackage-packages/Unixutils-1.52.4/System/Unix/Misc.hs:11:8-33
       }
      Nothing{ModuleName: Data.ByteString.Lazy.Char8}) 
     (Nothing) 
     (False) 
     (False) 
     (False) 
     (False) 
     (Nothing) 
     (Just 
      ((,) 
       (False) 
       ({ ../../hackage-packages/Unixutils-1.52.4/System/Unix/Misc.hs:11:35-62
         }
        Just (Ann (DP (0,1)) (ColDelta 35) DP (0,1) [] [((G AnnOpenP),DP (0,0)),((G AnnCloseP),DP (0,0))])
        [
         ({ ../../hackage-packages/Unixutils-1.52.4/System/Unix/Misc.hs:11:36-40
           }
          Just (Ann (DP (0,0)) (ColDelta 36) DP (0,0) [] [])
          (IEVar 
           ({ ../../hackage-packages/Unixutils-1.52.4/System/Unix/Misc.hs:11:36-40
             }
            Just (Ann (DP (0,0)) (ColDelta 36) DP (0,0) [] [((G AnnVal),DP (0,0)),((G AnnComma),DP (0,0))])
            (Unqual {OccName: empty})))),
         ({ ../../hackage-packages/Unixutils-1.52.4/System/Unix/Misc.hs:11:43-50
           }
          Just (Ann (DP (0,1)) (ColDelta 43) DP (0,1) [] [])
          (IEVar 
           ({ ../../hackage-packages/Unixutils-1.52.4/System/Unix/Misc.hs:11:43-50
             }
            Just (Ann (DP (0,0)) (ColDelta 43) DP (0,0) [] [((G AnnVal),DP (0,0)),((G AnnComma),DP (0,0))])
            (Unqual {OccName: readFile})))),
         ({ ../../hackage-packages/Unixutils-1.52.4/System/Unix/Misc.hs:11:53-61
           }
          Just (Ann (DP (0,1)) (ColDelta 53) DP (0,1) [] [])
          (IEVar 
           ({ ../../hackage-packages/Unixutils-1.52.4/System/Unix/Misc.hs:11:53-61
             }
            Just (Ann (DP (0,0)) (ColDelta 53) DP (0,0) [] [((G AnnVal),DP (0,0))])
            (Unqual {OccName: writeFile}))))]))))),
   ({ ../../hackage-packages/Unixutils-1.52.4/System/Unix/Misc.hs:12:1-33
     }
    Just (Ann (DP (1,1)) (ColDelta 1) DP (1,1) [] [((G AnnImport),DP (0,0)),((G AnnVal),DP (0,1))])
    (ImportDecl 
     (Nothing) 
     ({ ../../hackage-packages/Unixutils-1.52.4/System/Unix/Misc.hs:12:8-27
       }
      Nothing{ModuleName: Data.Digest.Pure.MD5}) 
     (Nothing) 
     (False) 
     (False) 
     (False) 
     (False) 
     (Nothing) 
     (Just 
      ((,) 
       (False) 
       ({ ../../hackage-packages/Unixutils-1.52.4/System/Unix/Misc.hs:12:29-33
         }
        Just (Ann (DP (0,1)) (ColDelta 29) DP (0,1) [] [((G AnnOpenP),DP (0,0)),((G AnnCloseP),DP (0,0))])
        [
         ({ ../../hackage-packages/Unixutils-1.52.4/System/Unix/Misc.hs:12:30-32
           }
          Just (Ann (DP (0,0)) (ColDelta 30) DP (0,0) [] [])
          (IEVar 
           ({ ../../hackage-packages/Unixutils-1.52.4/System/Unix/Misc.hs:12:30-32
             }
            Just (Ann (DP (0,0)) (ColDelta 30) DP (0,0) [] [((G AnnVal),DP (0,0))])
            (Unqual {OccName: md5}))))]))))),
   ({ ../../hackage-packages/Unixutils-1.52.4/System/Unix/Misc.hs:13:1-17
     }
    Just (Ann (DP (1,1)) (ColDelta 1) DP (1,1) [] [((G AnnImport),DP (0,0)),((G AnnVal),DP (0,1))])
    (ImportDecl 
     (Nothing) 
     ({ ../../hackage-packages/Unixutils-1.52.4/System/Unix/Misc.hs:13:8-17
       }
      Nothing{ModuleName: Data.Maybe}) 
     (Nothing) 
     (False) 
     (False) 
     (False) 
     (False) 
     (Nothing) 
     (Nothing))),
   ({ ../../hackage-packages/Unixutils-1.52.4/System/Unix/Misc.hs:14:1-21
     }
    Just (Ann (DP (1,1)) (ColDelta 1) DP (1,1) [] [((G AnnImport),DP (0,0)),((G AnnVal),DP (0,1))])
    (ImportDecl 
     (Nothing) 
     ({ ../../hackage-packages/Unixutils-1.52.4/System/Unix/Misc.hs:14:8-21
       }
      Nothing{ModuleName: System.Process}) 
     (Nothing) 
     (False) 
     (False) 
     (False) 
     (False) 
     (Nothing) 
     (Nothing))),
   ({ ../../hackage-packages/Unixutils-1.52.4/System/Unix/Misc.hs:15:1-23
     }
    Just (Ann (DP (1,1)) (ColDelta 1) DP (1,1) [] [((G AnnImport),DP (0,0)),((G AnnVal),DP (0,1))])
    (ImportDecl 
     (Nothing) 
     ({ ../../hackage-packages/Unixutils-1.52.4/System/Unix/Misc.hs:15:8-23
       }
      Nothing{ModuleName: System.Directory}) 
     (Nothing) 
     (False) 
     (False) 
     (False) 
     (False) 
     (Nothing) 
     (Nothing))),
   ({ ../../hackage-packages/Unixutils-1.52.4/System/Unix/Misc.hs:16:1-18
     }
    Just (Ann (DP (1,1)) (ColDelta 1) DP (1,1) [] [((G AnnImport),DP (0,0)),((G AnnVal),DP (0,1))])
    (ImportDecl 
     (Nothing) 
     ({ ../../hackage-packages/Unixutils-1.52.4/System/Unix/Misc.hs:16:8-18
       }
      Nothing{ModuleName: System.Exit}) 
     (Nothing) 
     (False) 
     (False) 
     (False) 
     (False) 
     (Nothing) 
     (Nothing))),
   ({ ../../hackage-packages/Unixutils-1.52.4/System/Unix/Misc.hs:17:1-16
     }
    Just (Ann (DP (1,1)) (ColDelta 1) DP (1,1) [] [((G AnnImport),DP (0,0)),((G AnnVal),DP (0,1))])
    (ImportDecl 
     (Nothing) 
     ({ ../../hackage-packages/Unixutils-1.52.4/System/Unix/Misc.hs:17:8-16
       }
      Nothing{ModuleName: System.IO}) 
     (Nothing) 
     (False) 
     (False) 
     (False) 
     (False) 
     (Nothing) 
     (Nothing))),
   ({ ../../hackage-packages/Unixutils-1.52.4/System/Unix/Misc.hs:18:1-25
     }
    Just (Ann (DP (1,1)) (ColDelta 1) DP (1,1) [] [((G AnnImport),DP (0,0)),((G AnnVal),DP (0,1))])
    (ImportDecl 
     (Nothing) 
     ({ ../../hackage-packages/Unixutils-1.52.4/System/Unix/Misc.hs:18:8-25
       }
      Nothing{ModuleName: System.Posix.Files}) 
     (Nothing) 
     (False) 
     (False) 
     (False) 
     (False) 
     (Nothing) 
     (Nothing))),
   ({ ../../hackage-packages/Unixutils-1.52.4/System/Unix/Misc.hs:19:1-21
     }
    Just (Ann (DP (1,1)) (ColDelta 1) DP (1,1) [] [((G AnnImport),DP (0,0)),((G AnnVal),DP (0,1))])
    (ImportDecl 
     (Nothing) 
     ({ ../../hackage-packages/Unixutils-1.52.4/System/Unix/Misc.hs:19:8-21
       }
      Nothing{ModuleName: System.Process}) 
     (Nothing) 
     (False) 
     (False) 
     (False) 
     (False) 
     (Nothing) 
     (Nothing)))] 
  [
   ({ ../../hackage-packages/Unixutils-1.52.4/System/Unix/Misc.hs:22:1-117
     }
    Just (Ann (DP (1,1)) (ColDelta 1) DP (3,1) [DComment (DP (2,1),DP (2,109)) "-- | Deprecated: Use @Data.ByteString.Lazy.Char8.readFile path >>= return . show . Data.Digest.Pure.MD5.md5@" Nothing] [((G AnnOpen),DP (0,0)),((G AnnClose),DP (0,1))])
    (WarningD 
     (Warnings "{-# DEPRECATED" 
      [
       ({ ../../hackage-packages/Unixutils-1.52.4/System/Unix/Misc.hs:22:16-113
         }
        Just (Ann (DP (0,1)) (ColDelta 16) DP (0,1) [] [])
        (Warning 
         [
          ({ ../../hackage-packages/Unixutils-1.52.4/System/Unix/Misc.hs:22:16-21
            }
           Just (Ann (DP (0,0)) (ColDelta 16) DP (0,0) [] [((G AnnVal),DP (0,0))])
           (Unqual {OccName: md5sum}))] 
         (DeprecatedTxt 
          ({ <no location info> }
           Nothing"") 
          [
           ({ ../../hackage-packages/Unixutils-1.52.4/System/Unix/Misc.hs:22:23-113
             }
            Just (Ann (DP (0,1)) (ColDelta 23) DP (0,1) [] [((G AnnVal),DP (0,0))]){FastString: "Use Data.ByteString.Lazy.Char8.readFile path >>= return . show . Data.Digest.Pure.MD5.md5"})])))]))),
   ({ ../../hackage-packages/Unixutils-1.52.4/System/Unix/Misc.hs:23:1-31
     }
    Just (Ann (DP (1,1)) (ColDelta 1) DP (1,1) [] [((G AnnDcolon),DP (0,1))])
    (SigD 
     (TypeSig 
      [
       ({ ../../hackage-packages/Unixutils-1.52.4/System/Unix/Misc.hs:23:1-6 }
        Just (Ann (DP (0,0)) (ColDelta 1) DP (0,0) [] [((G AnnVal),DP (0,0))])
        (Unqual {OccName: md5sum}))] 
      ({ ../../hackage-packages/Unixutils-1.52.4/System/Unix/Misc.hs:23:11-31
        }
       Just (Ann (DP (0,1)) (ColDelta 11) DP (0,1) [] [])
       (HsForAllTy 
        (Implicit) 
        (Nothing) 
        (HsQTvs 
         [] 
         []) 
        ({ <no location info> }
         Nothing
         []) 
        ({ ../../hackage-packages/Unixutils-1.52.4/System/Unix/Misc.hs:23:11-31
          }
         Just (Ann (DP (0,0)) (ColDelta 11) DP (0,0) [] [((G AnnRarrow),DP (0,1))])
         (HsFunTy 
          ({ ../../hackage-packages/Unixutils-1.52.4/System/Unix/Misc.hs:23:11-18
            }
           Just (Ann (DP (0,0)) (ColDelta 11) DP (0,0) [] [((G AnnVal),DP (0,0))])
           (HsTyVar 
            (Unqual {OccName: FilePath}))) 
          ({ ../../hackage-packages/Unixutils-1.52.4/System/Unix/Misc.hs:23:23-31
            }
           Just (Ann (DP (0,1)) (ColDelta 23) DP (0,1) [] [])
           (HsAppTy 
            ({ ../../hackage-packages/Unixutils-1.52.4/System/Unix/Misc.hs:23:23-24
              }
             Just (Ann (DP (0,0)) (ColDelta 23) DP (0,0) [] [((G AnnVal),DP (0,0))])
             (HsTyVar 
              (Unqual {OccName: IO}))) 
            ({ ../../hackage-packages/Unixutils-1.52.4/System/Unix/Misc.hs:23:26-31
              }
             Just (Ann (DP (0,1)) (ColDelta 26) DP (0,1) [] [((G AnnVal),DP (0,0))])
             (HsTyVar 
              (Unqual {OccName: String}))))))))) 
      (PlaceHolder)))),
   ({ ../../hackage-packages/Unixutils-1.52.4/System/Unix/Misc.hs:24:1-78
     }
    Just (Ann (DP (1,1)) (ColDelta 1) DP (1,1) [] [])
    (ValD 
     (FunBind 
      ({ ../../hackage-packages/Unixutils-1.52.4/System/Unix/Misc.hs:24:1-6 }
       Just (Ann (DP (0,0)) (ColDelta 1) DP (0,0) [] [((G AnnVal),DP (0,0))])
       (Unqual {OccName: md5sum})) 
      (False) 
      (MG 
       [
        ({ ../../hackage-packages/Unixutils-1.52.4/System/Unix/Misc.hs:24:1-78
          }
         Just (Ann (DP (0,0)) (ColDelta 1) DP (0,0) [] [((G AnnEqual),DP (0,1))])
         (Match 
          (Just 
           ((,) 
            ({ ../../hackage-packages/Unixutils-1.52.4/System/Unix/Misc.hs:24:1-6 }
             Just (Ann (DP (0,0)) (ColDelta 1) DP (0,0) [] [((G AnnVal),DP (0,0))])
             (Unqual {OccName: md5sum})) 
            (False))) 
          [
           ({ ../../hackage-packages/Unixutils-1.52.4/System/Unix/Misc.hs:24:8-11
             }
            Just (Ann (DP (0,1)) (ColDelta 8) DP (0,1) [] [((G AnnVal),DP (0,0))])
            (VarPat 
             (Unqual {OccName: path})))] 
          (Nothing) 
          (GRHSs 
           [
            ({ ../../hackage-packages/Unixutils-1.52.4/System/Unix/Misc.hs:24:13-78
              }
             Just (Ann (DP (0,-1)) (ColDelta 13) DP (0,-1) [] [])
             (GRHS 
              [] 
              ({ ../../hackage-packages/Unixutils-1.52.4/System/Unix/Misc.hs:24:15-78
                }
               Just (Ann (DP (0,1)) (ColDelta 15) DP (0,1) [] [])
               (OpApp 
                ({ ../../hackage-packages/Unixutils-1.52.4/System/Unix/Misc.hs:24:15-72
                  }
                 Just (Ann (DP (0,0)) (ColDelta 15) DP (0,0) [] [])
                 (OpApp 
                  ({ ../../hackage-packages/Unixutils-1.52.4/System/Unix/Misc.hs:24:15-65
                    }
                   Just (Ann (DP (0,0)) (ColDelta 15) DP (0,0) [] [])
                   (OpApp 
                    ({ ../../hackage-packages/Unixutils-1.52.4/System/Unix/Misc.hs:24:15-54
                      }
                     Just (Ann (DP (0,0)) (ColDelta 15) DP (0,0) [] [])
                     (HsApp 
                      ({ ../../hackage-packages/Unixutils-1.52.4/System/Unix/Misc.hs:24:15-49
                        }
                       Just (Ann (DP (0,0)) (ColDelta 15) DP (0,0) [] [((G AnnVal),DP (0,0))])
                       (HsVar 
                        (Qual {ModuleName: Data.ByteString.Lazy.Char8} {OccName: readFile}))) 
                      ({ ../../hackage-packages/Unixutils-1.52.4/System/Unix/Misc.hs:24:51-54
                        }
                       Just (Ann (DP (0,1)) (ColDelta 51) DP (0,1) [] [((G AnnVal),DP (0,0))])
                       (HsVar 
                        (Unqual {OccName: path}))))) 
                    ({ ../../hackage-packages/Unixutils-1.52.4/System/Unix/Misc.hs:24:56-58
                      }
                     Just (Ann (DP (0,1)) (ColDelta 56) DP (0,1) [] [((G AnnVal),DP (0,0))])
                     (HsVar 
                      (Unqual {OccName: >>=}))) 
                    (PlaceHolder) 
                    ({ ../../hackage-packages/Unixutils-1.52.4/System/Unix/Misc.hs:24:60-65
                      }
                     Just (Ann (DP (0,1)) (ColDelta 60) DP (0,1) [] [((G AnnVal),DP (0,0))])
                     (HsVar 
                      (Unqual {OccName: return}))))) 
                  ({ ../../hackage-packages/Unixutils-1.52.4/System/Unix/Misc.hs:24:67 }
                   Just (Ann (DP (0,1)) (ColDelta 67) DP (0,1) [] [((G AnnVal),DP (0,0))])
                   (HsVar 
                    (Unqual {OccName: .}))) 
                  (PlaceHolder) 
                  ({ ../../hackage-packages/Unixutils-1.52.4/System/Unix/Misc.hs:24:69-72
                    }
                   Just (Ann (DP (0,1)) (ColDelta 69) DP (0,1) [] [((G AnnVal),DP (0,0))])
                   (HsVar 
                    (Unqual {OccName: show}))))) 
                ({ ../../hackage-packages/Unixutils-1.52.4/System/Unix/Misc.hs:24:74 }
                 Just (Ann (DP (0,1)) (ColDelta 74) DP (0,1) [] [((G AnnVal),DP (0,0))])
                 (HsVar 
                  (Unqual {OccName: .}))) 
                (PlaceHolder) 
                ({ ../../hackage-packages/Unixutils-1.52.4/System/Unix/Misc.hs:24:76-78
                  }
                 Just (Ann (DP (0,1)) (ColDelta 76) DP (0,1) [] [((G AnnVal),DP (0,0))])
                 (HsVar 
                  (Unqual {OccName: md5})))))))] 
           (EmptyLocalBinds))))] 
       [] 
       (PlaceHolder) 
       (FromSource)) 
      (WpHole) 
      (PlaceHolder) 
      []))),
   ({ ../../hackage-packages/Unixutils-1.52.4/System/Unix/Misc.hs:38:1-129
     }
    Just (Ann (DP (1,1)) (ColDelta 1) DP (14,1) [DComment (DP (1,1),DP (11,3)) "{-\n    do\n      (text, _, exitCode) <- lazyProcess \"md5sum\" [path] Nothing Nothing empty >>= return . collectOutputUnpacked\n      let output = listToMaybe (words text)\n      case exitCode of\n        ExitSuccess ->\n            case output of\n              Nothing -> error (\"Error in output of 'md5sum \" ++ path ++ \"'\")\n              Just checksum -> return checksum\n        _ -> error (\"Error running 'md5sum \" ++ path ++ \"'\")\n-}" Nothing,DComment (DP (2,1),DP (2,123)) "-- | Deprecated: Use @Data.ByteString.Lazy.Char8.readFile path >>= Data.ByteString.Lazy.Char8.writeFile (path ++ \\\".gz\\\")@" Nothing] [((G AnnOpen),DP (0,0)),((G AnnClose),DP (0,1))])
    (WarningD 
     (Warnings "{-# DEPRECATED" 
      [
       ({ ../../hackage-packages/Unixutils-1.52.4/System/Unix/Misc.hs:38:16-125
         }
        Just (Ann (DP (0,1)) (ColDelta 16) DP (0,1) [] [])
        (Warning 
         [
          ({ ../../hackage-packages/Unixutils-1.52.4/System/Unix/Misc.hs:38:16-19
            }
           Just (Ann (DP (0,0)) (ColDelta 16) DP (0,0) [] [((G AnnVal),DP (0,0))])
           (Unqual {OccName: gzip}))] 
         (DeprecatedTxt 
          ({ <no location info> }
           Nothing"") 
          [
           ({ ../../hackage-packages/Unixutils-1.52.4/System/Unix/Misc.hs:38:21-125
             }
            Just (Ann (DP (0,1)) (ColDelta 21) DP (0,1) [] [((G AnnVal),DP (0,0))]){FastString: "Use Data.ByteString.Lazy.Char8.readFile path >>= Data.ByteString.Lazy.Char8.writeFile (path ++ \".gz\")"})])))]))),
   ({ ../../hackage-packages/Unixutils-1.52.4/System/Unix/Misc.hs:39:1-25
     }
    Just (Ann (DP (1,1)) (ColDelta 1) DP (1,1) [] [((G AnnDcolon),DP (0,1))])
    (SigD 
     (TypeSig 
      [
       ({ ../../hackage-packages/Unixutils-1.52.4/System/Unix/Misc.hs:39:1-4 }
        Just (Ann (DP (0,0)) (ColDelta 1) DP (0,0) [] [((G AnnVal),DP (0,0))])
        (Unqual {OccName: gzip}))] 
      ({ ../../hackage-packages/Unixutils-1.52.4/System/Unix/Misc.hs:39:9-25
        }
       Just (Ann (DP (0,1)) (ColDelta 9) DP (0,1) [] [])
       (HsForAllTy 
        (Implicit) 
        (Nothing) 
        (HsQTvs 
         [] 
         []) 
        ({ <no location info> }
         Nothing
         []) 
        ({ ../../hackage-packages/Unixutils-1.52.4/System/Unix/Misc.hs:39:9-25
          }
         Just (Ann (DP (0,0)) (ColDelta 9) DP (0,0) [] [((G AnnRarrow),DP (0,1))])
         (HsFunTy 
          ({ ../../hackage-packages/Unixutils-1.52.4/System/Unix/Misc.hs:39:9-16
            }
           Just (Ann (DP (0,0)) (ColDelta 9) DP (0,0) [] [((G AnnVal),DP (0,0))])
           (HsTyVar 
            (Unqual {OccName: FilePath}))) 
          ({ ../../hackage-packages/Unixutils-1.52.4/System/Unix/Misc.hs:39:21-25
            }
           Just (Ann (DP (0,1)) (ColDelta 21) DP (0,1) [] [])
           (HsAppTy 
            ({ ../../hackage-packages/Unixutils-1.52.4/System/Unix/Misc.hs:39:21-22
              }
             Just (Ann (DP (0,0)) (ColDelta 21) DP (0,0) [] [((G AnnVal),DP (0,0))])
             (HsTyVar 
              (Unqual {OccName: IO}))) 
            ({ ../../hackage-packages/Unixutils-1.52.4/System/Unix/Misc.hs:39:24-25
              }
             Just (Ann (DP (0,1)) (ColDelta 24) DP (0,1) [] [((G AnnOpenP),DP (0,0)),((G AnnCloseP),DP (0,0))])
             (HsTupleTy 
              (HsBoxedOrConstraintTuple) 
              [])))))))) 
      (PlaceHolder)))),
   ({ ../../hackage-packages/Unixutils-1.52.4/System/Unix/Misc.hs:40:1-109
     }
    Just (Ann (DP (1,1)) (ColDelta 1) DP (1,1) [] [])
    (ValD 
     (FunBind 
      ({ ../../hackage-packages/Unixutils-1.52.4/System/Unix/Misc.hs:40:1-4 }
       Just (Ann (DP (0,0)) (ColDelta 1) DP (0,0) [] [((G AnnVal),DP (0,0))])
       (Unqual {OccName: gzip})) 
      (False) 
      (MG 
       [
        ({ ../../hackage-packages/Unixutils-1.52.4/System/Unix/Misc.hs:40:1-109
          }
         Just (Ann (DP (0,0)) (ColDelta 1) DP (0,0) [] [((G AnnEqual),DP (0,1))])
         (Match 
          (Just 
           ((,) 
            ({ ../../hackage-packages/Unixutils-1.52.4/System/Unix/Misc.hs:40:1-4 }
             Just (Ann (DP (0,0)) (ColDelta 1) DP (0,0) [] [((G AnnVal),DP (0,0))])
             (Unqual {OccName: gzip})) 
            (False))) 
          [
           ({ ../../hackage-packages/Unixutils-1.52.4/System/Unix/Misc.hs:40:6-9 }
            Just (Ann (DP (0,1)) (ColDelta 6) DP (0,1) [] [((G AnnVal),DP (0,0))])
            (VarPat 
             (Unqual {OccName: path})))] 
          (Nothing) 
          (GRHSs 
           [
            ({ ../../hackage-packages/Unixutils-1.52.4/System/Unix/Misc.hs:40:11-109
              }
             Just (Ann (DP (0,-1)) (ColDelta 11) DP (0,-1) [] [])
             (GRHS 
              [] 
              ({ ../../hackage-packages/Unixutils-1.52.4/System/Unix/Misc.hs:40:13-109
                }
               Just (Ann (DP (0,1)) (ColDelta 13) DP (0,1) [] [])
               (OpApp 
                ({ ../../hackage-packages/Unixutils-1.52.4/System/Unix/Misc.hs:40:13-52
                  }
                 Just (Ann (DP (0,0)) (ColDelta 13) DP (0,0) [] [])
                 (HsApp 
                  ({ ../../hackage-packages/Unixutils-1.52.4/System/Unix/Misc.hs:40:13-47
                    }
                   Just (Ann (DP (0,0)) (ColDelta 13) DP (0,0) [] [((G AnnVal),DP (0,0))])
                   (HsVar 
                    (Qual {ModuleName: Data.ByteString.Lazy.Char8} {OccName: readFile}))) 
                  ({ ../../hackage-packages/Unixutils-1.52.4/System/Unix/Misc.hs:40:49-52
                    }
                   Just (Ann (DP (0,1)) (ColDelta 49) DP (0,1) [] [((G AnnVal),DP (0,0))])
                   (HsVar 
                    (Unqual {OccName: path}))))) 
                ({ ../../hackage-packages/Unixutils-1.52.4/System/Unix/Misc.hs:40:54-56
                  }
                 Just (Ann (DP (0,1)) (ColDelta 54) DP (0,1) [] [((G AnnVal),DP (0,0))])
                 (HsVar 
                  (Unqual {OccName: >>=}))) 
                (PlaceHolder) 
                ({ ../../hackage-packages/Unixutils-1.52.4/System/Unix/Misc.hs:40:58-109
                  }
                 Just (Ann (DP (0,1)) (ColDelta 58) DP (0,1) [] [])
                 (HsApp 
                  ({ ../../hackage-packages/Unixutils-1.52.4/System/Unix/Misc.hs:40:58-93
                    }
                   Just (Ann (DP (0,0)) (ColDelta 58) DP (0,0) [] [((G AnnVal),DP (0,0))])
                   (HsVar 
                    (Qual {ModuleName: Data.ByteString.Lazy.Char8} {OccName: writeFile}))) 
                  ({ ../../hackage-packages/Unixutils-1.52.4/System/Unix/Misc.hs:40:95-109
                    }
                   Just (Ann (DP (0,1)) (ColDelta 95) DP (0,1) [] [((G AnnOpenP),DP (0,0)),((G AnnCloseP),DP (0,0))])
                   (HsPar 
                    ({ ../../hackage-packages/Unixutils-1.52.4/System/Unix/Misc.hs:40:96-108
                      }
                     Just (Ann (DP (0,0)) (ColDelta 96) DP (0,0) [] [])
                     (OpApp 
                      ({ ../../hackage-packages/Unixutils-1.52.4/System/Unix/Misc.hs:40:96-99
                        }
                       Just (Ann (DP (0,0)) (ColDelta 96) DP (0,0) [] [((G AnnVal),DP (0,0))])
                       (HsVar 
                        (Unqual {OccName: path}))) 
                      ({ ../../hackage-packages/Unixutils-1.52.4/System/Unix/Misc.hs:40:101-102
                        }
                       Just (Ann (DP (0,1)) (ColDelta 101) DP (0,1) [] [((G AnnVal),DP (0,0))])
                       (HsVar 
                        (Unqual {OccName: ++}))) 
                      (PlaceHolder) 
                      ({ ../../hackage-packages/Unixutils-1.52.4/System/Unix/Misc.hs:40:104-108
                        }
                       Just (Ann (DP (0,1)) (ColDelta 104) DP (0,1) [] [((G AnnVal),DP (0,0))])
                       (HsLit 
                        (HsString "\".gz\"" {FastString: ".gz"})))))))))))))] 
           (EmptyLocalBinds))))] 
       [] 
       (PlaceHolder) 
       (FromSource)) 
      (WpHole) 
      (PlaceHolder) 
      [])))] 
  (Nothing) 
  (Nothing)))
==============
[(AnnKey ../../hackage-packages/Unixutils-1.52.4/System/Unix/Misc.hs:1:1 CN "HsModule" NotNeeded,
  (Ann (DP (0,0)) (ColDelta 1) DP (0,0) [] [((AnnComment DComment (DP (0,0),DP (0,63)) "-- |Wrappers around some handy unix shell commands.  Please let" Nothing),DP (0,0)),((AnnComment DComment (DP (1,1),DP (1,61)) "-- me know if you think of better module names to hold these" Nothing),DP (1,1)),((AnnComment DComment (DP (1,1),DP (1,20)) "-- functions.  -dsf" Nothing),DP (1,1)),((G AnnModule),DP (3,1)),((G AnnVal),DP (0,1)),((G AnnWhere),DP (1,5)),((AnnComment DComment (DP (1,1),DP (7,3)) "{-\n    do\n      result <- system (\"gzip < \" ++ path ++ \" > \" ++ path ++ \".gz\")\n      case result of\n        ExitSuccess -> return ()\n        e -> error (show e)\n-}" Nothing),DP (1,1)),((G AnnEofPos),DP (8,0))])),
 (AnnKey ../../hackage-packages/Unixutils-1.52.4/System/Unix/Misc.hs:(5,5)-(6,11) CN "(:)" NotNeeded,
  (Ann (DP (1,5)) (ColDelta 5) DP (1,5) [] [((G AnnOpenP),DP (0,0)),((G AnnCloseP),DP (0,0))])),
 (AnnKey ../../hackage-packages/Unixutils-1.52.4/System/Unix/Misc.hs:5:7-12 CN "IEVar" NotNeeded,
  (Ann (DP (0,1)) (ColDelta 7) DP (0,1) [] [])),
 (AnnKey ../../hackage-packages/Unixutils-1.52.4/System/Unix/Misc.hs:5:7-12 CN "Unqual" NotNeeded,
  (Ann (DP (0,0)) (ColDelta 7) DP (0,0) [] [((G AnnVal),DP (0,0)),((G AnnComma),DP (1,5))])),
 (AnnKey ../../hackage-packages/Unixutils-1.52.4/System/Unix/Misc.hs:6:7-10 CN "IEVar" NotNeeded,
  (Ann (DP (0,1)) (ColDelta 7) DP (0,1) [] [])),
 (AnnKey ../../hackage-packages/Unixutils-1.52.4/System/Unix/Misc.hs:6:7-10 CN "Unqual" NotNeeded,
  (Ann (DP (0,0)) (ColDelta 7) DP (0,0) [] [((G AnnVal),DP (0,0))])),
 (AnnKey ../../hackage-packages/Unixutils-1.52.4/System/Unix/Misc.hs:9:1-24 CN "ImportDecl" NotNeeded,
  (Ann (DP (2,1)) (ColDelta 1) DP (2,1) [] [((G AnnImport),DP (0,0)),((G AnnVal),DP (0,1))])),
 (AnnKey ../../hackage-packages/Unixutils-1.52.4/System/Unix/Misc.hs:10:1-39 CN "ImportDecl" NotNeeded,
  (Ann (DP (1,1)) (ColDelta 1) DP (1,1) [] [((G AnnImport),DP (0,0)),((G AnnQualified),DP (0,1)),((G AnnVal),DP (0,1))])),
 (AnnKey ../../hackage-packages/Unixutils-1.52.4/System/Unix/Misc.hs:11:1-62 CN "ImportDecl" NotNeeded,
  (Ann (DP (1,1)) (ColDelta 1) DP (1,1) [] [((G AnnImport),DP (0,0)),((G AnnVal),DP (0,1))])),
 (AnnKey ../../hackage-packages/Unixutils-1.52.4/System/Unix/Misc.hs:11:35-62 CN "(:)" NotNeeded,
  (Ann (DP (0,1)) (ColDelta 35) DP (0,1) [] [((G AnnOpenP),DP (0,0)),((G AnnCloseP),DP (0,0))])),
 (AnnKey ../../hackage-packages/Unixutils-1.52.4/System/Unix/Misc.hs:11:36-40 CN "IEVar" NotNeeded,
  (Ann (DP (0,0)) (ColDelta 36) DP (0,0) [] [])),
 (AnnKey ../../hackage-packages/Unixutils-1.52.4/System/Unix/Misc.hs:11:36-40 CN "Unqual" NotNeeded,
  (Ann (DP (0,0)) (ColDelta 36) DP (0,0) [] [((G AnnVal),DP (0,0)),((G AnnComma),DP (0,0))])),
 (AnnKey ../../hackage-packages/Unixutils-1.52.4/System/Unix/Misc.hs:11:43-50 CN "IEVar" NotNeeded,
  (Ann (DP (0,1)) (ColDelta 43) DP (0,1) [] [])),
 (AnnKey ../../hackage-packages/Unixutils-1.52.4/System/Unix/Misc.hs:11:43-50 CN "Unqual" NotNeeded,
  (Ann (DP (0,0)) (ColDelta 43) DP (0,0) [] [((G AnnVal),DP (0,0)),((G AnnComma),DP (0,0))])),
 (AnnKey ../../hackage-packages/Unixutils-1.52.4/System/Unix/Misc.hs:11:53-61 CN "IEVar" NotNeeded,
  (Ann (DP (0,1)) (ColDelta 53) DP (0,1) [] [])),
 (AnnKey ../../hackage-packages/Unixutils-1.52.4/System/Unix/Misc.hs:11:53-61 CN "Unqual" NotNeeded,
  (Ann (DP (0,0)) (ColDelta 53) DP (0,0) [] [((G AnnVal),DP (0,0))])),
 (AnnKey ../../hackage-packages/Unixutils-1.52.4/System/Unix/Misc.hs:12:1-33 CN "ImportDecl" NotNeeded,
  (Ann (DP (1,1)) (ColDelta 1) DP (1,1) [] [((G AnnImport),DP (0,0)),((G AnnVal),DP (0,1))])),
 (AnnKey ../../hackage-packages/Unixutils-1.52.4/System/Unix/Misc.hs:12:29-33 CN "(:)" NotNeeded,
  (Ann (DP (0,1)) (ColDelta 29) DP (0,1) [] [((G AnnOpenP),DP (0,0)),((G AnnCloseP),DP (0,0))])),
 (AnnKey ../../hackage-packages/Unixutils-1.52.4/System/Unix/Misc.hs:12:30-32 CN "IEVar" NotNeeded,
  (Ann (DP (0,0)) (ColDelta 30) DP (0,0) [] [])),
 (AnnKey ../../hackage-packages/Unixutils-1.52.4/System/Unix/Misc.hs:12:30-32 CN "Unqual" NotNeeded,
  (Ann (DP (0,0)) (ColDelta 30) DP (0,0) [] [((G AnnVal),DP (0,0))])),
 (AnnKey ../../hackage-packages/Unixutils-1.52.4/System/Unix/Misc.hs:13:1-17 CN "ImportDecl" NotNeeded,
  (Ann (DP (1,1)) (ColDelta 1) DP (1,1) [] [((G AnnImport),DP (0,0)),((G AnnVal),DP (0,1))])),
 (AnnKey ../../hackage-packages/Unixutils-1.52.4/System/Unix/Misc.hs:14:1-21 CN "ImportDecl" NotNeeded,
  (Ann (DP (1,1)) (ColDelta 1) DP (1,1) [] [((G AnnImport),DP (0,0)),((G AnnVal),DP (0,1))])),
 (AnnKey ../../hackage-packages/Unixutils-1.52.4/System/Unix/Misc.hs:15:1-23 CN "ImportDecl" NotNeeded,
  (Ann (DP (1,1)) (ColDelta 1) DP (1,1) [] [((G AnnImport),DP (0,0)),((G AnnVal),DP (0,1))])),
 (AnnKey ../../hackage-packages/Unixutils-1.52.4/System/Unix/Misc.hs:16:1-18 CN "ImportDecl" NotNeeded,
  (Ann (DP (1,1)) (ColDelta 1) DP (1,1) [] [((G AnnImport),DP (0,0)),((G AnnVal),DP (0,1))])),
 (AnnKey ../../hackage-packages/Unixutils-1.52.4/System/Unix/Misc.hs:17:1-16 CN "ImportDecl" NotNeeded,
  (Ann (DP (1,1)) (ColDelta 1) DP (1,1) [] [((G AnnImport),DP (0,0)),((G AnnVal),DP (0,1))])),
 (AnnKey ../../hackage-packages/Unixutils-1.52.4/System/Unix/Misc.hs:18:1-25 CN "ImportDecl" NotNeeded,
  (Ann (DP (1,1)) (ColDelta 1) DP (1,1) [] [((G AnnImport),DP (0,0)),((G AnnVal),DP (0,1))])),
 (AnnKey ../../hackage-packages/Unixutils-1.52.4/System/Unix/Misc.hs:19:1-21 CN "ImportDecl" NotNeeded,
  (Ann (DP (1,1)) (ColDelta 1) DP (1,1) [] [((G AnnImport),DP (0,0)),((G AnnVal),DP (0,1))])),
 (AnnKey ../../hackage-packages/Unixutils-1.52.4/System/Unix/Misc.hs:22:1-117 CN "WarningD" NotNeeded,
  (Ann (DP (1,1)) (ColDelta 1) DP (3,1) [DComment (DP (2,1),DP (2,109)) "-- | Deprecated: Use @Data.ByteString.Lazy.Char8.readFile path >>= return . show . Data.Digest.Pure.MD5.md5@" Nothing] [((G AnnOpen),DP (0,0)),((G AnnClose),DP (0,1))])),
 (AnnKey ../../hackage-packages/Unixutils-1.52.4/System/Unix/Misc.hs:22:16-21 CN "Unqual" NotNeeded,
  (Ann (DP (0,0)) (ColDelta 16) DP (0,0) [] [((G AnnVal),DP (0,0))])),
 (AnnKey ../../hackage-packages/Unixutils-1.52.4/System/Unix/Misc.hs:22:16-113 CN "Warning" NotNeeded,
  (Ann (DP (0,1)) (ColDelta 16) DP (0,1) [] [])),
 (AnnKey ../../hackage-packages/Unixutils-1.52.4/System/Unix/Misc.hs:22:23-113 CN "{abstract:FastString}" NotNeeded,
  (Ann (DP (0,1)) (ColDelta 23) DP (0,1) [] [((G AnnVal),DP (0,0))])),
 (AnnKey ../../hackage-packages/Unixutils-1.52.4/System/Unix/Misc.hs:23:1-6 CN "Unqual" NotNeeded,
  (Ann (DP (0,0)) (ColDelta 1) DP (0,0) [] [((G AnnVal),DP (0,0))])),
 (AnnKey ../../hackage-packages/Unixutils-1.52.4/System/Unix/Misc.hs:23:1-31 CN "SigD" NotNeeded,
  (Ann (DP (1,1)) (ColDelta 1) DP (1,1) [] [((G AnnDcolon),DP (0,1))])),
 (AnnKey ../../hackage-packages/Unixutils-1.52.4/System/Unix/Misc.hs:23:11-18 CN "HsTyVar" NotNeeded,
  (Ann (DP (0,0)) (ColDelta 11) DP (0,0) [] [((G AnnVal),DP (0,0))])),
 (AnnKey ../../hackage-packages/Unixutils-1.52.4/System/Unix/Misc.hs:23:11-31 CN "HsForAllTy" NotNeeded,
  (Ann (DP (0,1)) (ColDelta 11) DP (0,1) [] [])),
 (AnnKey ../../hackage-packages/Unixutils-1.52.4/System/Unix/Misc.hs:23:11-31 CN "HsFunTy" NotNeeded,
  (Ann (DP (0,0)) (ColDelta 11) DP (0,0) [] [((G AnnRarrow),DP (0,1))])),
 (AnnKey ../../hackage-packages/Unixutils-1.52.4/System/Unix/Misc.hs:23:23-24 CN "HsTyVar" NotNeeded,
  (Ann (DP (0,0)) (ColDelta 23) DP (0,0) [] [((G AnnVal),DP (0,0))])),
 (AnnKey ../../hackage-packages/Unixutils-1.52.4/System/Unix/Misc.hs:23:23-31 CN "HsAppTy" NotNeeded,
  (Ann (DP (0,1)) (ColDelta 23) DP (0,1) [] [])),
 (AnnKey ../../hackage-packages/Unixutils-1.52.4/System/Unix/Misc.hs:23:26-31 CN "HsTyVar" NotNeeded,
  (Ann (DP (0,1)) (ColDelta 26) DP (0,1) [] [((G AnnVal),DP (0,0))])),
 (AnnKey ../../hackage-packages/Unixutils-1.52.4/System/Unix/Misc.hs:24:1-6 CN "Unqual" NotNeeded,
  (Ann (DP (0,0)) (ColDelta 1) DP (0,0) [] [((G AnnVal),DP (0,0))])),
 (AnnKey ../../hackage-packages/Unixutils-1.52.4/System/Unix/Misc.hs:24:1-78 CN "Match" NotNeeded,
  (Ann (DP (0,0)) (ColDelta 1) DP (0,0) [] [((G AnnEqual),DP (0,1))])),
 (AnnKey ../../hackage-packages/Unixutils-1.52.4/System/Unix/Misc.hs:24:1-78 CN "ValD" NotNeeded,
  (Ann (DP (1,1)) (ColDelta 1) DP (1,1) [] [])),
 (AnnKey ../../hackage-packages/Unixutils-1.52.4/System/Unix/Misc.hs:24:8-11 CN "VarPat" NotNeeded,
  (Ann (DP (0,1)) (ColDelta 8) DP (0,1) [] [((G AnnVal),DP (0,0))])),
 (AnnKey ../../hackage-packages/Unixutils-1.52.4/System/Unix/Misc.hs:24:13-78 CN "GRHS" NotNeeded,
  (Ann (DP (0,-1)) (ColDelta 13) DP (0,-1) [] [])),
 (AnnKey ../../hackage-packages/Unixutils-1.52.4/System/Unix/Misc.hs:24:15-49 CN "HsVar" NotNeeded,
  (Ann (DP (0,0)) (ColDelta 15) DP (0,0) [] [((G AnnVal),DP (0,0))])),
 (AnnKey ../../hackage-packages/Unixutils-1.52.4/System/Unix/Misc.hs:24:15-54 CN "HsApp" NotNeeded,
  (Ann (DP (0,0)) (ColDelta 15) DP (0,0) [] [])),
 (AnnKey ../../hackage-packages/Unixutils-1.52.4/System/Unix/Misc.hs:24:15-65 CN "OpApp" NotNeeded,
  (Ann (DP (0,0)) (ColDelta 15) DP (0,0) [] [])),
 (AnnKey ../../hackage-packages/Unixutils-1.52.4/System/Unix/Misc.hs:24:15-72 CN "OpApp" NotNeeded,
  (Ann (DP (0,0)) (ColDelta 15) DP (0,0) [] [])),
 (AnnKey ../../hackage-packages/Unixutils-1.52.4/System/Unix/Misc.hs:24:15-78 CN "OpApp" NotNeeded,
  (Ann (DP (0,1)) (ColDelta 15) DP (0,1) [] [])),
 (AnnKey ../../hackage-packages/Unixutils-1.52.4/System/Unix/Misc.hs:24:51-54 CN "HsVar" NotNeeded,
  (Ann (DP (0,1)) (ColDelta 51) DP (0,1) [] [((G AnnVal),DP (0,0))])),
 (AnnKey ../../hackage-packages/Unixutils-1.52.4/System/Unix/Misc.hs:24:56-58 CN "HsVar" NotNeeded,
  (Ann (DP (0,1)) (ColDelta 56) DP (0,1) [] [((G AnnVal),DP (0,0))])),
 (AnnKey ../../hackage-packages/Unixutils-1.52.4/System/Unix/Misc.hs:24:60-65 CN "HsVar" NotNeeded,
  (Ann (DP (0,1)) (ColDelta 60) DP (0,1) [] [((G AnnVal),DP (0,0))])),
 (AnnKey ../../hackage-packages/Unixutils-1.52.4/System/Unix/Misc.hs:24:67 CN "HsVar" NotNeeded,
  (Ann (DP (0,1)) (ColDelta 67) DP (0,1) [] [((G AnnVal),DP (0,0))])),
 (AnnKey ../../hackage-packages/Unixutils-1.52.4/System/Unix/Misc.hs:24:69-72 CN "HsVar" NotNeeded,
  (Ann (DP (0,1)) (ColDelta 69) DP (0,1) [] [((G AnnVal),DP (0,0))])),
 (AnnKey ../../hackage-packages/Unixutils-1.52.4/System/Unix/Misc.hs:24:74 CN "HsVar" NotNeeded,
  (Ann (DP (0,1)) (ColDelta 74) DP (0,1) [] [((G AnnVal),DP (0,0))])),
 (AnnKey ../../hackage-packages/Unixutils-1.52.4/System/Unix/Misc.hs:24:76-78 CN "HsVar" NotNeeded,
  (Ann (DP (0,1)) (ColDelta 76) DP (0,1) [] [((G AnnVal),DP (0,0))])),
 (AnnKey ../../hackage-packages/Unixutils-1.52.4/System/Unix/Misc.hs:38:1-129 CN "WarningD" NotNeeded,
  (Ann (DP (1,1)) (ColDelta 1) DP (14,1) [DComment (DP (1,1),DP (11,3)) "{-\n    do\n      (text, _, exitCode) <- lazyProcess \"md5sum\" [path] Nothing Nothing empty >>= return . collectOutputUnpacked\n      let output = listToMaybe (words text)\n      case exitCode of\n        ExitSuccess ->\n            case output of\n              Nothing -> error (\"Error in output of 'md5sum \" ++ path ++ \"'\")\n              Just checksum -> return checksum\n        _ -> error (\"Error running 'md5sum \" ++ path ++ \"'\")\n-}" Nothing,DComment (DP (2,1),DP (2,123)) "-- | Deprecated: Use @Data.ByteString.Lazy.Char8.readFile path >>= Data.ByteString.Lazy.Char8.writeFile (path ++ \\\".gz\\\")@" Nothing] [((G AnnOpen),DP (0,0)),((G AnnClose),DP (0,1))])),
 (AnnKey ../../hackage-packages/Unixutils-1.52.4/System/Unix/Misc.hs:38:16-19 CN "Unqual" NotNeeded,
  (Ann (DP (0,0)) (ColDelta 16) DP (0,0) [] [((G AnnVal),DP (0,0))])),
 (AnnKey ../../hackage-packages/Unixutils-1.52.4/System/Unix/Misc.hs:38:16-125 CN "Warning" NotNeeded,
  (Ann (DP (0,1)) (ColDelta 16) DP (0,1) [] [])),
 (AnnKey ../../hackage-packages/Unixutils-1.52.4/System/Unix/Misc.hs:38:21-125 CN "{abstract:FastString}" NotNeeded,
  (Ann (DP (0,1)) (ColDelta 21) DP (0,1) [] [((G AnnVal),DP (0,0))])),
 (AnnKey ../../hackage-packages/Unixutils-1.52.4/System/Unix/Misc.hs:39:1-4 CN "Unqual" NotNeeded,
  (Ann (DP (0,0)) (ColDelta 1) DP (0,0) [] [((G AnnVal),DP (0,0))])),
 (AnnKey ../../hackage-packages/Unixutils-1.52.4/System/Unix/Misc.hs:39:1-25 CN "SigD" NotNeeded,
  (Ann (DP (1,1)) (ColDelta 1) DP (1,1) [] [((G AnnDcolon),DP (0,1))])),
 (AnnKey ../../hackage-packages/Unixutils-1.52.4/System/Unix/Misc.hs:39:9-16 CN "HsTyVar" NotNeeded,
  (Ann (DP (0,0)) (ColDelta 9) DP (0,0) [] [((G AnnVal),DP (0,0))])),
 (AnnKey ../../hackage-packages/Unixutils-1.52.4/System/Unix/Misc.hs:39:9-25 CN "HsForAllTy" NotNeeded,
  (Ann (DP (0,1)) (ColDelta 9) DP (0,1) [] [])),
 (AnnKey ../../hackage-packages/Unixutils-1.52.4/System/Unix/Misc.hs:39:9-25 CN "HsFunTy" NotNeeded,
  (Ann (DP (0,0)) (ColDelta 9) DP (0,0) [] [((G AnnRarrow),DP (0,1))])),
 (AnnKey ../../hackage-packages/Unixutils-1.52.4/System/Unix/Misc.hs:39:21-22 CN "HsTyVar" NotNeeded,
  (Ann (DP (0,0)) (ColDelta 21) DP (0,0) [] [((G AnnVal),DP (0,0))])),
 (AnnKey ../../hackage-packages/Unixutils-1.52.4/System/Unix/Misc.hs:39:21-25 CN "HsAppTy" NotNeeded,
  (Ann (DP (0,1)) (ColDelta 21) DP (0,1) [] [])),
 (AnnKey ../../hackage-packages/Unixutils-1.52.4/System/Unix/Misc.hs:39:24-25 CN "HsTupleTy" NotNeeded,
  (Ann (DP (0,1)) (ColDelta 24) DP (0,1) [] [((G AnnOpenP),DP (0,0)),((G AnnCloseP),DP (0,0))])),
 (AnnKey ../../hackage-packages/Unixutils-1.52.4/System/Unix/Misc.hs:40:1-4 CN "Unqual" NotNeeded,
  (Ann (DP (0,0)) (ColDelta 1) DP (0,0) [] [((G AnnVal),DP (0,0))])),
 (AnnKey ../../hackage-packages/Unixutils-1.52.4/System/Unix/Misc.hs:40:1-109 CN "Match" NotNeeded,
  (Ann (DP (0,0)) (ColDelta 1) DP (0,0) [] [((G AnnEqual),DP (0,1))])),
 (AnnKey ../../hackage-packages/Unixutils-1.52.4/System/Unix/Misc.hs:40:1-109 CN "ValD" NotNeeded,
  (Ann (DP (1,1)) (ColDelta 1) DP (1,1) [] [])),
 (AnnKey ../../hackage-packages/Unixutils-1.52.4/System/Unix/Misc.hs:40:6-9 CN "VarPat" NotNeeded,
  (Ann (DP (0,1)) (ColDelta 6) DP (0,1) [] [((G AnnVal),DP (0,0))])),
 (AnnKey ../../hackage-packages/Unixutils-1.52.4/System/Unix/Misc.hs:40:11-109 CN "GRHS" NotNeeded,
  (Ann (DP (0,-1)) (ColDelta 11) DP (0,-1) [] [])),
 (AnnKey ../../hackage-packages/Unixutils-1.52.4/System/Unix/Misc.hs:40:13-47 CN "HsVar" NotNeeded,
  (Ann (DP (0,0)) (ColDelta 13) DP (0,0) [] [((G AnnVal),DP (0,0))])),
 (AnnKey ../../hackage-packages/Unixutils-1.52.4/System/Unix/Misc.hs:40:13-52 CN "HsApp" NotNeeded,
  (Ann (DP (0,0)) (ColDelta 13) DP (0,0) [] [])),
 (AnnKey ../../hackage-packages/Unixutils-1.52.4/System/Unix/Misc.hs:40:13-109 CN "OpApp" NotNeeded,
  (Ann (DP (0,1)) (ColDelta 13) DP (0,1) [] [])),
 (AnnKey ../../hackage-packages/Unixutils-1.52.4/System/Unix/Misc.hs:40:49-52 CN "HsVar" NotNeeded,
  (Ann (DP (0,1)) (ColDelta 49) DP (0,1) [] [((G AnnVal),DP (0,0))])),
 (AnnKey ../../hackage-packages/Unixutils-1.52.4/System/Unix/Misc.hs:40:54-56 CN "HsVar" NotNeeded,
  (Ann (DP (0,1)) (ColDelta 54) DP (0,1) [] [((G AnnVal),DP (0,0))])),
 (AnnKey ../../hackage-packages/Unixutils-1.52.4/System/Unix/Misc.hs:40:58-93 CN "HsVar" NotNeeded,
  (Ann (DP (0,0)) (ColDelta 58) DP (0,0) [] [((G AnnVal),DP (0,0))])),
 (AnnKey ../../hackage-packages/Unixutils-1.52.4/System/Unix/Misc.hs:40:58-109 CN "HsApp" NotNeeded,
  (Ann (DP (0,1)) (ColDelta 58) DP (0,1) [] [])),
 (AnnKey ../../hackage-packages/Unixutils-1.52.4/System/Unix/Misc.hs:40:95-109 CN "HsPar" NotNeeded,
  (Ann (DP (0,1)) (ColDelta 95) DP (0,1) [] [((G AnnOpenP),DP (0,0)),((G AnnCloseP),DP (0,0))])),
 (AnnKey ../../hackage-packages/Unixutils-1.52.4/System/Unix/Misc.hs:40:96-99 CN "HsVar" NotNeeded,
  (Ann (DP (0,0)) (ColDelta 96) DP (0,0) [] [((G AnnVal),DP (0,0))])),
 (AnnKey ../../hackage-packages/Unixutils-1.52.4/System/Unix/Misc.hs:40:96-108 CN "OpApp" NotNeeded,
  (Ann (DP (0,0)) (ColDelta 96) DP (0,0) [] [])),
 (AnnKey ../../hackage-packages/Unixutils-1.52.4/System/Unix/Misc.hs:40:101-102 CN "HsVar" NotNeeded,
  (Ann (DP (0,1)) (ColDelta 101) DP (0,1) [] [((G AnnVal),DP (0,0))])),
 (AnnKey ../../hackage-packages/Unixutils-1.52.4/System/Unix/Misc.hs:40:104-108 CN "HsLit" NotNeeded,
  (Ann (DP (0,1)) (ColDelta 104) DP (0,1) [] [((G AnnVal),DP (0,0))])),
 (AnnKey <no location info> CN "EmptyLocalBinds" NotNeeded,
  (Ann (DP (-24,0)) (ColDelta 0) DP (-24,0) [] []))]
==============
([((../../hackage-packages/Unixutils-1.52.4/System/Unix/Misc.hs:1:1,
    AnnModule),
   [../../hackage-packages/Unixutils-1.52.4/System/Unix/Misc.hs:4:1-6]),
  ((../../hackage-packages/Unixutils-1.52.4/System/Unix/Misc.hs:1:1,
    AnnWhere),
   [../../hackage-packages/Unixutils-1.52.4/System/Unix/Misc.hs:7:5-9]),
  ((../../hackage-packages/Unixutils-1.52.4/System/Unix/Misc.hs:(5,5)-(6,11),
    AnnCloseP),
   [../../hackage-packages/Unixutils-1.52.4/System/Unix/Misc.hs:6:11]),
  ((../../hackage-packages/Unixutils-1.52.4/System/Unix/Misc.hs:(5,5)-(6,11),
    AnnOpenP),
   [../../hackage-packages/Unixutils-1.52.4/System/Unix/Misc.hs:5:5]),
  ((../../hackage-packages/Unixutils-1.52.4/System/Unix/Misc.hs:5:7-12,
    AnnComma),
   [../../hackage-packages/Unixutils-1.52.4/System/Unix/Misc.hs:6:5]),
  ((../../hackage-packages/Unixutils-1.52.4/System/Unix/Misc.hs:9:1-24,
    AnnImport),
   [../../hackage-packages/Unixutils-1.52.4/System/Unix/Misc.hs:9:1-6]),
  ((../../hackage-packages/Unixutils-1.52.4/System/Unix/Misc.hs:9:1-24,
    AnnSemi),
   [../../hackage-packages/Unixutils-1.52.4/System/Unix/Misc.hs:10:1]),
  ((../../hackage-packages/Unixutils-1.52.4/System/Unix/Misc.hs:10:1-39,
    AnnImport),
   [../../hackage-packages/Unixutils-1.52.4/System/Unix/Misc.hs:10:1-6]),
  ((../../hackage-packages/Unixutils-1.52.4/System/Unix/Misc.hs:10:1-39,
    AnnQualified),
   [../../hackage-packages/Unixutils-1.52.4/System/Unix/Misc.hs:10:8-16]),
  ((../../hackage-packages/Unixutils-1.52.4/System/Unix/Misc.hs:10:1-39,
    AnnSemi),
   [../../hackage-packages/Unixutils-1.52.4/System/Unix/Misc.hs:11:1]),
  ((../../hackage-packages/Unixutils-1.52.4/System/Unix/Misc.hs:11:1-62,
    AnnImport),
   [../../hackage-packages/Unixutils-1.52.4/System/Unix/Misc.hs:11:1-6]),
  ((../../hackage-packages/Unixutils-1.52.4/System/Unix/Misc.hs:11:1-62,
    AnnSemi),
   [../../hackage-packages/Unixutils-1.52.4/System/Unix/Misc.hs:12:1]),
  ((../../hackage-packages/Unixutils-1.52.4/System/Unix/Misc.hs:11:35-62,
    AnnCloseP),
   [../../hackage-packages/Unixutils-1.52.4/System/Unix/Misc.hs:11:62]),
  ((../../hackage-packages/Unixutils-1.52.4/System/Unix/Misc.hs:11:35-62,
    AnnOpenP),
   [../../hackage-packages/Unixutils-1.52.4/System/Unix/Misc.hs:11:35]),
  ((../../hackage-packages/Unixutils-1.52.4/System/Unix/Misc.hs:11:36-40,
    AnnComma),
   [../../hackage-packages/Unixutils-1.52.4/System/Unix/Misc.hs:11:41]),
  ((../../hackage-packages/Unixutils-1.52.4/System/Unix/Misc.hs:11:43-50,
    AnnComma),
   [../../hackage-packages/Unixutils-1.52.4/System/Unix/Misc.hs:11:51]),
  ((../../hackage-packages/Unixutils-1.52.4/System/Unix/Misc.hs:12:1-33,
    AnnImport),
   [../../hackage-packages/Unixutils-1.52.4/System/Unix/Misc.hs:12:1-6]),
  ((../../hackage-packages/Unixutils-1.52.4/System/Unix/Misc.hs:12:1-33,
    AnnSemi),
   [../../hackage-packages/Unixutils-1.52.4/System/Unix/Misc.hs:13:1]),
  ((../../hackage-packages/Unixutils-1.52.4/System/Unix/Misc.hs:12:29-33,
    AnnCloseP),
   [../../hackage-packages/Unixutils-1.52.4/System/Unix/Misc.hs:12:33]),
  ((../../hackage-packages/Unixutils-1.52.4/System/Unix/Misc.hs:12:29-33,
    AnnOpenP),
   [../../hackage-packages/Unixutils-1.52.4/System/Unix/Misc.hs:12:29]),
  ((../../hackage-packages/Unixutils-1.52.4/System/Unix/Misc.hs:13:1-17,
    AnnImport),
   [../../hackage-packages/Unixutils-1.52.4/System/Unix/Misc.hs:13:1-6]),
  ((../../hackage-packages/Unixutils-1.52.4/System/Unix/Misc.hs:13:1-17,
    AnnSemi),
   [../../hackage-packages/Unixutils-1.52.4/System/Unix/Misc.hs:14:1]),
  ((../../hackage-packages/Unixutils-1.52.4/System/Unix/Misc.hs:14:1-21,
    AnnImport),
   [../../hackage-packages/Unixutils-1.52.4/System/Unix/Misc.hs:14:1-6]),
  ((../../hackage-packages/Unixutils-1.52.4/System/Unix/Misc.hs:14:1-21,
    AnnSemi),
   [../../hackage-packages/Unixutils-1.52.4/System/Unix/Misc.hs:15:1]),
  ((../../hackage-packages/Unixutils-1.52.4/System/Unix/Misc.hs:15:1-23,
    AnnImport),
   [../../hackage-packages/Unixutils-1.52.4/System/Unix/Misc.hs:15:1-6]),
  ((../../hackage-packages/Unixutils-1.52.4/System/Unix/Misc.hs:15:1-23,
    AnnSemi),
   [../../hackage-packages/Unixutils-1.52.4/System/Unix/Misc.hs:16:1]),
  ((../../hackage-packages/Unixutils-1.52.4/System/Unix/Misc.hs:16:1-18,
    AnnImport),
   [../../hackage-packages/Unixutils-1.52.4/System/Unix/Misc.hs:16:1-6]),
  ((../../hackage-packages/Unixutils-1.52.4/System/Unix/Misc.hs:16:1-18,
    AnnSemi),
   [../../hackage-packages/Unixutils-1.52.4/System/Unix/Misc.hs:17:1]),
  ((../../hackage-packages/Unixutils-1.52.4/System/Unix/Misc.hs:17:1-16,
    AnnImport),
   [../../hackage-packages/Unixutils-1.52.4/System/Unix/Misc.hs:17:1-6]),
  ((../../hackage-packages/Unixutils-1.52.4/System/Unix/Misc.hs:17:1-16,
    AnnSemi),
   [../../hackage-packages/Unixutils-1.52.4/System/Unix/Misc.hs:18:1]),
  ((../../hackage-packages/Unixutils-1.52.4/System/Unix/Misc.hs:18:1-25,
    AnnImport),
   [../../hackage-packages/Unixutils-1.52.4/System/Unix/Misc.hs:18:1-6]),
  ((../../hackage-packages/Unixutils-1.52.4/System/Unix/Misc.hs:18:1-25,
    AnnSemi),
   [../../hackage-packages/Unixutils-1.52.4/System/Unix/Misc.hs:19:1]),
  ((../../hackage-packages/Unixutils-1.52.4/System/Unix/Misc.hs:19:1-21,
    AnnImport),
   [../../hackage-packages/Unixutils-1.52.4/System/Unix/Misc.hs:19:1-6]),
  ((../../hackage-packages/Unixutils-1.52.4/System/Unix/Misc.hs:19:1-21,
    AnnSemi),
   [../../hackage-packages/Unixutils-1.52.4/System/Unix/Misc.hs:22:1]),
  ((../../hackage-packages/Unixutils-1.52.4/System/Unix/Misc.hs:22:1-117,
    AnnClose),
   [../../hackage-packages/Unixutils-1.52.4/System/Unix/Misc.hs:22:115-117]),
  ((../../hackage-packages/Unixutils-1.52.4/System/Unix/Misc.hs:22:1-117,
    AnnOpen),
   [../../hackage-packages/Unixutils-1.52.4/System/Unix/Misc.hs:22:1-14]),
  ((../../hackage-packages/Unixutils-1.52.4/System/Unix/Misc.hs:22:1-117,
    AnnSemi),
   [../../hackage-packages/Unixutils-1.52.4/System/Unix/Misc.hs:23:1]),
  ((../../hackage-packages/Unixutils-1.52.4/System/Unix/Misc.hs:23:1-31,
    AnnDcolon),
   [../../hackage-packages/Unixutils-1.52.4/System/Unix/Misc.hs:23:8-9]),
  ((../../hackage-packages/Unixutils-1.52.4/System/Unix/Misc.hs:23:1-31,
    AnnSemi),
   [../../hackage-packages/Unixutils-1.52.4/System/Unix/Misc.hs:24:1]),
  ((../../hackage-packages/Unixutils-1.52.4/System/Unix/Misc.hs:23:11-31,
    AnnRarrow),
   [../../hackage-packages/Unixutils-1.52.4/System/Unix/Misc.hs:23:20-21]),
  ((../../hackage-packages/Unixutils-1.52.4/System/Unix/Misc.hs:24:1-78,
    AnnEqual),
   [../../hackage-packages/Unixutils-1.52.4/System/Unix/Misc.hs:24:13]),
  ((../../hackage-packages/Unixutils-1.52.4/System/Unix/Misc.hs:24:1-78,
    AnnFunId),
   [../../hackage-packages/Unixutils-1.52.4/System/Unix/Misc.hs:24:1-6]),
  ((../../hackage-packages/Unixutils-1.52.4/System/Unix/Misc.hs:24:1-78,
    AnnSemi),
   [../../hackage-packages/Unixutils-1.52.4/System/Unix/Misc.hs:38:1]),
  ((../../hackage-packages/Unixutils-1.52.4/System/Unix/Misc.hs:24:15-65,
    AnnVal),
   [../../hackage-packages/Unixutils-1.52.4/System/Unix/Misc.hs:24:56-58]),
  ((../../hackage-packages/Unixutils-1.52.4/System/Unix/Misc.hs:24:15-72,
    AnnVal),
   [../../hackage-packages/Unixutils-1.52.4/System/Unix/Misc.hs:24:67]),
  ((../../hackage-packages/Unixutils-1.52.4/System/Unix/Misc.hs:24:15-78,
    AnnVal),
   [../../hackage-packages/Unixutils-1.52.4/System/Unix/Misc.hs:24:74]),
  ((../../hackage-packages/Unixutils-1.52.4/System/Unix/Misc.hs:38:1-129,
    AnnClose),
   [../../hackage-packages/Unixutils-1.52.4/System/Unix/Misc.hs:38:127-129]),
  ((../../hackage-packages/Unixutils-1.52.4/System/Unix/Misc.hs:38:1-129,
    AnnOpen),
   [../../hackage-packages/Unixutils-1.52.4/System/Unix/Misc.hs:38:1-14]),
  ((../../hackage-packages/Unixutils-1.52.4/System/Unix/Misc.hs:38:1-129,
    AnnSemi),
   [../../hackage-packages/Unixutils-1.52.4/System/Unix/Misc.hs:39:1]),
  ((../../hackage-packages/Unixutils-1.52.4/System/Unix/Misc.hs:39:1-25,
    AnnDcolon),
   [../../hackage-packages/Unixutils-1.52.4/System/Unix/Misc.hs:39:6-7]),
  ((../../hackage-packages/Unixutils-1.52.4/System/Unix/Misc.hs:39:1-25,
    AnnSemi),
   [../../hackage-packages/Unixutils-1.52.4/System/Unix/Misc.hs:40:1]),
  ((../../hackage-packages/Unixutils-1.52.4/System/Unix/Misc.hs:39:9-25,
    AnnRarrow),
   [../../hackage-packages/Unixutils-1.52.4/System/Unix/Misc.hs:39:18-19]),
  ((../../hackage-packages/Unixutils-1.52.4/System/Unix/Misc.hs:39:24-25,
    AnnCloseP),
   [../../hackage-packages/Unixutils-1.52.4/System/Unix/Misc.hs:39:25]),
  ((../../hackage-packages/Unixutils-1.52.4/System/Unix/Misc.hs:39:24-25,
    AnnOpenP),
   [../../hackage-packages/Unixutils-1.52.4/System/Unix/Misc.hs:39:24]),
  ((../../hackage-packages/Unixutils-1.52.4/System/Unix/Misc.hs:40:1-109,
    AnnEqual),
   [../../hackage-packages/Unixutils-1.52.4/System/Unix/Misc.hs:40:11]),
  ((../../hackage-packages/Unixutils-1.52.4/System/Unix/Misc.hs:40:1-109,
    AnnFunId),
   [../../hackage-packages/Unixutils-1.52.4/System/Unix/Misc.hs:40:1-4]),
  ((../../hackage-packages/Unixutils-1.52.4/System/Unix/Misc.hs:40:1-109,
    AnnSemi),
   [../../hackage-packages/Unixutils-1.52.4/System/Unix/Misc.hs:48:1]),
  ((../../hackage-packages/Unixutils-1.52.4/System/Unix/Misc.hs:40:13-109,
    AnnVal),
   [../../hackage-packages/Unixutils-1.52.4/System/Unix/Misc.hs:40:54-56]),
  ((../../hackage-packages/Unixutils-1.52.4/System/Unix/Misc.hs:40:95-109,
    AnnCloseP),
   [../../hackage-packages/Unixutils-1.52.4/System/Unix/Misc.hs:40:109]),
  ((../../hackage-packages/Unixutils-1.52.4/System/Unix/Misc.hs:40:95-109,
    AnnOpenP),
   [../../hackage-packages/Unixutils-1.52.4/System/Unix/Misc.hs:40:95]),
  ((../../hackage-packages/Unixutils-1.52.4/System/Unix/Misc.hs:40:96-108,
    AnnVal),
   [../../hackage-packages/Unixutils-1.52.4/System/Unix/Misc.hs:40:101-102]),
  ((<no location info>, AnnEofPos),
   [../../hackage-packages/Unixutils-1.52.4/System/Unix/Misc.hs:48:1])],
 [(<no location info>,
   [AnnBlockComment "{-\n    do\n      result <- system (\"gzip < \" ++ path ++ \" > \" ++ path ++ \".gz\")\n      case result of\n        ExitSuccess -> return ()\n        e -> error (show e)\n-}",
    AnnLineComment "-- | Deprecated: Use @Data.ByteString.Lazy.Char8.readFile path >>= Data.ByteString.Lazy.Char8.writeFile (path ++ \\\".gz\\\")@",
    AnnBlockComment "{-\n    do\n      (text, _, exitCode) <- lazyProcess \"md5sum\" [path] Nothing Nothing empty >>= return . collectOutputUnpacked\n      let output = listToMaybe (words text)\n      case exitCode of\n        ExitSuccess ->\n            case output of\n              Nothing -> error (\"Error in output of 'md5sum \" ++ path ++ \"'\")\n              Just checksum -> return checksum\n        _ -> error (\"Error running 'md5sum \" ++ path ++ \"'\")\n-}",
    AnnLineComment "-- | Deprecated: Use @Data.ByteString.Lazy.Char8.readFile path >>= return . show . Data.Digest.Pure.MD5.md5@",
    AnnLineComment "-- functions.  -dsf",
    AnnLineComment "-- me know if you think of better module names to hold these",
    AnnLineComment "-- |Wrappers around some handy unix shell commands.  Please let"])])