{-# OPTIONS
 -fglasgow-exts
 -XCPP
 -XTemplateHaskell
 -XNamedFieldPuns
 -XRecordWildCards
 -XDeriveDataTypeable
 -XOverlappingInstances
 -XPackageImports
 -fwarn-incomplete-patterns
 #-}

module ParseRandom where
module ParseRandom where
import Control.Monad
import Control.MonadControl.Monad.State
import Control.Monad.State((<$>),(<*>))
import Control.ApplicativeControl.Arrow      ((<$>),(<*>))
import Control.ArrowText.Printf.TH
import Text.Printf.THData.Maybe
import Data.MaybeData.List as L
import Data.ListData.Map asasML
import Data.Map as M
import Data.SetqualifiedasData.ByteStringS             as B
import qualifiedData.FunctionData.ByteString as B
import Data.FunctionSystem.Process
import System.ProcessControl.Arrow
import Control.ArrowDebug.Trace
import Debug.TraceSystem.SimpleArgs
import System.SimpleArgsData.Generics
import Data.GenericsTest.QuickCheck
import Test.QuickCheckData.Monoid
import Data.MonoidText.PrettyPrint.ANSI.Leijen
import Text.PrettyPrint.ANSI.LeijenSystem.Exit
import System.ExitText.Regex.PCRE.Light.Char8
import Text.Regex.PCRE.Light.Char8Common
import Common
import "logic-TPTP" Codec.TPTP
import "logic-TPTP" Codec.TPTP
infilename = getArgs
infilenameparseRes = =return. parse =<< readFile =<< infilename
parseRes = return . parse =<< readFile =<< infilename
--main = forever $ quickCheck prop_test_ie --iei_i
--main = forever $ quickCheck prop_test_ie --iei_i
--main = stressTestParser
--main = stressTestParser
main = stressTestParser
main = stressTestParser
stressTestParser = replicateM 100 $
stressTestParserdo           = replicateM 100 $
  n do getArgs
  n <- getArgshead `fmap` sample' (resize n arbitrary) :: IO TPTP_Input
  xlet<-tptp=`fmaptoTPTP'` sample'[x]   (resize n arbitrary) :: IO TPTP_Input
  letputStrLn =tptp [x]
  putStrLn tptp(prettySimple (parse tptp))

==============
../../hackage-packages/logic-TPTP-0.4.2.0/testing/ParseRandom.hs
==============
lengths:(1821,1157)

==============

({ ../../hackage-packages/logic-TPTP-0.4.2.0/testing/ParseRandom.hs:1:1
  }
 Just (Ann (DP (0,0)) (ColDelta 1) DP (0,0) [] [((AnnComment DComment (DP (0,0),DP (10,5)) "{-# OPTIONS\n -fglasgow-exts\n -XCPP\n -XTemplateHaskell\n -XNamedFieldPuns\n -XRecordWildCards\n -XDeriveDataTypeable\n -XOverlappingInstances\n -XPackageImports\n -fwarn-incomplete-patterns\n #-}" Nothing),DP (0,0)),((AnnComment DComment (DP (2,1),DP (2,7)) "module" Nothing),DP (2,1)),((AnnComment DComment (DP (0,1),DP (0,12)) "ParseRandom" Nothing),DP (0,1)),((AnnComment DComment (DP (0,1),DP (0,6)) "where" Nothing),DP (0,1)),((G AnnModule),DP (13,1)),((G AnnVal),DP (0,1)),((G AnnWhere),DP (0,1)),((G AnnEofPos),DP (2,0))])
 (HsModule 
  (Just 
   ({ ../../hackage-packages/logic-TPTP-0.4.2.0/testing/ParseRandom.hs:14:8-18
     }
    Nothing{ModuleName: ParseRandom})) 
  (Nothing) 
  [
   ({ ../../hackage-packages/logic-TPTP-0.4.2.0/testing/ParseRandom.hs:16:1-20
     }
    Just (Ann (DP (1,1)) (ColDelta 1) DP (2,1) [DComment (DP (1,1),DP (1,1)) "" Nothing,DComment (DP (0,0),DP (0,6)) "import" Nothing,DComment (DP (0,1),DP (0,14)) "Control.Monad" Nothing] [((G AnnImport),DP (0,0)),((G AnnVal),DP (0,1))])
    (ImportDecl 
     (Nothing) 
     ({ ../../hackage-packages/logic-TPTP-0.4.2.0/testing/ParseRandom.hs:16:8-20
       }
      Nothing{ModuleName: Control.Monad}) 
     (Nothing) 
     (False) 
     (False) 
     (False) 
     (False) 
     (Nothing) 
     (Nothing))),
   ({ ../../hackage-packages/logic-TPTP-0.4.2.0/testing/ParseRandom.hs:17:1-26
     }
    Just (Ann (DP (1,1)) (ColDelta 1) DP (1,1) [DComment (DP (0,-13),DP (0,6)) "Control.Monad.State" Nothing] [((G AnnImport),DP (0,0)),((G AnnVal),DP (0,1))])
    (ImportDecl 
     (Nothing) 
     ({ ../../hackage-packages/logic-TPTP-0.4.2.0/testing/ParseRandom.hs:17:8-26
       }
      Nothing{ModuleName: Control.Monad.State}) 
     (Nothing) 
     (False) 
     (False) 
     (False) 
     (False) 
     (Nothing) 
     (Nothing))),
   ({ ../../hackage-packages/logic-TPTP-0.4.2.0/testing/ParseRandom.hs:18:1-39
     }
    Just (Ann (DP (1,1)) (ColDelta 1) DP (1,1) [DComment (DP (0,0),DP (0,1)) "(" Nothing,DComment (DP (0,0),DP (0,1)) "(" Nothing,DComment (DP (0,0),DP (0,3)) "<$>" Nothing,DComment (DP (0,0),DP (0,1)) ")" Nothing,DComment (DP (0,0),DP (0,1)) "," Nothing,DComment (DP (0,0),DP (0,1)) "(" Nothing,DComment (DP (0,0),DP (0,3)) "<*>" Nothing,DComment (DP (0,0),DP (0,1)) ")" Nothing,DComment (DP (0,0),DP (0,1)) ")" Nothing] [((G AnnImport),DP (0,0)),((G AnnVal),DP (0,1))])
    (ImportDecl 
     (Nothing) 
     ({ ../../hackage-packages/logic-TPTP-0.4.2.0/testing/ParseRandom.hs:18:8-26
       }
      Nothing{ModuleName: Control.Applicative}) 
     (Nothing) 
     (False) 
     (False) 
     (False) 
     (False) 
     (Nothing) 
     (Just 
      ((,) 
       (False) 
       ({ ../../hackage-packages/logic-TPTP-0.4.2.0/testing/ParseRandom.hs:18:27-39
         }
        Just (Ann (DP (0,0)) (ColDelta 27) DP (0,0) [] [((AnnComment DComment (DP (0,-19),DP (0,-6)) "Control.Arrow" Nothing),DP (0,-19)),((G AnnOpenP),DP (0,0)),((G AnnCloseP),DP (0,0))])
        [
         ({ ../../hackage-packages/logic-TPTP-0.4.2.0/testing/ParseRandom.hs:18:28-32
           }
          Just (Ann (DP (0,0)) (ColDelta 28) DP (0,0) [] [])
          (IEVar 
           ({ ../../hackage-packages/logic-TPTP-0.4.2.0/testing/ParseRandom.hs:18:28-32
             }
            Just (Ann (DP (0,0)) (ColDelta 28) DP (0,0) [] [((G AnnOpenP),DP (0,0)),((G AnnVal),DP (0,0)),((G AnnCloseP),DP (0,0)),((G AnnComma),DP (0,0))])
            (Unqual {OccName: <$>})))),
         ({ ../../hackage-packages/logic-TPTP-0.4.2.0/testing/ParseRandom.hs:18:34-38
           }
          Just (Ann (DP (0,0)) (ColDelta 34) DP (0,0) [] [])
          (IEVar 
           ({ ../../hackage-packages/logic-TPTP-0.4.2.0/testing/ParseRandom.hs:18:34-38
             }
            Just (Ann (DP (0,0)) (ColDelta 34) DP (0,0) [] [((G AnnOpenP),DP (0,0)),((G AnnVal),DP (0,0)),((G AnnCloseP),DP (0,0))])
            (Unqual {OccName: <*>}))))]))))),
   ({ ../../hackage-packages/logic-TPTP-0.4.2.0/testing/ParseRandom.hs:19:1-20
     }
    Just (Ann (DP (1,1)) (ColDelta 1) DP (1,1) [] [((G AnnImport),DP (0,0)),((G AnnVal),DP (0,1))])
    (ImportDecl 
     (Nothing) 
     ({ ../../hackage-packages/logic-TPTP-0.4.2.0/testing/ParseRandom.hs:19:8-20
       }
      Nothing{ModuleName: Control.Arrow}) 
     (Nothing) 
     (False) 
     (False) 
     (False) 
     (False) 
     (Nothing) 
     (Nothing))),
   ({ ../../hackage-packages/logic-TPTP-0.4.2.0/testing/ParseRandom.hs:20:1-21
     }
    Just (Ann (DP (1,1)) (ColDelta 1) DP (1,1) [DComment (DP (0,-13),DP (0,1)) "Text.Printf.TH" Nothing] [((G AnnImport),DP (0,0)),((G AnnVal),DP (0,1))])
    (ImportDecl 
     (Nothing) 
     ({ ../../hackage-packages/logic-TPTP-0.4.2.0/testing/ParseRandom.hs:20:8-21
       }
      Nothing{ModuleName: Text.Printf.TH}) 
     (Nothing) 
     (False) 
     (False) 
     (False) 
     (False) 
     (Nothing) 
     (Nothing))),
   ({ ../../hackage-packages/logic-TPTP-0.4.2.0/testing/ParseRandom.hs:21:1-17
     }
    Just (Ann (DP (1,1)) (ColDelta 1) DP (1,1) [DComment (DP (0,-14),DP (0,-4)) "Data.Maybe" Nothing] [((G AnnImport),DP (0,0)),((G AnnVal),DP (0,1))])
    (ImportDecl 
     (Nothing) 
     ({ ../../hackage-packages/logic-TPTP-0.4.2.0/testing/ParseRandom.hs:21:8-17
       }
      Nothing{ModuleName: Data.Maybe}) 
     (Nothing) 
     (False) 
     (False) 
     (False) 
     (False) 
     (Nothing) 
     (Nothing))),
   ({ ../../hackage-packages/logic-TPTP-0.4.2.0/testing/ParseRandom.hs:22:1-21
     }
    Just (Ann (DP (1,1)) (ColDelta 1) DP (1,1) [DComment (DP (0,-10),DP (0,-1)) "Data.List" Nothing,DComment (DP (0,1),DP (0,3)) "as" Nothing,DComment (DP (0,1),DP (0,2)) "L" Nothing] [((G AnnImport),DP (0,0)),((G AnnVal),DP (0,1)),((AnnComment DComment (DP (0,-9),DP (0,-1)) "Data.Map" Nothing),DP (0,-9)),((AnnComment DComment (DP (0,1),DP (0,3)) "as" Nothing),DP (0,1)),((G AnnAs),DP (0,1)),((AnnComment DComment (DP (0,0),DP (0,1)) "M" Nothing),DP (0,0)),((G AnnVal),DP (0,1))])
    (ImportDecl 
     (Nothing) 
     ({ ../../hackage-packages/logic-TPTP-0.4.2.0/testing/ParseRandom.hs:22:8-16
       }
      Nothing{ModuleName: Data.List}) 
     (Nothing) 
     (False) 
     (False) 
     (False) 
     (False) 
     (Just {ModuleName: L}) 
     (Nothing))),
   ({ ../../hackage-packages/logic-TPTP-0.4.2.0/testing/ParseRandom.hs:23:1-20
     }
    Just (Ann (DP (1,1)) (ColDelta 1) DP (1,1) [] [((G AnnImport),DP (0,0)),((G AnnVal),DP (0,1)),((G AnnAs),DP (0,1)),((G AnnVal),DP (0,1))])
    (ImportDecl 
     (Nothing) 
     ({ ../../hackage-packages/logic-TPTP-0.4.2.0/testing/ParseRandom.hs:23:8-15
       }
      Nothing{ModuleName: Data.Map}) 
     (Nothing) 
     (False) 
     (False) 
     (False) 
     (False) 
     (Just {ModuleName: M}) 
     (Nothing))),
   ({ ../../hackage-packages/logic-TPTP-0.4.2.0/testing/ParseRandom.hs:24:1-20
     }
    Just (Ann (DP (1,1)) (ColDelta 1) DP (1,1) [] [((G AnnImport),DP (0,0)),((G AnnVal),DP (0,1)),((AnnComment DComment (DP (0,-8),DP (0,1)) "qualified" Nothing),DP (0,-8)),((G AnnAs),DP (0,1)),((AnnComment DComment (DP (0,-1),DP (0,14)) "Data.ByteString" Nothing),DP (0,-1)),((G AnnVal),DP (0,1))])
    (ImportDecl 
     (Nothing) 
     ({ ../../hackage-packages/logic-TPTP-0.4.2.0/testing/ParseRandom.hs:24:8-15
       }
      Nothing{ModuleName: Data.Set}) 
     (Nothing) 
     (False) 
     (False) 
     (False) 
     (False) 
     (Just {ModuleName: S}) 
     (Nothing))),
   ({ ../../hackage-packages/logic-TPTP-0.4.2.0/testing/ParseRandom.hs:25:1-37
     }
    Just (Ann (DP (1,1)) (ColDelta 1) DP (1,1) [DComment (DP (0,13),DP (0,15)) "as" Nothing,DComment (DP (0,1),DP (0,2)) "B" Nothing] [((G AnnImport),DP (0,0)),((G AnnQualified),DP (0,1)),((AnnComment DComment (DP (0,-9),DP (0,4)) "Data.Function" Nothing),DP (0,-9)),((G AnnVal),DP (0,1)),((G AnnAs),DP (0,1)),((G AnnVal),DP (0,1))])
    (ImportDecl 
     (Nothing) 
     ({ ../../hackage-packages/logic-TPTP-0.4.2.0/testing/ParseRandom.hs:25:18-32
       }
      Nothing{ModuleName: Data.ByteString}) 
     (Nothing) 
     (False) 
     (False) 
     (True) 
     (False) 
     (Just {ModuleName: B}) 
     (Nothing))),
   ({ ../../hackage-packages/logic-TPTP-0.4.2.0/testing/ParseRandom.hs:26:1-20
     }
    Just (Ann (DP (1,1)) (ColDelta 1) DP (1,1) [] [((G AnnImport),DP (0,0)),((G AnnVal),DP (0,1))])
    (ImportDecl 
     (Nothing) 
     ({ ../../hackage-packages/logic-TPTP-0.4.2.0/testing/ParseRandom.hs:26:8-20
       }
      Nothing{ModuleName: Data.Function}) 
     (Nothing) 
     (False) 
     (False) 
     (False) 
     (False) 
     (Nothing) 
     (Nothing))),
   ({ ../../hackage-packages/logic-TPTP-0.4.2.0/testing/ParseRandom.hs:27:1-21
     }
    Just (Ann (DP (1,1)) (ColDelta 1) DP (1,1) [DComment (DP (0,-13),DP (0,1)) "System.Process" Nothing] [((G AnnImport),DP (0,0)),((G AnnVal),DP (0,1))])
    (ImportDecl 
     (Nothing) 
     ({ ../../hackage-packages/logic-TPTP-0.4.2.0/testing/ParseRandom.hs:27:8-21
       }
      Nothing{ModuleName: System.Process}) 
     (Nothing) 
     (False) 
     (False) 
     (False) 
     (False) 
     (Nothing) 
     (Nothing))),
   ({ ../../hackage-packages/logic-TPTP-0.4.2.0/testing/ParseRandom.hs:28:1-20
     }
    Just (Ann (DP (1,1)) (ColDelta 1) DP (1,1) [DComment (DP (0,-14),DP (0,-1)) "Control.Arrow" Nothing] [((G AnnImport),DP (0,0)),((G AnnVal),DP (0,1))])
    (ImportDecl 
     (Nothing) 
     ({ ../../hackage-packages/logic-TPTP-0.4.2.0/testing/ParseRandom.hs:28:8-20
       }
      Nothing{ModuleName: Control.Arrow}) 
     (Nothing) 
     (False) 
     (False) 
     (False) 
     (False) 
     (Nothing) 
     (Nothing))),
   ({ ../../hackage-packages/logic-TPTP-0.4.2.0/testing/ParseRandom.hs:29:1-18
     }
    Just (Ann (DP (1,1)) (ColDelta 1) DP (1,1) [DComment (DP (0,-13),DP (0,-2)) "Debug.Trace" Nothing] [((G AnnImport),DP (0,0)),((G AnnVal),DP (0,1))])
    (ImportDecl 
     (Nothing) 
     ({ ../../hackage-packages/logic-TPTP-0.4.2.0/testing/ParseRandom.hs:29:8-18
       }
      Nothing{ModuleName: Debug.Trace}) 
     (Nothing) 
     (False) 
     (False) 
     (False) 
     (False) 
     (Nothing) 
     (Nothing))),
   ({ ../../hackage-packages/logic-TPTP-0.4.2.0/testing/ParseRandom.hs:30:1-24
     }
    Just (Ann (DP (1,1)) (ColDelta 1) DP (1,1) [DComment (DP (0,-11),DP (0,6)) "System.SimpleArgs" Nothing] [((G AnnImport),DP (0,0)),((G AnnVal),DP (0,1))])
    (ImportDecl 
     (Nothing) 
     ({ ../../hackage-packages/logic-TPTP-0.4.2.0/testing/ParseRandom.hs:30:8-24
       }
      Nothing{ModuleName: System.SimpleArgs}) 
     (Nothing) 
     (False) 
     (False) 
     (False) 
     (False) 
     (Nothing) 
     (Nothing))),
   ({ ../../hackage-packages/logic-TPTP-0.4.2.0/testing/ParseRandom.hs:31:1-20
     }
    Just (Ann (DP (1,1)) (ColDelta 1) DP (1,1) [DComment (DP (0,-17),DP (0,-4)) "Data.Generics" Nothing] [((G AnnImport),DP (0,0)),((G AnnVal),DP (0,1))])
    (ImportDecl 
     (Nothing) 
     ({ ../../hackage-packages/logic-TPTP-0.4.2.0/testing/ParseRandom.hs:31:8-20
       }
      Nothing{ModuleName: Data.Generics}) 
     (Nothing) 
     (False) 
     (False) 
     (False) 
     (False) 
     (Nothing) 
     (Nothing))),
   ({ ../../hackage-packages/logic-TPTP-0.4.2.0/testing/ParseRandom.hs:32:1-22
     }
    Just (Ann (DP (1,1)) (ColDelta 1) DP (1,1) [DComment (DP (0,-13),DP (0,2)) "Test.QuickCheck" Nothing] [((G AnnImport),DP (0,0)),((G AnnVal),DP (0,1))])
    (ImportDecl 
     (Nothing) 
     ({ ../../hackage-packages/logic-TPTP-0.4.2.0/testing/ParseRandom.hs:32:8-22
       }
      Nothing{ModuleName: Test.QuickCheck}) 
     (Nothing) 
     (False) 
     (False) 
     (False) 
     (False) 
     (Nothing) 
     (Nothing))),
   ({ ../../hackage-packages/logic-TPTP-0.4.2.0/testing/ParseRandom.hs:33:1-18
     }
    Just (Ann (DP (1,1)) (ColDelta 1) DP (1,1) [DComment (DP (0,-15),DP (0,-4)) "Data.Monoid" Nothing] [((G AnnImport),DP (0,0)),((G AnnVal),DP (0,1))])
    (ImportDecl 
     (Nothing) 
     ({ ../../hackage-packages/logic-TPTP-0.4.2.0/testing/ParseRandom.hs:33:8-18
       }
      Nothing{ModuleName: Data.Monoid}) 
     (Nothing) 
     (False) 
     (False) 
     (False) 
     (False) 
     (Nothing) 
     (Nothing))),
   ({ ../../hackage-packages/logic-TPTP-0.4.2.0/testing/ParseRandom.hs:34:1-35
     }
    Just (Ann (DP (1,1)) (ColDelta 1) DP (1,1) [DComment (DP (0,-11),DP (0,17)) "Text.PrettyPrint.ANSI.Leijen" Nothing] [((G AnnImport),DP (0,0)),((G AnnVal),DP (0,1))])
    (ImportDecl 
     (Nothing) 
     ({ ../../hackage-packages/logic-TPTP-0.4.2.0/testing/ParseRandom.hs:34:8-35
       }
      Nothing{ModuleName: Text.PrettyPrint.ANSI.Leijen}) 
     (Nothing) 
     (False) 
     (False) 
     (False) 
     (False) 
     (Nothing) 
     (Nothing))),
   ({ ../../hackage-packages/logic-TPTP-0.4.2.0/testing/ParseRandom.hs:35:1-18
     }
    Just (Ann (DP (1,1)) (ColDelta 1) DP (1,1) [DComment (DP (0,-28),DP (0,-17)) "System.Exit" Nothing] [((G AnnImport),DP (0,0)),((G AnnVal),DP (0,1))])
    (ImportDecl 
     (Nothing) 
     ({ ../../hackage-packages/logic-TPTP-0.4.2.0/testing/ParseRandom.hs:35:8-18
       }
      Nothing{ModuleName: System.Exit}) 
     (Nothing) 
     (False) 
     (False) 
     (False) 
     (False) 
     (Nothing) 
     (Nothing))),
   ({ ../../hackage-packages/logic-TPTP-0.4.2.0/testing/ParseRandom.hs:36:1-34
     }
    Just (Ann (DP (1,1)) (ColDelta 1) DP (1,1) [DComment (DP (0,-11),DP (0,16)) "Text.Regex.PCRE.Light.Char8" Nothing] [((G AnnImport),DP (0,0)),((G AnnVal),DP (0,1))])
    (ImportDecl 
     (Nothing) 
     ({ ../../hackage-packages/logic-TPTP-0.4.2.0/testing/ParseRandom.hs:36:8-34
       }
      Nothing{ModuleName: Text.Regex.PCRE.Light.Char8}) 
     (Nothing) 
     (False) 
     (False) 
     (False) 
     (False) 
     (Nothing) 
     (Nothing))),
   ({ ../../hackage-packages/logic-TPTP-0.4.2.0/testing/ParseRandom.hs:37:1-13
     }
    Just (Ann (DP (1,1)) (ColDelta 1) DP (1,1) [DComment (DP (0,-27),DP (0,-21)) "Common" Nothing] [((G AnnImport),DP (0,0)),((G AnnVal),DP (0,1))])
    (ImportDecl 
     (Nothing) 
     ({ ../../hackage-packages/logic-TPTP-0.4.2.0/testing/ParseRandom.hs:37:8-13
       }
      Nothing{ModuleName: Common}) 
     (Nothing) 
     (False) 
     (False) 
     (False) 
     (False) 
     (Nothing) 
     (Nothing))),
   ({ ../../hackage-packages/logic-TPTP-0.4.2.0/testing/ParseRandom.hs:39:1-30
     }
    Just (Ann (DP (1,1)) (ColDelta 1) DP (2,1) [DComment (DP (1,1),DP (1,1)) "" Nothing,DComment (DP (0,0),DP (0,6)) "import" Nothing,DComment (DP (0,1),DP (0,13)) "\"logic-TPTP\"" Nothing,DComment (DP (0,1),DP (0,11)) "Codec.TPTP" Nothing] [((G AnnImport),DP (0,0)),((G AnnPackageName),DP (0,1)),((G AnnVal),DP (0,1))])
    (ImportDecl 
     (Nothing) 
     ({ ../../hackage-packages/logic-TPTP-0.4.2.0/testing/ParseRandom.hs:39:21-30
       }
      Nothing{ModuleName: Codec.TPTP}) 
     (Just {FastString: "logic-TPTP"}) 
     (False) 
     (False) 
     (False) 
     (False) 
     (Nothing) 
     (Nothing)))] 
  [
   ({ ../../hackage-packages/logic-TPTP-0.4.2.0/testing/ParseRandom.hs:41:1-20
     }
    Just (Ann (DP (1,1)) (ColDelta 1) DP (2,1) [DComment (DP (1,1),DP (1,1)) "" Nothing,DComment (DP (0,0),DP (0,10)) "infilename" Nothing,DComment (DP (0,1),DP (0,2)) "=" Nothing,DComment (DP (0,1),DP (0,8)) "getArgs" Nothing] [])
    (ValD 
     (FunBind 
      ({ ../../hackage-packages/logic-TPTP-0.4.2.0/testing/ParseRandom.hs:41:1-10
        }
       Just (Ann (DP (0,0)) (ColDelta 1) DP (0,0) [] [((G AnnVal),DP (0,0))])
       (Unqual {OccName: infilename})) 
      (False) 
      (MG 
       [
        ({ ../../hackage-packages/logic-TPTP-0.4.2.0/testing/ParseRandom.hs:41:1-20
          }
         Just (Ann (DP (0,0)) (ColDelta 1) DP (0,0) [] [((AnnComment DComment (DP (0,-10),DP (0,-2)) "parseRes" Nothing),DP (0,-10)),((AnnComment DComment (DP (0,1),DP (0,2)) "=" Nothing),DP (0,1)),((G AnnEqual),DP (0,1))])
         (Match 
          (Just 
           ((,) 
            ({ ../../hackage-packages/logic-TPTP-0.4.2.0/testing/ParseRandom.hs:41:1-10
              }
             Just (Ann (DP (0,0)) (ColDelta 1) DP (0,0) [] [((G AnnVal),DP (0,0))])
             (Unqual {OccName: infilename})) 
            (False))) 
          [] 
          (Nothing) 
          (GRHSs 
           [
            ({ ../../hackage-packages/logic-TPTP-0.4.2.0/testing/ParseRandom.hs:41:12-20
              }
             Just (Ann (DP (0,-1)) (ColDelta 12) DP (0,-1) [] [])
             (GRHS 
              [] 
              ({ ../../hackage-packages/logic-TPTP-0.4.2.0/testing/ParseRandom.hs:41:14-20
                }
               Just (Ann (DP (0,-4)) (ColDelta 14) DP (0,1) [DComment (DP (0,-1),DP (0,5)) "return" Nothing] [((G AnnVal),DP (0,-4))])
               (HsVar 
                (Unqual {OccName: getArgs})))))] 
           (EmptyLocalBinds))))] 
       [] 
       (PlaceHolder) 
       (FromSource)) 
      (WpHole) 
      (PlaceHolder) 
      []))),
   ({ ../../hackage-packages/logic-TPTP-0.4.2.0/testing/ParseRandom.hs:42:1-53
     }
    Just (Ann (DP (1,1)) (ColDelta 1) DP (1,1) [DComment (DP (0,-2),DP (0,-1)) "." Nothing,DComment (DP (0,1),DP (0,6)) "parse" Nothing,DComment (DP (0,1),DP (0,4)) "=<<" Nothing,DComment (DP (0,1),DP (0,9)) "readFile" Nothing,DComment (DP (0,1),DP (0,4)) "=<<" Nothing,DComment (DP (0,1),DP (0,11)) "infilename" Nothing] [])
    (ValD 
     (FunBind 
      ({ ../../hackage-packages/logic-TPTP-0.4.2.0/testing/ParseRandom.hs:42:1-8
        }
       Just (Ann (DP (0,0)) (ColDelta 1) DP (0,0) [] [((G AnnVal),DP (0,0))])
       (Unqual {OccName: parseRes})) 
      (False) 
      (MG 
       [
        ({ ../../hackage-packages/logic-TPTP-0.4.2.0/testing/ParseRandom.hs:42:1-53
          }
         Just (Ann (DP (0,0)) (ColDelta 1) DP (0,0) [] [((G AnnEqual),DP (0,1))])
         (Match 
          (Just 
           ((,) 
            ({ ../../hackage-packages/logic-TPTP-0.4.2.0/testing/ParseRandom.hs:42:1-8
              }
             Just (Ann (DP (0,0)) (ColDelta 1) DP (0,0) [] [((G AnnVal),DP (0,0))])
             (Unqual {OccName: parseRes})) 
            (False))) 
          [] 
          (Nothing) 
          (GRHSs 
           [
            ({ ../../hackage-packages/logic-TPTP-0.4.2.0/testing/ParseRandom.hs:42:10-53
              }
             Just (Ann (DP (0,-1)) (ColDelta 10) DP (0,-1) [] [])
             (GRHS 
              [] 
              ({ ../../hackage-packages/logic-TPTP-0.4.2.0/testing/ParseRandom.hs:42:12-53
                }
               Just (Ann (DP (0,1)) (ColDelta 12) DP (0,1) [] [])
               (OpApp 
                ({ ../../hackage-packages/logic-TPTP-0.4.2.0/testing/ParseRandom.hs:42:12-38
                  }
                 Just (Ann (DP (0,0)) (ColDelta 12) DP (0,0) [] [])
                 (OpApp 
                  ({ ../../hackage-packages/logic-TPTP-0.4.2.0/testing/ParseRandom.hs:42:12-25
                    }
                   Just (Ann (DP (0,0)) (ColDelta 12) DP (0,0) [] [])
                   (OpApp 
                    ({ ../../hackage-packages/logic-TPTP-0.4.2.0/testing/ParseRandom.hs:42:12-17
                      }
                     Just (Ann (DP (0,0)) (ColDelta 12) DP (0,0) [] [((G AnnVal),DP (0,0))])
                     (HsVar 
                      (Unqual {OccName: return}))) 
                    ({ ../../hackage-packages/logic-TPTP-0.4.2.0/testing/ParseRandom.hs:42:19
                      }
                     Just (Ann (DP (0,1)) (ColDelta 19) DP (0,1) [] [((G AnnVal),DP (0,0))])
                     (HsVar 
                      (Unqual {OccName: .}))) 
                    (PlaceHolder) 
                    ({ ../../hackage-packages/logic-TPTP-0.4.2.0/testing/ParseRandom.hs:42:21-25
                      }
                     Just (Ann (DP (0,1)) (ColDelta 21) DP (0,1) [] [((G AnnVal),DP (0,0))])
                     (HsVar 
                      (Unqual {OccName: parse}))))) 
                  ({ ../../hackage-packages/logic-TPTP-0.4.2.0/testing/ParseRandom.hs:42:27-29
                    }
                   Just (Ann (DP (0,1)) (ColDelta 27) DP (0,1) [] [((G AnnVal),DP (0,0))])
                   (HsVar 
                    (Unqual {OccName: =<<}))) 
                  (PlaceHolder) 
                  ({ ../../hackage-packages/logic-TPTP-0.4.2.0/testing/ParseRandom.hs:42:31-38
                    }
                   Just (Ann (DP (0,1)) (ColDelta 31) DP (0,1) [] [((G AnnVal),DP (0,0))])
                   (HsVar 
                    (Unqual {OccName: readFile}))))) 
                ({ ../../hackage-packages/logic-TPTP-0.4.2.0/testing/ParseRandom.hs:42:40-42
                  }
                 Just (Ann (DP (0,1)) (ColDelta 40) DP (0,1) [] [((G AnnVal),DP (0,0))])
                 (HsVar 
                  (Unqual {OccName: =<<}))) 
                (PlaceHolder) 
                ({ ../../hackage-packages/logic-TPTP-0.4.2.0/testing/ParseRandom.hs:42:44-53
                  }
                 Just (Ann (DP (0,1)) (ColDelta 44) DP (0,1) [] [((G AnnVal),DP (0,0))])
                 (HsVar 
                  (Unqual {OccName: infilename})))))))] 
           (EmptyLocalBinds))))] 
       [] 
       (PlaceHolder) 
       (FromSource)) 
      (WpHole) 
      (PlaceHolder) 
      []))),
   ({ ../../hackage-packages/logic-TPTP-0.4.2.0/testing/ParseRandom.hs:48:1-23
     }
    Just (Ann (DP (1,1)) (ColDelta 1) DP (6,1) [DComment (DP (1,1),DP (1,51)) "--main = forever $ quickCheck prop_test_ie --iei_i" Nothing,DComment (DP (1,1),DP (1,51)) "--main = forever $ quickCheck prop_test_ie --iei_i" Nothing,DComment (DP (1,1),DP (1,26)) "--main = stressTestParser" Nothing,DComment (DP (1,1),DP (1,26)) "--main = stressTestParser" Nothing,DComment (DP (1,1),DP (1,1)) "" Nothing,DComment (DP (0,0),DP (0,4)) "main" Nothing,DComment (DP (0,1),DP (0,2)) "=" Nothing,DComment (DP (0,1),DP (0,17)) "stressTestParser" Nothing] [])
    (ValD 
     (FunBind 
      ({ ../../hackage-packages/logic-TPTP-0.4.2.0/testing/ParseRandom.hs:48:1-4
        }
       Just (Ann (DP (0,0)) (ColDelta 1) DP (0,0) [] [((G AnnVal),DP (0,0))])
       (Unqual {OccName: main})) 
      (False) 
      (MG 
       [
        ({ ../../hackage-packages/logic-TPTP-0.4.2.0/testing/ParseRandom.hs:48:1-23
          }
         Just (Ann (DP (0,0)) (ColDelta 1) DP (0,0) [] [((G AnnEqual),DP (0,1))])
         (Match 
          (Just 
           ((,) 
            ({ ../../hackage-packages/logic-TPTP-0.4.2.0/testing/ParseRandom.hs:48:1-4
              }
             Just (Ann (DP (0,0)) (ColDelta 1) DP (0,0) [] [((G AnnVal),DP (0,0))])
             (Unqual {OccName: main})) 
            (False))) 
          [] 
          (Nothing) 
          (GRHSs 
           [
            ({ ../../hackage-packages/logic-TPTP-0.4.2.0/testing/ParseRandom.hs:48:6-23
              }
             Just (Ann (DP (0,-1)) (ColDelta 6) DP (0,-1) [] [])
             (GRHS 
              [] 
              ({ ../../hackage-packages/logic-TPTP-0.4.2.0/testing/ParseRandom.hs:48:8-23
                }
               Just (Ann (DP (0,1)) (ColDelta 8) DP (0,1) [] [((G AnnVal),DP (0,0))])
               (HsVar 
                (Unqual {OccName: stressTestParser})))))] 
           (EmptyLocalBinds))))] 
       [] 
       (PlaceHolder) 
       (FromSource)) 
      (WpHole) 
      (PlaceHolder) 
      []))),
   ({ ../../hackage-packages/logic-TPTP-0.4.2.0/testing/ParseRandom.hs:(50,1)-(56,38)
     }
    Just (Ann (DP (1,1)) (ColDelta 1) DP (2,1) [DComment (DP (1,1),DP (1,1)) "" Nothing,DComment (DP (0,0),DP (0,16)) "stressTestParser" Nothing,DComment (DP (0,1),DP (0,2)) "=" Nothing,DComment (DP (0,1),DP (0,11)) "replicateM" Nothing,DComment (DP (0,1),DP (0,4)) "100" Nothing,DComment (DP (0,1),DP (0,2)) "$" Nothing] [])
    (ValD 
     (FunBind 
      ({ ../../hackage-packages/logic-TPTP-0.4.2.0/testing/ParseRandom.hs:50:1-16
        }
       Just (Ann (DP (0,0)) (ColDelta 1) DP (0,0) [] [((G AnnVal),DP (0,0))])
       (Unqual {OccName: stressTestParser})) 
      (False) 
      (MG 
       [
        ({ ../../hackage-packages/logic-TPTP-0.4.2.0/testing/ParseRandom.hs:(50,1)-(56,38)
          }
         Just (Ann (DP (0,0)) (ColDelta 1) DP (0,0) [] [((AnnComment DComment (DP (0,-12),DP (0,-10)) "do" Nothing),DP (0,-12)),((G AnnEqual),DP (0,1))])
         (Match 
          (Just 
           ((,) 
            ({ ../../hackage-packages/logic-TPTP-0.4.2.0/testing/ParseRandom.hs:50:1-16
              }
             Just (Ann (DP (0,0)) (ColDelta 1) DP (0,0) [] [((G AnnVal),DP (0,0))])
             (Unqual {OccName: stressTestParser})) 
            (False))) 
          [] 
          (Nothing) 
          (GRHSs 
           [
            ({ ../../hackage-packages/logic-TPTP-0.4.2.0/testing/ParseRandom.hs:(50,18)-(56,38)
              }
             Just (Ann (DP (0,-1)) (ColDelta 18) DP (0,-1) [] [])
             (GRHS 
              [] 
              ({ ../../hackage-packages/logic-TPTP-0.4.2.0/testing/ParseRandom.hs:(50,20)-(56,38)
                }
               Just (Ann (DP (0,1)) (ColDelta 20) DP (0,1) [] [])
               (OpApp 
                ({ ../../hackage-packages/logic-TPTP-0.4.2.0/testing/ParseRandom.hs:50:20-33
                  }
                 Just (Ann (DP (0,0)) (ColDelta 20) DP (0,0) [] [])
                 (HsApp 
                  ({ ../../hackage-packages/logic-TPTP-0.4.2.0/testing/ParseRandom.hs:50:20-29
                    }
                   Just (Ann (DP (0,0)) (ColDelta 20) DP (0,0) [] [((G AnnVal),DP (0,0))])
                   (HsVar 
                    (Unqual {OccName: replicateM}))) 
                  ({ ../../hackage-packages/logic-TPTP-0.4.2.0/testing/ParseRandom.hs:50:31-33
                    }
                   Just (Ann (DP (0,1)) (ColDelta 31) DP (0,1) [] [((G AnnVal),DP (0,0))])
                   (HsOverLit {HsOverLit:100})))) 
                ({ ../../hackage-packages/logic-TPTP-0.4.2.0/testing/ParseRandom.hs:50:35
                  }
                 Just (Ann (DP (0,1)) (ColDelta 35) DP (0,1) [] [((G AnnVal),DP (0,0))])
                 (HsVar 
                  (Unqual {OccName: $}))) 
                (PlaceHolder) 
                ({ ../../hackage-packages/logic-TPTP-0.4.2.0/testing/ParseRandom.hs:(51,5)-(56,38)
                  }
                 Just (Ann (DP (0,1)) (ColDelta 5) DP (1,5) [DComment (DP (1,3),DP (1,3)) "" Nothing,DComment (DP (0,0),DP (0,1)) "n" Nothing] [((G AnnDo),DP (0,0)),((AnnList ../../hackage-packages/logic-TPTP-0.4.2.0/testing/ParseRandom.hs:(52,3)-(56,38) Ref "delta-1"),DP (0,0))])
                 (HsDo 
                  (DoExpr) 
                  [
                   ({ ../../hackage-packages/logic-TPTP-0.4.2.0/testing/ParseRandom.hs:52:3-14
                     }
                    Just (Ann (DP (0,0)) (ColDelta 0) DP (0,0) [] [((G AnnLarrow),DP (0,1))])
                    (BindStmt 
                     ({ ../../hackage-packages/logic-TPTP-0.4.2.0/testing/ParseRandom.hs:52:3
                       }
                      Just (Ann (DP (0,0)) (ColDelta 0) DP (0,0) [] [((G AnnVal),DP (0,0))])
                      (VarPat 
                       (Unqual {OccName: n}))) 
                     ({ ../../hackage-packages/logic-TPTP-0.4.2.0/testing/ParseRandom.hs:52:8-14
                       }
                      Just (Ann (DP (0,1)) (ColDelta 5) DP (0,1) [] [((G AnnVal),DP (0,0))])
                      (HsVar 
                       (Unqual {OccName: getArgs}))) 
                     (HsLit 
                      (HsString "" {FastString: "noSyntaxExpr"})) 
                     (HsLit 
                      (HsString "" {FastString: "noSyntaxExpr"})))),
                   ({ ../../hackage-packages/logic-TPTP-0.4.2.0/testing/ParseRandom.hs:53:3-64
                     }
                    Just (Ann (DP (1,0)) (ColDelta 0) DP (1,0) [DComment (DP (0,-7),DP (0,-3)) "head" Nothing,DComment (DP (0,1),DP (0,2)) "`" Nothing,DComment (DP (0,0),DP (0,4)) "fmap" Nothing,DComment (DP (0,0),DP (0,1)) "`" Nothing,DComment (DP (0,1),DP (0,8)) "sample'" Nothing,DComment (DP (0,1),DP (0,2)) "(" Nothing,DComment (DP (0,0),DP (0,6)) "resize" Nothing,DComment (DP (0,1),DP (0,2)) "n" Nothing,DComment (DP (0,1),DP (0,10)) "arbitrary" Nothing,DComment (DP (0,0),DP (0,1)) ")" Nothing,DComment (DP (0,1),DP (0,3)) "::" Nothing,DComment (DP (0,1),DP (0,3)) "IO" Nothing,DComment (DP (0,1),DP (0,11)) "TPTP_Input" Nothing] [((AnnComment DComment (DP (0,-1),DP (0,2)) "let" Nothing),DP (0,-1)),((G AnnLarrow),DP (0,1))])
                    (BindStmt 
                     ({ ../../hackage-packages/logic-TPTP-0.4.2.0/testing/ParseRandom.hs:53:3
                       }
                      Just (Ann (DP (0,0)) (ColDelta 0) DP (0,0) [] [((G AnnVal),DP (0,0))])
                      (VarPat 
                       (Unqual {OccName: x}))) 
                     ({ ../../hackage-packages/logic-TPTP-0.4.2.0/testing/ParseRandom.hs:53:8-64
                       }
                      Just (Ann (DP (0,-3)) (ColDelta 5) DP (0,1) [DComment (DP (0,0),DP (0,0)) "" Nothing,DComment (DP (0,0),DP (0,4)) "tptp" Nothing] [((G AnnDcolon),DP (0,1))])
                      (ExprWithTySig 
                       ({ ../../hackage-packages/logic-TPTP-0.4.2.0/testing/ParseRandom.hs:53:8-47
                         }
                        Just (Ann (DP (0,-3)) (ColDelta 5) DP (0,1) [] [])
                        (OpApp 
                         ({ ../../hackage-packages/logic-TPTP-0.4.2.0/testing/ParseRandom.hs:53:8-11
                           }
                          Just (Ann (DP (0,-3)) (ColDelta 5) DP (0,1) [] [((G AnnVal),DP (0,-3))])
                          (HsVar 
                           (Unqual {OccName: head}))) 
                         ({ ../../hackage-packages/logic-TPTP-0.4.2.0/testing/ParseRandom.hs:53:13-18
                           }
                          Just (Ann (DP (0,0)) (ColDelta 10) DP (0,1) [DComment (DP (0,0),DP (0,1)) "=" Nothing] [((G AnnBackquote),DP (0,0)),((G AnnVal),DP (0,0)),((AnnComment DComment (DP (0,-4),DP (0,3)) "toTPTP'" Nothing),DP (0,-4)),((G AnnBackquote),DP (0,0))])
                          (HsVar 
                           (Unqual {OccName: fmap}))) 
                         (PlaceHolder) 
                         ({ ../../hackage-packages/logic-TPTP-0.4.2.0/testing/ParseRandom.hs:53:20-47
                           }
                          Just (Ann (DP (0,1)) (ColDelta 17) DP (0,1) [] [])
                          (HsApp 
                           ({ ../../hackage-packages/logic-TPTP-0.4.2.0/testing/ParseRandom.hs:53:20-26
                             }
                            Just (Ann (DP (0,0)) (ColDelta 17) DP (0,0) [] [((G AnnVal),DP (0,0))])
                            (HsVar 
                             (Unqual {OccName: sample'}))) 
                           ({ ../../hackage-packages/logic-TPTP-0.4.2.0/testing/ParseRandom.hs:53:28-47
                             }
                            Just (Ann (DP (0,3)) (ColDelta 25) DP (0,1) [DComment (DP (0,-5),DP (0,-4)) "[" Nothing,DComment (DP (0,0),DP (0,1)) "x" Nothing,DComment (DP (0,0),DP (0,1)) "]" Nothing] [((G AnnOpenP),DP (0,0)),((G AnnCloseP),DP (0,0))])
                            (HsPar 
                             ({ ../../hackage-packages/logic-TPTP-0.4.2.0/testing/ParseRandom.hs:53:29-46
                               }
                              Just (Ann (DP (0,0)) (ColDelta 26) DP (0,0) [] [])
                              (HsApp 
                               ({ ../../hackage-packages/logic-TPTP-0.4.2.0/testing/ParseRandom.hs:53:29-36
                                 }
                                Just (Ann (DP (0,0)) (ColDelta 26) DP (0,0) [] [])
                                (HsApp 
                                 ({ ../../hackage-packages/logic-TPTP-0.4.2.0/testing/ParseRandom.hs:53:29-34
                                   }
                                  Just (Ann (DP (0,0)) (ColDelta 26) DP (0,0) [] [((G AnnVal),DP (0,0))])
                                  (HsVar 
                                   (Unqual {OccName: resize}))) 
                                 ({ ../../hackage-packages/logic-TPTP-0.4.2.0/testing/ParseRandom.hs:53:36
                                   }
                                  Just (Ann (DP (0,1)) (ColDelta 33) DP (0,1) [] [((G AnnVal),DP (0,0))])
                                  (HsVar 
                                   (Unqual {OccName: n}))))) 
                               ({ ../../hackage-packages/logic-TPTP-0.4.2.0/testing/ParseRandom.hs:53:38-46
                                 }
                                Just (Ann (DP (0,1)) (ColDelta 35) DP (0,1) [] [((G AnnVal),DP (0,0))])
                                (HsVar 
                                 (Unqual {OccName: arbitrary}))))))))))) 
                       ({ ../../hackage-packages/logic-TPTP-0.4.2.0/testing/ParseRandom.hs:53:52-64
                         }
                        Just (Ann (DP (0,1)) (ColDelta 49) DP (0,1) [] [])
                        (HsForAllTy 
                         (Implicit) 
                         (Nothing) 
                         (HsQTvs 
                          [] 
                          []) 
                         ({ <no location info> }
                          Nothing
                          []) 
                         ({ ../../hackage-packages/logic-TPTP-0.4.2.0/testing/ParseRandom.hs:53:52-64
                           }
                          Just (Ann (DP (0,0)) (ColDelta 49) DP (0,0) [] [])
                          (HsAppTy 
                           ({ ../../hackage-packages/logic-TPTP-0.4.2.0/testing/ParseRandom.hs:53:52-53
                             }
                            Just (Ann (DP (0,0)) (ColDelta 49) DP (0,0) [] [((G AnnVal),DP (0,0))])
                            (HsTyVar 
                             (Unqual {OccName: IO}))) 
                           ({ ../../hackage-packages/logic-TPTP-0.4.2.0/testing/ParseRandom.hs:53:55-64
                             }
                            Just (Ann (DP (0,1)) (ColDelta 52) DP (0,1) [] [((G AnnVal),DP (0,0))])
                            (HsTyVar 
                             (Unqual {OccName: TPTP_Input}))))))) 
                       (PlaceHolder))) 
                     (HsLit 
                      (HsString "" {FastString: "noSyntaxExpr"})) 
                     (HsLit 
                      (HsString "" {FastString: "noSyntaxExpr"})))),
                   ({ ../../hackage-packages/logic-TPTP-0.4.2.0/testing/ParseRandom.hs:54:3-24
                     }
                    Just (Ann (DP (1,0)) (ColDelta 0) DP (1,0) [] [((G AnnLet),DP (0,0))])
                    (LetStmt 
                     (HsValBinds 
                      (ValBindsIn {Bag(Located (HsBind RdrName)): 
                       [
                        ({ ../../hackage-packages/logic-TPTP-0.4.2.0/testing/ParseRandom.hs:54:7-24
                          }
                         Just (Ann (DP (0,-4)) (ColDelta 0) DP (0,1) [] [])
                         (FunBind 
                          ({ ../../hackage-packages/logic-TPTP-0.4.2.0/testing/ParseRandom.hs:54:7-10
                            }
                           Just (Ann (DP (0,-4)) (ColDelta 0) DP (0,1) [] [((G AnnVal),DP (0,-4))])
                           (Unqual {OccName: tptp})) 
                          (False) 
                          (MG 
                           [
                            ({ ../../hackage-packages/logic-TPTP-0.4.2.0/testing/ParseRandom.hs:54:7-24
                              }
                             Just (Ann (DP (0,-4)) (ColDelta 0) DP (0,1) [] [((G AnnEqual),DP (0,1))])
                             (Match 
                              (Just 
                               ((,) 
                                ({ ../../hackage-packages/logic-TPTP-0.4.2.0/testing/ParseRandom.hs:54:7-10
                                  }
                                 Just (Ann (DP (0,-4)) (ColDelta 0) DP (0,1) [] [((G AnnVal),DP (0,-4))])
                                 (Unqual {OccName: tptp})) 
                                (False))) 
                              [] 
                              (Nothing) 
                              (GRHSs 
                               [
                                ({ ../../hackage-packages/logic-TPTP-0.4.2.0/testing/ParseRandom.hs:54:12-24
                                  }
                                 Just (Ann (DP (0,-1)) (ColDelta 5) DP (0,-1) [] [])
                                 (GRHS 
                                  [] 
                                  ({ ../../hackage-packages/logic-TPTP-0.4.2.0/testing/ParseRandom.hs:54:14-24
                                    }
                                   Just (Ann (DP (0,-2)) (ColDelta 7) DP (0,1) [DComment (DP (0,-1),DP (0,3)) "tptp" Nothing] [])
                                   (HsApp 
                                    ({ ../../hackage-packages/logic-TPTP-0.4.2.0/testing/ParseRandom.hs:54:14-20
                                      }
                                     Just (Ann (DP (0,-2)) (ColDelta 7) DP (0,1) [] [((G AnnVal),DP (0,-2))])
                                     (HsVar 
                                      (Unqual {OccName: toTPTP'}))) 
                                    ({ ../../hackage-packages/logic-TPTP-0.4.2.0/testing/ParseRandom.hs:54:22-24
                                      }
                                     Just (Ann (DP (0,1)) (ColDelta 15) DP (0,1) [] [((G AnnOpenS),DP (0,0)),((G AnnCloseS),DP (0,0))])
                                     (ExplicitList 
                                      (PlaceHolder) 
                                      (Nothing) 
                                      [
                                       ({ ../../hackage-packages/logic-TPTP-0.4.2.0/testing/ParseRandom.hs:54:23
                                         }
                                        Just (Ann (DP (0,0)) (ColDelta 16) DP (0,0) [] [((G AnnVal),DP (0,0))])
                                        (HsVar 
                                         (Unqual {OccName: x})))]))))))] 
                               (EmptyLocalBinds))))] 
                           [] 
                           (PlaceHolder) 
                           (FromSource)) 
                          (WpHole) 
                          (PlaceHolder) 
                          []))]} 
                       [])))),
                   ({ ../../hackage-packages/logic-TPTP-0.4.2.0/testing/ParseRandom.hs:55:3-15
                     }
                    Just (Ann (DP (1,0)) (ColDelta 0) DP (1,0) [] [])
                    (BodyStmt 
                     ({ ../../hackage-packages/logic-TPTP-0.4.2.0/testing/ParseRandom.hs:55:3-15
                       }
                      Just (Ann (DP (0,0)) (ColDelta 0) DP (0,0) [] [])
                      (HsApp 
                       ({ ../../hackage-packages/logic-TPTP-0.4.2.0/testing/ParseRandom.hs:55:3-10
                         }
                        Just (Ann (DP (0,0)) (ColDelta 0) DP (0,0) [] [((G AnnVal),DP (0,0))])
                        (HsVar 
                         (Unqual {OccName: putStrLn}))) 
                       ({ ../../hackage-packages/logic-TPTP-0.4.2.0/testing/ParseRandom.hs:55:12-15
                         }
                        Just (Ann (DP (0,1)) (ColDelta 9) DP (0,1) [] [((G AnnVal),DP (0,0))])
                        (HsVar 
                         (Unqual {OccName: tptp}))))) 
                     (HsLit 
                      (HsString "" {FastString: "noSyntaxExpr"})) 
                     (HsLit 
                      (HsString "" {FastString: "noSyntaxExpr"})) 
                     (PlaceHolder))),
                   ({ ../../hackage-packages/logic-TPTP-0.4.2.0/testing/ParseRandom.hs:56:3-38
                     }
                    Just (Ann (DP (0,2)) (ColDelta 0) DP (1,0) [DComment (DP (0,-4),DP (0,-3)) "(" Nothing,DComment (DP (0,0),DP (0,12)) "prettySimple" Nothing,DComment (DP (0,1),DP (0,2)) "(" Nothing,DComment (DP (0,0),DP (0,5)) "parse" Nothing,DComment (DP (0,1),DP (0,5)) "tptp" Nothing,DComment (DP (0,0),DP (0,1)) ")" Nothing,DComment (DP (0,0),DP (0,1)) ")" Nothing,DComment (DP (1,-2),DP (1,-2)) "" Nothing,DComment (DP (0,0),DP (0,0)) "" Nothing] [])
                    (BodyStmt 
                     ({ ../../hackage-packages/logic-TPTP-0.4.2.0/testing/ParseRandom.hs:56:3-38
                       }
                      Just (Ann (DP (0,0)) (ColDelta 0) DP (0,0) [] [])
                      (HsApp 
                       ({ ../../hackage-packages/logic-TPTP-0.4.2.0/testing/ParseRandom.hs:56:3-10
                         }
                        Just (Ann (DP (0,0)) (ColDelta 0) DP (0,0) [] [((G AnnVal),DP (0,0))])
                        (HsVar 
                         (Unqual {OccName: putStrLn}))) 
                       ({ ../../hackage-packages/logic-TPTP-0.4.2.0/testing/ParseRandom.hs:56:12-38
                         }
                        Just (Ann (DP (0,1)) (ColDelta 9) DP (0,1) [] [((G AnnOpenP),DP (0,0)),((G AnnCloseP),DP (0,0))])
                        (HsPar 
                         ({ ../../hackage-packages/logic-TPTP-0.4.2.0/testing/ParseRandom.hs:56:13-37
                           }
                          Just (Ann (DP (0,0)) (ColDelta 10) DP (0,0) [] [])
                          (HsApp 
                           ({ ../../hackage-packages/logic-TPTP-0.4.2.0/testing/ParseRandom.hs:56:13-24
                             }
                            Just (Ann (DP (0,0)) (ColDelta 10) DP (0,0) [] [((G AnnVal),DP (0,0))])
                            (HsVar 
                             (Unqual {OccName: prettySimple}))) 
                           ({ ../../hackage-packages/logic-TPTP-0.4.2.0/testing/ParseRandom.hs:56:26-37
                             }
                            Just (Ann (DP (0,1)) (ColDelta 23) DP (0,1) [] [((G AnnOpenP),DP (0,0)),((G AnnCloseP),DP (0,0))])
                            (HsPar 
                             ({ ../../hackage-packages/logic-TPTP-0.4.2.0/testing/ParseRandom.hs:56:27-36
                               }
                              Just (Ann (DP (0,0)) (ColDelta 24) DP (0,0) [] [])
                              (HsApp 
                               ({ ../../hackage-packages/logic-TPTP-0.4.2.0/testing/ParseRandom.hs:56:27-31
                                 }
                                Just (Ann (DP (0,0)) (ColDelta 24) DP (0,0) [] [((G AnnVal),DP (0,0))])
                                (HsVar 
                                 (Unqual {OccName: parse}))) 
                               ({ ../../hackage-packages/logic-TPTP-0.4.2.0/testing/ParseRandom.hs:56:33-36
                                 }
                                Just (Ann (DP (0,1)) (ColDelta 30) DP (0,1) [] [((G AnnVal),DP (0,0))])
                                (HsVar 
                                 (Unqual {OccName: tptp}))))))))))))) 
                     (HsLit 
                      (HsString "" {FastString: "noSyntaxExpr"})) 
                     (HsLit 
                      (HsString "" {FastString: "noSyntaxExpr"})) 
                     (PlaceHolder)))] 
                  (PlaceHolder)))))))] 
           (EmptyLocalBinds))))] 
       [] 
       (PlaceHolder) 
       (FromSource)) 
      (WpHole) 
      (PlaceHolder) 
      [])))] 
  (Nothing) 
  (Nothing)))
==============
[(AnnKey ../../hackage-packages/logic-TPTP-0.4.2.0/testing/ParseRandom.hs:1:1 CN "HsModule" NotNeeded,
  (Ann (DP (0,0)) (ColDelta 1) DP (0,0) [] [((AnnComment DComment (DP (0,0),DP (10,5)) "{-# OPTIONS\n -fglasgow-exts\n -XCPP\n -XTemplateHaskell\n -XNamedFieldPuns\n -XRecordWildCards\n -XDeriveDataTypeable\n -XOverlappingInstances\n -XPackageImports\n -fwarn-incomplete-patterns\n #-}" Nothing),DP (0,0)),((AnnComment DComment (DP (2,1),DP (2,7)) "module" Nothing),DP (2,1)),((AnnComment DComment (DP (0,1),DP (0,12)) "ParseRandom" Nothing),DP (0,1)),((AnnComment DComment (DP (0,1),DP (0,6)) "where" Nothing),DP (0,1)),((G AnnModule),DP (13,1)),((G AnnVal),DP (0,1)),((G AnnWhere),DP (0,1)),((G AnnEofPos),DP (2,0))])),
 (AnnKey ../../hackage-packages/logic-TPTP-0.4.2.0/testing/ParseRandom.hs:16:1-20 CN "ImportDecl" NotNeeded,
  (Ann (DP (1,1)) (ColDelta 1) DP (2,1) [DComment (DP (1,1),DP (1,1)) "" Nothing,DComment (DP (0,0),DP (0,6)) "import" Nothing,DComment (DP (0,1),DP (0,14)) "Control.Monad" Nothing] [((G AnnImport),DP (0,0)),((G AnnVal),DP (0,1))])),
 (AnnKey ../../hackage-packages/logic-TPTP-0.4.2.0/testing/ParseRandom.hs:17:1-26 CN "ImportDecl" NotNeeded,
  (Ann (DP (1,1)) (ColDelta 1) DP (1,1) [DComment (DP (0,-13),DP (0,6)) "Control.Monad.State" Nothing] [((G AnnImport),DP (0,0)),((G AnnVal),DP (0,1))])),
 (AnnKey ../../hackage-packages/logic-TPTP-0.4.2.0/testing/ParseRandom.hs:18:1-39 CN "ImportDecl" NotNeeded,
  (Ann (DP (1,1)) (ColDelta 1) DP (1,1) [DComment (DP (0,0),DP (0,1)) "(" Nothing,DComment (DP (0,0),DP (0,1)) "(" Nothing,DComment (DP (0,0),DP (0,3)) "<$>" Nothing,DComment (DP (0,0),DP (0,1)) ")" Nothing,DComment (DP (0,0),DP (0,1)) "," Nothing,DComment (DP (0,0),DP (0,1)) "(" Nothing,DComment (DP (0,0),DP (0,3)) "<*>" Nothing,DComment (DP (0,0),DP (0,1)) ")" Nothing,DComment (DP (0,0),DP (0,1)) ")" Nothing] [((G AnnImport),DP (0,0)),((G AnnVal),DP (0,1))])),
 (AnnKey ../../hackage-packages/logic-TPTP-0.4.2.0/testing/ParseRandom.hs:18:27-39 CN "(:)" NotNeeded,
  (Ann (DP (0,0)) (ColDelta 27) DP (0,0) [] [((AnnComment DComment (DP (0,-19),DP (0,-6)) "Control.Arrow" Nothing),DP (0,-19)),((G AnnOpenP),DP (0,0)),((G AnnCloseP),DP (0,0))])),
 (AnnKey ../../hackage-packages/logic-TPTP-0.4.2.0/testing/ParseRandom.hs:18:28-32 CN "IEVar" NotNeeded,
  (Ann (DP (0,0)) (ColDelta 28) DP (0,0) [] [])),
 (AnnKey ../../hackage-packages/logic-TPTP-0.4.2.0/testing/ParseRandom.hs:18:28-32 CN "Unqual" NotNeeded,
  (Ann (DP (0,0)) (ColDelta 28) DP (0,0) [] [((G AnnOpenP),DP (0,0)),((G AnnVal),DP (0,0)),((G AnnCloseP),DP (0,0)),((G AnnComma),DP (0,0))])),
 (AnnKey ../../hackage-packages/logic-TPTP-0.4.2.0/testing/ParseRandom.hs:18:34-38 CN "IEVar" NotNeeded,
  (Ann (DP (0,0)) (ColDelta 34) DP (0,0) [] [])),
 (AnnKey ../../hackage-packages/logic-TPTP-0.4.2.0/testing/ParseRandom.hs:18:34-38 CN "Unqual" NotNeeded,
  (Ann (DP (0,0)) (ColDelta 34) DP (0,0) [] [((G AnnOpenP),DP (0,0)),((G AnnVal),DP (0,0)),((G AnnCloseP),DP (0,0))])),
 (AnnKey ../../hackage-packages/logic-TPTP-0.4.2.0/testing/ParseRandom.hs:19:1-20 CN "ImportDecl" NotNeeded,
  (Ann (DP (1,1)) (ColDelta 1) DP (1,1) [] [((G AnnImport),DP (0,0)),((G AnnVal),DP (0,1))])),
 (AnnKey ../../hackage-packages/logic-TPTP-0.4.2.0/testing/ParseRandom.hs:20:1-21 CN "ImportDecl" NotNeeded,
  (Ann (DP (1,1)) (ColDelta 1) DP (1,1) [DComment (DP (0,-13),DP (0,1)) "Text.Printf.TH" Nothing] [((G AnnImport),DP (0,0)),((G AnnVal),DP (0,1))])),
 (AnnKey ../../hackage-packages/logic-TPTP-0.4.2.0/testing/ParseRandom.hs:21:1-17 CN "ImportDecl" NotNeeded,
  (Ann (DP (1,1)) (ColDelta 1) DP (1,1) [DComment (DP (0,-14),DP (0,-4)) "Data.Maybe" Nothing] [((G AnnImport),DP (0,0)),((G AnnVal),DP (0,1))])),
 (AnnKey ../../hackage-packages/logic-TPTP-0.4.2.0/testing/ParseRandom.hs:22:1-21 CN "ImportDecl" NotNeeded,
  (Ann (DP (1,1)) (ColDelta 1) DP (1,1) [DComment (DP (0,-10),DP (0,-1)) "Data.List" Nothing,DComment (DP (0,1),DP (0,3)) "as" Nothing,DComment (DP (0,1),DP (0,2)) "L" Nothing] [((G AnnImport),DP (0,0)),((G AnnVal),DP (0,1)),((AnnComment DComment (DP (0,-9),DP (0,-1)) "Data.Map" Nothing),DP (0,-9)),((AnnComment DComment (DP (0,1),DP (0,3)) "as" Nothing),DP (0,1)),((G AnnAs),DP (0,1)),((AnnComment DComment (DP (0,0),DP (0,1)) "M" Nothing),DP (0,0)),((G AnnVal),DP (0,1))])),
 (AnnKey ../../hackage-packages/logic-TPTP-0.4.2.0/testing/ParseRandom.hs:23:1-20 CN "ImportDecl" NotNeeded,
  (Ann (DP (1,1)) (ColDelta 1) DP (1,1) [] [((G AnnImport),DP (0,0)),((G AnnVal),DP (0,1)),((G AnnAs),DP (0,1)),((G AnnVal),DP (0,1))])),
 (AnnKey ../../hackage-packages/logic-TPTP-0.4.2.0/testing/ParseRandom.hs:24:1-20 CN "ImportDecl" NotNeeded,
  (Ann (DP (1,1)) (ColDelta 1) DP (1,1) [] [((G AnnImport),DP (0,0)),((G AnnVal),DP (0,1)),((AnnComment DComment (DP (0,-8),DP (0,1)) "qualified" Nothing),DP (0,-8)),((G AnnAs),DP (0,1)),((AnnComment DComment (DP (0,-1),DP (0,14)) "Data.ByteString" Nothing),DP (0,-1)),((G AnnVal),DP (0,1))])),
 (AnnKey ../../hackage-packages/logic-TPTP-0.4.2.0/testing/ParseRandom.hs:25:1-37 CN "ImportDecl" NotNeeded,
  (Ann (DP (1,1)) (ColDelta 1) DP (1,1) [DComment (DP (0,13),DP (0,15)) "as" Nothing,DComment (DP (0,1),DP (0,2)) "B" Nothing] [((G AnnImport),DP (0,0)),((G AnnQualified),DP (0,1)),((AnnComment DComment (DP (0,-9),DP (0,4)) "Data.Function" Nothing),DP (0,-9)),((G AnnVal),DP (0,1)),((G AnnAs),DP (0,1)),((G AnnVal),DP (0,1))])),
 (AnnKey ../../hackage-packages/logic-TPTP-0.4.2.0/testing/ParseRandom.hs:26:1-20 CN "ImportDecl" NotNeeded,
  (Ann (DP (1,1)) (ColDelta 1) DP (1,1) [] [((G AnnImport),DP (0,0)),((G AnnVal),DP (0,1))])),
 (AnnKey ../../hackage-packages/logic-TPTP-0.4.2.0/testing/ParseRandom.hs:27:1-21 CN "ImportDecl" NotNeeded,
  (Ann (DP (1,1)) (ColDelta 1) DP (1,1) [DComment (DP (0,-13),DP (0,1)) "System.Process" Nothing] [((G AnnImport),DP (0,0)),((G AnnVal),DP (0,1))])),
 (AnnKey ../../hackage-packages/logic-TPTP-0.4.2.0/testing/ParseRandom.hs:28:1-20 CN "ImportDecl" NotNeeded,
  (Ann (DP (1,1)) (ColDelta 1) DP (1,1) [DComment (DP (0,-14),DP (0,-1)) "Control.Arrow" Nothing] [((G AnnImport),DP (0,0)),((G AnnVal),DP (0,1))])),
 (AnnKey ../../hackage-packages/logic-TPTP-0.4.2.0/testing/ParseRandom.hs:29:1-18 CN "ImportDecl" NotNeeded,
  (Ann (DP (1,1)) (ColDelta 1) DP (1,1) [DComment (DP (0,-13),DP (0,-2)) "Debug.Trace" Nothing] [((G AnnImport),DP (0,0)),((G AnnVal),DP (0,1))])),
 (AnnKey ../../hackage-packages/logic-TPTP-0.4.2.0/testing/ParseRandom.hs:30:1-24 CN "ImportDecl" NotNeeded,
  (Ann (DP (1,1)) (ColDelta 1) DP (1,1) [DComment (DP (0,-11),DP (0,6)) "System.SimpleArgs" Nothing] [((G AnnImport),DP (0,0)),((G AnnVal),DP (0,1))])),
 (AnnKey ../../hackage-packages/logic-TPTP-0.4.2.0/testing/ParseRandom.hs:31:1-20 CN "ImportDecl" NotNeeded,
  (Ann (DP (1,1)) (ColDelta 1) DP (1,1) [DComment (DP (0,-17),DP (0,-4)) "Data.Generics" Nothing] [((G AnnImport),DP (0,0)),((G AnnVal),DP (0,1))])),
 (AnnKey ../../hackage-packages/logic-TPTP-0.4.2.0/testing/ParseRandom.hs:32:1-22 CN "ImportDecl" NotNeeded,
  (Ann (DP (1,1)) (ColDelta 1) DP (1,1) [DComment (DP (0,-13),DP (0,2)) "Test.QuickCheck" Nothing] [((G AnnImport),DP (0,0)),((G AnnVal),DP (0,1))])),
 (AnnKey ../../hackage-packages/logic-TPTP-0.4.2.0/testing/ParseRandom.hs:33:1-18 CN "ImportDecl" NotNeeded,
  (Ann (DP (1,1)) (ColDelta 1) DP (1,1) [DComment (DP (0,-15),DP (0,-4)) "Data.Monoid" Nothing] [((G AnnImport),DP (0,0)),((G AnnVal),DP (0,1))])),
 (AnnKey ../../hackage-packages/logic-TPTP-0.4.2.0/testing/ParseRandom.hs:34:1-35 CN "ImportDecl" NotNeeded,
  (Ann (DP (1,1)) (ColDelta 1) DP (1,1) [DComment (DP (0,-11),DP (0,17)) "Text.PrettyPrint.ANSI.Leijen" Nothing] [((G AnnImport),DP (0,0)),((G AnnVal),DP (0,1))])),
 (AnnKey ../../hackage-packages/logic-TPTP-0.4.2.0/testing/ParseRandom.hs:35:1-18 CN "ImportDecl" NotNeeded,
  (Ann (DP (1,1)) (ColDelta 1) DP (1,1) [DComment (DP (0,-28),DP (0,-17)) "System.Exit" Nothing] [((G AnnImport),DP (0,0)),((G AnnVal),DP (0,1))])),
 (AnnKey ../../hackage-packages/logic-TPTP-0.4.2.0/testing/ParseRandom.hs:36:1-34 CN "ImportDecl" NotNeeded,
  (Ann (DP (1,1)) (ColDelta 1) DP (1,1) [DComment (DP (0,-11),DP (0,16)) "Text.Regex.PCRE.Light.Char8" Nothing] [((G AnnImport),DP (0,0)),((G AnnVal),DP (0,1))])),
 (AnnKey ../../hackage-packages/logic-TPTP-0.4.2.0/testing/ParseRandom.hs:37:1-13 CN "ImportDecl" NotNeeded,
  (Ann (DP (1,1)) (ColDelta 1) DP (1,1) [DComment (DP (0,-27),DP (0,-21)) "Common" Nothing] [((G AnnImport),DP (0,0)),((G AnnVal),DP (0,1))])),
 (AnnKey ../../hackage-packages/logic-TPTP-0.4.2.0/testing/ParseRandom.hs:39:1-30 CN "ImportDecl" NotNeeded,
  (Ann (DP (1,1)) (ColDelta 1) DP (2,1) [DComment (DP (1,1),DP (1,1)) "" Nothing,DComment (DP (0,0),DP (0,6)) "import" Nothing,DComment (DP (0,1),DP (0,13)) "\"logic-TPTP\"" Nothing,DComment (DP (0,1),DP (0,11)) "Codec.TPTP" Nothing] [((G AnnImport),DP (0,0)),((G AnnPackageName),DP (0,1)),((G AnnVal),DP (0,1))])),
 (AnnKey ../../hackage-packages/logic-TPTP-0.4.2.0/testing/ParseRandom.hs:41:1-10 CN "Unqual" NotNeeded,
  (Ann (DP (0,0)) (ColDelta 1) DP (0,0) [] [((G AnnVal),DP (0,0))])),
 (AnnKey ../../hackage-packages/logic-TPTP-0.4.2.0/testing/ParseRandom.hs:41:1-20 CN "Match" NotNeeded,
  (Ann (DP (0,0)) (ColDelta 1) DP (0,0) [] [((AnnComment DComment (DP (0,-10),DP (0,-2)) "parseRes" Nothing),DP (0,-10)),((AnnComment DComment (DP (0,1),DP (0,2)) "=" Nothing),DP (0,1)),((G AnnEqual),DP (0,1))])),
 (AnnKey ../../hackage-packages/logic-TPTP-0.4.2.0/testing/ParseRandom.hs:41:1-20 CN "ValD" NotNeeded,
  (Ann (DP (1,1)) (ColDelta 1) DP (2,1) [DComment (DP (1,1),DP (1,1)) "" Nothing,DComment (DP (0,0),DP (0,10)) "infilename" Nothing,DComment (DP (0,1),DP (0,2)) "=" Nothing,DComment (DP (0,1),DP (0,8)) "getArgs" Nothing] [])),
 (AnnKey ../../hackage-packages/logic-TPTP-0.4.2.0/testing/ParseRandom.hs:41:12-20 CN "GRHS" NotNeeded,
  (Ann (DP (0,-1)) (ColDelta 12) DP (0,-1) [] [])),
 (AnnKey ../../hackage-packages/logic-TPTP-0.4.2.0/testing/ParseRandom.hs:41:14-20 CN "HsVar" NotNeeded,
  (Ann (DP (0,-4)) (ColDelta 14) DP (0,1) [DComment (DP (0,-1),DP (0,5)) "return" Nothing] [((G AnnVal),DP (0,-4))])),
 (AnnKey ../../hackage-packages/logic-TPTP-0.4.2.0/testing/ParseRandom.hs:42:1-8 CN "Unqual" NotNeeded,
  (Ann (DP (0,0)) (ColDelta 1) DP (0,0) [] [((G AnnVal),DP (0,0))])),
 (AnnKey ../../hackage-packages/logic-TPTP-0.4.2.0/testing/ParseRandom.hs:42:1-53 CN "Match" NotNeeded,
  (Ann (DP (0,0)) (ColDelta 1) DP (0,0) [] [((G AnnEqual),DP (0,1))])),
 (AnnKey ../../hackage-packages/logic-TPTP-0.4.2.0/testing/ParseRandom.hs:42:1-53 CN "ValD" NotNeeded,
  (Ann (DP (1,1)) (ColDelta 1) DP (1,1) [DComment (DP (0,-2),DP (0,-1)) "." Nothing,DComment (DP (0,1),DP (0,6)) "parse" Nothing,DComment (DP (0,1),DP (0,4)) "=<<" Nothing,DComment (DP (0,1),DP (0,9)) "readFile" Nothing,DComment (DP (0,1),DP (0,4)) "=<<" Nothing,DComment (DP (0,1),DP (0,11)) "infilename" Nothing] [])),
 (AnnKey ../../hackage-packages/logic-TPTP-0.4.2.0/testing/ParseRandom.hs:42:10-53 CN "GRHS" NotNeeded,
  (Ann (DP (0,-1)) (ColDelta 10) DP (0,-1) [] [])),
 (AnnKey ../../hackage-packages/logic-TPTP-0.4.2.0/testing/ParseRandom.hs:42:12-17 CN "HsVar" NotNeeded,
  (Ann (DP (0,0)) (ColDelta 12) DP (0,0) [] [((G AnnVal),DP (0,0))])),
 (AnnKey ../../hackage-packages/logic-TPTP-0.4.2.0/testing/ParseRandom.hs:42:12-25 CN "OpApp" NotNeeded,
  (Ann (DP (0,0)) (ColDelta 12) DP (0,0) [] [])),
 (AnnKey ../../hackage-packages/logic-TPTP-0.4.2.0/testing/ParseRandom.hs:42:12-38 CN "OpApp" NotNeeded,
  (Ann (DP (0,0)) (ColDelta 12) DP (0,0) [] [])),
 (AnnKey ../../hackage-packages/logic-TPTP-0.4.2.0/testing/ParseRandom.hs:42:12-53 CN "OpApp" NotNeeded,
  (Ann (DP (0,1)) (ColDelta 12) DP (0,1) [] [])),
 (AnnKey ../../hackage-packages/logic-TPTP-0.4.2.0/testing/ParseRandom.hs:42:19 CN "HsVar" NotNeeded,
  (Ann (DP (0,1)) (ColDelta 19) DP (0,1) [] [((G AnnVal),DP (0,0))])),
 (AnnKey ../../hackage-packages/logic-TPTP-0.4.2.0/testing/ParseRandom.hs:42:21-25 CN "HsVar" NotNeeded,
  (Ann (DP (0,1)) (ColDelta 21) DP (0,1) [] [((G AnnVal),DP (0,0))])),
 (AnnKey ../../hackage-packages/logic-TPTP-0.4.2.0/testing/ParseRandom.hs:42:27-29 CN "HsVar" NotNeeded,
  (Ann (DP (0,1)) (ColDelta 27) DP (0,1) [] [((G AnnVal),DP (0,0))])),
 (AnnKey ../../hackage-packages/logic-TPTP-0.4.2.0/testing/ParseRandom.hs:42:31-38 CN "HsVar" NotNeeded,
  (Ann (DP (0,1)) (ColDelta 31) DP (0,1) [] [((G AnnVal),DP (0,0))])),
 (AnnKey ../../hackage-packages/logic-TPTP-0.4.2.0/testing/ParseRandom.hs:42:40-42 CN "HsVar" NotNeeded,
  (Ann (DP (0,1)) (ColDelta 40) DP (0,1) [] [((G AnnVal),DP (0,0))])),
 (AnnKey ../../hackage-packages/logic-TPTP-0.4.2.0/testing/ParseRandom.hs:42:44-53 CN "HsVar" NotNeeded,
  (Ann (DP (0,1)) (ColDelta 44) DP (0,1) [] [((G AnnVal),DP (0,0))])),
 (AnnKey ../../hackage-packages/logic-TPTP-0.4.2.0/testing/ParseRandom.hs:48:1-4 CN "Unqual" NotNeeded,
  (Ann (DP (0,0)) (ColDelta 1) DP (0,0) [] [((G AnnVal),DP (0,0))])),
 (AnnKey ../../hackage-packages/logic-TPTP-0.4.2.0/testing/ParseRandom.hs:48:1-23 CN "Match" NotNeeded,
  (Ann (DP (0,0)) (ColDelta 1) DP (0,0) [] [((G AnnEqual),DP (0,1))])),
 (AnnKey ../../hackage-packages/logic-TPTP-0.4.2.0/testing/ParseRandom.hs:48:1-23 CN "ValD" NotNeeded,
  (Ann (DP (1,1)) (ColDelta 1) DP (6,1) [DComment (DP (1,1),DP (1,51)) "--main = forever $ quickCheck prop_test_ie --iei_i" Nothing,DComment (DP (1,1),DP (1,51)) "--main = forever $ quickCheck prop_test_ie --iei_i" Nothing,DComment (DP (1,1),DP (1,26)) "--main = stressTestParser" Nothing,DComment (DP (1,1),DP (1,26)) "--main = stressTestParser" Nothing,DComment (DP (1,1),DP (1,1)) "" Nothing,DComment (DP (0,0),DP (0,4)) "main" Nothing,DComment (DP (0,1),DP (0,2)) "=" Nothing,DComment (DP (0,1),DP (0,17)) "stressTestParser" Nothing] [])),
 (AnnKey ../../hackage-packages/logic-TPTP-0.4.2.0/testing/ParseRandom.hs:48:6-23 CN "GRHS" NotNeeded,
  (Ann (DP (0,-1)) (ColDelta 6) DP (0,-1) [] [])),
 (AnnKey ../../hackage-packages/logic-TPTP-0.4.2.0/testing/ParseRandom.hs:48:8-23 CN "HsVar" NotNeeded,
  (Ann (DP (0,1)) (ColDelta 8) DP (0,1) [] [((G AnnVal),DP (0,0))])),
 (AnnKey ../../hackage-packages/logic-TPTP-0.4.2.0/testing/ParseRandom.hs:50:1-16 CN "Unqual" NotNeeded,
  (Ann (DP (0,0)) (ColDelta 1) DP (0,0) [] [((G AnnVal),DP (0,0))])),
 (AnnKey ../../hackage-packages/logic-TPTP-0.4.2.0/testing/ParseRandom.hs:(50,1)-(56,38) CN "Match" NotNeeded,
  (Ann (DP (0,0)) (ColDelta 1) DP (0,0) [] [((AnnComment DComment (DP (0,-12),DP (0,-10)) "do" Nothing),DP (0,-12)),((G AnnEqual),DP (0,1))])),
 (AnnKey ../../hackage-packages/logic-TPTP-0.4.2.0/testing/ParseRandom.hs:(50,1)-(56,38) CN "ValD" NotNeeded,
  (Ann (DP (1,1)) (ColDelta 1) DP (2,1) [DComment (DP (1,1),DP (1,1)) "" Nothing,DComment (DP (0,0),DP (0,16)) "stressTestParser" Nothing,DComment (DP (0,1),DP (0,2)) "=" Nothing,DComment (DP (0,1),DP (0,11)) "replicateM" Nothing,DComment (DP (0,1),DP (0,4)) "100" Nothing,DComment (DP (0,1),DP (0,2)) "$" Nothing] [])),
 (AnnKey ../../hackage-packages/logic-TPTP-0.4.2.0/testing/ParseRandom.hs:(50,18)-(56,38) CN "GRHS" NotNeeded,
  (Ann (DP (0,-1)) (ColDelta 18) DP (0,-1) [] [])),
 (AnnKey ../../hackage-packages/logic-TPTP-0.4.2.0/testing/ParseRandom.hs:50:20-29 CN "HsVar" NotNeeded,
  (Ann (DP (0,0)) (ColDelta 20) DP (0,0) [] [((G AnnVal),DP (0,0))])),
 (AnnKey ../../hackage-packages/logic-TPTP-0.4.2.0/testing/ParseRandom.hs:50:20-33 CN "HsApp" NotNeeded,
  (Ann (DP (0,0)) (ColDelta 20) DP (0,0) [] [])),
 (AnnKey ../../hackage-packages/logic-TPTP-0.4.2.0/testing/ParseRandom.hs:(50,20)-(56,38) CN "OpApp" NotNeeded,
  (Ann (DP (0,1)) (ColDelta 20) DP (0,1) [] [])),
 (AnnKey ../../hackage-packages/logic-TPTP-0.4.2.0/testing/ParseRandom.hs:50:31-33 CN "HsOverLit" NotNeeded,
  (Ann (DP (0,1)) (ColDelta 31) DP (0,1) [] [((G AnnVal),DP (0,0))])),
 (AnnKey ../../hackage-packages/logic-TPTP-0.4.2.0/testing/ParseRandom.hs:50:35 CN "HsVar" NotNeeded,
  (Ann (DP (0,1)) (ColDelta 35) DP (0,1) [] [((G AnnVal),DP (0,0))])),
 (AnnKey ../../hackage-packages/logic-TPTP-0.4.2.0/testing/ParseRandom.hs:(51,5)-(56,38) CN "HsDo" NotNeeded,
  (Ann (DP (0,1)) (ColDelta 5) DP (1,5) [DComment (DP (1,3),DP (1,3)) "" Nothing,DComment (DP (0,0),DP (0,1)) "n" Nothing] [((G AnnDo),DP (0,0)),((AnnList ../../hackage-packages/logic-TPTP-0.4.2.0/testing/ParseRandom.hs:(52,3)-(56,38) Ref "delta-1"),DP (0,0))])),
 (AnnKey ../../hackage-packages/logic-TPTP-0.4.2.0/testing/ParseRandom.hs:52:3 CN "VarPat" NotNeeded,
  (Ann (DP (0,0)) (ColDelta 0) DP (0,0) [] [((G AnnVal),DP (0,0))])),
 (AnnKey ../../hackage-packages/logic-TPTP-0.4.2.0/testing/ParseRandom.hs:52:3-14 CN "BindStmt" NotNeeded,
  (Ann (DP (0,0)) (ColDelta 0) DP (0,0) [] [((G AnnLarrow),DP (0,1))])),
 (AnnKey ../../hackage-packages/logic-TPTP-0.4.2.0/testing/ParseRandom.hs:(52,3)-(56,38) CN "(:)" Ref "delta-1",
  (Ann (DP (1,0)) (ColDelta 3) DP (1,0) [DComment (DP (0,1),DP (0,8)) "getArgs" Nothing] [])),
 (AnnKey ../../hackage-packages/logic-TPTP-0.4.2.0/testing/ParseRandom.hs:52:8-14 CN "HsVar" NotNeeded,
  (Ann (DP (0,1)) (ColDelta 5) DP (0,1) [] [((G AnnVal),DP (0,0))])),
 (AnnKey ../../hackage-packages/logic-TPTP-0.4.2.0/testing/ParseRandom.hs:53:3 CN "VarPat" NotNeeded,
  (Ann (DP (0,0)) (ColDelta 0) DP (0,0) [] [((G AnnVal),DP (0,0))])),
 (AnnKey ../../hackage-packages/logic-TPTP-0.4.2.0/testing/ParseRandom.hs:53:3-64 CN "BindStmt" NotNeeded,
  (Ann (DP (1,0)) (ColDelta 0) DP (1,0) [DComment (DP (0,-7),DP (0,-3)) "head" Nothing,DComment (DP (0,1),DP (0,2)) "`" Nothing,DComment (DP (0,0),DP (0,4)) "fmap" Nothing,DComment (DP (0,0),DP (0,1)) "`" Nothing,DComment (DP (0,1),DP (0,8)) "sample'" Nothing,DComment (DP (0,1),DP (0,2)) "(" Nothing,DComment (DP (0,0),DP (0,6)) "resize" Nothing,DComment (DP (0,1),DP (0,2)) "n" Nothing,DComment (DP (0,1),DP (0,10)) "arbitrary" Nothing,DComment (DP (0,0),DP (0,1)) ")" Nothing,DComment (DP (0,1),DP (0,3)) "::" Nothing,DComment (DP (0,1),DP (0,3)) "IO" Nothing,DComment (DP (0,1),DP (0,11)) "TPTP_Input" Nothing] [((AnnComment DComment (DP (0,-1),DP (0,2)) "let" Nothing),DP (0,-1)),((G AnnLarrow),DP (0,1))])),
 (AnnKey ../../hackage-packages/logic-TPTP-0.4.2.0/testing/ParseRandom.hs:53:8-11 CN "HsVar" NotNeeded,
  (Ann (DP (0,-3)) (ColDelta 5) DP (0,1) [] [((G AnnVal),DP (0,-3))])),
 (AnnKey ../../hackage-packages/logic-TPTP-0.4.2.0/testing/ParseRandom.hs:53:8-47 CN "OpApp" NotNeeded,
  (Ann (DP (0,-3)) (ColDelta 5) DP (0,1) [] [])),
 (AnnKey ../../hackage-packages/logic-TPTP-0.4.2.0/testing/ParseRandom.hs:53:8-64 CN "ExprWithTySig" NotNeeded,
  (Ann (DP (0,-3)) (ColDelta 5) DP (0,1) [DComment (DP (0,0),DP (0,0)) "" Nothing,DComment (DP (0,0),DP (0,4)) "tptp" Nothing] [((G AnnDcolon),DP (0,1))])),
 (AnnKey ../../hackage-packages/logic-TPTP-0.4.2.0/testing/ParseRandom.hs:53:13-18 CN "HsVar" NotNeeded,
  (Ann (DP (0,0)) (ColDelta 10) DP (0,1) [DComment (DP (0,0),DP (0,1)) "=" Nothing] [((G AnnBackquote),DP (0,0)),((G AnnVal),DP (0,0)),((AnnComment DComment (DP (0,-4),DP (0,3)) "toTPTP'" Nothing),DP (0,-4)),((G AnnBackquote),DP (0,0))])),
 (AnnKey ../../hackage-packages/logic-TPTP-0.4.2.0/testing/ParseRandom.hs:53:20-26 CN "HsVar" NotNeeded,
  (Ann (DP (0,0)) (ColDelta 17) DP (0,0) [] [((G AnnVal),DP (0,0))])),
 (AnnKey ../../hackage-packages/logic-TPTP-0.4.2.0/testing/ParseRandom.hs:53:20-47 CN "HsApp" NotNeeded,
  (Ann (DP (0,1)) (ColDelta 17) DP (0,1) [] [])),
 (AnnKey ../../hackage-packages/logic-TPTP-0.4.2.0/testing/ParseRandom.hs:53:28-47 CN "HsPar" NotNeeded,
  (Ann (DP (0,3)) (ColDelta 25) DP (0,1) [DComment (DP (0,-5),DP (0,-4)) "[" Nothing,DComment (DP (0,0),DP (0,1)) "x" Nothing,DComment (DP (0,0),DP (0,1)) "]" Nothing] [((G AnnOpenP),DP (0,0)),((G AnnCloseP),DP (0,0))])),
 (AnnKey ../../hackage-packages/logic-TPTP-0.4.2.0/testing/ParseRandom.hs:53:29-34 CN "HsVar" NotNeeded,
  (Ann (DP (0,0)) (ColDelta 26) DP (0,0) [] [((G AnnVal),DP (0,0))])),
 (AnnKey ../../hackage-packages/logic-TPTP-0.4.2.0/testing/ParseRandom.hs:53:29-36 CN "HsApp" NotNeeded,
  (Ann (DP (0,0)) (ColDelta 26) DP (0,0) [] [])),
 (AnnKey ../../hackage-packages/logic-TPTP-0.4.2.0/testing/ParseRandom.hs:53:29-46 CN "HsApp" NotNeeded,
  (Ann (DP (0,0)) (ColDelta 26) DP (0,0) [] [])),
 (AnnKey ../../hackage-packages/logic-TPTP-0.4.2.0/testing/ParseRandom.hs:53:36 CN "HsVar" NotNeeded,
  (Ann (DP (0,1)) (ColDelta 33) DP (0,1) [] [((G AnnVal),DP (0,0))])),
 (AnnKey ../../hackage-packages/logic-TPTP-0.4.2.0/testing/ParseRandom.hs:53:38-46 CN "HsVar" NotNeeded,
  (Ann (DP (0,1)) (ColDelta 35) DP (0,1) [] [((G AnnVal),DP (0,0))])),
 (AnnKey ../../hackage-packages/logic-TPTP-0.4.2.0/testing/ParseRandom.hs:53:52-53 CN "HsTyVar" NotNeeded,
  (Ann (DP (0,0)) (ColDelta 49) DP (0,0) [] [((G AnnVal),DP (0,0))])),
 (AnnKey ../../hackage-packages/logic-TPTP-0.4.2.0/testing/ParseRandom.hs:53:52-64 CN "HsAppTy" NotNeeded,
  (Ann (DP (0,0)) (ColDelta 49) DP (0,0) [] [])),
 (AnnKey ../../hackage-packages/logic-TPTP-0.4.2.0/testing/ParseRandom.hs:53:52-64 CN "HsForAllTy" NotNeeded,
  (Ann (DP (0,1)) (ColDelta 49) DP (0,1) [] [])),
 (AnnKey ../../hackage-packages/logic-TPTP-0.4.2.0/testing/ParseRandom.hs:53:55-64 CN "HsTyVar" NotNeeded,
  (Ann (DP (0,1)) (ColDelta 52) DP (0,1) [] [((G AnnVal),DP (0,0))])),
 (AnnKey ../../hackage-packages/logic-TPTP-0.4.2.0/testing/ParseRandom.hs:54:3-24 CN "LetStmt" NotNeeded,
  (Ann (DP (1,0)) (ColDelta 0) DP (1,0) [] [((G AnnLet),DP (0,0))])),
 (AnnKey ../../hackage-packages/logic-TPTP-0.4.2.0/testing/ParseRandom.hs:54:7-10 CN "Unqual" NotNeeded,
  (Ann (DP (0,-4)) (ColDelta 0) DP (0,1) [] [((G AnnVal),DP (0,-4))])),
 (AnnKey ../../hackage-packages/logic-TPTP-0.4.2.0/testing/ParseRandom.hs:54:7-24 CN "FunBind" NotNeeded,
  (Ann (DP (0,-4)) (ColDelta 0) DP (0,1) [] [])),
 (AnnKey ../../hackage-packages/logic-TPTP-0.4.2.0/testing/ParseRandom.hs:54:7-24 CN "HsValBinds" NotNeeded,
  (Ann (DP (0,-4)) (ColDelta 4) DP (0,1) [DComment (DP (0,-3),DP (0,5)) "putStrLn" Nothing] [])),
 (AnnKey ../../hackage-packages/logic-TPTP-0.4.2.0/testing/ParseRandom.hs:54:7-24 CN "Match" NotNeeded,
  (Ann (DP (0,-4)) (ColDelta 0) DP (0,1) [] [((G AnnEqual),DP (0,1))])),
 (AnnKey ../../hackage-packages/logic-TPTP-0.4.2.0/testing/ParseRandom.hs:54:12-24 CN "GRHS" NotNeeded,
  (Ann (DP (0,-1)) (ColDelta 5) DP (0,-1) [] [])),
 (AnnKey ../../hackage-packages/logic-TPTP-0.4.2.0/testing/ParseRandom.hs:54:14-20 CN "HsVar" NotNeeded,
  (Ann (DP (0,-2)) (ColDelta 7) DP (0,1) [] [((G AnnVal),DP (0,-2))])),
 (AnnKey ../../hackage-packages/logic-TPTP-0.4.2.0/testing/ParseRandom.hs:54:14-24 CN "HsApp" NotNeeded,
  (Ann (DP (0,-2)) (ColDelta 7) DP (0,1) [DComment (DP (0,-1),DP (0,3)) "tptp" Nothing] [])),
 (AnnKey ../../hackage-packages/logic-TPTP-0.4.2.0/testing/ParseRandom.hs:54:22-24 CN "ExplicitList" NotNeeded,
  (Ann (DP (0,1)) (ColDelta 15) DP (0,1) [] [((G AnnOpenS),DP (0,0)),((G AnnCloseS),DP (0,0))])),
 (AnnKey ../../hackage-packages/logic-TPTP-0.4.2.0/testing/ParseRandom.hs:54:23 CN "HsVar" NotNeeded,
  (Ann (DP (0,0)) (ColDelta 16) DP (0,0) [] [((G AnnVal),DP (0,0))])),
 (AnnKey ../../hackage-packages/logic-TPTP-0.4.2.0/testing/ParseRandom.hs:55:3-10 CN "HsVar" NotNeeded,
  (Ann (DP (0,0)) (ColDelta 0) DP (0,0) [] [((G AnnVal),DP (0,0))])),
 (AnnKey ../../hackage-packages/logic-TPTP-0.4.2.0/testing/ParseRandom.hs:55:3-15 CN "BodyStmt" NotNeeded,
  (Ann (DP (1,0)) (ColDelta 0) DP (1,0) [] [])),
 (AnnKey ../../hackage-packages/logic-TPTP-0.4.2.0/testing/ParseRandom.hs:55:3-15 CN "HsApp" NotNeeded,
  (Ann (DP (0,0)) (ColDelta 0) DP (0,0) [] [])),
 (AnnKey ../../hackage-packages/logic-TPTP-0.4.2.0/testing/ParseRandom.hs:55:12-15 CN "HsVar" NotNeeded,
  (Ann (DP (0,1)) (ColDelta 9) DP (0,1) [] [((G AnnVal),DP (0,0))])),
 (AnnKey ../../hackage-packages/logic-TPTP-0.4.2.0/testing/ParseRandom.hs:56:3-10 CN "HsVar" NotNeeded,
  (Ann (DP (0,0)) (ColDelta 0) DP (0,0) [] [((G AnnVal),DP (0,0))])),
 (AnnKey ../../hackage-packages/logic-TPTP-0.4.2.0/testing/ParseRandom.hs:56:3-38 CN "BodyStmt" NotNeeded,
  (Ann (DP (0,2)) (ColDelta 0) DP (1,0) [DComment (DP (0,-4),DP (0,-3)) "(" Nothing,DComment (DP (0,0),DP (0,12)) "prettySimple" Nothing,DComment (DP (0,1),DP (0,2)) "(" Nothing,DComment (DP (0,0),DP (0,5)) "parse" Nothing,DComment (DP (0,1),DP (0,5)) "tptp" Nothing,DComment (DP (0,0),DP (0,1)) ")" Nothing,DComment (DP (0,0),DP (0,1)) ")" Nothing,DComment (DP (1,-2),DP (1,-2)) "" Nothing,DComment (DP (0,0),DP (0,0)) "" Nothing] [])),
 (AnnKey ../../hackage-packages/logic-TPTP-0.4.2.0/testing/ParseRandom.hs:56:3-38 CN "HsApp" NotNeeded,
  (Ann (DP (0,0)) (ColDelta 0) DP (0,0) [] [])),
 (AnnKey ../../hackage-packages/logic-TPTP-0.4.2.0/testing/ParseRandom.hs:56:12-38 CN "HsPar" NotNeeded,
  (Ann (DP (0,1)) (ColDelta 9) DP (0,1) [] [((G AnnOpenP),DP (0,0)),((G AnnCloseP),DP (0,0))])),
 (AnnKey ../../hackage-packages/logic-TPTP-0.4.2.0/testing/ParseRandom.hs:56:13-24 CN "HsVar" NotNeeded,
  (Ann (DP (0,0)) (ColDelta 10) DP (0,0) [] [((G AnnVal),DP (0,0))])),
 (AnnKey ../../hackage-packages/logic-TPTP-0.4.2.0/testing/ParseRandom.hs:56:13-37 CN "HsApp" NotNeeded,
  (Ann (DP (0,0)) (ColDelta 10) DP (0,0) [] [])),
 (AnnKey ../../hackage-packages/logic-TPTP-0.4.2.0/testing/ParseRandom.hs:56:26-37 CN "HsPar" NotNeeded,
  (Ann (DP (0,1)) (ColDelta 23) DP (0,1) [] [((G AnnOpenP),DP (0,0)),((G AnnCloseP),DP (0,0))])),
 (AnnKey ../../hackage-packages/logic-TPTP-0.4.2.0/testing/ParseRandom.hs:56:27-31 CN "HsVar" NotNeeded,
  (Ann (DP (0,0)) (ColDelta 24) DP (0,0) [] [((G AnnVal),DP (0,0))])),
 (AnnKey ../../hackage-packages/logic-TPTP-0.4.2.0/testing/ParseRandom.hs:56:27-36 CN "HsApp" NotNeeded,
  (Ann (DP (0,0)) (ColDelta 24) DP (0,0) [] [])),
 (AnnKey ../../hackage-packages/logic-TPTP-0.4.2.0/testing/ParseRandom.hs:56:33-36 CN "HsVar" NotNeeded,
  (Ann (DP (0,1)) (ColDelta 30) DP (0,1) [] [((G AnnVal),DP (0,0))])),
 (AnnKey <no location info> CN "EmptyLocalBinds" NotNeeded,
  (Ann (DP (-41,0)) (ColDelta 0) DP (-41,0) [] []))]
==============
([((../../hackage-packages/logic-TPTP-0.4.2.0/testing/ParseRandom.hs:1:1,
    AnnModule),
   [../../hackage-packages/logic-TPTP-0.4.2.0/testing/ParseRandom.hs:14:1-6]),
  ((../../hackage-packages/logic-TPTP-0.4.2.0/testing/ParseRandom.hs:1:1,
    AnnWhere),
   [../../hackage-packages/logic-TPTP-0.4.2.0/testing/ParseRandom.hs:14:20-24]),
  ((../../hackage-packages/logic-TPTP-0.4.2.0/testing/ParseRandom.hs:16:1-20,
    AnnImport),
   [../../hackage-packages/logic-TPTP-0.4.2.0/testing/ParseRandom.hs:16:1-6]),
  ((../../hackage-packages/logic-TPTP-0.4.2.0/testing/ParseRandom.hs:16:1-20,
    AnnSemi),
   [../../hackage-packages/logic-TPTP-0.4.2.0/testing/ParseRandom.hs:17:1]),
  ((../../hackage-packages/logic-TPTP-0.4.2.0/testing/ParseRandom.hs:17:1-26,
    AnnImport),
   [../../hackage-packages/logic-TPTP-0.4.2.0/testing/ParseRandom.hs:17:1-6]),
  ((../../hackage-packages/logic-TPTP-0.4.2.0/testing/ParseRandom.hs:17:1-26,
    AnnSemi),
   [../../hackage-packages/logic-TPTP-0.4.2.0/testing/ParseRandom.hs:18:1]),
  ((../../hackage-packages/logic-TPTP-0.4.2.0/testing/ParseRandom.hs:18:1-39,
    AnnImport),
   [../../hackage-packages/logic-TPTP-0.4.2.0/testing/ParseRandom.hs:18:1-6]),
  ((../../hackage-packages/logic-TPTP-0.4.2.0/testing/ParseRandom.hs:18:1-39,
    AnnSemi),
   [../../hackage-packages/logic-TPTP-0.4.2.0/testing/ParseRandom.hs:19:1]),
  ((../../hackage-packages/logic-TPTP-0.4.2.0/testing/ParseRandom.hs:18:27-39,
    AnnCloseP),
   [../../hackage-packages/logic-TPTP-0.4.2.0/testing/ParseRandom.hs:18:39]),
  ((../../hackage-packages/logic-TPTP-0.4.2.0/testing/ParseRandom.hs:18:27-39,
    AnnOpenP),
   [../../hackage-packages/logic-TPTP-0.4.2.0/testing/ParseRandom.hs:18:27]),
  ((../../hackage-packages/logic-TPTP-0.4.2.0/testing/ParseRandom.hs:18:28-32,
    AnnCloseP),
   [../../hackage-packages/logic-TPTP-0.4.2.0/testing/ParseRandom.hs:18:32]),
  ((../../hackage-packages/logic-TPTP-0.4.2.0/testing/ParseRandom.hs:18:28-32,
    AnnComma),
   [../../hackage-packages/logic-TPTP-0.4.2.0/testing/ParseRandom.hs:18:33]),
  ((../../hackage-packages/logic-TPTP-0.4.2.0/testing/ParseRandom.hs:18:28-32,
    AnnOpenP),
   [../../hackage-packages/logic-TPTP-0.4.2.0/testing/ParseRandom.hs:18:28]),
  ((../../hackage-packages/logic-TPTP-0.4.2.0/testing/ParseRandom.hs:18:28-32,
    AnnVal),
   [../../hackage-packages/logic-TPTP-0.4.2.0/testing/ParseRandom.hs:18:29-31]),
  ((../../hackage-packages/logic-TPTP-0.4.2.0/testing/ParseRandom.hs:18:34-38,
    AnnCloseP),
   [../../hackage-packages/logic-TPTP-0.4.2.0/testing/ParseRandom.hs:18:38]),
  ((../../hackage-packages/logic-TPTP-0.4.2.0/testing/ParseRandom.hs:18:34-38,
    AnnOpenP),
   [../../hackage-packages/logic-TPTP-0.4.2.0/testing/ParseRandom.hs:18:34]),
  ((../../hackage-packages/logic-TPTP-0.4.2.0/testing/ParseRandom.hs:18:34-38,
    AnnVal),
   [../../hackage-packages/logic-TPTP-0.4.2.0/testing/ParseRandom.hs:18:35-37]),
  ((../../hackage-packages/logic-TPTP-0.4.2.0/testing/ParseRandom.hs:19:1-20,
    AnnImport),
   [../../hackage-packages/logic-TPTP-0.4.2.0/testing/ParseRandom.hs:19:1-6]),
  ((../../hackage-packages/logic-TPTP-0.4.2.0/testing/ParseRandom.hs:19:1-20,
    AnnSemi),
   [../../hackage-packages/logic-TPTP-0.4.2.0/testing/ParseRandom.hs:20:1]),
  ((../../hackage-packages/logic-TPTP-0.4.2.0/testing/ParseRandom.hs:20:1-21,
    AnnImport),
   [../../hackage-packages/logic-TPTP-0.4.2.0/testing/ParseRandom.hs:20:1-6]),
  ((../../hackage-packages/logic-TPTP-0.4.2.0/testing/ParseRandom.hs:20:1-21,
    AnnSemi),
   [../../hackage-packages/logic-TPTP-0.4.2.0/testing/ParseRandom.hs:21:1]),
  ((../../hackage-packages/logic-TPTP-0.4.2.0/testing/ParseRandom.hs:21:1-17,
    AnnImport),
   [../../hackage-packages/logic-TPTP-0.4.2.0/testing/ParseRandom.hs:21:1-6]),
  ((../../hackage-packages/logic-TPTP-0.4.2.0/testing/ParseRandom.hs:21:1-17,
    AnnSemi),
   [../../hackage-packages/logic-TPTP-0.4.2.0/testing/ParseRandom.hs:22:1]),
  ((../../hackage-packages/logic-TPTP-0.4.2.0/testing/ParseRandom.hs:22:1-21,
    AnnAs),
   [../../hackage-packages/logic-TPTP-0.4.2.0/testing/ParseRandom.hs:22:18-19]),
  ((../../hackage-packages/logic-TPTP-0.4.2.0/testing/ParseRandom.hs:22:1-21,
    AnnImport),
   [../../hackage-packages/logic-TPTP-0.4.2.0/testing/ParseRandom.hs:22:1-6]),
  ((../../hackage-packages/logic-TPTP-0.4.2.0/testing/ParseRandom.hs:22:1-21,
    AnnSemi),
   [../../hackage-packages/logic-TPTP-0.4.2.0/testing/ParseRandom.hs:23:1]),
  ((../../hackage-packages/logic-TPTP-0.4.2.0/testing/ParseRandom.hs:22:1-21,
    AnnVal),
   [../../hackage-packages/logic-TPTP-0.4.2.0/testing/ParseRandom.hs:22:21]),
  ((../../hackage-packages/logic-TPTP-0.4.2.0/testing/ParseRandom.hs:23:1-20,
    AnnAs),
   [../../hackage-packages/logic-TPTP-0.4.2.0/testing/ParseRandom.hs:23:17-18]),
  ((../../hackage-packages/logic-TPTP-0.4.2.0/testing/ParseRandom.hs:23:1-20,
    AnnImport),
   [../../hackage-packages/logic-TPTP-0.4.2.0/testing/ParseRandom.hs:23:1-6]),
  ((../../hackage-packages/logic-TPTP-0.4.2.0/testing/ParseRandom.hs:23:1-20,
    AnnSemi),
   [../../hackage-packages/logic-TPTP-0.4.2.0/testing/ParseRandom.hs:24:1]),
  ((../../hackage-packages/logic-TPTP-0.4.2.0/testing/ParseRandom.hs:23:1-20,
    AnnVal),
   [../../hackage-packages/logic-TPTP-0.4.2.0/testing/ParseRandom.hs:23:20]),
  ((../../hackage-packages/logic-TPTP-0.4.2.0/testing/ParseRandom.hs:24:1-20,
    AnnAs),
   [../../hackage-packages/logic-TPTP-0.4.2.0/testing/ParseRandom.hs:24:17-18]),
  ((../../hackage-packages/logic-TPTP-0.4.2.0/testing/ParseRandom.hs:24:1-20,
    AnnImport),
   [../../hackage-packages/logic-TPTP-0.4.2.0/testing/ParseRandom.hs:24:1-6]),
  ((../../hackage-packages/logic-TPTP-0.4.2.0/testing/ParseRandom.hs:24:1-20,
    AnnSemi),
   [../../hackage-packages/logic-TPTP-0.4.2.0/testing/ParseRandom.hs:25:1]),
  ((../../hackage-packages/logic-TPTP-0.4.2.0/testing/ParseRandom.hs:24:1-20,
    AnnVal),
   [../../hackage-packages/logic-TPTP-0.4.2.0/testing/ParseRandom.hs:24:20]),
  ((../../hackage-packages/logic-TPTP-0.4.2.0/testing/ParseRandom.hs:25:1-37,
    AnnAs),
   [../../hackage-packages/logic-TPTP-0.4.2.0/testing/ParseRandom.hs:25:34-35]),
  ((../../hackage-packages/logic-TPTP-0.4.2.0/testing/ParseRandom.hs:25:1-37,
    AnnImport),
   [../../hackage-packages/logic-TPTP-0.4.2.0/testing/ParseRandom.hs:25:1-6]),
  ((../../hackage-packages/logic-TPTP-0.4.2.0/testing/ParseRandom.hs:25:1-37,
    AnnQualified),
   [../../hackage-packages/logic-TPTP-0.4.2.0/testing/ParseRandom.hs:25:8-16]),
  ((../../hackage-packages/logic-TPTP-0.4.2.0/testing/ParseRandom.hs:25:1-37,
    AnnSemi),
   [../../hackage-packages/logic-TPTP-0.4.2.0/testing/ParseRandom.hs:26:1]),
  ((../../hackage-packages/logic-TPTP-0.4.2.0/testing/ParseRandom.hs:25:1-37,
    AnnVal),
   [../../hackage-packages/logic-TPTP-0.4.2.0/testing/ParseRandom.hs:25:37]),
  ((../../hackage-packages/logic-TPTP-0.4.2.0/testing/ParseRandom.hs:26:1-20,
    AnnImport),
   [../../hackage-packages/logic-TPTP-0.4.2.0/testing/ParseRandom.hs:26:1-6]),
  ((../../hackage-packages/logic-TPTP-0.4.2.0/testing/ParseRandom.hs:26:1-20,
    AnnSemi),
   [../../hackage-packages/logic-TPTP-0.4.2.0/testing/ParseRandom.hs:27:1]),
  ((../../hackage-packages/logic-TPTP-0.4.2.0/testing/ParseRandom.hs:27:1-21,
    AnnImport),
   [../../hackage-packages/logic-TPTP-0.4.2.0/testing/ParseRandom.hs:27:1-6]),
  ((../../hackage-packages/logic-TPTP-0.4.2.0/testing/ParseRandom.hs:27:1-21,
    AnnSemi),
   [../../hackage-packages/logic-TPTP-0.4.2.0/testing/ParseRandom.hs:28:1]),
  ((../../hackage-packages/logic-TPTP-0.4.2.0/testing/ParseRandom.hs:28:1-20,
    AnnImport),
   [../../hackage-packages/logic-TPTP-0.4.2.0/testing/ParseRandom.hs:28:1-6]),
  ((../../hackage-packages/logic-TPTP-0.4.2.0/testing/ParseRandom.hs:28:1-20,
    AnnSemi),
   [../../hackage-packages/logic-TPTP-0.4.2.0/testing/ParseRandom.hs:29:1]),
  ((../../hackage-packages/logic-TPTP-0.4.2.0/testing/ParseRandom.hs:29:1-18,
    AnnImport),
   [../../hackage-packages/logic-TPTP-0.4.2.0/testing/ParseRandom.hs:29:1-6]),
  ((../../hackage-packages/logic-TPTP-0.4.2.0/testing/ParseRandom.hs:29:1-18,
    AnnSemi),
   [../../hackage-packages/logic-TPTP-0.4.2.0/testing/ParseRandom.hs:30:1]),
  ((../../hackage-packages/logic-TPTP-0.4.2.0/testing/ParseRandom.hs:30:1-24,
    AnnImport),
   [../../hackage-packages/logic-TPTP-0.4.2.0/testing/ParseRandom.hs:30:1-6]),
  ((../../hackage-packages/logic-TPTP-0.4.2.0/testing/ParseRandom.hs:30:1-24,
    AnnSemi),
   [../../hackage-packages/logic-TPTP-0.4.2.0/testing/ParseRandom.hs:31:1]),
  ((../../hackage-packages/logic-TPTP-0.4.2.0/testing/ParseRandom.hs:31:1-20,
    AnnImport),
   [../../hackage-packages/logic-TPTP-0.4.2.0/testing/ParseRandom.hs:31:1-6]),
  ((../../hackage-packages/logic-TPTP-0.4.2.0/testing/ParseRandom.hs:31:1-20,
    AnnSemi),
   [../../hackage-packages/logic-TPTP-0.4.2.0/testing/ParseRandom.hs:32:1]),
  ((../../hackage-packages/logic-TPTP-0.4.2.0/testing/ParseRandom.hs:32:1-22,
    AnnImport),
   [../../hackage-packages/logic-TPTP-0.4.2.0/testing/ParseRandom.hs:32:1-6]),
  ((../../hackage-packages/logic-TPTP-0.4.2.0/testing/ParseRandom.hs:32:1-22,
    AnnSemi),
   [../../hackage-packages/logic-TPTP-0.4.2.0/testing/ParseRandom.hs:33:1]),
  ((../../hackage-packages/logic-TPTP-0.4.2.0/testing/ParseRandom.hs:33:1-18,
    AnnImport),
   [../../hackage-packages/logic-TPTP-0.4.2.0/testing/ParseRandom.hs:33:1-6]),
  ((../../hackage-packages/logic-TPTP-0.4.2.0/testing/ParseRandom.hs:33:1-18,
    AnnSemi),
   [../../hackage-packages/logic-TPTP-0.4.2.0/testing/ParseRandom.hs:34:1]),
  ((../../hackage-packages/logic-TPTP-0.4.2.0/testing/ParseRandom.hs:34:1-35,
    AnnImport),
   [../../hackage-packages/logic-TPTP-0.4.2.0/testing/ParseRandom.hs:34:1-6]),
  ((../../hackage-packages/logic-TPTP-0.4.2.0/testing/ParseRandom.hs:34:1-35,
    AnnSemi),
   [../../hackage-packages/logic-TPTP-0.4.2.0/testing/ParseRandom.hs:35:1]),
  ((../../hackage-packages/logic-TPTP-0.4.2.0/testing/ParseRandom.hs:35:1-18,
    AnnImport),
   [../../hackage-packages/logic-TPTP-0.4.2.0/testing/ParseRandom.hs:35:1-6]),
  ((../../hackage-packages/logic-TPTP-0.4.2.0/testing/ParseRandom.hs:35:1-18,
    AnnSemi),
   [../../hackage-packages/logic-TPTP-0.4.2.0/testing/ParseRandom.hs:36:1]),
  ((../../hackage-packages/logic-TPTP-0.4.2.0/testing/ParseRandom.hs:36:1-34,
    AnnImport),
   [../../hackage-packages/logic-TPTP-0.4.2.0/testing/ParseRandom.hs:36:1-6]),
  ((../../hackage-packages/logic-TPTP-0.4.2.0/testing/ParseRandom.hs:36:1-34,
    AnnSemi),
   [../../hackage-packages/logic-TPTP-0.4.2.0/testing/ParseRandom.hs:37:1]),
  ((../../hackage-packages/logic-TPTP-0.4.2.0/testing/ParseRandom.hs:37:1-13,
    AnnImport),
   [../../hackage-packages/logic-TPTP-0.4.2.0/testing/ParseRandom.hs:37:1-6]),
  ((../../hackage-packages/logic-TPTP-0.4.2.0/testing/ParseRandom.hs:37:1-13,
    AnnSemi),
   [../../hackage-packages/logic-TPTP-0.4.2.0/testing/ParseRandom.hs:39:1]),
  ((../../hackage-packages/logic-TPTP-0.4.2.0/testing/ParseRandom.hs:39:1-30,
    AnnImport),
   [../../hackage-packages/logic-TPTP-0.4.2.0/testing/ParseRandom.hs:39:1-6]),
  ((../../hackage-packages/logic-TPTP-0.4.2.0/testing/ParseRandom.hs:39:1-30,
    AnnPackageName),
   [../../hackage-packages/logic-TPTP-0.4.2.0/testing/ParseRandom.hs:39:8-19]),
  ((../../hackage-packages/logic-TPTP-0.4.2.0/testing/ParseRandom.hs:39:1-30,
    AnnSemi),
   [../../hackage-packages/logic-TPTP-0.4.2.0/testing/ParseRandom.hs:41:1]),
  ((../../hackage-packages/logic-TPTP-0.4.2.0/testing/ParseRandom.hs:41:1-20,
    AnnEqual),
   [../../hackage-packages/logic-TPTP-0.4.2.0/testing/ParseRandom.hs:41:12]),
  ((../../hackage-packages/logic-TPTP-0.4.2.0/testing/ParseRandom.hs:41:1-20,
    AnnFunId),
   [../../hackage-packages/logic-TPTP-0.4.2.0/testing/ParseRandom.hs:41:1-10]),
  ((../../hackage-packages/logic-TPTP-0.4.2.0/testing/ParseRandom.hs:41:1-20,
    AnnSemi),
   [../../hackage-packages/logic-TPTP-0.4.2.0/testing/ParseRandom.hs:42:1]),
  ((../../hackage-packages/logic-TPTP-0.4.2.0/testing/ParseRandom.hs:42:1-53,
    AnnEqual),
   [../../hackage-packages/logic-TPTP-0.4.2.0/testing/ParseRandom.hs:42:10]),
  ((../../hackage-packages/logic-TPTP-0.4.2.0/testing/ParseRandom.hs:42:1-53,
    AnnFunId),
   [../../hackage-packages/logic-TPTP-0.4.2.0/testing/ParseRandom.hs:42:1-8]),
  ((../../hackage-packages/logic-TPTP-0.4.2.0/testing/ParseRandom.hs:42:1-53,
    AnnSemi),
   [../../hackage-packages/logic-TPTP-0.4.2.0/testing/ParseRandom.hs:48:1]),
  ((../../hackage-packages/logic-TPTP-0.4.2.0/testing/ParseRandom.hs:42:12-25,
    AnnVal),
   [../../hackage-packages/logic-TPTP-0.4.2.0/testing/ParseRandom.hs:42:19]),
  ((../../hackage-packages/logic-TPTP-0.4.2.0/testing/ParseRandom.hs:42:12-38,
    AnnVal),
   [../../hackage-packages/logic-TPTP-0.4.2.0/testing/ParseRandom.hs:42:27-29]),
  ((../../hackage-packages/logic-TPTP-0.4.2.0/testing/ParseRandom.hs:42:12-53,
    AnnVal),
   [../../hackage-packages/logic-TPTP-0.4.2.0/testing/ParseRandom.hs:42:40-42]),
  ((../../hackage-packages/logic-TPTP-0.4.2.0/testing/ParseRandom.hs:48:1-23,
    AnnEqual),
   [../../hackage-packages/logic-TPTP-0.4.2.0/testing/ParseRandom.hs:48:6]),
  ((../../hackage-packages/logic-TPTP-0.4.2.0/testing/ParseRandom.hs:48:1-23,
    AnnFunId),
   [../../hackage-packages/logic-TPTP-0.4.2.0/testing/ParseRandom.hs:48:1-4]),
  ((../../hackage-packages/logic-TPTP-0.4.2.0/testing/ParseRandom.hs:48:1-23,
    AnnSemi),
   [../../hackage-packages/logic-TPTP-0.4.2.0/testing/ParseRandom.hs:50:1]),
  ((../../hackage-packages/logic-TPTP-0.4.2.0/testing/ParseRandom.hs:(50,1)-(56,38),
    AnnEqual),
   [../../hackage-packages/logic-TPTP-0.4.2.0/testing/ParseRandom.hs:50:18]),
  ((../../hackage-packages/logic-TPTP-0.4.2.0/testing/ParseRandom.hs:(50,1)-(56,38),
    AnnFunId),
   [../../hackage-packages/logic-TPTP-0.4.2.0/testing/ParseRandom.hs:50:1-16]),
  ((../../hackage-packages/logic-TPTP-0.4.2.0/testing/ParseRandom.hs:(50,1)-(56,38),
    AnnSemi),
   [../../hackage-packages/logic-TPTP-0.4.2.0/testing/ParseRandom.hs:58:1]),
  ((../../hackage-packages/logic-TPTP-0.4.2.0/testing/ParseRandom.hs:(50,20)-(56,38),
    AnnVal),
   [../../hackage-packages/logic-TPTP-0.4.2.0/testing/ParseRandom.hs:50:35]),
  ((../../hackage-packages/logic-TPTP-0.4.2.0/testing/ParseRandom.hs:(51,5)-(56,38),
    AnnDo),
   [../../hackage-packages/logic-TPTP-0.4.2.0/testing/ParseRandom.hs:51:5-6]),
  ((../../hackage-packages/logic-TPTP-0.4.2.0/testing/ParseRandom.hs:52:3-14,
    AnnLarrow),
   [../../hackage-packages/logic-TPTP-0.4.2.0/testing/ParseRandom.hs:52:5-6]),
  ((../../hackage-packages/logic-TPTP-0.4.2.0/testing/ParseRandom.hs:52:3-14,
    AnnSemi),
   [../../hackage-packages/logic-TPTP-0.4.2.0/testing/ParseRandom.hs:53:3]),
  ((../../hackage-packages/logic-TPTP-0.4.2.0/testing/ParseRandom.hs:53:3-64,
    AnnLarrow),
   [../../hackage-packages/logic-TPTP-0.4.2.0/testing/ParseRandom.hs:53:5-6]),
  ((../../hackage-packages/logic-TPTP-0.4.2.0/testing/ParseRandom.hs:53:3-64,
    AnnSemi),
   [../../hackage-packages/logic-TPTP-0.4.2.0/testing/ParseRandom.hs:54:3]),
  ((../../hackage-packages/logic-TPTP-0.4.2.0/testing/ParseRandom.hs:53:8-47,
    AnnVal),
   [../../hackage-packages/logic-TPTP-0.4.2.0/testing/ParseRandom.hs:53:13-18]),
  ((../../hackage-packages/logic-TPTP-0.4.2.0/testing/ParseRandom.hs:53:8-64,
    AnnDcolon),
   [../../hackage-packages/logic-TPTP-0.4.2.0/testing/ParseRandom.hs:53:49-50]),
  ((../../hackage-packages/logic-TPTP-0.4.2.0/testing/ParseRandom.hs:53:13-18,
    AnnBackquote),
   [../../hackage-packages/logic-TPTP-0.4.2.0/testing/ParseRandom.hs:53:13,
    ../../hackage-packages/logic-TPTP-0.4.2.0/testing/ParseRandom.hs:53:18]),
  ((../../hackage-packages/logic-TPTP-0.4.2.0/testing/ParseRandom.hs:53:13-18,
    AnnVal),
   [../../hackage-packages/logic-TPTP-0.4.2.0/testing/ParseRandom.hs:53:14-17]),
  ((../../hackage-packages/logic-TPTP-0.4.2.0/testing/ParseRandom.hs:53:28-47,
    AnnCloseP),
   [../../hackage-packages/logic-TPTP-0.4.2.0/testing/ParseRandom.hs:53:47]),
  ((../../hackage-packages/logic-TPTP-0.4.2.0/testing/ParseRandom.hs:53:28-47,
    AnnOpenP),
   [../../hackage-packages/logic-TPTP-0.4.2.0/testing/ParseRandom.hs:53:28]),
  ((../../hackage-packages/logic-TPTP-0.4.2.0/testing/ParseRandom.hs:54:3-24,
    AnnLet),
   [../../hackage-packages/logic-TPTP-0.4.2.0/testing/ParseRandom.hs:54:3-5]),
  ((../../hackage-packages/logic-TPTP-0.4.2.0/testing/ParseRandom.hs:54:3-24,
    AnnSemi),
   [../../hackage-packages/logic-TPTP-0.4.2.0/testing/ParseRandom.hs:55:3]),
  ((../../hackage-packages/logic-TPTP-0.4.2.0/testing/ParseRandom.hs:54:7-24,
    AnnEqual),
   [../../hackage-packages/logic-TPTP-0.4.2.0/testing/ParseRandom.hs:54:12]),
  ((../../hackage-packages/logic-TPTP-0.4.2.0/testing/ParseRandom.hs:54:7-24,
    AnnFunId),
   [../../hackage-packages/logic-TPTP-0.4.2.0/testing/ParseRandom.hs:54:7-10]),
  ((../../hackage-packages/logic-TPTP-0.4.2.0/testing/ParseRandom.hs:54:22-24,
    AnnCloseS),
   [../../hackage-packages/logic-TPTP-0.4.2.0/testing/ParseRandom.hs:54:24]),
  ((../../hackage-packages/logic-TPTP-0.4.2.0/testing/ParseRandom.hs:54:22-24,
    AnnOpenS),
   [../../hackage-packages/logic-TPTP-0.4.2.0/testing/ParseRandom.hs:54:22]),
  ((../../hackage-packages/logic-TPTP-0.4.2.0/testing/ParseRandom.hs:55:3-15,
    AnnSemi),
   [../../hackage-packages/logic-TPTP-0.4.2.0/testing/ParseRandom.hs:56:3]),
  ((../../hackage-packages/logic-TPTP-0.4.2.0/testing/ParseRandom.hs:56:12-38,
    AnnCloseP),
   [../../hackage-packages/logic-TPTP-0.4.2.0/testing/ParseRandom.hs:56:38]),
  ((../../hackage-packages/logic-TPTP-0.4.2.0/testing/ParseRandom.hs:56:12-38,
    AnnOpenP),
   [../../hackage-packages/logic-TPTP-0.4.2.0/testing/ParseRandom.hs:56:12]),
  ((../../hackage-packages/logic-TPTP-0.4.2.0/testing/ParseRandom.hs:56:26-37,
    AnnCloseP),
   [../../hackage-packages/logic-TPTP-0.4.2.0/testing/ParseRandom.hs:56:37]),
  ((../../hackage-packages/logic-TPTP-0.4.2.0/testing/ParseRandom.hs:56:26-37,
    AnnOpenP),
   [../../hackage-packages/logic-TPTP-0.4.2.0/testing/ParseRandom.hs:56:26]),
  ((<no location info>, AnnEofPos),
   [../../hackage-packages/logic-TPTP-0.4.2.0/testing/ParseRandom.hs:58:1])],
 [(<no location info>,
   [AnnLineComment "--main = stressTestParser",
    AnnLineComment "--main = forever $ quickCheck prop_test_ie --iei_i",
    AnnBlockComment "{-# OPTIONS\n -fglasgow-exts\n -XCPP\n -XTemplateHaskell\n -XNamedFieldPuns\n -XRecordWildCards\n -XDeriveDataTypeable\n -XOverlappingInstances\n -XPackageImports\n -fwarn-incomplete-patterns\n #-}"])])