{-# LANGUAGE CPP #-}

#ifndef MIN_VERSION_parsec
#define MIN_VERSION_parsec(x,y,z) 0
#endif

#if MIN_VERSION_parsec(3,0,0)
module Parsec (
      module Control.Applicative
    , module Text.Parsec
    , module Text.Parsec.String
    ) where

import Control.Applicative hiding (many,optional,(<|>))
import Text.Parsec
import Text.Parsec.String
#else
module       Parsec (
      module Text.ParserCombinators.Parsec
    , (<$>), (<$), (<*>), (<*), (*>), pure
    ) where

import Control.Monad (ap, liftM)
import Text.ParserCombinators.Parsec

{-
  GenParser cannot be an instance of Applicative and Alternative
  due to the overlapping instances error, sigh!
-}

(<$>) :: Monad m => (a -> b) -> m a -> m b
(<$>) = liftM

(<$) :: Monad m => a -> m b -> m a
a <$ m = m >> return a

(<*>) :: Monad m => m (a -> b) -> m a -> m b
(<*>) = ap

(*>) :: Monad m => m a -> m b -> m b
(*>) = (>>)

(<*) :: Monad m => m a -> m b -> m a
m1 <* m2 = do x <- m1
              m2
              return x

pure :: Monad m => a -> m a
pure = return

infixl 4 <$>, <$, <*>, <*, *>
#endif

==============
../../hackage-packages/mighttpd-0.4.3/Parsec.hs
==============
lengths:(1065,1059)

==============

({ ../../hackage-packages/mighttpd-0.4.3/Parsec.hs:1:1 }
 Just (Ann (DP (0,0)) (ColDelta 1) DP (0,0) [] [((AnnComment DComment (DP (0,0),DP (0,20)) "{-# LANGUAGE CPP #-}" Nothing),DP (0,0)),((AnnComment DComment (DP (2,1),DP (2,26)) "#ifndef MIN_VERSION_parsec" Nothing),DP (2,1)),((AnnComment DComment (DP (1,1),DP (1,35)) "#define MIN_VERSION_parsec(x,y,z) 0" Nothing),DP (1,1)),((AnnComment DComment (DP (1,1),DP (1,6)) "#endif" Nothing),DP (1,1)),((AnnComment DComment (DP (2,1),DP (2,29)) "#if MIN_VERSION_parsec(3,0,0)" Nothing),DP (2,1)),((AnnComment DComment (DP (1,1),DP (1,7)) "module" Nothing),DP (1,1)),((AnnComment DComment (DP (0,1),DP (0,7)) "Parsec" Nothing),DP (0,1)),((AnnComment DComment (DP (0,1),DP (0,2)) "(" Nothing),DP (0,1)),((AnnComment DComment (DP (1,7),DP (1,13)) "module" Nothing),DP (1,7)),((AnnComment DComment (DP (0,1),DP (0,20)) "Control.Applicative" Nothing),DP (0,1)),((AnnComment DComment (DP (1,5),DP (1,6)) "," Nothing),DP (1,5)),((AnnComment DComment (DP (0,1),DP (0,7)) "module" Nothing),DP (0,1)),((AnnComment DComment (DP (0,1),DP (0,12)) "Text.Parsec" Nothing),DP (0,1)),((AnnComment DComment (DP (1,5),DP (1,6)) "," Nothing),DP (1,5)),((AnnComment DComment (DP (0,1),DP (0,7)) "module" Nothing),DP (0,1)),((AnnComment DComment (DP (0,1),DP (0,19)) "Text.Parsec.String" Nothing),DP (0,1)),((AnnComment DComment (DP (1,5),DP (1,6)) ")" Nothing),DP (1,5)),((AnnComment DComment (DP (0,1),DP (0,6)) "where" Nothing),DP (0,1)),((AnnComment DComment (DP (2,1),DP (2,1)) "" Nothing),DP (2,1)),((AnnComment DComment (DP (0,0),DP (0,6)) "import" Nothing),DP (0,0)),((AnnComment DComment (DP (0,1),DP (0,20)) "Control.Applicative" Nothing),DP (0,1)),((AnnComment DComment (DP (0,1),DP (0,7)) "hiding" Nothing),DP (0,1)),((AnnComment DComment (DP (0,1),DP (0,2)) "(" Nothing),DP (0,1)),((AnnComment DComment (DP (0,0),DP (0,4)) "many" Nothing),DP (0,0)),((AnnComment DComment (DP (0,0),DP (0,1)) "," Nothing),DP (0,0)),((AnnComment DComment (DP (0,0),DP (0,8)) "optional" Nothing),DP (0,0)),((AnnComment DComment (DP (0,0),DP (0,1)) "," Nothing),DP (0,0)),((AnnComment DComment (DP (0,0),DP (0,1)) "(" Nothing),DP (0,0)),((AnnComment DComment (DP (0,0),DP (0,3)) "<|>" Nothing),DP (0,0)),((AnnComment DComment (DP (0,0),DP (0,1)) ")" Nothing),DP (0,0)),((AnnComment DComment (DP (0,0),DP (0,1)) ")" Nothing),DP (0,0)),((AnnComment DComment (DP (1,1),DP (1,1)) "" Nothing),DP (1,1)),((AnnComment DComment (DP (0,0),DP (0,6)) "import" Nothing),DP (0,0)),((AnnComment DComment (DP (0,1),DP (0,12)) "Text.Parsec" Nothing),DP (0,1)),((AnnComment DComment (DP (1,1),DP (1,1)) "" Nothing),DP (1,1)),((AnnComment DComment (DP (0,0),DP (0,6)) "import" Nothing),DP (0,0)),((AnnComment DComment (DP (0,1),DP (0,19)) "Text.Parsec.String" Nothing),DP (0,1)),((AnnComment DComment (DP (1,1),DP (1,5)) "#else" Nothing),DP (1,1)),((G AnnModule),DP (17,1)),((AnnComment DComment (DP (0,-6),DP (0,-6)) "" Nothing),DP (0,-6)),((G AnnVal),DP (0,1)),((G AnnWhere),DP (0,1)),((AnnComment DComment (DP (1,1),DP (1,6)) "#endif" Nothing),DP (1,1)),((G AnnEofPos),DP (2,0))])
 (HsModule 
  (Just 
   ({ ../../hackage-packages/mighttpd-0.4.3/Parsec.hs:18:8-13 }
    Nothing{ModuleName: Parsec})) 
  (Just 
   ({ ../../hackage-packages/mighttpd-0.4.3/Parsec.hs:(18,15)-(21,5) }
    Just (Ann (DP (0,1)) (ColDelta 15) DP (0,1) [] [((G AnnOpenP),DP (0,0)),((G AnnCloseP),DP (1,5))])
    [
     ({ ../../hackage-packages/mighttpd-0.4.3/Parsec.hs:19:7-42 }
      Just (Ann (DP (1,7)) (ColDelta 7) DP (1,7) [] [((G AnnModule),DP (0,0)),((G AnnVal),DP (0,1)),((G AnnComma),DP (1,5))])
      (IEModuleContents 
       ({ ../../hackage-packages/mighttpd-0.4.3/Parsec.hs:19:14-42 }
        Nothing{ModuleName: Text.ParserCombinators.Parsec}))),
     ({ ../../hackage-packages/mighttpd-0.4.3/Parsec.hs:20:7-11 }
      Just (Ann (DP (0,1)) (ColDelta 7) DP (0,1) [] [])
      (IEVar 
       ({ ../../hackage-packages/mighttpd-0.4.3/Parsec.hs:20:7-11 }
        Just (Ann (DP (0,0)) (ColDelta 7) DP (0,0) [] [((G AnnOpenP),DP (0,0)),((G AnnVal),DP (0,0)),((G AnnCloseP),DP (0,0)),((G AnnComma),DP (0,0))])
        (Unqual {OccName: <$>})))),
     ({ ../../hackage-packages/mighttpd-0.4.3/Parsec.hs:20:14-17 }
      Just (Ann (DP (0,1)) (ColDelta 14) DP (0,1) [] [])
      (IEVar 
       ({ ../../hackage-packages/mighttpd-0.4.3/Parsec.hs:20:14-17 }
        Just (Ann (DP (0,0)) (ColDelta 14) DP (0,0) [] [((G AnnOpenP),DP (0,0)),((G AnnVal),DP (0,0)),((G AnnCloseP),DP (0,0)),((G AnnComma),DP (0,0))])
        (Unqual {OccName: <$})))),
     ({ ../../hackage-packages/mighttpd-0.4.3/Parsec.hs:20:20-24 }
      Just (Ann (DP (0,1)) (ColDelta 20) DP (0,1) [] [])
      (IEVar 
       ({ ../../hackage-packages/mighttpd-0.4.3/Parsec.hs:20:20-24 }
        Just (Ann (DP (0,0)) (ColDelta 20) DP (0,0) [] [((G AnnOpenP),DP (0,0)),((G AnnVal),DP (0,0)),((G AnnCloseP),DP (0,0)),((G AnnComma),DP (0,0))])
        (Unqual {OccName: <*>})))),
     ({ ../../hackage-packages/mighttpd-0.4.3/Parsec.hs:20:27-30 }
      Just (Ann (DP (0,1)) (ColDelta 27) DP (0,1) [] [])
      (IEVar 
       ({ ../../hackage-packages/mighttpd-0.4.3/Parsec.hs:20:27-30 }
        Just (Ann (DP (0,0)) (ColDelta 27) DP (0,0) [] [((G AnnOpenP),DP (0,0)),((G AnnVal),DP (0,0)),((G AnnCloseP),DP (0,0)),((G AnnComma),DP (0,0))])
        (Unqual {OccName: <*})))),
     ({ ../../hackage-packages/mighttpd-0.4.3/Parsec.hs:20:33-36 }
      Just (Ann (DP (0,1)) (ColDelta 33) DP (0,1) [] [])
      (IEVar 
       ({ ../../hackage-packages/mighttpd-0.4.3/Parsec.hs:20:33-36 }
        Just (Ann (DP (0,0)) (ColDelta 33) DP (0,0) [] [((G AnnOpenP),DP (0,0)),((G AnnVal),DP (0,0)),((G AnnCloseP),DP (0,0)),((G AnnComma),DP (0,0))])
        (Unqual {OccName: *>})))),
     ({ ../../hackage-packages/mighttpd-0.4.3/Parsec.hs:20:39-42 }
      Just (Ann (DP (0,1)) (ColDelta 39) DP (0,1) [] [])
      (IEVar 
       ({ ../../hackage-packages/mighttpd-0.4.3/Parsec.hs:20:39-42 }
        Just (Ann (DP (0,0)) (ColDelta 39) DP (0,0) [] [((G AnnVal),DP (0,0))])
        (Unqual {OccName: pure}))))])) 
  [
   ({ ../../hackage-packages/mighttpd-0.4.3/Parsec.hs:23:1-32 }
    Just (Ann (DP (2,1)) (ColDelta 1) DP (2,1) [] [((G AnnImport),DP (0,0)),((G AnnVal),DP (0,1))])
    (ImportDecl 
     (Nothing) 
     ({ ../../hackage-packages/mighttpd-0.4.3/Parsec.hs:23:8-20 }
      Nothing{ModuleName: Control.Monad}) 
     (Nothing) 
     (False) 
     (False) 
     (False) 
     (False) 
     (Nothing) 
     (Just 
      ((,) 
       (False) 
       ({ ../../hackage-packages/mighttpd-0.4.3/Parsec.hs:23:22-32 }
        Just (Ann (DP (0,1)) (ColDelta 22) DP (0,1) [] [((G AnnOpenP),DP (0,0)),((G AnnCloseP),DP (0,0))])
        [
         ({ ../../hackage-packages/mighttpd-0.4.3/Parsec.hs:23:23-24 }
          Just (Ann (DP (0,0)) (ColDelta 23) DP (0,0) [] [])
          (IEVar 
           ({ ../../hackage-packages/mighttpd-0.4.3/Parsec.hs:23:23-24 }
            Just (Ann (DP (0,0)) (ColDelta 23) DP (0,0) [] [((G AnnVal),DP (0,0)),((G AnnComma),DP (0,0))])
            (Unqual {OccName: ap})))),
         ({ ../../hackage-packages/mighttpd-0.4.3/Parsec.hs:23:27-31 }
          Just (Ann (DP (0,1)) (ColDelta 27) DP (0,1) [] [])
          (IEVar 
           ({ ../../hackage-packages/mighttpd-0.4.3/Parsec.hs:23:27-31 }
            Just (Ann (DP (0,0)) (ColDelta 27) DP (0,0) [] [((G AnnVal),DP (0,0))])
            (Unqual {OccName: liftM}))))]))))),
   ({ ../../hackage-packages/mighttpd-0.4.3/Parsec.hs:24:1-36 }
    Just (Ann (DP (1,1)) (ColDelta 1) DP (1,1) [] [((G AnnImport),DP (0,0)),((G AnnVal),DP (0,1))])
    (ImportDecl 
     (Nothing) 
     ({ ../../hackage-packages/mighttpd-0.4.3/Parsec.hs:24:8-36 }
      Nothing{ModuleName: Text.ParserCombinators.Parsec}) 
     (Nothing) 
     (False) 
     (False) 
     (False) 
     (False) 
     (Nothing) 
     (Nothing)))] 
  [
   ({ ../../hackage-packages/mighttpd-0.4.3/Parsec.hs:31:1-42 }
    Just (Ann (DP (2,1)) (ColDelta 1) DP (7,1) [DComment (DP (2,1),DP (5,3)) "{-\n  GenParser cannot be an instance of Applicative and Alternative\n  due to the overlapping instances error, sigh!\n-}" Nothing] [((G AnnDcolon),DP (0,1))])
    (SigD 
     (TypeSig 
      [
       ({ ../../hackage-packages/mighttpd-0.4.3/Parsec.hs:31:1-5 }
        Just (Ann (DP (0,0)) (ColDelta 1) DP (0,0) [] [((G AnnOpenP),DP (0,0)),((G AnnVal),DP (0,0)),((G AnnCloseP),DP (0,0))])
        (Unqual {OccName: <$>}))] 
      ({ ../../hackage-packages/mighttpd-0.4.3/Parsec.hs:31:10-42 }
       Just (Ann (DP (0,1)) (ColDelta 10) DP (0,1) [] [])
       (HsForAllTy 
        (Implicit) 
        (Nothing) 
        (HsQTvs 
         [] 
         []) 
        ({ ../../hackage-packages/mighttpd-0.4.3/Parsec.hs:31:10-16 }
         Just (Ann (DP (0,0)) (ColDelta 10) DP (0,0) [] [((G AnnDarrow),DP (0,1))])
         [
          ({ ../../hackage-packages/mighttpd-0.4.3/Parsec.hs:31:10-16 }
           Just (Ann (DP (0,0)) (ColDelta 10) DP (0,0) [] [])
           (HsAppTy 
            ({ ../../hackage-packages/mighttpd-0.4.3/Parsec.hs:31:10-14 }
             Just (Ann (DP (0,0)) (ColDelta 10) DP (0,0) [] [((G AnnVal),DP (0,0))])
             (HsTyVar 
              (Unqual {OccName: Monad}))) 
            ({ ../../hackage-packages/mighttpd-0.4.3/Parsec.hs:31:16 }
             Just (Ann (DP (0,1)) (ColDelta 16) DP (0,1) [] [((G AnnVal),DP (0,0))])
             (HsTyVar 
              (Unqual {OccName: m})))))]) 
        ({ ../../hackage-packages/mighttpd-0.4.3/Parsec.hs:31:21-42 }
         Just (Ann (DP (0,1)) (ColDelta 21) DP (0,1) [] [((G AnnRarrow),DP (0,1))])
         (HsFunTy 
          ({ ../../hackage-packages/mighttpd-0.4.3/Parsec.hs:31:21-28 }
           Just (Ann (DP (0,0)) (ColDelta 21) DP (0,0) [] [((G AnnOpenP),DP (0,0)),((G AnnCloseP),DP (0,0))])
           (HsParTy 
            ({ ../../hackage-packages/mighttpd-0.4.3/Parsec.hs:31:22-27 }
             Just (Ann (DP (0,0)) (ColDelta 22) DP (0,0) [] [((G AnnRarrow),DP (0,1))])
             (HsFunTy 
              ({ ../../hackage-packages/mighttpd-0.4.3/Parsec.hs:31:22 }
               Just (Ann (DP (0,0)) (ColDelta 22) DP (0,0) [] [((G AnnVal),DP (0,0))])
               (HsTyVar 
                (Unqual {OccName: a}))) 
              ({ ../../hackage-packages/mighttpd-0.4.3/Parsec.hs:31:27 }
               Just (Ann (DP (0,1)) (ColDelta 27) DP (0,1) [] [((G AnnVal),DP (0,0))])
               (HsTyVar 
                (Unqual {OccName: b}))))))) 
          ({ ../../hackage-packages/mighttpd-0.4.3/Parsec.hs:31:33-42 }
           Just (Ann (DP (0,1)) (ColDelta 33) DP (0,1) [] [((G AnnRarrow),DP (0,1))])
           (HsFunTy 
            ({ ../../hackage-packages/mighttpd-0.4.3/Parsec.hs:31:33-35 }
             Just (Ann (DP (0,0)) (ColDelta 33) DP (0,0) [] [])
             (HsAppTy 
              ({ ../../hackage-packages/mighttpd-0.4.3/Parsec.hs:31:33 }
               Just (Ann (DP (0,0)) (ColDelta 33) DP (0,0) [] [((G AnnVal),DP (0,0))])
               (HsTyVar 
                (Unqual {OccName: m}))) 
              ({ ../../hackage-packages/mighttpd-0.4.3/Parsec.hs:31:35 }
               Just (Ann (DP (0,1)) (ColDelta 35) DP (0,1) [] [((G AnnVal),DP (0,0))])
               (HsTyVar 
                (Unqual {OccName: a}))))) 
            ({ ../../hackage-packages/mighttpd-0.4.3/Parsec.hs:31:40-42 }
             Just (Ann (DP (0,1)) (ColDelta 40) DP (0,1) [] [])
             (HsAppTy 
              ({ ../../hackage-packages/mighttpd-0.4.3/Parsec.hs:31:40 }
               Just (Ann (DP (0,0)) (ColDelta 40) DP (0,0) [] [((G AnnVal),DP (0,0))])
               (HsTyVar 
                (Unqual {OccName: m}))) 
              ({ ../../hackage-packages/mighttpd-0.4.3/Parsec.hs:31:42 }
               Just (Ann (DP (0,1)) (ColDelta 42) DP (0,1) [] [((G AnnVal),DP (0,0))])
               (HsTyVar 
                (Unqual {OccName: b}))))))))))) 
      (PlaceHolder)))),
   ({ ../../hackage-packages/mighttpd-0.4.3/Parsec.hs:32:1-13 }
    Just (Ann (DP (1,1)) (ColDelta 1) DP (1,1) [] [])
    (ValD 
     (FunBind 
      ({ ../../hackage-packages/mighttpd-0.4.3/Parsec.hs:32:1-5 }
       Just (Ann (DP (0,0)) (ColDelta 1) DP (0,0) [] [((G AnnOpenP),DP (0,0)),((G AnnVal),DP (0,0)),((G AnnCloseP),DP (0,0))])
       (Unqual {OccName: <$>})) 
      (False) 
      (MG 
       [
        ({ ../../hackage-packages/mighttpd-0.4.3/Parsec.hs:32:1-13 }
         Just (Ann (DP (0,0)) (ColDelta 1) DP (0,0) [] [((G AnnEqual),DP (0,1))])
         (Match 
          (Just 
           ((,) 
            ({ ../../hackage-packages/mighttpd-0.4.3/Parsec.hs:32:1-5 }
             Just (Ann (DP (0,0)) (ColDelta 1) DP (0,0) [] [((G AnnOpenP),DP (0,0)),((G AnnVal),DP (0,0)),((G AnnCloseP),DP (0,0))])
             (Unqual {OccName: <$>})) 
            (False))) 
          [] 
          (Nothing) 
          (GRHSs 
           [
            ({ ../../hackage-packages/mighttpd-0.4.3/Parsec.hs:32:7-13 }
             Just (Ann (DP (0,-1)) (ColDelta 7) DP (0,-1) [] [])
             (GRHS 
              [] 
              ({ ../../hackage-packages/mighttpd-0.4.3/Parsec.hs:32:9-13 }
               Just (Ann (DP (0,1)) (ColDelta 9) DP (0,1) [] [((G AnnVal),DP (0,0))])
               (HsVar 
                (Unqual {OccName: liftM})))))] 
           (EmptyLocalBinds))))] 
       [] 
       (PlaceHolder) 
       (FromSource)) 
      (WpHole) 
      (PlaceHolder) 
      []))),
   ({ ../../hackage-packages/mighttpd-0.4.3/Parsec.hs:34:1-34 }
    Just (Ann (DP (2,1)) (ColDelta 1) DP (2,1) [] [((G AnnDcolon),DP (0,1))])
    (SigD 
     (TypeSig 
      [
       ({ ../../hackage-packages/mighttpd-0.4.3/Parsec.hs:34:1-4 }
        Just (Ann (DP (0,0)) (ColDelta 1) DP (0,0) [] [((G AnnOpenP),DP (0,0)),((G AnnVal),DP (0,0)),((G AnnCloseP),DP (0,0))])
        (Unqual {OccName: <$}))] 
      ({ ../../hackage-packages/mighttpd-0.4.3/Parsec.hs:34:9-34 }
       Just (Ann (DP (0,1)) (ColDelta 9) DP (0,1) [] [])
       (HsForAllTy 
        (Implicit) 
        (Nothing) 
        (HsQTvs 
         [] 
         []) 
        ({ ../../hackage-packages/mighttpd-0.4.3/Parsec.hs:34:9-15 }
         Just (Ann (DP (0,0)) (ColDelta 9) DP (0,0) [] [((G AnnDarrow),DP (0,1))])
         [
          ({ ../../hackage-packages/mighttpd-0.4.3/Parsec.hs:34:9-15 }
           Just (Ann (DP (0,0)) (ColDelta 9) DP (0,0) [] [])
           (HsAppTy 
            ({ ../../hackage-packages/mighttpd-0.4.3/Parsec.hs:34:9-13 }
             Just (Ann (DP (0,0)) (ColDelta 9) DP (0,0) [] [((G AnnVal),DP (0,0))])
             (HsTyVar 
              (Unqual {OccName: Monad}))) 
            ({ ../../hackage-packages/mighttpd-0.4.3/Parsec.hs:34:15 }
             Just (Ann (DP (0,1)) (ColDelta 15) DP (0,1) [] [((G AnnVal),DP (0,0))])
             (HsTyVar 
              (Unqual {OccName: m})))))]) 
        ({ ../../hackage-packages/mighttpd-0.4.3/Parsec.hs:34:20-34 }
         Just (Ann (DP (0,1)) (ColDelta 20) DP (0,1) [] [((G AnnRarrow),DP (0,1))])
         (HsFunTy 
          ({ ../../hackage-packages/mighttpd-0.4.3/Parsec.hs:34:20 }
           Just (Ann (DP (0,0)) (ColDelta 20) DP (0,0) [] [((G AnnVal),DP (0,0))])
           (HsTyVar 
            (Unqual {OccName: a}))) 
          ({ ../../hackage-packages/mighttpd-0.4.3/Parsec.hs:34:25-34 }
           Just (Ann (DP (0,1)) (ColDelta 25) DP (0,1) [] [((G AnnRarrow),DP (0,1))])
           (HsFunTy 
            ({ ../../hackage-packages/mighttpd-0.4.3/Parsec.hs:34:25-27 }
             Just (Ann (DP (0,0)) (ColDelta 25) DP (0,0) [] [])
             (HsAppTy 
              ({ ../../hackage-packages/mighttpd-0.4.3/Parsec.hs:34:25 }
               Just (Ann (DP (0,0)) (ColDelta 25) DP (0,0) [] [((G AnnVal),DP (0,0))])
               (HsTyVar 
                (Unqual {OccName: m}))) 
              ({ ../../hackage-packages/mighttpd-0.4.3/Parsec.hs:34:27 }
               Just (Ann (DP (0,1)) (ColDelta 27) DP (0,1) [] [((G AnnVal),DP (0,0))])
               (HsTyVar 
                (Unqual {OccName: b}))))) 
            ({ ../../hackage-packages/mighttpd-0.4.3/Parsec.hs:34:32-34 }
             Just (Ann (DP (0,1)) (ColDelta 32) DP (0,1) [] [])
             (HsAppTy 
              ({ ../../hackage-packages/mighttpd-0.4.3/Parsec.hs:34:32 }
               Just (Ann (DP (0,0)) (ColDelta 32) DP (0,0) [] [((G AnnVal),DP (0,0))])
               (HsTyVar 
                (Unqual {OccName: m}))) 
              ({ ../../hackage-packages/mighttpd-0.4.3/Parsec.hs:34:34 }
               Just (Ann (DP (0,1)) (ColDelta 34) DP (0,1) [] [((G AnnVal),DP (0,0))])
               (HsTyVar 
                (Unqual {OccName: a}))))))))))) 
      (PlaceHolder)))),
   ({ ../../hackage-packages/mighttpd-0.4.3/Parsec.hs:35:1-22 }
    Just (Ann (DP (1,1)) (ColDelta 1) DP (1,1) [] [])
    (ValD 
     (FunBind 
      ({ ../../hackage-packages/mighttpd-0.4.3/Parsec.hs:35:3-4 }
       Just (Ann (DP (0,1)) (ColDelta 3) DP (0,1) [] [((G AnnVal),DP (0,0))])
       (Unqual {OccName: <$})) 
      (True) 
      (MG 
       [
        ({ ../../hackage-packages/mighttpd-0.4.3/Parsec.hs:35:1-22 }
         Just (Ann (DP (0,0)) (ColDelta 1) DP (0,0) [] [((G AnnEqual),DP (0,1))])
         (Match 
          (Just 
           ((,) 
            ({ ../../hackage-packages/mighttpd-0.4.3/Parsec.hs:35:3-4 }
             Just (Ann (DP (0,1)) (ColDelta 3) DP (0,1) [] [((G AnnVal),DP (0,0))])
             (Unqual {OccName: <$})) 
            (True))) 
          [
           ({ ../../hackage-packages/mighttpd-0.4.3/Parsec.hs:35:1 }
            Just (Ann (DP (0,0)) (ColDelta 1) DP (0,0) [] [((G AnnVal),DP (0,0))])
            (VarPat 
             (Unqual {OccName: a}))),
           ({ ../../hackage-packages/mighttpd-0.4.3/Parsec.hs:35:6 }
            Just (Ann (DP (0,1)) (ColDelta 6) DP (0,1) [] [((G AnnVal),DP (0,0))])
            (VarPat 
             (Unqual {OccName: m})))] 
          (Nothing) 
          (GRHSs 
           [
            ({ ../../hackage-packages/mighttpd-0.4.3/Parsec.hs:35:8-22 }
             Just (Ann (DP (0,-1)) (ColDelta 8) DP (0,-1) [] [])
             (GRHS 
              [] 
              ({ ../../hackage-packages/mighttpd-0.4.3/Parsec.hs:35:10-22 }
               Just (Ann (DP (0,1)) (ColDelta 10) DP (0,1) [] [])
               (OpApp 
                ({ ../../hackage-packages/mighttpd-0.4.3/Parsec.hs:35:10 }
                 Just (Ann (DP (0,0)) (ColDelta 10) DP (0,0) [] [((G AnnVal),DP (0,0))])
                 (HsVar 
                  (Unqual {OccName: m}))) 
                ({ ../../hackage-packages/mighttpd-0.4.3/Parsec.hs:35:12-13 }
                 Just (Ann (DP (0,1)) (ColDelta 12) DP (0,1) [] [((G AnnVal),DP (0,0))])
                 (HsVar 
                  (Unqual {OccName: >>}))) 
                (PlaceHolder) 
                ({ ../../hackage-packages/mighttpd-0.4.3/Parsec.hs:35:15-22 }
                 Just (Ann (DP (0,1)) (ColDelta 15) DP (0,1) [] [])
                 (HsApp 
                  ({ ../../hackage-packages/mighttpd-0.4.3/Parsec.hs:35:15-20 }
                   Just (Ann (DP (0,0)) (ColDelta 15) DP (0,0) [] [((G AnnVal),DP (0,0))])
                   (HsVar 
                    (Unqual {OccName: return}))) 
                  ({ ../../hackage-packages/mighttpd-0.4.3/Parsec.hs:35:22 }
                   Just (Ann (DP (0,1)) (ColDelta 22) DP (0,1) [] [((G AnnVal),DP (0,0))])
                   (HsVar 
                    (Unqual {OccName: a})))))))))] 
           (EmptyLocalBinds))))] 
       [] 
       (PlaceHolder) 
       (FromSource)) 
      (WpHole) 
      (PlaceHolder) 
      []))),
   ({ ../../hackage-packages/mighttpd-0.4.3/Parsec.hs:37:1-44 }
    Just (Ann (DP (2,1)) (ColDelta 1) DP (2,1) [] [((G AnnDcolon),DP (0,1))])
    (SigD 
     (TypeSig 
      [
       ({ ../../hackage-packages/mighttpd-0.4.3/Parsec.hs:37:1-5 }
        Just (Ann (DP (0,0)) (ColDelta 1) DP (0,0) [] [((G AnnOpenP),DP (0,0)),((G AnnVal),DP (0,0)),((G AnnCloseP),DP (0,0))])
        (Unqual {OccName: <*>}))] 
      ({ ../../hackage-packages/mighttpd-0.4.3/Parsec.hs:37:10-44 }
       Just (Ann (DP (0,1)) (ColDelta 10) DP (0,1) [] [])
       (HsForAllTy 
        (Implicit) 
        (Nothing) 
        (HsQTvs 
         [] 
         []) 
        ({ ../../hackage-packages/mighttpd-0.4.3/Parsec.hs:37:10-16 }
         Just (Ann (DP (0,0)) (ColDelta 10) DP (0,0) [] [((G AnnDarrow),DP (0,1))])
         [
          ({ ../../hackage-packages/mighttpd-0.4.3/Parsec.hs:37:10-16 }
           Just (Ann (DP (0,0)) (ColDelta 10) DP (0,0) [] [])
           (HsAppTy 
            ({ ../../hackage-packages/mighttpd-0.4.3/Parsec.hs:37:10-14 }
             Just (Ann (DP (0,0)) (ColDelta 10) DP (0,0) [] [((G AnnVal),DP (0,0))])
             (HsTyVar 
              (Unqual {OccName: Monad}))) 
            ({ ../../hackage-packages/mighttpd-0.4.3/Parsec.hs:37:16 }
             Just (Ann (DP (0,1)) (ColDelta 16) DP (0,1) [] [((G AnnVal),DP (0,0))])
             (HsTyVar 
              (Unqual {OccName: m})))))]) 
        ({ ../../hackage-packages/mighttpd-0.4.3/Parsec.hs:37:21-44 }
         Just (Ann (DP (0,1)) (ColDelta 21) DP (0,1) [] [((G AnnRarrow),DP (0,1))])
         (HsFunTy 
          ({ ../../hackage-packages/mighttpd-0.4.3/Parsec.hs:37:21-30 }
           Just (Ann (DP (0,0)) (ColDelta 21) DP (0,0) [] [])
           (HsAppTy 
            ({ ../../hackage-packages/mighttpd-0.4.3/Parsec.hs:37:21 }
             Just (Ann (DP (0,0)) (ColDelta 21) DP (0,0) [] [((G AnnVal),DP (0,0))])
             (HsTyVar 
              (Unqual {OccName: m}))) 
            ({ ../../hackage-packages/mighttpd-0.4.3/Parsec.hs:37:23-30 }
             Just (Ann (DP (0,1)) (ColDelta 23) DP (0,1) [] [((G AnnOpenP),DP (0,0)),((G AnnCloseP),DP (0,0))])
             (HsParTy 
              ({ ../../hackage-packages/mighttpd-0.4.3/Parsec.hs:37:24-29 }
               Just (Ann (DP (0,0)) (ColDelta 24) DP (0,0) [] [((G AnnRarrow),DP (0,1))])
               (HsFunTy 
                ({ ../../hackage-packages/mighttpd-0.4.3/Parsec.hs:37:24 }
                 Just (Ann (DP (0,0)) (ColDelta 24) DP (0,0) [] [((G AnnVal),DP (0,0))])
                 (HsTyVar 
                  (Unqual {OccName: a}))) 
                ({ ../../hackage-packages/mighttpd-0.4.3/Parsec.hs:37:29 }
                 Just (Ann (DP (0,1)) (ColDelta 29) DP (0,1) [] [((G AnnVal),DP (0,0))])
                 (HsTyVar 
                  (Unqual {OccName: b}))))))))) 
          ({ ../../hackage-packages/mighttpd-0.4.3/Parsec.hs:37:35-44 }
           Just (Ann (DP (0,1)) (ColDelta 35) DP (0,1) [] [((G AnnRarrow),DP (0,1))])
           (HsFunTy 
            ({ ../../hackage-packages/mighttpd-0.4.3/Parsec.hs:37:35-37 }
             Just (Ann (DP (0,0)) (ColDelta 35) DP (0,0) [] [])
             (HsAppTy 
              ({ ../../hackage-packages/mighttpd-0.4.3/Parsec.hs:37:35 }
               Just (Ann (DP (0,0)) (ColDelta 35) DP (0,0) [] [((G AnnVal),DP (0,0))])
               (HsTyVar 
                (Unqual {OccName: m}))) 
              ({ ../../hackage-packages/mighttpd-0.4.3/Parsec.hs:37:37 }
               Just (Ann (DP (0,1)) (ColDelta 37) DP (0,1) [] [((G AnnVal),DP (0,0))])
               (HsTyVar 
                (Unqual {OccName: a}))))) 
            ({ ../../hackage-packages/mighttpd-0.4.3/Parsec.hs:37:42-44 }
             Just (Ann (DP (0,1)) (ColDelta 42) DP (0,1) [] [])
             (HsAppTy 
              ({ ../../hackage-packages/mighttpd-0.4.3/Parsec.hs:37:42 }
               Just (Ann (DP (0,0)) (ColDelta 42) DP (0,0) [] [((G AnnVal),DP (0,0))])
               (HsTyVar 
                (Unqual {OccName: m}))) 
              ({ ../../hackage-packages/mighttpd-0.4.3/Parsec.hs:37:44 }
               Just (Ann (DP (0,1)) (ColDelta 44) DP (0,1) [] [((G AnnVal),DP (0,0))])
               (HsTyVar 
                (Unqual {OccName: b}))))))))))) 
      (PlaceHolder)))),
   ({ ../../hackage-packages/mighttpd-0.4.3/Parsec.hs:38:1-10 }
    Just (Ann (DP (1,1)) (ColDelta 1) DP (1,1) [] [])
    (ValD 
     (FunBind 
      ({ ../../hackage-packages/mighttpd-0.4.3/Parsec.hs:38:1-5 }
       Just (Ann (DP (0,0)) (ColDelta 1) DP (0,0) [] [((G AnnOpenP),DP (0,0)),((G AnnVal),DP (0,0)),((G AnnCloseP),DP (0,0))])
       (Unqual {OccName: <*>})) 
      (False) 
      (MG 
       [
        ({ ../../hackage-packages/mighttpd-0.4.3/Parsec.hs:38:1-10 }
         Just (Ann (DP (0,0)) (ColDelta 1) DP (0,0) [] [((G AnnEqual),DP (0,1))])
         (Match 
          (Just 
           ((,) 
            ({ ../../hackage-packages/mighttpd-0.4.3/Parsec.hs:38:1-5 }
             Just (Ann (DP (0,0)) (ColDelta 1) DP (0,0) [] [((G AnnOpenP),DP (0,0)),((G AnnVal),DP (0,0)),((G AnnCloseP),DP (0,0))])
             (Unqual {OccName: <*>})) 
            (False))) 
          [] 
          (Nothing) 
          (GRHSs 
           [
            ({ ../../hackage-packages/mighttpd-0.4.3/Parsec.hs:38:7-10 }
             Just (Ann (DP (0,-1)) (ColDelta 7) DP (0,-1) [] [])
             (GRHS 
              [] 
              ({ ../../hackage-packages/mighttpd-0.4.3/Parsec.hs:38:9-10 }
               Just (Ann (DP (0,1)) (ColDelta 9) DP (0,1) [] [((G AnnVal),DP (0,0))])
               (HsVar 
                (Unqual {OccName: ap})))))] 
           (EmptyLocalBinds))))] 
       [] 
       (PlaceHolder) 
       (FromSource)) 
      (WpHole) 
      (PlaceHolder) 
      []))),
   ({ ../../hackage-packages/mighttpd-0.4.3/Parsec.hs:40:1-36 }
    Just (Ann (DP (2,1)) (ColDelta 1) DP (2,1) [] [((G AnnDcolon),DP (0,1))])
    (SigD 
     (TypeSig 
      [
       ({ ../../hackage-packages/mighttpd-0.4.3/Parsec.hs:40:1-4 }
        Just (Ann (DP (0,0)) (ColDelta 1) DP (0,0) [] [((G AnnOpenP),DP (0,0)),((G AnnVal),DP (0,0)),((G AnnCloseP),DP (0,0))])
        (Unqual {OccName: *>}))] 
      ({ ../../hackage-packages/mighttpd-0.4.3/Parsec.hs:40:9-36 }
       Just (Ann (DP (0,1)) (ColDelta 9) DP (0,1) [] [])
       (HsForAllTy 
        (Implicit) 
        (Nothing) 
        (HsQTvs 
         [] 
         []) 
        ({ ../../hackage-packages/mighttpd-0.4.3/Parsec.hs:40:9-15 }
         Just (Ann (DP (0,0)) (ColDelta 9) DP (0,0) [] [((G AnnDarrow),DP (0,1))])
         [
          ({ ../../hackage-packages/mighttpd-0.4.3/Parsec.hs:40:9-15 }
           Just (Ann (DP (0,0)) (ColDelta 9) DP (0,0) [] [])
           (HsAppTy 
            ({ ../../hackage-packages/mighttpd-0.4.3/Parsec.hs:40:9-13 }
             Just (Ann (DP (0,0)) (ColDelta 9) DP (0,0) [] [((G AnnVal),DP (0,0))])
             (HsTyVar 
              (Unqual {OccName: Monad}))) 
            ({ ../../hackage-packages/mighttpd-0.4.3/Parsec.hs:40:15 }
             Just (Ann (DP (0,1)) (ColDelta 15) DP (0,1) [] [((G AnnVal),DP (0,0))])
             (HsTyVar 
              (Unqual {OccName: m})))))]) 
        ({ ../../hackage-packages/mighttpd-0.4.3/Parsec.hs:40:20-36 }
         Just (Ann (DP (0,1)) (ColDelta 20) DP (0,1) [] [((G AnnRarrow),DP (0,1))])
         (HsFunTy 
          ({ ../../hackage-packages/mighttpd-0.4.3/Parsec.hs:40:20-22 }
           Just (Ann (DP (0,0)) (ColDelta 20) DP (0,0) [] [])
           (HsAppTy 
            ({ ../../hackage-packages/mighttpd-0.4.3/Parsec.hs:40:20 }
             Just (Ann (DP (0,0)) (ColDelta 20) DP (0,0) [] [((G AnnVal),DP (0,0))])
             (HsTyVar 
              (Unqual {OccName: m}))) 
            ({ ../../hackage-packages/mighttpd-0.4.3/Parsec.hs:40:22 }
             Just (Ann (DP (0,1)) (ColDelta 22) DP (0,1) [] [((G AnnVal),DP (0,0))])
             (HsTyVar 
              (Unqual {OccName: a}))))) 
          ({ ../../hackage-packages/mighttpd-0.4.3/Parsec.hs:40:27-36 }
           Just (Ann (DP (0,1)) (ColDelta 27) DP (0,1) [] [((G AnnRarrow),DP (0,1))])
           (HsFunTy 
            ({ ../../hackage-packages/mighttpd-0.4.3/Parsec.hs:40:27-29 }
             Just (Ann (DP (0,0)) (ColDelta 27) DP (0,0) [] [])
             (HsAppTy 
              ({ ../../hackage-packages/mighttpd-0.4.3/Parsec.hs:40:27 }
               Just (Ann (DP (0,0)) (ColDelta 27) DP (0,0) [] [((G AnnVal),DP (0,0))])
               (HsTyVar 
                (Unqual {OccName: m}))) 
              ({ ../../hackage-packages/mighttpd-0.4.3/Parsec.hs:40:29 }
               Just (Ann (DP (0,1)) (ColDelta 29) DP (0,1) [] [((G AnnVal),DP (0,0))])
               (HsTyVar 
                (Unqual {OccName: b}))))) 
            ({ ../../hackage-packages/mighttpd-0.4.3/Parsec.hs:40:34-36 }
             Just (Ann (DP (0,1)) (ColDelta 34) DP (0,1) [] [])
             (HsAppTy 
              ({ ../../hackage-packages/mighttpd-0.4.3/Parsec.hs:40:34 }
               Just (Ann (DP (0,0)) (ColDelta 34) DP (0,0) [] [((G AnnVal),DP (0,0))])
               (HsTyVar 
                (Unqual {OccName: m}))) 
              ({ ../../hackage-packages/mighttpd-0.4.3/Parsec.hs:40:36 }
               Just (Ann (DP (0,1)) (ColDelta 36) DP (0,1) [] [((G AnnVal),DP (0,0))])
               (HsTyVar 
                (Unqual {OccName: b}))))))))))) 
      (PlaceHolder)))),
   ({ ../../hackage-packages/mighttpd-0.4.3/Parsec.hs:41:1-11 }
    Just (Ann (DP (1,1)) (ColDelta 1) DP (1,1) [] [])
    (ValD 
     (FunBind 
      ({ ../../hackage-packages/mighttpd-0.4.3/Parsec.hs:41:1-4 }
       Just (Ann (DP (0,0)) (ColDelta 1) DP (0,0) [] [((G AnnOpenP),DP (0,0)),((G AnnVal),DP (0,0)),((G AnnCloseP),DP (0,0))])
       (Unqual {OccName: *>})) 
      (False) 
      (MG 
       [
        ({ ../../hackage-packages/mighttpd-0.4.3/Parsec.hs:41:1-11 }
         Just (Ann (DP (0,0)) (ColDelta 1) DP (0,0) [] [((G AnnEqual),DP (0,1))])
         (Match 
          (Just 
           ((,) 
            ({ ../../hackage-packages/mighttpd-0.4.3/Parsec.hs:41:1-4 }
             Just (Ann (DP (0,0)) (ColDelta 1) DP (0,0) [] [((G AnnOpenP),DP (0,0)),((G AnnVal),DP (0,0)),((G AnnCloseP),DP (0,0))])
             (Unqual {OccName: *>})) 
            (False))) 
          [] 
          (Nothing) 
          (GRHSs 
           [
            ({ ../../hackage-packages/mighttpd-0.4.3/Parsec.hs:41:6-11 }
             Just (Ann (DP (0,-1)) (ColDelta 6) DP (0,-1) [] [])
             (GRHS 
              [] 
              ({ ../../hackage-packages/mighttpd-0.4.3/Parsec.hs:41:8-11 }
               Just (Ann (DP (0,1)) (ColDelta 8) DP (0,1) [] [((G AnnOpenP),DP (0,0)),((G AnnVal),DP (0,0)),((G AnnCloseP),DP (0,0))])
               (HsVar 
                (Unqual {OccName: >>})))))] 
           (EmptyLocalBinds))))] 
       [] 
       (PlaceHolder) 
       (FromSource)) 
      (WpHole) 
      (PlaceHolder) 
      []))),
   ({ ../../hackage-packages/mighttpd-0.4.3/Parsec.hs:43:1-36 }
    Just (Ann (DP (2,1)) (ColDelta 1) DP (2,1) [] [((G AnnDcolon),DP (0,1))])
    (SigD 
     (TypeSig 
      [
       ({ ../../hackage-packages/mighttpd-0.4.3/Parsec.hs:43:1-4 }
        Just (Ann (DP (0,0)) (ColDelta 1) DP (0,0) [] [((G AnnOpenP),DP (0,0)),((G AnnVal),DP (0,0)),((G AnnCloseP),DP (0,0))])
        (Unqual {OccName: <*}))] 
      ({ ../../hackage-packages/mighttpd-0.4.3/Parsec.hs:43:9-36 }
       Just (Ann (DP (0,1)) (ColDelta 9) DP (0,1) [] [])
       (HsForAllTy 
        (Implicit) 
        (Nothing) 
        (HsQTvs 
         [] 
         []) 
        ({ ../../hackage-packages/mighttpd-0.4.3/Parsec.hs:43:9-15 }
         Just (Ann (DP (0,0)) (ColDelta 9) DP (0,0) [] [((G AnnDarrow),DP (0,1))])
         [
          ({ ../../hackage-packages/mighttpd-0.4.3/Parsec.hs:43:9-15 }
           Just (Ann (DP (0,0)) (ColDelta 9) DP (0,0) [] [])
           (HsAppTy 
            ({ ../../hackage-packages/mighttpd-0.4.3/Parsec.hs:43:9-13 }
             Just (Ann (DP (0,0)) (ColDelta 9) DP (0,0) [] [((G AnnVal),DP (0,0))])
             (HsTyVar 
              (Unqual {OccName: Monad}))) 
            ({ ../../hackage-packages/mighttpd-0.4.3/Parsec.hs:43:15 }
             Just (Ann (DP (0,1)) (ColDelta 15) DP (0,1) [] [((G AnnVal),DP (0,0))])
             (HsTyVar 
              (Unqual {OccName: m})))))]) 
        ({ ../../hackage-packages/mighttpd-0.4.3/Parsec.hs:43:20-36 }
         Just (Ann (DP (0,1)) (ColDelta 20) DP (0,1) [] [((G AnnRarrow),DP (0,1))])
         (HsFunTy 
          ({ ../../hackage-packages/mighttpd-0.4.3/Parsec.hs:43:20-22 }
           Just (Ann (DP (0,0)) (ColDelta 20) DP (0,0) [] [])
           (HsAppTy 
            ({ ../../hackage-packages/mighttpd-0.4.3/Parsec.hs:43:20 }
             Just (Ann (DP (0,0)) (ColDelta 20) DP (0,0) [] [((G AnnVal),DP (0,0))])
             (HsTyVar 
              (Unqual {OccName: m}))) 
            ({ ../../hackage-packages/mighttpd-0.4.3/Parsec.hs:43:22 }
             Just (Ann (DP (0,1)) (ColDelta 22) DP (0,1) [] [((G AnnVal),DP (0,0))])
             (HsTyVar 
              (Unqual {OccName: a}))))) 
          ({ ../../hackage-packages/mighttpd-0.4.3/Parsec.hs:43:27-36 }
           Just (Ann (DP (0,1)) (ColDelta 27) DP (0,1) [] [((G AnnRarrow),DP (0,1))])
           (HsFunTy 
            ({ ../../hackage-packages/mighttpd-0.4.3/Parsec.hs:43:27-29 }
             Just (Ann (DP (0,0)) (ColDelta 27) DP (0,0) [] [])
             (HsAppTy 
              ({ ../../hackage-packages/mighttpd-0.4.3/Parsec.hs:43:27 }
               Just (Ann (DP (0,0)) (ColDelta 27) DP (0,0) [] [((G AnnVal),DP (0,0))])
               (HsTyVar 
                (Unqual {OccName: m}))) 
              ({ ../../hackage-packages/mighttpd-0.4.3/Parsec.hs:43:29 }
               Just (Ann (DP (0,1)) (ColDelta 29) DP (0,1) [] [((G AnnVal),DP (0,0))])
               (HsTyVar 
                (Unqual {OccName: b}))))) 
            ({ ../../hackage-packages/mighttpd-0.4.3/Parsec.hs:43:34-36 }
             Just (Ann (DP (0,1)) (ColDelta 34) DP (0,1) [] [])
             (HsAppTy 
              ({ ../../hackage-packages/mighttpd-0.4.3/Parsec.hs:43:34 }
               Just (Ann (DP (0,0)) (ColDelta 34) DP (0,0) [] [((G AnnVal),DP (0,0))])
               (HsTyVar 
                (Unqual {OccName: m}))) 
              ({ ../../hackage-packages/mighttpd-0.4.3/Parsec.hs:43:36 }
               Just (Ann (DP (0,1)) (ColDelta 36) DP (0,1) [] [((G AnnVal),DP (0,0))])
               (HsTyVar 
                (Unqual {OccName: a}))))))))))) 
      (PlaceHolder)))),
   ({ ../../hackage-packages/mighttpd-0.4.3/Parsec.hs:(44,1)-(46,22) }
    Just (Ann (DP (1,1)) (ColDelta 1) DP (1,1) [] [])
    (ValD 
     (FunBind 
      ({ ../../hackage-packages/mighttpd-0.4.3/Parsec.hs:44:4-5 }
       Just (Ann (DP (0,1)) (ColDelta 4) DP (0,1) [] [((G AnnVal),DP (0,0))])
       (Unqual {OccName: <*})) 
      (True) 
      (MG 
       [
        ({ ../../hackage-packages/mighttpd-0.4.3/Parsec.hs:(44,1)-(46,22) }
         Just (Ann (DP (0,0)) (ColDelta 1) DP (0,0) [] [((G AnnEqual),DP (0,1))])
         (Match 
          (Just 
           ((,) 
            ({ ../../hackage-packages/mighttpd-0.4.3/Parsec.hs:44:4-5 }
             Just (Ann (DP (0,1)) (ColDelta 4) DP (0,1) [] [((G AnnVal),DP (0,0))])
             (Unqual {OccName: <*})) 
            (True))) 
          [
           ({ ../../hackage-packages/mighttpd-0.4.3/Parsec.hs:44:1-2 }
            Just (Ann (DP (0,0)) (ColDelta 1) DP (0,0) [] [((G AnnVal),DP (0,0))])
            (VarPat 
             (Unqual {OccName: m1}))),
           ({ ../../hackage-packages/mighttpd-0.4.3/Parsec.hs:44:7-8 }
            Just (Ann (DP (0,1)) (ColDelta 7) DP (0,1) [] [((G AnnVal),DP (0,0))])
            (VarPat 
             (Unqual {OccName: m2})))] 
          (Nothing) 
          (GRHSs 
           [
            ({ ../../hackage-packages/mighttpd-0.4.3/Parsec.hs:(44,10)-(46,22) }
             Just (Ann (DP (0,-1)) (ColDelta 10) DP (0,-1) [] [])
             (GRHS 
              [] 
              ({ ../../hackage-packages/mighttpd-0.4.3/Parsec.hs:(44,12)-(46,22) }
               Just (Ann (DP (0,1)) (ColDelta 12) DP (0,1) [] [((G AnnDo),DP (0,0)),((AnnList ../../hackage-packages/mighttpd-0.4.3/Parsec.hs:(44,15)-(46,22) Ref "delta-1"),DP (0,0))])
               (HsDo 
                (DoExpr) 
                [
                 ({ ../../hackage-packages/mighttpd-0.4.3/Parsec.hs:44:15-21 }
                  Just (Ann (DP (0,0)) (ColDelta 0) DP (0,0) [] [((G AnnLarrow),DP (0,1))])
                  (BindStmt 
                   ({ ../../hackage-packages/mighttpd-0.4.3/Parsec.hs:44:15 }
                    Just (Ann (DP (0,0)) (ColDelta 0) DP (0,0) [] [((G AnnVal),DP (0,0))])
                    (VarPat 
                     (Unqual {OccName: x}))) 
                   ({ ../../hackage-packages/mighttpd-0.4.3/Parsec.hs:44:20-21 }
                    Just (Ann (DP (0,1)) (ColDelta 5) DP (0,1) [] [((G AnnVal),DP (0,0))])
                    (HsVar 
                     (Unqual {OccName: m1}))) 
                   (HsLit 
                    (HsString "" {FastString: "noSyntaxExpr"})) 
                   (HsLit 
                    (HsString "" {FastString: "noSyntaxExpr"})))),
                 ({ ../../hackage-packages/mighttpd-0.4.3/Parsec.hs:45:15-16 }
                  Just (Ann (DP (1,0)) (ColDelta 0) DP (1,0) [] [])
                  (BodyStmt 
                   ({ ../../hackage-packages/mighttpd-0.4.3/Parsec.hs:45:15-16 }
                    Just (Ann (DP (0,0)) (ColDelta 0) DP (0,0) [] [((G AnnVal),DP (0,0))])
                    (HsVar 
                     (Unqual {OccName: m2}))) 
                   (HsLit 
                    (HsString "" {FastString: "noSyntaxExpr"})) 
                   (HsLit 
                    (HsString "" {FastString: "noSyntaxExpr"})) 
                   (PlaceHolder))),
                 ({ ../../hackage-packages/mighttpd-0.4.3/Parsec.hs:46:15-22 }
                  Just (Ann (DP (1,0)) (ColDelta 0) DP (1,0) [] [])
                  (BodyStmt 
                   ({ ../../hackage-packages/mighttpd-0.4.3/Parsec.hs:46:15-22 }
                    Just (Ann (DP (0,0)) (ColDelta 0) DP (0,0) [] [])
                    (HsApp 
                     ({ ../../hackage-packages/mighttpd-0.4.3/Parsec.hs:46:15-20 }
                      Just (Ann (DP (0,0)) (ColDelta 0) DP (0,0) [] [((G AnnVal),DP (0,0))])
                      (HsVar 
                       (Unqual {OccName: return}))) 
                     ({ ../../hackage-packages/mighttpd-0.4.3/Parsec.hs:46:22 }
                      Just (Ann (DP (0,1)) (ColDelta 7) DP (0,1) [] [((G AnnVal),DP (0,0))])
                      (HsVar 
                       (Unqual {OccName: x}))))) 
                   (HsLit 
                    (HsString "" {FastString: "noSyntaxExpr"})) 
                   (HsLit 
                    (HsString "" {FastString: "noSyntaxExpr"})) 
                   (PlaceHolder)))] 
                (PlaceHolder)))))] 
           (EmptyLocalBinds))))] 
       [] 
       (PlaceHolder) 
       (FromSource)) 
      (WpHole) 
      (PlaceHolder) 
      []))),
   ({ ../../hackage-packages/mighttpd-0.4.3/Parsec.hs:48:1-27 }
    Just (Ann (DP (2,1)) (ColDelta 1) DP (2,1) [] [((G AnnDcolon),DP (0,1))])
    (SigD 
     (TypeSig 
      [
       ({ ../../hackage-packages/mighttpd-0.4.3/Parsec.hs:48:1-4 }
        Just (Ann (DP (0,0)) (ColDelta 1) DP (0,0) [] [((G AnnVal),DP (0,0))])
        (Unqual {OccName: pure}))] 
      ({ ../../hackage-packages/mighttpd-0.4.3/Parsec.hs:48:9-27 }
       Just (Ann (DP (0,1)) (ColDelta 9) DP (0,1) [] [])
       (HsForAllTy 
        (Implicit) 
        (Nothing) 
        (HsQTvs 
         [] 
         []) 
        ({ ../../hackage-packages/mighttpd-0.4.3/Parsec.hs:48:9-15 }
         Just (Ann (DP (0,0)) (ColDelta 9) DP (0,0) [] [((G AnnDarrow),DP (0,1))])
         [
          ({ ../../hackage-packages/mighttpd-0.4.3/Parsec.hs:48:9-15 }
           Just (Ann (DP (0,0)) (ColDelta 9) DP (0,0) [] [])
           (HsAppTy 
            ({ ../../hackage-packages/mighttpd-0.4.3/Parsec.hs:48:9-13 }
             Just (Ann (DP (0,0)) (ColDelta 9) DP (0,0) [] [((G AnnVal),DP (0,0))])
             (HsTyVar 
              (Unqual {OccName: Monad}))) 
            ({ ../../hackage-packages/mighttpd-0.4.3/Parsec.hs:48:15 }
             Just (Ann (DP (0,1)) (ColDelta 15) DP (0,1) [] [((G AnnVal),DP (0,0))])
             (HsTyVar 
              (Unqual {OccName: m})))))]) 
        ({ ../../hackage-packages/mighttpd-0.4.3/Parsec.hs:48:20-27 }
         Just (Ann (DP (0,1)) (ColDelta 20) DP (0,1) [] [((G AnnRarrow),DP (0,1))])
         (HsFunTy 
          ({ ../../hackage-packages/mighttpd-0.4.3/Parsec.hs:48:20 }
           Just (Ann (DP (0,0)) (ColDelta 20) DP (0,0) [] [((G AnnVal),DP (0,0))])
           (HsTyVar 
            (Unqual {OccName: a}))) 
          ({ ../../hackage-packages/mighttpd-0.4.3/Parsec.hs:48:25-27 }
           Just (Ann (DP (0,1)) (ColDelta 25) DP (0,1) [] [])
           (HsAppTy 
            ({ ../../hackage-packages/mighttpd-0.4.3/Parsec.hs:48:25 }
             Just (Ann (DP (0,0)) (ColDelta 25) DP (0,0) [] [((G AnnVal),DP (0,0))])
             (HsTyVar 
              (Unqual {OccName: m}))) 
            ({ ../../hackage-packages/mighttpd-0.4.3/Parsec.hs:48:27 }
             Just (Ann (DP (0,1)) (ColDelta 27) DP (0,1) [] [((G AnnVal),DP (0,0))])
             (HsTyVar 
              (Unqual {OccName: a}))))))))) 
      (PlaceHolder)))),
   ({ ../../hackage-packages/mighttpd-0.4.3/Parsec.hs:49:1-13 }
    Just (Ann (DP (1,1)) (ColDelta 1) DP (1,1) [] [])
    (ValD 
     (FunBind 
      ({ ../../hackage-packages/mighttpd-0.4.3/Parsec.hs:49:1-4 }
       Just (Ann (DP (0,0)) (ColDelta 1) DP (0,0) [] [((G AnnVal),DP (0,0))])
       (Unqual {OccName: pure})) 
      (False) 
      (MG 
       [
        ({ ../../hackage-packages/mighttpd-0.4.3/Parsec.hs:49:1-13 }
         Just (Ann (DP (0,0)) (ColDelta 1) DP (0,0) [] [((G AnnEqual),DP (0,1))])
         (Match 
          (Just 
           ((,) 
            ({ ../../hackage-packages/mighttpd-0.4.3/Parsec.hs:49:1-4 }
             Just (Ann (DP (0,0)) (ColDelta 1) DP (0,0) [] [((G AnnVal),DP (0,0))])
             (Unqual {OccName: pure})) 
            (False))) 
          [] 
          (Nothing) 
          (GRHSs 
           [
            ({ ../../hackage-packages/mighttpd-0.4.3/Parsec.hs:49:6-13 }
             Just (Ann (DP (0,-1)) (ColDelta 6) DP (0,-1) [] [])
             (GRHS 
              [] 
              ({ ../../hackage-packages/mighttpd-0.4.3/Parsec.hs:49:8-13 }
               Just (Ann (DP (0,1)) (ColDelta 8) DP (0,1) [] [((G AnnVal),DP (0,0))])
               (HsVar 
                (Unqual {OccName: return})))))] 
           (EmptyLocalBinds))))] 
       [] 
       (PlaceHolder) 
       (FromSource)) 
      (WpHole) 
      (PlaceHolder) 
      []))),
   ({ ../../hackage-packages/mighttpd-0.4.3/Parsec.hs:51:1-29 }
    Just (Ann (DP (2,1)) (ColDelta 1) DP (2,1) [] [((G AnnInfix),DP (0,0)),((G AnnVal),DP (0,1))])
    (SigD 
     (FixSig 
      (FixitySig 
       [
        ({ ../../hackage-packages/mighttpd-0.4.3/Parsec.hs:51:10-12 }
         Just (Ann (DP (0,1)) (ColDelta 10) DP (0,1) [] [((G AnnVal),DP (0,0)),((G AnnComma),DP (0,0))])
         (Unqual {OccName: <$>})),
        ({ ../../hackage-packages/mighttpd-0.4.3/Parsec.hs:51:15-16 }
         Just (Ann (DP (0,1)) (ColDelta 15) DP (0,1) [] [((G AnnVal),DP (0,0)),((G AnnComma),DP (0,0))])
         (Unqual {OccName: <$})),
        ({ ../../hackage-packages/mighttpd-0.4.3/Parsec.hs:51:19-21 }
         Just (Ann (DP (0,1)) (ColDelta 19) DP (0,1) [] [((G AnnVal),DP (0,0)),((G AnnComma),DP (0,0))])
         (Unqual {OccName: <*>})),
        ({ ../../hackage-packages/mighttpd-0.4.3/Parsec.hs:51:24-25 }
         Just (Ann (DP (0,1)) (ColDelta 24) DP (0,1) [] [((G AnnVal),DP (0,0)),((G AnnComma),DP (0,0))])
         (Unqual {OccName: <*})),
        ({ ../../hackage-packages/mighttpd-0.4.3/Parsec.hs:51:28-29 }
         Just (Ann (DP (0,1)) (ColDelta 28) DP (0,1) [] [((G AnnVal),DP (0,0))])
         (Unqual {OccName: *>}))] {Fixity: infixl 4}))))] 
  (Nothing) 
  (Nothing)))
==============
[(AnnKey ../../hackage-packages/mighttpd-0.4.3/Parsec.hs:1:1 CN "HsModule" NotNeeded,
  (Ann (DP (0,0)) (ColDelta 1) DP (0,0) [] [((AnnComment DComment (DP (0,0),DP (0,20)) "{-# LANGUAGE CPP #-}" Nothing),DP (0,0)),((AnnComment DComment (DP (2,1),DP (2,26)) "#ifndef MIN_VERSION_parsec" Nothing),DP (2,1)),((AnnComment DComment (DP (1,1),DP (1,35)) "#define MIN_VERSION_parsec(x,y,z) 0" Nothing),DP (1,1)),((AnnComment DComment (DP (1,1),DP (1,6)) "#endif" Nothing),DP (1,1)),((AnnComment DComment (DP (2,1),DP (2,29)) "#if MIN_VERSION_parsec(3,0,0)" Nothing),DP (2,1)),((AnnComment DComment (DP (1,1),DP (1,7)) "module" Nothing),DP (1,1)),((AnnComment DComment (DP (0,1),DP (0,7)) "Parsec" Nothing),DP (0,1)),((AnnComment DComment (DP (0,1),DP (0,2)) "(" Nothing),DP (0,1)),((AnnComment DComment (DP (1,7),DP (1,13)) "module" Nothing),DP (1,7)),((AnnComment DComment (DP (0,1),DP (0,20)) "Control.Applicative" Nothing),DP (0,1)),((AnnComment DComment (DP (1,5),DP (1,6)) "," Nothing),DP (1,5)),((AnnComment DComment (DP (0,1),DP (0,7)) "module" Nothing),DP (0,1)),((AnnComment DComment (DP (0,1),DP (0,12)) "Text.Parsec" Nothing),DP (0,1)),((AnnComment DComment (DP (1,5),DP (1,6)) "," Nothing),DP (1,5)),((AnnComment DComment (DP (0,1),DP (0,7)) "module" Nothing),DP (0,1)),((AnnComment DComment (DP (0,1),DP (0,19)) "Text.Parsec.String" Nothing),DP (0,1)),((AnnComment DComment (DP (1,5),DP (1,6)) ")" Nothing),DP (1,5)),((AnnComment DComment (DP (0,1),DP (0,6)) "where" Nothing),DP (0,1)),((AnnComment DComment (DP (2,1),DP (2,1)) "" Nothing),DP (2,1)),((AnnComment DComment (DP (0,0),DP (0,6)) "import" Nothing),DP (0,0)),((AnnComment DComment (DP (0,1),DP (0,20)) "Control.Applicative" Nothing),DP (0,1)),((AnnComment DComment (DP (0,1),DP (0,7)) "hiding" Nothing),DP (0,1)),((AnnComment DComment (DP (0,1),DP (0,2)) "(" Nothing),DP (0,1)),((AnnComment DComment (DP (0,0),DP (0,4)) "many" Nothing),DP (0,0)),((AnnComment DComment (DP (0,0),DP (0,1)) "," Nothing),DP (0,0)),((AnnComment DComment (DP (0,0),DP (0,8)) "optional" Nothing),DP (0,0)),((AnnComment DComment (DP (0,0),DP (0,1)) "," Nothing),DP (0,0)),((AnnComment DComment (DP (0,0),DP (0,1)) "(" Nothing),DP (0,0)),((AnnComment DComment (DP (0,0),DP (0,3)) "<|>" Nothing),DP (0,0)),((AnnComment DComment (DP (0,0),DP (0,1)) ")" Nothing),DP (0,0)),((AnnComment DComment (DP (0,0),DP (0,1)) ")" Nothing),DP (0,0)),((AnnComment DComment (DP (1,1),DP (1,1)) "" Nothing),DP (1,1)),((AnnComment DComment (DP (0,0),DP (0,6)) "import" Nothing),DP (0,0)),((AnnComment DComment (DP (0,1),DP (0,12)) "Text.Parsec" Nothing),DP (0,1)),((AnnComment DComment (DP (1,1),DP (1,1)) "" Nothing),DP (1,1)),((AnnComment DComment (DP (0,0),DP (0,6)) "import" Nothing),DP (0,0)),((AnnComment DComment (DP (0,1),DP (0,19)) "Text.Parsec.String" Nothing),DP (0,1)),((AnnComment DComment (DP (1,1),DP (1,5)) "#else" Nothing),DP (1,1)),((G AnnModule),DP (17,1)),((AnnComment DComment (DP (0,-6),DP (0,-6)) "" Nothing),DP (0,-6)),((G AnnVal),DP (0,1)),((G AnnWhere),DP (0,1)),((AnnComment DComment (DP (1,1),DP (1,6)) "#endif" Nothing),DP (1,1)),((G AnnEofPos),DP (2,0))])),
 (AnnKey ../../hackage-packages/mighttpd-0.4.3/Parsec.hs:(18,15)-(21,5) CN "(:)" NotNeeded,
  (Ann (DP (0,1)) (ColDelta 15) DP (0,1) [] [((G AnnOpenP),DP (0,0)),((G AnnCloseP),DP (1,5))])),
 (AnnKey ../../hackage-packages/mighttpd-0.4.3/Parsec.hs:19:7-42 CN "IEModuleContents" NotNeeded,
  (Ann (DP (1,7)) (ColDelta 7) DP (1,7) [] [((G AnnModule),DP (0,0)),((G AnnVal),DP (0,1)),((G AnnComma),DP (1,5))])),
 (AnnKey ../../hackage-packages/mighttpd-0.4.3/Parsec.hs:20:7-11 CN "IEVar" NotNeeded,
  (Ann (DP (0,1)) (ColDelta 7) DP (0,1) [] [])),
 (AnnKey ../../hackage-packages/mighttpd-0.4.3/Parsec.hs:20:7-11 CN "Unqual" NotNeeded,
  (Ann (DP (0,0)) (ColDelta 7) DP (0,0) [] [((G AnnOpenP),DP (0,0)),((G AnnVal),DP (0,0)),((G AnnCloseP),DP (0,0)),((G AnnComma),DP (0,0))])),
 (AnnKey ../../hackage-packages/mighttpd-0.4.3/Parsec.hs:20:14-17 CN "IEVar" NotNeeded,
  (Ann (DP (0,1)) (ColDelta 14) DP (0,1) [] [])),
 (AnnKey ../../hackage-packages/mighttpd-0.4.3/Parsec.hs:20:14-17 CN "Unqual" NotNeeded,
  (Ann (DP (0,0)) (ColDelta 14) DP (0,0) [] [((G AnnOpenP),DP (0,0)),((G AnnVal),DP (0,0)),((G AnnCloseP),DP (0,0)),((G AnnComma),DP (0,0))])),
 (AnnKey ../../hackage-packages/mighttpd-0.4.3/Parsec.hs:20:20-24 CN "IEVar" NotNeeded,
  (Ann (DP (0,1)) (ColDelta 20) DP (0,1) [] [])),
 (AnnKey ../../hackage-packages/mighttpd-0.4.3/Parsec.hs:20:20-24 CN "Unqual" NotNeeded,
  (Ann (DP (0,0)) (ColDelta 20) DP (0,0) [] [((G AnnOpenP),DP (0,0)),((G AnnVal),DP (0,0)),((G AnnCloseP),DP (0,0)),((G AnnComma),DP (0,0))])),
 (AnnKey ../../hackage-packages/mighttpd-0.4.3/Parsec.hs:20:27-30 CN "IEVar" NotNeeded,
  (Ann (DP (0,1)) (ColDelta 27) DP (0,1) [] [])),
 (AnnKey ../../hackage-packages/mighttpd-0.4.3/Parsec.hs:20:27-30 CN "Unqual" NotNeeded,
  (Ann (DP (0,0)) (ColDelta 27) DP (0,0) [] [((G AnnOpenP),DP (0,0)),((G AnnVal),DP (0,0)),((G AnnCloseP),DP (0,0)),((G AnnComma),DP (0,0))])),
 (AnnKey ../../hackage-packages/mighttpd-0.4.3/Parsec.hs:20:33-36 CN "IEVar" NotNeeded,
  (Ann (DP (0,1)) (ColDelta 33) DP (0,1) [] [])),
 (AnnKey ../../hackage-packages/mighttpd-0.4.3/Parsec.hs:20:33-36 CN "Unqual" NotNeeded,
  (Ann (DP (0,0)) (ColDelta 33) DP (0,0) [] [((G AnnOpenP),DP (0,0)),((G AnnVal),DP (0,0)),((G AnnCloseP),DP (0,0)),((G AnnComma),DP (0,0))])),
 (AnnKey ../../hackage-packages/mighttpd-0.4.3/Parsec.hs:20:39-42 CN "IEVar" NotNeeded,
  (Ann (DP (0,1)) (ColDelta 39) DP (0,1) [] [])),
 (AnnKey ../../hackage-packages/mighttpd-0.4.3/Parsec.hs:20:39-42 CN "Unqual" NotNeeded,
  (Ann (DP (0,0)) (ColDelta 39) DP (0,0) [] [((G AnnVal),DP (0,0))])),
 (AnnKey ../../hackage-packages/mighttpd-0.4.3/Parsec.hs:23:1-32 CN "ImportDecl" NotNeeded,
  (Ann (DP (2,1)) (ColDelta 1) DP (2,1) [] [((G AnnImport),DP (0,0)),((G AnnVal),DP (0,1))])),
 (AnnKey ../../hackage-packages/mighttpd-0.4.3/Parsec.hs:23:22-32 CN "(:)" NotNeeded,
  (Ann (DP (0,1)) (ColDelta 22) DP (0,1) [] [((G AnnOpenP),DP (0,0)),((G AnnCloseP),DP (0,0))])),
 (AnnKey ../../hackage-packages/mighttpd-0.4.3/Parsec.hs:23:23-24 CN "IEVar" NotNeeded,
  (Ann (DP (0,0)) (ColDelta 23) DP (0,0) [] [])),
 (AnnKey ../../hackage-packages/mighttpd-0.4.3/Parsec.hs:23:23-24 CN "Unqual" NotNeeded,
  (Ann (DP (0,0)) (ColDelta 23) DP (0,0) [] [((G AnnVal),DP (0,0)),((G AnnComma),DP (0,0))])),
 (AnnKey ../../hackage-packages/mighttpd-0.4.3/Parsec.hs:23:27-31 CN "IEVar" NotNeeded,
  (Ann (DP (0,1)) (ColDelta 27) DP (0,1) [] [])),
 (AnnKey ../../hackage-packages/mighttpd-0.4.3/Parsec.hs:23:27-31 CN "Unqual" NotNeeded,
  (Ann (DP (0,0)) (ColDelta 27) DP (0,0) [] [((G AnnVal),DP (0,0))])),
 (AnnKey ../../hackage-packages/mighttpd-0.4.3/Parsec.hs:24:1-36 CN "ImportDecl" NotNeeded,
  (Ann (DP (1,1)) (ColDelta 1) DP (1,1) [] [((G AnnImport),DP (0,0)),((G AnnVal),DP (0,1))])),
 (AnnKey ../../hackage-packages/mighttpd-0.4.3/Parsec.hs:31:1-5 CN "Unqual" NotNeeded,
  (Ann (DP (0,0)) (ColDelta 1) DP (0,0) [] [((G AnnOpenP),DP (0,0)),((G AnnVal),DP (0,0)),((G AnnCloseP),DP (0,0))])),
 (AnnKey ../../hackage-packages/mighttpd-0.4.3/Parsec.hs:31:1-42 CN "SigD" NotNeeded,
  (Ann (DP (2,1)) (ColDelta 1) DP (7,1) [DComment (DP (2,1),DP (5,3)) "{-\n  GenParser cannot be an instance of Applicative and Alternative\n  due to the overlapping instances error, sigh!\n-}" Nothing] [((G AnnDcolon),DP (0,1))])),
 (AnnKey ../../hackage-packages/mighttpd-0.4.3/Parsec.hs:31:10-14 CN "HsTyVar" NotNeeded,
  (Ann (DP (0,0)) (ColDelta 10) DP (0,0) [] [((G AnnVal),DP (0,0))])),
 (AnnKey ../../hackage-packages/mighttpd-0.4.3/Parsec.hs:31:10-16 CN "(:)" NotNeeded,
  (Ann (DP (0,0)) (ColDelta 10) DP (0,0) [] [((G AnnDarrow),DP (0,1))])),
 (AnnKey ../../hackage-packages/mighttpd-0.4.3/Parsec.hs:31:10-16 CN "HsAppTy" NotNeeded,
  (Ann (DP (0,0)) (ColDelta 10) DP (0,0) [] [])),
 (AnnKey ../../hackage-packages/mighttpd-0.4.3/Parsec.hs:31:10-42 CN "HsForAllTy" NotNeeded,
  (Ann (DP (0,1)) (ColDelta 10) DP (0,1) [] [])),
 (AnnKey ../../hackage-packages/mighttpd-0.4.3/Parsec.hs:31:16 CN "HsTyVar" NotNeeded,
  (Ann (DP (0,1)) (ColDelta 16) DP (0,1) [] [((G AnnVal),DP (0,0))])),
 (AnnKey ../../hackage-packages/mighttpd-0.4.3/Parsec.hs:31:21-28 CN "HsParTy" NotNeeded,
  (Ann (DP (0,0)) (ColDelta 21) DP (0,0) [] [((G AnnOpenP),DP (0,0)),((G AnnCloseP),DP (0,0))])),
 (AnnKey ../../hackage-packages/mighttpd-0.4.3/Parsec.hs:31:21-42 CN "HsFunTy" NotNeeded,
  (Ann (DP (0,1)) (ColDelta 21) DP (0,1) [] [((G AnnRarrow),DP (0,1))])),
 (AnnKey ../../hackage-packages/mighttpd-0.4.3/Parsec.hs:31:22 CN "HsTyVar" NotNeeded,
  (Ann (DP (0,0)) (ColDelta 22) DP (0,0) [] [((G AnnVal),DP (0,0))])),
 (AnnKey ../../hackage-packages/mighttpd-0.4.3/Parsec.hs:31:22-27 CN "HsFunTy" NotNeeded,
  (Ann (DP (0,0)) (ColDelta 22) DP (0,0) [] [((G AnnRarrow),DP (0,1))])),
 (AnnKey ../../hackage-packages/mighttpd-0.4.3/Parsec.hs:31:27 CN "HsTyVar" NotNeeded,
  (Ann (DP (0,1)) (ColDelta 27) DP (0,1) [] [((G AnnVal),DP (0,0))])),
 (AnnKey ../../hackage-packages/mighttpd-0.4.3/Parsec.hs:31:33 CN "HsTyVar" NotNeeded,
  (Ann (DP (0,0)) (ColDelta 33) DP (0,0) [] [((G AnnVal),DP (0,0))])),
 (AnnKey ../../hackage-packages/mighttpd-0.4.3/Parsec.hs:31:33-35 CN "HsAppTy" NotNeeded,
  (Ann (DP (0,0)) (ColDelta 33) DP (0,0) [] [])),
 (AnnKey ../../hackage-packages/mighttpd-0.4.3/Parsec.hs:31:33-42 CN "HsFunTy" NotNeeded,
  (Ann (DP (0,1)) (ColDelta 33) DP (0,1) [] [((G AnnRarrow),DP (0,1))])),
 (AnnKey ../../hackage-packages/mighttpd-0.4.3/Parsec.hs:31:35 CN "HsTyVar" NotNeeded,
  (Ann (DP (0,1)) (ColDelta 35) DP (0,1) [] [((G AnnVal),DP (0,0))])),
 (AnnKey ../../hackage-packages/mighttpd-0.4.3/Parsec.hs:31:40 CN "HsTyVar" NotNeeded,
  (Ann (DP (0,0)) (ColDelta 40) DP (0,0) [] [((G AnnVal),DP (0,0))])),
 (AnnKey ../../hackage-packages/mighttpd-0.4.3/Parsec.hs:31:40-42 CN "HsAppTy" NotNeeded,
  (Ann (DP (0,1)) (ColDelta 40) DP (0,1) [] [])),
 (AnnKey ../../hackage-packages/mighttpd-0.4.3/Parsec.hs:31:42 CN "HsTyVar" NotNeeded,
  (Ann (DP (0,1)) (ColDelta 42) DP (0,1) [] [((G AnnVal),DP (0,0))])),
 (AnnKey ../../hackage-packages/mighttpd-0.4.3/Parsec.hs:32:1-5 CN "Unqual" NotNeeded,
  (Ann (DP (0,0)) (ColDelta 1) DP (0,0) [] [((G AnnOpenP),DP (0,0)),((G AnnVal),DP (0,0)),((G AnnCloseP),DP (0,0))])),
 (AnnKey ../../hackage-packages/mighttpd-0.4.3/Parsec.hs:32:1-13 CN "Match" NotNeeded,
  (Ann (DP (0,0)) (ColDelta 1) DP (0,0) [] [((G AnnEqual),DP (0,1))])),
 (AnnKey ../../hackage-packages/mighttpd-0.4.3/Parsec.hs:32:1-13 CN "ValD" NotNeeded,
  (Ann (DP (1,1)) (ColDelta 1) DP (1,1) [] [])),
 (AnnKey ../../hackage-packages/mighttpd-0.4.3/Parsec.hs:32:7-13 CN "GRHS" NotNeeded,
  (Ann (DP (0,-1)) (ColDelta 7) DP (0,-1) [] [])),
 (AnnKey ../../hackage-packages/mighttpd-0.4.3/Parsec.hs:32:9-13 CN "HsVar" NotNeeded,
  (Ann (DP (0,1)) (ColDelta 9) DP (0,1) [] [((G AnnVal),DP (0,0))])),
 (AnnKey ../../hackage-packages/mighttpd-0.4.3/Parsec.hs:34:1-4 CN "Unqual" NotNeeded,
  (Ann (DP (0,0)) (ColDelta 1) DP (0,0) [] [((G AnnOpenP),DP (0,0)),((G AnnVal),DP (0,0)),((G AnnCloseP),DP (0,0))])),
 (AnnKey ../../hackage-packages/mighttpd-0.4.3/Parsec.hs:34:1-34 CN "SigD" NotNeeded,
  (Ann (DP (2,1)) (ColDelta 1) DP (2,1) [] [((G AnnDcolon),DP (0,1))])),
 (AnnKey ../../hackage-packages/mighttpd-0.4.3/Parsec.hs:34:9-13 CN "HsTyVar" NotNeeded,
  (Ann (DP (0,0)) (ColDelta 9) DP (0,0) [] [((G AnnVal),DP (0,0))])),
 (AnnKey ../../hackage-packages/mighttpd-0.4.3/Parsec.hs:34:9-15 CN "(:)" NotNeeded,
  (Ann (DP (0,0)) (ColDelta 9) DP (0,0) [] [((G AnnDarrow),DP (0,1))])),
 (AnnKey ../../hackage-packages/mighttpd-0.4.3/Parsec.hs:34:9-15 CN "HsAppTy" NotNeeded,
  (Ann (DP (0,0)) (ColDelta 9) DP (0,0) [] [])),
 (AnnKey ../../hackage-packages/mighttpd-0.4.3/Parsec.hs:34:9-34 CN "HsForAllTy" NotNeeded,
  (Ann (DP (0,1)) (ColDelta 9) DP (0,1) [] [])),
 (AnnKey ../../hackage-packages/mighttpd-0.4.3/Parsec.hs:34:15 CN "HsTyVar" NotNeeded,
  (Ann (DP (0,1)) (ColDelta 15) DP (0,1) [] [((G AnnVal),DP (0,0))])),
 (AnnKey ../../hackage-packages/mighttpd-0.4.3/Parsec.hs:34:20 CN "HsTyVar" NotNeeded,
  (Ann (DP (0,0)) (ColDelta 20) DP (0,0) [] [((G AnnVal),DP (0,0))])),
 (AnnKey ../../hackage-packages/mighttpd-0.4.3/Parsec.hs:34:20-34 CN "HsFunTy" NotNeeded,
  (Ann (DP (0,1)) (ColDelta 20) DP (0,1) [] [((G AnnRarrow),DP (0,1))])),
 (AnnKey ../../hackage-packages/mighttpd-0.4.3/Parsec.hs:34:25 CN "HsTyVar" NotNeeded,
  (Ann (DP (0,0)) (ColDelta 25) DP (0,0) [] [((G AnnVal),DP (0,0))])),
 (AnnKey ../../hackage-packages/mighttpd-0.4.3/Parsec.hs:34:25-27 CN "HsAppTy" NotNeeded,
  (Ann (DP (0,0)) (ColDelta 25) DP (0,0) [] [])),
 (AnnKey ../../hackage-packages/mighttpd-0.4.3/Parsec.hs:34:25-34 CN "HsFunTy" NotNeeded,
  (Ann (DP (0,1)) (ColDelta 25) DP (0,1) [] [((G AnnRarrow),DP (0,1))])),
 (AnnKey ../../hackage-packages/mighttpd-0.4.3/Parsec.hs:34:27 CN "HsTyVar" NotNeeded,
  (Ann (DP (0,1)) (ColDelta 27) DP (0,1) [] [((G AnnVal),DP (0,0))])),
 (AnnKey ../../hackage-packages/mighttpd-0.4.3/Parsec.hs:34:32 CN "HsTyVar" NotNeeded,
  (Ann (DP (0,0)) (ColDelta 32) DP (0,0) [] [((G AnnVal),DP (0,0))])),
 (AnnKey ../../hackage-packages/mighttpd-0.4.3/Parsec.hs:34:32-34 CN "HsAppTy" NotNeeded,
  (Ann (DP (0,1)) (ColDelta 32) DP (0,1) [] [])),
 (AnnKey ../../hackage-packages/mighttpd-0.4.3/Parsec.hs:34:34 CN "HsTyVar" NotNeeded,
  (Ann (DP (0,1)) (ColDelta 34) DP (0,1) [] [((G AnnVal),DP (0,0))])),
 (AnnKey ../../hackage-packages/mighttpd-0.4.3/Parsec.hs:35:1 CN "VarPat" NotNeeded,
  (Ann (DP (0,0)) (ColDelta 1) DP (0,0) [] [((G AnnVal),DP (0,0))])),
 (AnnKey ../../hackage-packages/mighttpd-0.4.3/Parsec.hs:35:1-22 CN "Match" NotNeeded,
  (Ann (DP (0,0)) (ColDelta 1) DP (0,0) [] [((G AnnEqual),DP (0,1))])),
 (AnnKey ../../hackage-packages/mighttpd-0.4.3/Parsec.hs:35:1-22 CN "ValD" NotNeeded,
  (Ann (DP (1,1)) (ColDelta 1) DP (1,1) [] [])),
 (AnnKey ../../hackage-packages/mighttpd-0.4.3/Parsec.hs:35:3-4 CN "Unqual" NotNeeded,
  (Ann (DP (0,1)) (ColDelta 3) DP (0,1) [] [((G AnnVal),DP (0,0))])),
 (AnnKey ../../hackage-packages/mighttpd-0.4.3/Parsec.hs:35:6 CN "VarPat" NotNeeded,
  (Ann (DP (0,1)) (ColDelta 6) DP (0,1) [] [((G AnnVal),DP (0,0))])),
 (AnnKey ../../hackage-packages/mighttpd-0.4.3/Parsec.hs:35:8-22 CN "GRHS" NotNeeded,
  (Ann (DP (0,-1)) (ColDelta 8) DP (0,-1) [] [])),
 (AnnKey ../../hackage-packages/mighttpd-0.4.3/Parsec.hs:35:10 CN "HsVar" NotNeeded,
  (Ann (DP (0,0)) (ColDelta 10) DP (0,0) [] [((G AnnVal),DP (0,0))])),
 (AnnKey ../../hackage-packages/mighttpd-0.4.3/Parsec.hs:35:10-22 CN "OpApp" NotNeeded,
  (Ann (DP (0,1)) (ColDelta 10) DP (0,1) [] [])),
 (AnnKey ../../hackage-packages/mighttpd-0.4.3/Parsec.hs:35:12-13 CN "HsVar" NotNeeded,
  (Ann (DP (0,1)) (ColDelta 12) DP (0,1) [] [((G AnnVal),DP (0,0))])),
 (AnnKey ../../hackage-packages/mighttpd-0.4.3/Parsec.hs:35:15-20 CN "HsVar" NotNeeded,
  (Ann (DP (0,0)) (ColDelta 15) DP (0,0) [] [((G AnnVal),DP (0,0))])),
 (AnnKey ../../hackage-packages/mighttpd-0.4.3/Parsec.hs:35:15-22 CN "HsApp" NotNeeded,
  (Ann (DP (0,1)) (ColDelta 15) DP (0,1) [] [])),
 (AnnKey ../../hackage-packages/mighttpd-0.4.3/Parsec.hs:35:22 CN "HsVar" NotNeeded,
  (Ann (DP (0,1)) (ColDelta 22) DP (0,1) [] [((G AnnVal),DP (0,0))])),
 (AnnKey ../../hackage-packages/mighttpd-0.4.3/Parsec.hs:37:1-5 CN "Unqual" NotNeeded,
  (Ann (DP (0,0)) (ColDelta 1) DP (0,0) [] [((G AnnOpenP),DP (0,0)),((G AnnVal),DP (0,0)),((G AnnCloseP),DP (0,0))])),
 (AnnKey ../../hackage-packages/mighttpd-0.4.3/Parsec.hs:37:1-44 CN "SigD" NotNeeded,
  (Ann (DP (2,1)) (ColDelta 1) DP (2,1) [] [((G AnnDcolon),DP (0,1))])),
 (AnnKey ../../hackage-packages/mighttpd-0.4.3/Parsec.hs:37:10-14 CN "HsTyVar" NotNeeded,
  (Ann (DP (0,0)) (ColDelta 10) DP (0,0) [] [((G AnnVal),DP (0,0))])),
 (AnnKey ../../hackage-packages/mighttpd-0.4.3/Parsec.hs:37:10-16 CN "(:)" NotNeeded,
  (Ann (DP (0,0)) (ColDelta 10) DP (0,0) [] [((G AnnDarrow),DP (0,1))])),
 (AnnKey ../../hackage-packages/mighttpd-0.4.3/Parsec.hs:37:10-16 CN "HsAppTy" NotNeeded,
  (Ann (DP (0,0)) (ColDelta 10) DP (0,0) [] [])),
 (AnnKey ../../hackage-packages/mighttpd-0.4.3/Parsec.hs:37:10-44 CN "HsForAllTy" NotNeeded,
  (Ann (DP (0,1)) (ColDelta 10) DP (0,1) [] [])),
 (AnnKey ../../hackage-packages/mighttpd-0.4.3/Parsec.hs:37:16 CN "HsTyVar" NotNeeded,
  (Ann (DP (0,1)) (ColDelta 16) DP (0,1) [] [((G AnnVal),DP (0,0))])),
 (AnnKey ../../hackage-packages/mighttpd-0.4.3/Parsec.hs:37:21 CN "HsTyVar" NotNeeded,
  (Ann (DP (0,0)) (ColDelta 21) DP (0,0) [] [((G AnnVal),DP (0,0))])),
 (AnnKey ../../hackage-packages/mighttpd-0.4.3/Parsec.hs:37:21-30 CN "HsAppTy" NotNeeded,
  (Ann (DP (0,0)) (ColDelta 21) DP (0,0) [] [])),
 (AnnKey ../../hackage-packages/mighttpd-0.4.3/Parsec.hs:37:21-44 CN "HsFunTy" NotNeeded,
  (Ann (DP (0,1)) (ColDelta 21) DP (0,1) [] [((G AnnRarrow),DP (0,1))])),
 (AnnKey ../../hackage-packages/mighttpd-0.4.3/Parsec.hs:37:23-30 CN "HsParTy" NotNeeded,
  (Ann (DP (0,1)) (ColDelta 23) DP (0,1) [] [((G AnnOpenP),DP (0,0)),((G AnnCloseP),DP (0,0))])),
 (AnnKey ../../hackage-packages/mighttpd-0.4.3/Parsec.hs:37:24 CN "HsTyVar" NotNeeded,
  (Ann (DP (0,0)) (ColDelta 24) DP (0,0) [] [((G AnnVal),DP (0,0))])),
 (AnnKey ../../hackage-packages/mighttpd-0.4.3/Parsec.hs:37:24-29 CN "HsFunTy" NotNeeded,
  (Ann (DP (0,0)) (ColDelta 24) DP (0,0) [] [((G AnnRarrow),DP (0,1))])),
 (AnnKey ../../hackage-packages/mighttpd-0.4.3/Parsec.hs:37:29 CN "HsTyVar" NotNeeded,
  (Ann (DP (0,1)) (ColDelta 29) DP (0,1) [] [((G AnnVal),DP (0,0))])),
 (AnnKey ../../hackage-packages/mighttpd-0.4.3/Parsec.hs:37:35 CN "HsTyVar" NotNeeded,
  (Ann (DP (0,0)) (ColDelta 35) DP (0,0) [] [((G AnnVal),DP (0,0))])),
 (AnnKey ../../hackage-packages/mighttpd-0.4.3/Parsec.hs:37:35-37 CN "HsAppTy" NotNeeded,
  (Ann (DP (0,0)) (ColDelta 35) DP (0,0) [] [])),
 (AnnKey ../../hackage-packages/mighttpd-0.4.3/Parsec.hs:37:35-44 CN "HsFunTy" NotNeeded,
  (Ann (DP (0,1)) (ColDelta 35) DP (0,1) [] [((G AnnRarrow),DP (0,1))])),
 (AnnKey ../../hackage-packages/mighttpd-0.4.3/Parsec.hs:37:37 CN "HsTyVar" NotNeeded,
  (Ann (DP (0,1)) (ColDelta 37) DP (0,1) [] [((G AnnVal),DP (0,0))])),
 (AnnKey ../../hackage-packages/mighttpd-0.4.3/Parsec.hs:37:42 CN "HsTyVar" NotNeeded,
  (Ann (DP (0,0)) (ColDelta 42) DP (0,0) [] [((G AnnVal),DP (0,0))])),
 (AnnKey ../../hackage-packages/mighttpd-0.4.3/Parsec.hs:37:42-44 CN "HsAppTy" NotNeeded,
  (Ann (DP (0,1)) (ColDelta 42) DP (0,1) [] [])),
 (AnnKey ../../hackage-packages/mighttpd-0.4.3/Parsec.hs:37:44 CN "HsTyVar" NotNeeded,
  (Ann (DP (0,1)) (ColDelta 44) DP (0,1) [] [((G AnnVal),DP (0,0))])),
 (AnnKey ../../hackage-packages/mighttpd-0.4.3/Parsec.hs:38:1-5 CN "Unqual" NotNeeded,
  (Ann (DP (0,0)) (ColDelta 1) DP (0,0) [] [((G AnnOpenP),DP (0,0)),((G AnnVal),DP (0,0)),((G AnnCloseP),DP (0,0))])),
 (AnnKey ../../hackage-packages/mighttpd-0.4.3/Parsec.hs:38:1-10 CN "Match" NotNeeded,
  (Ann (DP (0,0)) (ColDelta 1) DP (0,0) [] [((G AnnEqual),DP (0,1))])),
 (AnnKey ../../hackage-packages/mighttpd-0.4.3/Parsec.hs:38:1-10 CN "ValD" NotNeeded,
  (Ann (DP (1,1)) (ColDelta 1) DP (1,1) [] [])),
 (AnnKey ../../hackage-packages/mighttpd-0.4.3/Parsec.hs:38:7-10 CN "GRHS" NotNeeded,
  (Ann (DP (0,-1)) (ColDelta 7) DP (0,-1) [] [])),
 (AnnKey ../../hackage-packages/mighttpd-0.4.3/Parsec.hs:38:9-10 CN "HsVar" NotNeeded,
  (Ann (DP (0,1)) (ColDelta 9) DP (0,1) [] [((G AnnVal),DP (0,0))])),
 (AnnKey ../../hackage-packages/mighttpd-0.4.3/Parsec.hs:40:1-4 CN "Unqual" NotNeeded,
  (Ann (DP (0,0)) (ColDelta 1) DP (0,0) [] [((G AnnOpenP),DP (0,0)),((G AnnVal),DP (0,0)),((G AnnCloseP),DP (0,0))])),
 (AnnKey ../../hackage-packages/mighttpd-0.4.3/Parsec.hs:40:1-36 CN "SigD" NotNeeded,
  (Ann (DP (2,1)) (ColDelta 1) DP (2,1) [] [((G AnnDcolon),DP (0,1))])),
 (AnnKey ../../hackage-packages/mighttpd-0.4.3/Parsec.hs:40:9-13 CN "HsTyVar" NotNeeded,
  (Ann (DP (0,0)) (ColDelta 9) DP (0,0) [] [((G AnnVal),DP (0,0))])),
 (AnnKey ../../hackage-packages/mighttpd-0.4.3/Parsec.hs:40:9-15 CN "(:)" NotNeeded,
  (Ann (DP (0,0)) (ColDelta 9) DP (0,0) [] [((G AnnDarrow),DP (0,1))])),
 (AnnKey ../../hackage-packages/mighttpd-0.4.3/Parsec.hs:40:9-15 CN "HsAppTy" NotNeeded,
  (Ann (DP (0,0)) (ColDelta 9) DP (0,0) [] [])),
 (AnnKey ../../hackage-packages/mighttpd-0.4.3/Parsec.hs:40:9-36 CN "HsForAllTy" NotNeeded,
  (Ann (DP (0,1)) (ColDelta 9) DP (0,1) [] [])),
 (AnnKey ../../hackage-packages/mighttpd-0.4.3/Parsec.hs:40:15 CN "HsTyVar" NotNeeded,
  (Ann (DP (0,1)) (ColDelta 15) DP (0,1) [] [((G AnnVal),DP (0,0))])),
 (AnnKey ../../hackage-packages/mighttpd-0.4.3/Parsec.hs:40:20 CN "HsTyVar" NotNeeded,
  (Ann (DP (0,0)) (ColDelta 20) DP (0,0) [] [((G AnnVal),DP (0,0))])),
 (AnnKey ../../hackage-packages/mighttpd-0.4.3/Parsec.hs:40:20-22 CN "HsAppTy" NotNeeded,
  (Ann (DP (0,0)) (ColDelta 20) DP (0,0) [] [])),
 (AnnKey ../../hackage-packages/mighttpd-0.4.3/Parsec.hs:40:20-36 CN "HsFunTy" NotNeeded,
  (Ann (DP (0,1)) (ColDelta 20) DP (0,1) [] [((G AnnRarrow),DP (0,1))])),
 (AnnKey ../../hackage-packages/mighttpd-0.4.3/Parsec.hs:40:22 CN "HsTyVar" NotNeeded,
  (Ann (DP (0,1)) (ColDelta 22) DP (0,1) [] [((G AnnVal),DP (0,0))])),
 (AnnKey ../../hackage-packages/mighttpd-0.4.3/Parsec.hs:40:27 CN "HsTyVar" NotNeeded,
  (Ann (DP (0,0)) (ColDelta 27) DP (0,0) [] [((G AnnVal),DP (0,0))])),
 (AnnKey ../../hackage-packages/mighttpd-0.4.3/Parsec.hs:40:27-29 CN "HsAppTy" NotNeeded,
  (Ann (DP (0,0)) (ColDelta 27) DP (0,0) [] [])),
 (AnnKey ../../hackage-packages/mighttpd-0.4.3/Parsec.hs:40:27-36 CN "HsFunTy" NotNeeded,
  (Ann (DP (0,1)) (ColDelta 27) DP (0,1) [] [((G AnnRarrow),DP (0,1))])),
 (AnnKey ../../hackage-packages/mighttpd-0.4.3/Parsec.hs:40:29 CN "HsTyVar" NotNeeded,
  (Ann (DP (0,1)) (ColDelta 29) DP (0,1) [] [((G AnnVal),DP (0,0))])),
 (AnnKey ../../hackage-packages/mighttpd-0.4.3/Parsec.hs:40:34 CN "HsTyVar" NotNeeded,
  (Ann (DP (0,0)) (ColDelta 34) DP (0,0) [] [((G AnnVal),DP (0,0))])),
 (AnnKey ../../hackage-packages/mighttpd-0.4.3/Parsec.hs:40:34-36 CN "HsAppTy" NotNeeded,
  (Ann (DP (0,1)) (ColDelta 34) DP (0,1) [] [])),
 (AnnKey ../../hackage-packages/mighttpd-0.4.3/Parsec.hs:40:36 CN "HsTyVar" NotNeeded,
  (Ann (DP (0,1)) (ColDelta 36) DP (0,1) [] [((G AnnVal),DP (0,0))])),
 (AnnKey ../../hackage-packages/mighttpd-0.4.3/Parsec.hs:41:1-4 CN "Unqual" NotNeeded,
  (Ann (DP (0,0)) (ColDelta 1) DP (0,0) [] [((G AnnOpenP),DP (0,0)),((G AnnVal),DP (0,0)),((G AnnCloseP),DP (0,0))])),
 (AnnKey ../../hackage-packages/mighttpd-0.4.3/Parsec.hs:41:1-11 CN "Match" NotNeeded,
  (Ann (DP (0,0)) (ColDelta 1) DP (0,0) [] [((G AnnEqual),DP (0,1))])),
 (AnnKey ../../hackage-packages/mighttpd-0.4.3/Parsec.hs:41:1-11 CN "ValD" NotNeeded,
  (Ann (DP (1,1)) (ColDelta 1) DP (1,1) [] [])),
 (AnnKey ../../hackage-packages/mighttpd-0.4.3/Parsec.hs:41:6-11 CN "GRHS" NotNeeded,
  (Ann (DP (0,-1)) (ColDelta 6) DP (0,-1) [] [])),
 (AnnKey ../../hackage-packages/mighttpd-0.4.3/Parsec.hs:41:8-11 CN "HsVar" NotNeeded,
  (Ann (DP (0,1)) (ColDelta 8) DP (0,1) [] [((G AnnOpenP),DP (0,0)),((G AnnVal),DP (0,0)),((G AnnCloseP),DP (0,0))])),
 (AnnKey ../../hackage-packages/mighttpd-0.4.3/Parsec.hs:43:1-4 CN "Unqual" NotNeeded,
  (Ann (DP (0,0)) (ColDelta 1) DP (0,0) [] [((G AnnOpenP),DP (0,0)),((G AnnVal),DP (0,0)),((G AnnCloseP),DP (0,0))])),
 (AnnKey ../../hackage-packages/mighttpd-0.4.3/Parsec.hs:43:1-36 CN "SigD" NotNeeded,
  (Ann (DP (2,1)) (ColDelta 1) DP (2,1) [] [((G AnnDcolon),DP (0,1))])),
 (AnnKey ../../hackage-packages/mighttpd-0.4.3/Parsec.hs:43:9-13 CN "HsTyVar" NotNeeded,
  (Ann (DP (0,0)) (ColDelta 9) DP (0,0) [] [((G AnnVal),DP (0,0))])),
 (AnnKey ../../hackage-packages/mighttpd-0.4.3/Parsec.hs:43:9-15 CN "(:)" NotNeeded,
  (Ann (DP (0,0)) (ColDelta 9) DP (0,0) [] [((G AnnDarrow),DP (0,1))])),
 (AnnKey ../../hackage-packages/mighttpd-0.4.3/Parsec.hs:43:9-15 CN "HsAppTy" NotNeeded,
  (Ann (DP (0,0)) (ColDelta 9) DP (0,0) [] [])),
 (AnnKey ../../hackage-packages/mighttpd-0.4.3/Parsec.hs:43:9-36 CN "HsForAllTy" NotNeeded,
  (Ann (DP (0,1)) (ColDelta 9) DP (0,1) [] [])),
 (AnnKey ../../hackage-packages/mighttpd-0.4.3/Parsec.hs:43:15 CN "HsTyVar" NotNeeded,
  (Ann (DP (0,1)) (ColDelta 15) DP (0,1) [] [((G AnnVal),DP (0,0))])),
 (AnnKey ../../hackage-packages/mighttpd-0.4.3/Parsec.hs:43:20 CN "HsTyVar" NotNeeded,
  (Ann (DP (0,0)) (ColDelta 20) DP (0,0) [] [((G AnnVal),DP (0,0))])),
 (AnnKey ../../hackage-packages/mighttpd-0.4.3/Parsec.hs:43:20-22 CN "HsAppTy" NotNeeded,
  (Ann (DP (0,0)) (ColDelta 20) DP (0,0) [] [])),
 (AnnKey ../../hackage-packages/mighttpd-0.4.3/Parsec.hs:43:20-36 CN "HsFunTy" NotNeeded,
  (Ann (DP (0,1)) (ColDelta 20) DP (0,1) [] [((G AnnRarrow),DP (0,1))])),
 (AnnKey ../../hackage-packages/mighttpd-0.4.3/Parsec.hs:43:22 CN "HsTyVar" NotNeeded,
  (Ann (DP (0,1)) (ColDelta 22) DP (0,1) [] [((G AnnVal),DP (0,0))])),
 (AnnKey ../../hackage-packages/mighttpd-0.4.3/Parsec.hs:43:27 CN "HsTyVar" NotNeeded,
  (Ann (DP (0,0)) (ColDelta 27) DP (0,0) [] [((G AnnVal),DP (0,0))])),
 (AnnKey ../../hackage-packages/mighttpd-0.4.3/Parsec.hs:43:27-29 CN "HsAppTy" NotNeeded,
  (Ann (DP (0,0)) (ColDelta 27) DP (0,0) [] [])),
 (AnnKey ../../hackage-packages/mighttpd-0.4.3/Parsec.hs:43:27-36 CN "HsFunTy" NotNeeded,
  (Ann (DP (0,1)) (ColDelta 27) DP (0,1) [] [((G AnnRarrow),DP (0,1))])),
 (AnnKey ../../hackage-packages/mighttpd-0.4.3/Parsec.hs:43:29 CN "HsTyVar" NotNeeded,
  (Ann (DP (0,1)) (ColDelta 29) DP (0,1) [] [((G AnnVal),DP (0,0))])),
 (AnnKey ../../hackage-packages/mighttpd-0.4.3/Parsec.hs:43:34 CN "HsTyVar" NotNeeded,
  (Ann (DP (0,0)) (ColDelta 34) DP (0,0) [] [((G AnnVal),DP (0,0))])),
 (AnnKey ../../hackage-packages/mighttpd-0.4.3/Parsec.hs:43:34-36 CN "HsAppTy" NotNeeded,
  (Ann (DP (0,1)) (ColDelta 34) DP (0,1) [] [])),
 (AnnKey ../../hackage-packages/mighttpd-0.4.3/Parsec.hs:43:36 CN "HsTyVar" NotNeeded,
  (Ann (DP (0,1)) (ColDelta 36) DP (0,1) [] [((G AnnVal),DP (0,0))])),
 (AnnKey ../../hackage-packages/mighttpd-0.4.3/Parsec.hs:44:1-2 CN "VarPat" NotNeeded,
  (Ann (DP (0,0)) (ColDelta 1) DP (0,0) [] [((G AnnVal),DP (0,0))])),
 (AnnKey ../../hackage-packages/mighttpd-0.4.3/Parsec.hs:(44,1)-(46,22) CN "Match" NotNeeded,
  (Ann (DP (0,0)) (ColDelta 1) DP (0,0) [] [((G AnnEqual),DP (0,1))])),
 (AnnKey ../../hackage-packages/mighttpd-0.4.3/Parsec.hs:(44,1)-(46,22) CN "ValD" NotNeeded,
  (Ann (DP (1,1)) (ColDelta 1) DP (1,1) [] [])),
 (AnnKey ../../hackage-packages/mighttpd-0.4.3/Parsec.hs:44:4-5 CN "Unqual" NotNeeded,
  (Ann (DP (0,1)) (ColDelta 4) DP (0,1) [] [((G AnnVal),DP (0,0))])),
 (AnnKey ../../hackage-packages/mighttpd-0.4.3/Parsec.hs:44:7-8 CN "VarPat" NotNeeded,
  (Ann (DP (0,1)) (ColDelta 7) DP (0,1) [] [((G AnnVal),DP (0,0))])),
 (AnnKey ../../hackage-packages/mighttpd-0.4.3/Parsec.hs:(44,10)-(46,22) CN "GRHS" NotNeeded,
  (Ann (DP (0,-1)) (ColDelta 10) DP (0,-1) [] [])),
 (AnnKey ../../hackage-packages/mighttpd-0.4.3/Parsec.hs:(44,12)-(46,22) CN "HsDo" NotNeeded,
  (Ann (DP (0,1)) (ColDelta 12) DP (0,1) [] [((G AnnDo),DP (0,0)),((AnnList ../../hackage-packages/mighttpd-0.4.3/Parsec.hs:(44,15)-(46,22) Ref "delta-1"),DP (0,0))])),
 (AnnKey ../../hackage-packages/mighttpd-0.4.3/Parsec.hs:44:15 CN "VarPat" NotNeeded,
  (Ann (DP (0,0)) (ColDelta 0) DP (0,0) [] [((G AnnVal),DP (0,0))])),
 (AnnKey ../../hackage-packages/mighttpd-0.4.3/Parsec.hs:44:15-21 CN "BindStmt" NotNeeded,
  (Ann (DP (0,0)) (ColDelta 0) DP (0,0) [] [((G AnnLarrow),DP (0,1))])),
 (AnnKey ../../hackage-packages/mighttpd-0.4.3/Parsec.hs:(44,15)-(46,22) CN "(:)" Ref "delta-1",
  (Ann (DP (0,1)) (ColDelta 15) DP (0,1) [] [])),
 (AnnKey ../../hackage-packages/mighttpd-0.4.3/Parsec.hs:44:20-21 CN "HsVar" NotNeeded,
  (Ann (DP (0,1)) (ColDelta 5) DP (0,1) [] [((G AnnVal),DP (0,0))])),
 (AnnKey ../../hackage-packages/mighttpd-0.4.3/Parsec.hs:45:15-16 CN "BodyStmt" NotNeeded,
  (Ann (DP (1,0)) (ColDelta 0) DP (1,0) [] [])),
 (AnnKey ../../hackage-packages/mighttpd-0.4.3/Parsec.hs:45:15-16 CN "HsVar" NotNeeded,
  (Ann (DP (0,0)) (ColDelta 0) DP (0,0) [] [((G AnnVal),DP (0,0))])),
 (AnnKey ../../hackage-packages/mighttpd-0.4.3/Parsec.hs:46:15-20 CN "HsVar" NotNeeded,
  (Ann (DP (0,0)) (ColDelta 0) DP (0,0) [] [((G AnnVal),DP (0,0))])),
 (AnnKey ../../hackage-packages/mighttpd-0.4.3/Parsec.hs:46:15-22 CN "BodyStmt" NotNeeded,
  (Ann (DP (1,0)) (ColDelta 0) DP (1,0) [] [])),
 (AnnKey ../../hackage-packages/mighttpd-0.4.3/Parsec.hs:46:15-22 CN "HsApp" NotNeeded,
  (Ann (DP (0,0)) (ColDelta 0) DP (0,0) [] [])),
 (AnnKey ../../hackage-packages/mighttpd-0.4.3/Parsec.hs:46:22 CN "HsVar" NotNeeded,
  (Ann (DP (0,1)) (ColDelta 7) DP (0,1) [] [((G AnnVal),DP (0,0))])),
 (AnnKey ../../hackage-packages/mighttpd-0.4.3/Parsec.hs:48:1-4 CN "Unqual" NotNeeded,
  (Ann (DP (0,0)) (ColDelta 1) DP (0,0) [] [((G AnnVal),DP (0,0))])),
 (AnnKey ../../hackage-packages/mighttpd-0.4.3/Parsec.hs:48:1-27 CN "SigD" NotNeeded,
  (Ann (DP (2,1)) (ColDelta 1) DP (2,1) [] [((G AnnDcolon),DP (0,1))])),
 (AnnKey ../../hackage-packages/mighttpd-0.4.3/Parsec.hs:48:9-13 CN "HsTyVar" NotNeeded,
  (Ann (DP (0,0)) (ColDelta 9) DP (0,0) [] [((G AnnVal),DP (0,0))])),
 (AnnKey ../../hackage-packages/mighttpd-0.4.3/Parsec.hs:48:9-15 CN "(:)" NotNeeded,
  (Ann (DP (0,0)) (ColDelta 9) DP (0,0) [] [((G AnnDarrow),DP (0,1))])),
 (AnnKey ../../hackage-packages/mighttpd-0.4.3/Parsec.hs:48:9-15 CN "HsAppTy" NotNeeded,
  (Ann (DP (0,0)) (ColDelta 9) DP (0,0) [] [])),
 (AnnKey ../../hackage-packages/mighttpd-0.4.3/Parsec.hs:48:9-27 CN "HsForAllTy" NotNeeded,
  (Ann (DP (0,1)) (ColDelta 9) DP (0,1) [] [])),
 (AnnKey ../../hackage-packages/mighttpd-0.4.3/Parsec.hs:48:15 CN "HsTyVar" NotNeeded,
  (Ann (DP (0,1)) (ColDelta 15) DP (0,1) [] [((G AnnVal),DP (0,0))])),
 (AnnKey ../../hackage-packages/mighttpd-0.4.3/Parsec.hs:48:20 CN "HsTyVar" NotNeeded,
  (Ann (DP (0,0)) (ColDelta 20) DP (0,0) [] [((G AnnVal),DP (0,0))])),
 (AnnKey ../../hackage-packages/mighttpd-0.4.3/Parsec.hs:48:20-27 CN "HsFunTy" NotNeeded,
  (Ann (DP (0,1)) (ColDelta 20) DP (0,1) [] [((G AnnRarrow),DP (0,1))])),
 (AnnKey ../../hackage-packages/mighttpd-0.4.3/Parsec.hs:48:25 CN "HsTyVar" NotNeeded,
  (Ann (DP (0,0)) (ColDelta 25) DP (0,0) [] [((G AnnVal),DP (0,0))])),
 (AnnKey ../../hackage-packages/mighttpd-0.4.3/Parsec.hs:48:25-27 CN "HsAppTy" NotNeeded,
  (Ann (DP (0,1)) (ColDelta 25) DP (0,1) [] [])),
 (AnnKey ../../hackage-packages/mighttpd-0.4.3/Parsec.hs:48:27 CN "HsTyVar" NotNeeded,
  (Ann (DP (0,1)) (ColDelta 27) DP (0,1) [] [((G AnnVal),DP (0,0))])),
 (AnnKey ../../hackage-packages/mighttpd-0.4.3/Parsec.hs:49:1-4 CN "Unqual" NotNeeded,
  (Ann (DP (0,0)) (ColDelta 1) DP (0,0) [] [((G AnnVal),DP (0,0))])),
 (AnnKey ../../hackage-packages/mighttpd-0.4.3/Parsec.hs:49:1-13 CN "Match" NotNeeded,
  (Ann (DP (0,0)) (ColDelta 1) DP (0,0) [] [((G AnnEqual),DP (0,1))])),
 (AnnKey ../../hackage-packages/mighttpd-0.4.3/Parsec.hs:49:1-13 CN "ValD" NotNeeded,
  (Ann (DP (1,1)) (ColDelta 1) DP (1,1) [] [])),
 (AnnKey ../../hackage-packages/mighttpd-0.4.3/Parsec.hs:49:6-13 CN "GRHS" NotNeeded,
  (Ann (DP (0,-1)) (ColDelta 6) DP (0,-1) [] [])),
 (AnnKey ../../hackage-packages/mighttpd-0.4.3/Parsec.hs:49:8-13 CN "HsVar" NotNeeded,
  (Ann (DP (0,1)) (ColDelta 8) DP (0,1) [] [((G AnnVal),DP (0,0))])),
 (AnnKey ../../hackage-packages/mighttpd-0.4.3/Parsec.hs:51:1-29 CN "SigD" NotNeeded,
  (Ann (DP (2,1)) (ColDelta 1) DP (2,1) [] [((G AnnInfix),DP (0,0)),((G AnnVal),DP (0,1))])),
 (AnnKey ../../hackage-packages/mighttpd-0.4.3/Parsec.hs:51:10-12 CN "Unqual" NotNeeded,
  (Ann (DP (0,1)) (ColDelta 10) DP (0,1) [] [((G AnnVal),DP (0,0)),((G AnnComma),DP (0,0))])),
 (AnnKey ../../hackage-packages/mighttpd-0.4.3/Parsec.hs:51:15-16 CN "Unqual" NotNeeded,
  (Ann (DP (0,1)) (ColDelta 15) DP (0,1) [] [((G AnnVal),DP (0,0)),((G AnnComma),DP (0,0))])),
 (AnnKey ../../hackage-packages/mighttpd-0.4.3/Parsec.hs:51:19-21 CN "Unqual" NotNeeded,
  (Ann (DP (0,1)) (ColDelta 19) DP (0,1) [] [((G AnnVal),DP (0,0)),((G AnnComma),DP (0,0))])),
 (AnnKey ../../hackage-packages/mighttpd-0.4.3/Parsec.hs:51:24-25 CN "Unqual" NotNeeded,
  (Ann (DP (0,1)) (ColDelta 24) DP (0,1) [] [((G AnnVal),DP (0,0)),((G AnnComma),DP (0,0))])),
 (AnnKey ../../hackage-packages/mighttpd-0.4.3/Parsec.hs:51:28-29 CN "Unqual" NotNeeded,
  (Ann (DP (0,1)) (ColDelta 28) DP (0,1) [] [((G AnnVal),DP (0,0))])),
 (AnnKey <no location info> CN "EmptyLocalBinds" NotNeeded,
  (Ann (DP (-32,0)) (ColDelta 0) DP (-32,0) [] []))]
==============
([((../../hackage-packages/mighttpd-0.4.3/Parsec.hs:1:1,
    AnnModule),
   [../../hackage-packages/mighttpd-0.4.3/Parsec.hs:18:1-6]),
  ((../../hackage-packages/mighttpd-0.4.3/Parsec.hs:1:1, AnnWhere),
   [../../hackage-packages/mighttpd-0.4.3/Parsec.hs:21:7-11]),
  ((../../hackage-packages/mighttpd-0.4.3/Parsec.hs:(18,15)-(21,5),
    AnnCloseP),
   [../../hackage-packages/mighttpd-0.4.3/Parsec.hs:21:5]),
  ((../../hackage-packages/mighttpd-0.4.3/Parsec.hs:(18,15)-(21,5),
    AnnOpenP),
   [../../hackage-packages/mighttpd-0.4.3/Parsec.hs:18:15]),
  ((../../hackage-packages/mighttpd-0.4.3/Parsec.hs:19:7-42,
    AnnComma),
   [../../hackage-packages/mighttpd-0.4.3/Parsec.hs:20:5]),
  ((../../hackage-packages/mighttpd-0.4.3/Parsec.hs:19:7-42,
    AnnModule),
   [../../hackage-packages/mighttpd-0.4.3/Parsec.hs:19:7-12]),
  ((../../hackage-packages/mighttpd-0.4.3/Parsec.hs:20:7-11,
    AnnCloseP),
   [../../hackage-packages/mighttpd-0.4.3/Parsec.hs:20:11]),
  ((../../hackage-packages/mighttpd-0.4.3/Parsec.hs:20:7-11,
    AnnComma),
   [../../hackage-packages/mighttpd-0.4.3/Parsec.hs:20:12]),
  ((../../hackage-packages/mighttpd-0.4.3/Parsec.hs:20:7-11,
    AnnOpenP),
   [../../hackage-packages/mighttpd-0.4.3/Parsec.hs:20:7]),
  ((../../hackage-packages/mighttpd-0.4.3/Parsec.hs:20:7-11, AnnVal),
   [../../hackage-packages/mighttpd-0.4.3/Parsec.hs:20:8-10]),
  ((../../hackage-packages/mighttpd-0.4.3/Parsec.hs:20:14-17,
    AnnCloseP),
   [../../hackage-packages/mighttpd-0.4.3/Parsec.hs:20:17]),
  ((../../hackage-packages/mighttpd-0.4.3/Parsec.hs:20:14-17,
    AnnComma),
   [../../hackage-packages/mighttpd-0.4.3/Parsec.hs:20:18]),
  ((../../hackage-packages/mighttpd-0.4.3/Parsec.hs:20:14-17,
    AnnOpenP),
   [../../hackage-packages/mighttpd-0.4.3/Parsec.hs:20:14]),
  ((../../hackage-packages/mighttpd-0.4.3/Parsec.hs:20:14-17,
    AnnVal),
   [../../hackage-packages/mighttpd-0.4.3/Parsec.hs:20:15-16]),
  ((../../hackage-packages/mighttpd-0.4.3/Parsec.hs:20:20-24,
    AnnCloseP),
   [../../hackage-packages/mighttpd-0.4.3/Parsec.hs:20:24]),
  ((../../hackage-packages/mighttpd-0.4.3/Parsec.hs:20:20-24,
    AnnComma),
   [../../hackage-packages/mighttpd-0.4.3/Parsec.hs:20:25]),
  ((../../hackage-packages/mighttpd-0.4.3/Parsec.hs:20:20-24,
    AnnOpenP),
   [../../hackage-packages/mighttpd-0.4.3/Parsec.hs:20:20]),
  ((../../hackage-packages/mighttpd-0.4.3/Parsec.hs:20:20-24,
    AnnVal),
   [../../hackage-packages/mighttpd-0.4.3/Parsec.hs:20:21-23]),
  ((../../hackage-packages/mighttpd-0.4.3/Parsec.hs:20:27-30,
    AnnCloseP),
   [../../hackage-packages/mighttpd-0.4.3/Parsec.hs:20:30]),
  ((../../hackage-packages/mighttpd-0.4.3/Parsec.hs:20:27-30,
    AnnComma),
   [../../hackage-packages/mighttpd-0.4.3/Parsec.hs:20:31]),
  ((../../hackage-packages/mighttpd-0.4.3/Parsec.hs:20:27-30,
    AnnOpenP),
   [../../hackage-packages/mighttpd-0.4.3/Parsec.hs:20:27]),
  ((../../hackage-packages/mighttpd-0.4.3/Parsec.hs:20:27-30,
    AnnVal),
   [../../hackage-packages/mighttpd-0.4.3/Parsec.hs:20:28-29]),
  ((../../hackage-packages/mighttpd-0.4.3/Parsec.hs:20:33-36,
    AnnCloseP),
   [../../hackage-packages/mighttpd-0.4.3/Parsec.hs:20:36]),
  ((../../hackage-packages/mighttpd-0.4.3/Parsec.hs:20:33-36,
    AnnComma),
   [../../hackage-packages/mighttpd-0.4.3/Parsec.hs:20:37]),
  ((../../hackage-packages/mighttpd-0.4.3/Parsec.hs:20:33-36,
    AnnOpenP),
   [../../hackage-packages/mighttpd-0.4.3/Parsec.hs:20:33]),
  ((../../hackage-packages/mighttpd-0.4.3/Parsec.hs:20:33-36,
    AnnVal),
   [../../hackage-packages/mighttpd-0.4.3/Parsec.hs:20:34-35]),
  ((../../hackage-packages/mighttpd-0.4.3/Parsec.hs:23:1-32,
    AnnImport),
   [../../hackage-packages/mighttpd-0.4.3/Parsec.hs:23:1-6]),
  ((../../hackage-packages/mighttpd-0.4.3/Parsec.hs:23:1-32,
    AnnSemi),
   [../../hackage-packages/mighttpd-0.4.3/Parsec.hs:24:1]),
  ((../../hackage-packages/mighttpd-0.4.3/Parsec.hs:23:22-32,
    AnnCloseP),
   [../../hackage-packages/mighttpd-0.4.3/Parsec.hs:23:32]),
  ((../../hackage-packages/mighttpd-0.4.3/Parsec.hs:23:22-32,
    AnnOpenP),
   [../../hackage-packages/mighttpd-0.4.3/Parsec.hs:23:22]),
  ((../../hackage-packages/mighttpd-0.4.3/Parsec.hs:23:23-24,
    AnnComma),
   [../../hackage-packages/mighttpd-0.4.3/Parsec.hs:23:25]),
  ((../../hackage-packages/mighttpd-0.4.3/Parsec.hs:24:1-36,
    AnnImport),
   [../../hackage-packages/mighttpd-0.4.3/Parsec.hs:24:1-6]),
  ((../../hackage-packages/mighttpd-0.4.3/Parsec.hs:24:1-36,
    AnnSemi),
   [../../hackage-packages/mighttpd-0.4.3/Parsec.hs:31:1]),
  ((../../hackage-packages/mighttpd-0.4.3/Parsec.hs:31:1-5,
    AnnCloseP),
   [../../hackage-packages/mighttpd-0.4.3/Parsec.hs:31:5]),
  ((../../hackage-packages/mighttpd-0.4.3/Parsec.hs:31:1-5,
    AnnOpenP),
   [../../hackage-packages/mighttpd-0.4.3/Parsec.hs:31:1]),
  ((../../hackage-packages/mighttpd-0.4.3/Parsec.hs:31:1-5, AnnVal),
   [../../hackage-packages/mighttpd-0.4.3/Parsec.hs:31:2-4]),
  ((../../hackage-packages/mighttpd-0.4.3/Parsec.hs:31:1-42,
    AnnDcolon),
   [../../hackage-packages/mighttpd-0.4.3/Parsec.hs:31:7-8]),
  ((../../hackage-packages/mighttpd-0.4.3/Parsec.hs:31:1-42,
    AnnSemi),
   [../../hackage-packages/mighttpd-0.4.3/Parsec.hs:32:1]),
  ((../../hackage-packages/mighttpd-0.4.3/Parsec.hs:31:10-16,
    AnnDarrow),
   [../../hackage-packages/mighttpd-0.4.3/Parsec.hs:31:18-19]),
  ((../../hackage-packages/mighttpd-0.4.3/Parsec.hs:31:21-28,
    AnnCloseP),
   [../../hackage-packages/mighttpd-0.4.3/Parsec.hs:31:28]),
  ((../../hackage-packages/mighttpd-0.4.3/Parsec.hs:31:21-28,
    AnnOpenP),
   [../../hackage-packages/mighttpd-0.4.3/Parsec.hs:31:21]),
  ((../../hackage-packages/mighttpd-0.4.3/Parsec.hs:31:21-42,
    AnnRarrow),
   [../../hackage-packages/mighttpd-0.4.3/Parsec.hs:31:30-31]),
  ((../../hackage-packages/mighttpd-0.4.3/Parsec.hs:31:22,
    AnnRarrow),
   [../../hackage-packages/mighttpd-0.4.3/Parsec.hs:31:24-25]),
  ((../../hackage-packages/mighttpd-0.4.3/Parsec.hs:31:22-27,
    AnnRarrow),
   [../../hackage-packages/mighttpd-0.4.3/Parsec.hs:31:24-25]),
  ((../../hackage-packages/mighttpd-0.4.3/Parsec.hs:31:33-42,
    AnnRarrow),
   [../../hackage-packages/mighttpd-0.4.3/Parsec.hs:31:37-38]),
  ((../../hackage-packages/mighttpd-0.4.3/Parsec.hs:32:1-5,
    AnnCloseP),
   [../../hackage-packages/mighttpd-0.4.3/Parsec.hs:32:5]),
  ((../../hackage-packages/mighttpd-0.4.3/Parsec.hs:32:1-5,
    AnnOpenP),
   [../../hackage-packages/mighttpd-0.4.3/Parsec.hs:32:1]),
  ((../../hackage-packages/mighttpd-0.4.3/Parsec.hs:32:1-5, AnnVal),
   [../../hackage-packages/mighttpd-0.4.3/Parsec.hs:32:2-4]),
  ((../../hackage-packages/mighttpd-0.4.3/Parsec.hs:32:1-13,
    AnnEqual),
   [../../hackage-packages/mighttpd-0.4.3/Parsec.hs:32:7]),
  ((../../hackage-packages/mighttpd-0.4.3/Parsec.hs:32:1-13,
    AnnFunId),
   [../../hackage-packages/mighttpd-0.4.3/Parsec.hs:32:1-5]),
  ((../../hackage-packages/mighttpd-0.4.3/Parsec.hs:32:1-13,
    AnnSemi),
   [../../hackage-packages/mighttpd-0.4.3/Parsec.hs:34:1]),
  ((../../hackage-packages/mighttpd-0.4.3/Parsec.hs:34:1-4,
    AnnCloseP),
   [../../hackage-packages/mighttpd-0.4.3/Parsec.hs:34:4]),
  ((../../hackage-packages/mighttpd-0.4.3/Parsec.hs:34:1-4,
    AnnOpenP),
   [../../hackage-packages/mighttpd-0.4.3/Parsec.hs:34:1]),
  ((../../hackage-packages/mighttpd-0.4.3/Parsec.hs:34:1-4, AnnVal),
   [../../hackage-packages/mighttpd-0.4.3/Parsec.hs:34:2-3]),
  ((../../hackage-packages/mighttpd-0.4.3/Parsec.hs:34:1-34,
    AnnDcolon),
   [../../hackage-packages/mighttpd-0.4.3/Parsec.hs:34:6-7]),
  ((../../hackage-packages/mighttpd-0.4.3/Parsec.hs:34:1-34,
    AnnSemi),
   [../../hackage-packages/mighttpd-0.4.3/Parsec.hs:35:1]),
  ((../../hackage-packages/mighttpd-0.4.3/Parsec.hs:34:9-15,
    AnnDarrow),
   [../../hackage-packages/mighttpd-0.4.3/Parsec.hs:34:17-18]),
  ((../../hackage-packages/mighttpd-0.4.3/Parsec.hs:34:20-34,
    AnnRarrow),
   [../../hackage-packages/mighttpd-0.4.3/Parsec.hs:34:22-23]),
  ((../../hackage-packages/mighttpd-0.4.3/Parsec.hs:34:25-34,
    AnnRarrow),
   [../../hackage-packages/mighttpd-0.4.3/Parsec.hs:34:29-30]),
  ((../../hackage-packages/mighttpd-0.4.3/Parsec.hs:35:1-6, AnnVal),
   [../../hackage-packages/mighttpd-0.4.3/Parsec.hs:35:3-4]),
  ((../../hackage-packages/mighttpd-0.4.3/Parsec.hs:35:1-22,
    AnnEqual),
   [../../hackage-packages/mighttpd-0.4.3/Parsec.hs:35:8]),
  ((../../hackage-packages/mighttpd-0.4.3/Parsec.hs:35:1-22,
    AnnFunId),
   [../../hackage-packages/mighttpd-0.4.3/Parsec.hs:35:3-4]),
  ((../../hackage-packages/mighttpd-0.4.3/Parsec.hs:35:1-22,
    AnnSemi),
   [../../hackage-packages/mighttpd-0.4.3/Parsec.hs:37:1]),
  ((../../hackage-packages/mighttpd-0.4.3/Parsec.hs:35:10-22,
    AnnVal),
   [../../hackage-packages/mighttpd-0.4.3/Parsec.hs:35:12-13]),
  ((../../hackage-packages/mighttpd-0.4.3/Parsec.hs:37:1-5,
    AnnCloseP),
   [../../hackage-packages/mighttpd-0.4.3/Parsec.hs:37:5]),
  ((../../hackage-packages/mighttpd-0.4.3/Parsec.hs:37:1-5,
    AnnOpenP),
   [../../hackage-packages/mighttpd-0.4.3/Parsec.hs:37:1]),
  ((../../hackage-packages/mighttpd-0.4.3/Parsec.hs:37:1-5, AnnVal),
   [../../hackage-packages/mighttpd-0.4.3/Parsec.hs:37:2-4]),
  ((../../hackage-packages/mighttpd-0.4.3/Parsec.hs:37:1-44,
    AnnDcolon),
   [../../hackage-packages/mighttpd-0.4.3/Parsec.hs:37:7-8]),
  ((../../hackage-packages/mighttpd-0.4.3/Parsec.hs:37:1-44,
    AnnSemi),
   [../../hackage-packages/mighttpd-0.4.3/Parsec.hs:38:1]),
  ((../../hackage-packages/mighttpd-0.4.3/Parsec.hs:37:10-16,
    AnnDarrow),
   [../../hackage-packages/mighttpd-0.4.3/Parsec.hs:37:18-19]),
  ((../../hackage-packages/mighttpd-0.4.3/Parsec.hs:37:21-44,
    AnnRarrow),
   [../../hackage-packages/mighttpd-0.4.3/Parsec.hs:37:32-33]),
  ((../../hackage-packages/mighttpd-0.4.3/Parsec.hs:37:23-30,
    AnnCloseP),
   [../../hackage-packages/mighttpd-0.4.3/Parsec.hs:37:30]),
  ((../../hackage-packages/mighttpd-0.4.3/Parsec.hs:37:23-30,
    AnnOpenP),
   [../../hackage-packages/mighttpd-0.4.3/Parsec.hs:37:23]),
  ((../../hackage-packages/mighttpd-0.4.3/Parsec.hs:37:24,
    AnnRarrow),
   [../../hackage-packages/mighttpd-0.4.3/Parsec.hs:37:26-27]),
  ((../../hackage-packages/mighttpd-0.4.3/Parsec.hs:37:24-29,
    AnnRarrow),
   [../../hackage-packages/mighttpd-0.4.3/Parsec.hs:37:26-27]),
  ((../../hackage-packages/mighttpd-0.4.3/Parsec.hs:37:35-44,
    AnnRarrow),
   [../../hackage-packages/mighttpd-0.4.3/Parsec.hs:37:39-40]),
  ((../../hackage-packages/mighttpd-0.4.3/Parsec.hs:38:1-5,
    AnnCloseP),
   [../../hackage-packages/mighttpd-0.4.3/Parsec.hs:38:5]),
  ((../../hackage-packages/mighttpd-0.4.3/Parsec.hs:38:1-5,
    AnnOpenP),
   [../../hackage-packages/mighttpd-0.4.3/Parsec.hs:38:1]),
  ((../../hackage-packages/mighttpd-0.4.3/Parsec.hs:38:1-5, AnnVal),
   [../../hackage-packages/mighttpd-0.4.3/Parsec.hs:38:2-4]),
  ((../../hackage-packages/mighttpd-0.4.3/Parsec.hs:38:1-10,
    AnnEqual),
   [../../hackage-packages/mighttpd-0.4.3/Parsec.hs:38:7]),
  ((../../hackage-packages/mighttpd-0.4.3/Parsec.hs:38:1-10,
    AnnFunId),
   [../../hackage-packages/mighttpd-0.4.3/Parsec.hs:38:1-5]),
  ((../../hackage-packages/mighttpd-0.4.3/Parsec.hs:38:1-10,
    AnnSemi),
   [../../hackage-packages/mighttpd-0.4.3/Parsec.hs:40:1]),
  ((../../hackage-packages/mighttpd-0.4.3/Parsec.hs:40:1-4,
    AnnCloseP),
   [../../hackage-packages/mighttpd-0.4.3/Parsec.hs:40:4]),
  ((../../hackage-packages/mighttpd-0.4.3/Parsec.hs:40:1-4,
    AnnOpenP),
   [../../hackage-packages/mighttpd-0.4.3/Parsec.hs:40:1]),
  ((../../hackage-packages/mighttpd-0.4.3/Parsec.hs:40:1-4, AnnVal),
   [../../hackage-packages/mighttpd-0.4.3/Parsec.hs:40:2-3]),
  ((../../hackage-packages/mighttpd-0.4.3/Parsec.hs:40:1-36,
    AnnDcolon),
   [../../hackage-packages/mighttpd-0.4.3/Parsec.hs:40:6-7]),
  ((../../hackage-packages/mighttpd-0.4.3/Parsec.hs:40:1-36,
    AnnSemi),
   [../../hackage-packages/mighttpd-0.4.3/Parsec.hs:41:1]),
  ((../../hackage-packages/mighttpd-0.4.3/Parsec.hs:40:9-15,
    AnnDarrow),
   [../../hackage-packages/mighttpd-0.4.3/Parsec.hs:40:17-18]),
  ((../../hackage-packages/mighttpd-0.4.3/Parsec.hs:40:20-36,
    AnnRarrow),
   [../../hackage-packages/mighttpd-0.4.3/Parsec.hs:40:24-25]),
  ((../../hackage-packages/mighttpd-0.4.3/Parsec.hs:40:27-36,
    AnnRarrow),
   [../../hackage-packages/mighttpd-0.4.3/Parsec.hs:40:31-32]),
  ((../../hackage-packages/mighttpd-0.4.3/Parsec.hs:41:1-4,
    AnnCloseP),
   [../../hackage-packages/mighttpd-0.4.3/Parsec.hs:41:4]),
  ((../../hackage-packages/mighttpd-0.4.3/Parsec.hs:41:1-4,
    AnnOpenP),
   [../../hackage-packages/mighttpd-0.4.3/Parsec.hs:41:1]),
  ((../../hackage-packages/mighttpd-0.4.3/Parsec.hs:41:1-4, AnnVal),
   [../../hackage-packages/mighttpd-0.4.3/Parsec.hs:41:2-3]),
  ((../../hackage-packages/mighttpd-0.4.3/Parsec.hs:41:1-11,
    AnnEqual),
   [../../hackage-packages/mighttpd-0.4.3/Parsec.hs:41:6]),
  ((../../hackage-packages/mighttpd-0.4.3/Parsec.hs:41:1-11,
    AnnFunId),
   [../../hackage-packages/mighttpd-0.4.3/Parsec.hs:41:1-4]),
  ((../../hackage-packages/mighttpd-0.4.3/Parsec.hs:41:1-11,
    AnnSemi),
   [../../hackage-packages/mighttpd-0.4.3/Parsec.hs:43:1]),
  ((../../hackage-packages/mighttpd-0.4.3/Parsec.hs:41:8-11,
    AnnCloseP),
   [../../hackage-packages/mighttpd-0.4.3/Parsec.hs:41:11]),
  ((../../hackage-packages/mighttpd-0.4.3/Parsec.hs:41:8-11,
    AnnOpenP),
   [../../hackage-packages/mighttpd-0.4.3/Parsec.hs:41:8]),
  ((../../hackage-packages/mighttpd-0.4.3/Parsec.hs:41:8-11, AnnVal),
   [../../hackage-packages/mighttpd-0.4.3/Parsec.hs:41:9-10]),
  ((../../hackage-packages/mighttpd-0.4.3/Parsec.hs:43:1-4,
    AnnCloseP),
   [../../hackage-packages/mighttpd-0.4.3/Parsec.hs:43:4]),
  ((../../hackage-packages/mighttpd-0.4.3/Parsec.hs:43:1-4,
    AnnOpenP),
   [../../hackage-packages/mighttpd-0.4.3/Parsec.hs:43:1]),
  ((../../hackage-packages/mighttpd-0.4.3/Parsec.hs:43:1-4, AnnVal),
   [../../hackage-packages/mighttpd-0.4.3/Parsec.hs:43:2-3]),
  ((../../hackage-packages/mighttpd-0.4.3/Parsec.hs:43:1-36,
    AnnDcolon),
   [../../hackage-packages/mighttpd-0.4.3/Parsec.hs:43:6-7]),
  ((../../hackage-packages/mighttpd-0.4.3/Parsec.hs:43:1-36,
    AnnSemi),
   [../../hackage-packages/mighttpd-0.4.3/Parsec.hs:44:1]),
  ((../../hackage-packages/mighttpd-0.4.3/Parsec.hs:43:9-15,
    AnnDarrow),
   [../../hackage-packages/mighttpd-0.4.3/Parsec.hs:43:17-18]),
  ((../../hackage-packages/mighttpd-0.4.3/Parsec.hs:43:20-36,
    AnnRarrow),
   [../../hackage-packages/mighttpd-0.4.3/Parsec.hs:43:24-25]),
  ((../../hackage-packages/mighttpd-0.4.3/Parsec.hs:43:27-36,
    AnnRarrow),
   [../../hackage-packages/mighttpd-0.4.3/Parsec.hs:43:31-32]),
  ((../../hackage-packages/mighttpd-0.4.3/Parsec.hs:44:1-8, AnnVal),
   [../../hackage-packages/mighttpd-0.4.3/Parsec.hs:44:4-5]),
  ((../../hackage-packages/mighttpd-0.4.3/Parsec.hs:(44,1)-(46,22),
    AnnEqual),
   [../../hackage-packages/mighttpd-0.4.3/Parsec.hs:44:10]),
  ((../../hackage-packages/mighttpd-0.4.3/Parsec.hs:(44,1)-(46,22),
    AnnFunId),
   [../../hackage-packages/mighttpd-0.4.3/Parsec.hs:44:4-5]),
  ((../../hackage-packages/mighttpd-0.4.3/Parsec.hs:(44,1)-(46,22),
    AnnSemi),
   [../../hackage-packages/mighttpd-0.4.3/Parsec.hs:48:1]),
  ((../../hackage-packages/mighttpd-0.4.3/Parsec.hs:(44,12)-(46,22),
    AnnDo),
   [../../hackage-packages/mighttpd-0.4.3/Parsec.hs:44:12-13]),
  ((../../hackage-packages/mighttpd-0.4.3/Parsec.hs:44:15-21,
    AnnLarrow),
   [../../hackage-packages/mighttpd-0.4.3/Parsec.hs:44:17-18]),
  ((../../hackage-packages/mighttpd-0.4.3/Parsec.hs:44:15-21,
    AnnSemi),
   [../../hackage-packages/mighttpd-0.4.3/Parsec.hs:45:15]),
  ((../../hackage-packages/mighttpd-0.4.3/Parsec.hs:45:15-16,
    AnnSemi),
   [../../hackage-packages/mighttpd-0.4.3/Parsec.hs:46:15]),
  ((../../hackage-packages/mighttpd-0.4.3/Parsec.hs:48:1-27,
    AnnDcolon),
   [../../hackage-packages/mighttpd-0.4.3/Parsec.hs:48:6-7]),
  ((../../hackage-packages/mighttpd-0.4.3/Parsec.hs:48:1-27,
    AnnSemi),
   [../../hackage-packages/mighttpd-0.4.3/Parsec.hs:49:1]),
  ((../../hackage-packages/mighttpd-0.4.3/Parsec.hs:48:9-15,
    AnnDarrow),
   [../../hackage-packages/mighttpd-0.4.3/Parsec.hs:48:17-18]),
  ((../../hackage-packages/mighttpd-0.4.3/Parsec.hs:48:20-27,
    AnnRarrow),
   [../../hackage-packages/mighttpd-0.4.3/Parsec.hs:48:22-23]),
  ((../../hackage-packages/mighttpd-0.4.3/Parsec.hs:49:1-13,
    AnnEqual),
   [../../hackage-packages/mighttpd-0.4.3/Parsec.hs:49:6]),
  ((../../hackage-packages/mighttpd-0.4.3/Parsec.hs:49:1-13,
    AnnFunId),
   [../../hackage-packages/mighttpd-0.4.3/Parsec.hs:49:1-4]),
  ((../../hackage-packages/mighttpd-0.4.3/Parsec.hs:49:1-13,
    AnnSemi),
   [../../hackage-packages/mighttpd-0.4.3/Parsec.hs:51:1]),
  ((../../hackage-packages/mighttpd-0.4.3/Parsec.hs:51:1-29,
    AnnInfix),
   [../../hackage-packages/mighttpd-0.4.3/Parsec.hs:51:1-6]),
  ((../../hackage-packages/mighttpd-0.4.3/Parsec.hs:51:1-29,
    AnnSemi),
   [../../hackage-packages/mighttpd-0.4.3/Parsec.hs:53:1]),
  ((../../hackage-packages/mighttpd-0.4.3/Parsec.hs:51:1-29, AnnVal),
   [../../hackage-packages/mighttpd-0.4.3/Parsec.hs:51:8]),
  ((../../hackage-packages/mighttpd-0.4.3/Parsec.hs:51:10-12,
    AnnComma),
   [../../hackage-packages/mighttpd-0.4.3/Parsec.hs:51:13]),
  ((../../hackage-packages/mighttpd-0.4.3/Parsec.hs:51:15-16,
    AnnComma),
   [../../hackage-packages/mighttpd-0.4.3/Parsec.hs:51:17]),
  ((../../hackage-packages/mighttpd-0.4.3/Parsec.hs:51:19-21,
    AnnComma),
   [../../hackage-packages/mighttpd-0.4.3/Parsec.hs:51:22]),
  ((../../hackage-packages/mighttpd-0.4.3/Parsec.hs:51:24-25,
    AnnComma),
   [../../hackage-packages/mighttpd-0.4.3/Parsec.hs:51:26]),
  ((<no location info>, AnnEofPos),
   [../../hackage-packages/mighttpd-0.4.3/Parsec.hs:53:1])],
 [(<no location info>,
   [AnnBlockComment "{-\n  GenParser cannot be an instance of Applicative and Alternative\n  due to the overlapping instances error, sigh!\n-}",
    AnnBlockComment "{-# LANGUAGE CPP #-}"])])