{-# LANGUAGE CPP #-}
module Network.Tremulous.SocketExtensions where
import Prelude as P
import Foreign
import Control.DeepSeq
import Network.Socket

instance NFData SockAddr where
    rnf (SockAddrInet (PortNum a) b) = rnf a `seq` rnf b
    rnf (SockAddrInet6 (PortNum a) b c d) = rnf a `seq` rnf b
                                            `seq` rnf c `seq` rnf d
#if !defined(mingw32_HOST_OS) && !defined(__MINGW32__)
    rnf (SockAddrUnix a) = rnf a
#endif

#if defined(mingw32_HOST_OS) || defined(__MINGW32__)
#define CALLCONV stdcall
#else
#define CALLCONV ccall
#endif

foreign import ccallCALLCONVunsafe"ntohl""ntohl"ntohl:: Word32:: Word32-> Word32-> Word32
foreign import ccallCALLCONVunsafe"htonl""htonl"htonl:: Word32:: Word32-> Word32-> Word32
foreign import ccallCALLCONVunsafe"ntohs""ntohs"ntohs:: Word16:: Word16-> Word16-> Word16
foreign import ccallCALLCONVunsafe"htons""htons"htons:: Word16:: Word16-> Word16-> Word16

==============
../../hackage-packages/tremulous-query-1.0.7/Network/Tremulous/SocketExtensions.hs
==============
lengths:(939,839)

==============

({ ../../hackage-packages/tremulous-query-1.0.7/Network/Tremulous/SocketExtensions.hs:1:1
  }
 Just (Ann (DP (0,0)) (ColDelta 1) DP (0,0) [] [((AnnComment DComment (DP (0,0),DP (0,20)) "{-# LANGUAGE CPP #-}" Nothing),DP (0,0)),((G AnnModule),DP (1,1)),((G AnnVal),DP (0,1)),((G AnnWhere),DP (0,1)),((AnnComment DComment (DP (0,-6),DP (0,-4)) "->" Nothing),DP (0,-6)),((AnnComment DComment (DP (0,1),DP (0,7)) "Word16" Nothing),DP (0,1)),((AnnComment DComment (DP (1,1),DP (1,1)) "" Nothing),DP (1,1)),((G AnnEofPos),DP (2,0))])
 (HsModule 
  (Just 
   ({ ../../hackage-packages/tremulous-query-1.0.7/Network/Tremulous/SocketExtensions.hs:2:8-41
     }
    Nothing{ModuleName: Network.Tremulous.SocketExtensions})) 
  (Nothing) 
  [
   ({ ../../hackage-packages/tremulous-query-1.0.7/Network/Tremulous/SocketExtensions.hs:3:1-19
     }
    Just (Ann (DP (1,1)) (ColDelta 1) DP (1,1) [] [((G AnnImport),DP (0,0)),((G AnnVal),DP (0,1)),((G AnnAs),DP (0,1)),((G AnnVal),DP (0,1))])
    (ImportDecl 
     (Nothing) 
     ({ ../../hackage-packages/tremulous-query-1.0.7/Network/Tremulous/SocketExtensions.hs:3:8-14
       }
      Nothing{ModuleName: Prelude}) 
     (Nothing) 
     (False) 
     (False) 
     (False) 
     (False) 
     (Just {ModuleName: P}) 
     (Nothing))),
   ({ ../../hackage-packages/tremulous-query-1.0.7/Network/Tremulous/SocketExtensions.hs:4:1-14
     }
    Just (Ann (DP (1,1)) (ColDelta 1) DP (1,1) [] [((G AnnImport),DP (0,0)),((G AnnVal),DP (0,1))])
    (ImportDecl 
     (Nothing) 
     ({ ../../hackage-packages/tremulous-query-1.0.7/Network/Tremulous/SocketExtensions.hs:4:8-14
       }
      Nothing{ModuleName: Foreign}) 
     (Nothing) 
     (False) 
     (False) 
     (False) 
     (False) 
     (Nothing) 
     (Nothing))),
   ({ ../../hackage-packages/tremulous-query-1.0.7/Network/Tremulous/SocketExtensions.hs:5:1-22
     }
    Just (Ann (DP (1,1)) (ColDelta 1) DP (1,1) [] [((G AnnImport),DP (0,0)),((G AnnVal),DP (0,1))])
    (ImportDecl 
     (Nothing) 
     ({ ../../hackage-packages/tremulous-query-1.0.7/Network/Tremulous/SocketExtensions.hs:5:8-22
       }
      Nothing{ModuleName: Control.DeepSeq}) 
     (Nothing) 
     (False) 
     (False) 
     (False) 
     (False) 
     (Nothing) 
     (Nothing))),
   ({ ../../hackage-packages/tremulous-query-1.0.7/Network/Tremulous/SocketExtensions.hs:6:1-21
     }
    Just (Ann (DP (1,1)) (ColDelta 1) DP (1,1) [] [((G AnnImport),DP (0,0)),((G AnnVal),DP (0,1))])
    (ImportDecl 
     (Nothing) 
     ({ ../../hackage-packages/tremulous-query-1.0.7/Network/Tremulous/SocketExtensions.hs:6:8-21
       }
      Nothing{ModuleName: Network.Socket}) 
     (Nothing) 
     (False) 
     (False) 
     (False) 
     (False) 
     (Nothing) 
     (Nothing)))] 
  [
   ({ ../../hackage-packages/tremulous-query-1.0.7/Network/Tremulous/SocketExtensions.hs:(8,1)-(13,32)
     }
    Just (Ann (DP (2,1)) (ColDelta 1) DP (2,1) [] [((G AnnInstance),DP (0,0)),((G AnnWhere),DP (0,1))])
    (InstD 
     (ClsInstD 
      (ClsInstDecl 
       ({ ../../hackage-packages/tremulous-query-1.0.7/Network/Tremulous/SocketExtensions.hs:8:10-24
         }
        Just (Ann (DP (0,1)) (ColDelta 10) DP (0,1) [] [])
        (HsForAllTy 
         (Implicit) 
         (Nothing) 
         (HsQTvs 
          [] 
          []) 
         ({ <no location info> }
          Nothing
          []) 
         ({ ../../hackage-packages/tremulous-query-1.0.7/Network/Tremulous/SocketExtensions.hs:8:10-24
           }
          Just (Ann (DP (0,0)) (ColDelta 10) DP (0,0) [] [])
          (HsAppTy 
           ({ ../../hackage-packages/tremulous-query-1.0.7/Network/Tremulous/SocketExtensions.hs:8:10-15
             }
            Just (Ann (DP (0,0)) (ColDelta 10) DP (0,0) [] [((G AnnVal),DP (0,0))])
            (HsTyVar 
             (Unqual {OccName: NFData}))) 
           ({ ../../hackage-packages/tremulous-query-1.0.7/Network/Tremulous/SocketExtensions.hs:8:17-24
             }
            Just (Ann (DP (0,1)) (ColDelta 17) DP (0,1) [] [((G AnnVal),DP (0,0))])
            (HsTyVar 
             (Unqual {OccName: SockAddr}))))))) {Bag(Located (HsBind RdrName)): 
       [
        ({ ../../hackage-packages/tremulous-query-1.0.7/Network/Tremulous/SocketExtensions.hs:(9,5)-(13,32)
          }
         Just (Ann (DP (1,5)) (ColDelta 5) DP (1,5) [] [])
         (FunBind 
          ({ ../../hackage-packages/tremulous-query-1.0.7/Network/Tremulous/SocketExtensions.hs:9:5-7
            }
           Just (Ann (DP (0,0)) (ColDelta 5) DP (0,0) [] [((G AnnVal),DP (0,0))])
           (Unqual {OccName: rnf})) 
          (False) 
          (MG 
           [
            ({ ../../hackage-packages/tremulous-query-1.0.7/Network/Tremulous/SocketExtensions.hs:9:5-56
              }
             Just (Ann (DP (0,0)) (ColDelta 5) DP (0,0) [] [((G AnnEqual),DP (0,1))])
             (Match 
              (Just 
               ((,) 
                ({ ../../hackage-packages/tremulous-query-1.0.7/Network/Tremulous/SocketExtensions.hs:9:5-7
                  }
                 Just (Ann (DP (0,0)) (ColDelta 5) DP (0,0) [] [((G AnnVal),DP (0,0))])
                 (Unqual {OccName: rnf})) 
                (False))) 
              [
               ({ ../../hackage-packages/tremulous-query-1.0.7/Network/Tremulous/SocketExtensions.hs:9:9-36
                 }
                Just (Ann (DP (0,1)) (ColDelta 9) DP (0,1) [] [((G AnnOpenP),DP (0,0)),((G AnnCloseP),DP (0,0))])
                (ParPat 
                 ({ ../../hackage-packages/tremulous-query-1.0.7/Network/Tremulous/SocketExtensions.hs:9:10-35
                   }
                  Just (Ann (DP (0,0)) (ColDelta 10) DP (0,0) [] [])
                  (ConPatIn 
                   ({ ../../hackage-packages/tremulous-query-1.0.7/Network/Tremulous/SocketExtensions.hs:9:10-21
                     }
                    Just (Ann (DP (0,0)) (ColDelta 10) DP (0,0) [] [((G AnnVal),DP (0,0))])
                    (Unqual {OccName: SockAddrInet})) 
                   (PrefixCon 
                    [
                     ({ ../../hackage-packages/tremulous-query-1.0.7/Network/Tremulous/SocketExtensions.hs:9:23-33
                       }
                      Just (Ann (DP (0,1)) (ColDelta 23) DP (0,1) [] [((G AnnOpenP),DP (0,0)),((G AnnCloseP),DP (0,0))])
                      (ParPat 
                       ({ ../../hackage-packages/tremulous-query-1.0.7/Network/Tremulous/SocketExtensions.hs:9:24-32
                         }
                        Just (Ann (DP (0,0)) (ColDelta 24) DP (0,0) [] [])
                        (ConPatIn 
                         ({ ../../hackage-packages/tremulous-query-1.0.7/Network/Tremulous/SocketExtensions.hs:9:24-30
                           }
                          Just (Ann (DP (0,0)) (ColDelta 24) DP (0,0) [] [((G AnnVal),DP (0,0))])
                          (Unqual {OccName: PortNum})) 
                         (PrefixCon 
                          [
                           ({ ../../hackage-packages/tremulous-query-1.0.7/Network/Tremulous/SocketExtensions.hs:9:32
                             }
                            Just (Ann (DP (0,1)) (ColDelta 32) DP (0,1) [] [((G AnnVal),DP (0,0))])
                            (VarPat 
                             (Unqual {OccName: a})))]))))),
                     ({ ../../hackage-packages/tremulous-query-1.0.7/Network/Tremulous/SocketExtensions.hs:9:35
                       }
                      Just (Ann (DP (0,1)) (ColDelta 35) DP (0,1) [] [((G AnnVal),DP (0,0))])
                      (VarPat 
                       (Unqual {OccName: b})))])))))] 
              (Nothing) 
              (GRHSs 
               [
                ({ ../../hackage-packages/tremulous-query-1.0.7/Network/Tremulous/SocketExtensions.hs:9:38-56
                  }
                 Just (Ann (DP (0,-1)) (ColDelta 38) DP (0,-1) [] [])
                 (GRHS 
                  [] 
                  ({ ../../hackage-packages/tremulous-query-1.0.7/Network/Tremulous/SocketExtensions.hs:9:40-56
                    }
                   Just (Ann (DP (0,1)) (ColDelta 40) DP (0,1) [] [])
                   (OpApp 
                    ({ ../../hackage-packages/tremulous-query-1.0.7/Network/Tremulous/SocketExtensions.hs:9:40-44
                      }
                     Just (Ann (DP (0,0)) (ColDelta 40) DP (0,0) [] [])
                     (HsApp 
                      ({ ../../hackage-packages/tremulous-query-1.0.7/Network/Tremulous/SocketExtensions.hs:9:40-42
                        }
                       Just (Ann (DP (0,0)) (ColDelta 40) DP (0,0) [] [((G AnnVal),DP (0,0))])
                       (HsVar 
                        (Unqual {OccName: rnf}))) 
                      ({ ../../hackage-packages/tremulous-query-1.0.7/Network/Tremulous/SocketExtensions.hs:9:44
                        }
                       Just (Ann (DP (0,1)) (ColDelta 44) DP (0,1) [] [((G AnnVal),DP (0,0))])
                       (HsVar 
                        (Unqual {OccName: a}))))) 
                    ({ ../../hackage-packages/tremulous-query-1.0.7/Network/Tremulous/SocketExtensions.hs:9:46-50
                      }
                     Just (Ann (DP (0,1)) (ColDelta 46) DP (0,1) [] [((G AnnBackquote),DP (0,0)),((G AnnVal),DP (0,0)),((G AnnBackquote),DP (0,0))])
                     (HsVar 
                      (Unqual {OccName: seq}))) 
                    (PlaceHolder) 
                    ({ ../../hackage-packages/tremulous-query-1.0.7/Network/Tremulous/SocketExtensions.hs:9:52-56
                      }
                     Just (Ann (DP (0,1)) (ColDelta 52) DP (0,1) [] [])
                     (HsApp 
                      ({ ../../hackage-packages/tremulous-query-1.0.7/Network/Tremulous/SocketExtensions.hs:9:52-54
                        }
                       Just (Ann (DP (0,0)) (ColDelta 52) DP (0,0) [] [((G AnnVal),DP (0,0))])
                       (HsVar 
                        (Unqual {OccName: rnf}))) 
                      ({ ../../hackage-packages/tremulous-query-1.0.7/Network/Tremulous/SocketExtensions.hs:9:56
                        }
                       Just (Ann (DP (0,1)) (ColDelta 56) DP (0,1) [] [((G AnnVal),DP (0,0))])
                       (HsVar 
                        (Unqual {OccName: b})))))))))] 
               (EmptyLocalBinds)))),
            ({ ../../hackage-packages/tremulous-query-1.0.7/Network/Tremulous/SocketExtensions.hs:(10,5)-(11,67)
              }
             Just (Ann (DP (1,5)) (ColDelta 5) DP (1,5) [] [((G AnnEqual),DP (0,1))])
             (Match 
              (Just 
               ((,) 
                ({ ../../hackage-packages/tremulous-query-1.0.7/Network/Tremulous/SocketExtensions.hs:10:5-7
                  }
                 Just (Ann (DP (0,0)) (ColDelta 5) DP (0,0) [] [((G AnnVal),DP (0,0))])
                 (Unqual {OccName: rnf})) 
                (False))) 
              [
               ({ ../../hackage-packages/tremulous-query-1.0.7/Network/Tremulous/SocketExtensions.hs:10:9-41
                 }
                Just (Ann (DP (0,1)) (ColDelta 9) DP (0,1) [] [((G AnnOpenP),DP (0,0)),((G AnnCloseP),DP (0,0))])
                (ParPat 
                 ({ ../../hackage-packages/tremulous-query-1.0.7/Network/Tremulous/SocketExtensions.hs:10:10-40
                   }
                  Just (Ann (DP (0,0)) (ColDelta 10) DP (0,0) [] [])
                  (ConPatIn 
                   ({ ../../hackage-packages/tremulous-query-1.0.7/Network/Tremulous/SocketExtensions.hs:10:10-22
                     }
                    Just (Ann (DP (0,0)) (ColDelta 10) DP (0,0) [] [((G AnnVal),DP (0,0))])
                    (Unqual {OccName: SockAddrInet6})) 
                   (PrefixCon 
                    [
                     ({ ../../hackage-packages/tremulous-query-1.0.7/Network/Tremulous/SocketExtensions.hs:10:24-34
                       }
                      Just (Ann (DP (0,1)) (ColDelta 24) DP (0,1) [] [((G AnnOpenP),DP (0,0)),((G AnnCloseP),DP (0,0))])
                      (ParPat 
                       ({ ../../hackage-packages/tremulous-query-1.0.7/Network/Tremulous/SocketExtensions.hs:10:25-33
                         }
                        Just (Ann (DP (0,0)) (ColDelta 25) DP (0,0) [] [])
                        (ConPatIn 
                         ({ ../../hackage-packages/tremulous-query-1.0.7/Network/Tremulous/SocketExtensions.hs:10:25-31
                           }
                          Just (Ann (DP (0,0)) (ColDelta 25) DP (0,0) [] [((G AnnVal),DP (0,0))])
                          (Unqual {OccName: PortNum})) 
                         (PrefixCon 
                          [
                           ({ ../../hackage-packages/tremulous-query-1.0.7/Network/Tremulous/SocketExtensions.hs:10:33
                             }
                            Just (Ann (DP (0,1)) (ColDelta 33) DP (0,1) [] [((G AnnVal),DP (0,0))])
                            (VarPat 
                             (Unqual {OccName: a})))]))))),
                     ({ ../../hackage-packages/tremulous-query-1.0.7/Network/Tremulous/SocketExtensions.hs:10:36
                       }
                      Just (Ann (DP (0,1)) (ColDelta 36) DP (0,1) [] [((G AnnVal),DP (0,0))])
                      (VarPat 
                       (Unqual {OccName: b}))),
                     ({ ../../hackage-packages/tremulous-query-1.0.7/Network/Tremulous/SocketExtensions.hs:10:38
                       }
                      Just (Ann (DP (0,1)) (ColDelta 38) DP (0,1) [] [((G AnnVal),DP (0,0))])
                      (VarPat 
                       (Unqual {OccName: c}))),
                     ({ ../../hackage-packages/tremulous-query-1.0.7/Network/Tremulous/SocketExtensions.hs:10:40
                       }
                      Just (Ann (DP (0,1)) (ColDelta 40) DP (0,1) [] [((G AnnVal),DP (0,0))])
                      (VarPat 
                       (Unqual {OccName: d})))])))))] 
              (Nothing) 
              (GRHSs 
               [
                ({ ../../hackage-packages/tremulous-query-1.0.7/Network/Tremulous/SocketExtensions.hs:(10,43)-(11,67)
                  }
                 Just (Ann (DP (0,-1)) (ColDelta 43) DP (0,-1) [] [])
                 (GRHS 
                  [] 
                  ({ ../../hackage-packages/tremulous-query-1.0.7/Network/Tremulous/SocketExtensions.hs:(10,45)-(11,67)
                    }
                   Just (Ann (DP (0,1)) (ColDelta 45) DP (0,1) [] [])
                   (OpApp 
                    ({ ../../hackage-packages/tremulous-query-1.0.7/Network/Tremulous/SocketExtensions.hs:(10,45)-(11,55)
                      }
                     Just (Ann (DP (0,0)) (ColDelta 45) DP (0,0) [] [])
                     (OpApp 
                      ({ ../../hackage-packages/tremulous-query-1.0.7/Network/Tremulous/SocketExtensions.hs:10:45-61
                        }
                       Just (Ann (DP (0,0)) (ColDelta 45) DP (0,0) [] [])
                       (OpApp 
                        ({ ../../hackage-packages/tremulous-query-1.0.7/Network/Tremulous/SocketExtensions.hs:10:45-49
                          }
                         Just (Ann (DP (0,0)) (ColDelta 45) DP (0,0) [] [])
                         (HsApp 
                          ({ ../../hackage-packages/tremulous-query-1.0.7/Network/Tremulous/SocketExtensions.hs:10:45-47
                            }
                           Just (Ann (DP (0,0)) (ColDelta 45) DP (0,0) [] [((G AnnVal),DP (0,0))])
                           (HsVar 
                            (Unqual {OccName: rnf}))) 
                          ({ ../../hackage-packages/tremulous-query-1.0.7/Network/Tremulous/SocketExtensions.hs:10:49
                            }
                           Just (Ann (DP (0,1)) (ColDelta 49) DP (0,1) [] [((G AnnVal),DP (0,0))])
                           (HsVar 
                            (Unqual {OccName: a}))))) 
                        ({ ../../hackage-packages/tremulous-query-1.0.7/Network/Tremulous/SocketExtensions.hs:10:51-55
                          }
                         Just (Ann (DP (0,1)) (ColDelta 51) DP (0,1) [] [((G AnnBackquote),DP (0,0)),((G AnnVal),DP (0,0)),((G AnnBackquote),DP (0,0))])
                         (HsVar 
                          (Unqual {OccName: seq}))) 
                        (PlaceHolder) 
                        ({ ../../hackage-packages/tremulous-query-1.0.7/Network/Tremulous/SocketExtensions.hs:10:57-61
                          }
                         Just (Ann (DP (0,1)) (ColDelta 57) DP (0,1) [] [])
                         (HsApp 
                          ({ ../../hackage-packages/tremulous-query-1.0.7/Network/Tremulous/SocketExtensions.hs:10:57-59
                            }
                           Just (Ann (DP (0,0)) (ColDelta 57) DP (0,0) [] [((G AnnVal),DP (0,0))])
                           (HsVar 
                            (Unqual {OccName: rnf}))) 
                          ({ ../../hackage-packages/tremulous-query-1.0.7/Network/Tremulous/SocketExtensions.hs:10:61
                            }
                           Just (Ann (DP (0,1)) (ColDelta 61) DP (0,1) [] [((G AnnVal),DP (0,0))])
                           (HsVar 
                            (Unqual {OccName: b}))))))) 
                      ({ ../../hackage-packages/tremulous-query-1.0.7/Network/Tremulous/SocketExtensions.hs:11:45-49
                        }
                       Just (Ann (DP (1,45)) (ColDelta 45) DP (1,45) [] [((G AnnBackquote),DP (0,0)),((G AnnVal),DP (0,0)),((G AnnBackquote),DP (0,0))])
                       (HsVar 
                        (Unqual {OccName: seq}))) 
                      (PlaceHolder) 
                      ({ ../../hackage-packages/tremulous-query-1.0.7/Network/Tremulous/SocketExtensions.hs:11:51-55
                        }
                       Just (Ann (DP (0,1)) (ColDelta 51) DP (0,1) [] [])
                       (HsApp 
                        ({ ../../hackage-packages/tremulous-query-1.0.7/Network/Tremulous/SocketExtensions.hs:11:51-53
                          }
                         Just (Ann (DP (0,0)) (ColDelta 51) DP (0,0) [] [((G AnnVal),DP (0,0))])
                         (HsVar 
                          (Unqual {OccName: rnf}))) 
                        ({ ../../hackage-packages/tremulous-query-1.0.7/Network/Tremulous/SocketExtensions.hs:11:55
                          }
                         Just (Ann (DP (0,1)) (ColDelta 55) DP (0,1) [] [((G AnnVal),DP (0,0))])
                         (HsVar 
                          (Unqual {OccName: c}))))))) 
                    ({ ../../hackage-packages/tremulous-query-1.0.7/Network/Tremulous/SocketExtensions.hs:11:57-61
                      }
                     Just (Ann (DP (0,1)) (ColDelta 57) DP (0,1) [] [((G AnnBackquote),DP (0,0)),((G AnnVal),DP (0,0)),((G AnnBackquote),DP (0,0))])
                     (HsVar 
                      (Unqual {OccName: seq}))) 
                    (PlaceHolder) 
                    ({ ../../hackage-packages/tremulous-query-1.0.7/Network/Tremulous/SocketExtensions.hs:11:63-67
                      }
                     Just (Ann (DP (0,1)) (ColDelta 63) DP (0,1) [] [])
                     (HsApp 
                      ({ ../../hackage-packages/tremulous-query-1.0.7/Network/Tremulous/SocketExtensions.hs:11:63-65
                        }
                       Just (Ann (DP (0,0)) (ColDelta 63) DP (0,0) [] [((G AnnVal),DP (0,0))])
                       (HsVar 
                        (Unqual {OccName: rnf}))) 
                      ({ ../../hackage-packages/tremulous-query-1.0.7/Network/Tremulous/SocketExtensions.hs:11:67
                        }
                       Just (Ann (DP (0,1)) (ColDelta 67) DP (0,1) [] [((G AnnVal),DP (0,0))])
                       (HsVar 
                        (Unqual {OccName: d})))))))))] 
               (EmptyLocalBinds)))),
            ({ ../../hackage-packages/tremulous-query-1.0.7/Network/Tremulous/SocketExtensions.hs:13:5-32
              }
             Just (Ann (DP (1,5)) (ColDelta 5) DP (2,5) [DComment (DP (1,1),DP (1,54)) "#if !defined(mingw32_HOST_OS) && !defined(__MINGW32__)" Nothing] [((G AnnEqual),DP (0,1))])
             (Match 
              (Just 
               ((,) 
                ({ ../../hackage-packages/tremulous-query-1.0.7/Network/Tremulous/SocketExtensions.hs:13:5-7
                  }
                 Just (Ann (DP (0,0)) (ColDelta 5) DP (0,0) [] [((G AnnVal),DP (0,0))])
                 (Unqual {OccName: rnf})) 
                (False))) 
              [
               ({ ../../hackage-packages/tremulous-query-1.0.7/Network/Tremulous/SocketExtensions.hs:13:9-24
                 }
                Just (Ann (DP (0,1)) (ColDelta 9) DP (0,1) [] [((G AnnOpenP),DP (0,0)),((G AnnCloseP),DP (0,0))])
                (ParPat 
                 ({ ../../hackage-packages/tremulous-query-1.0.7/Network/Tremulous/SocketExtensions.hs:13:10-23
                   }
                  Just (Ann (DP (0,0)) (ColDelta 10) DP (0,0) [] [])
                  (ConPatIn 
                   ({ ../../hackage-packages/tremulous-query-1.0.7/Network/Tremulous/SocketExtensions.hs:13:10-21
                     }
                    Just (Ann (DP (0,0)) (ColDelta 10) DP (0,0) [] [((G AnnVal),DP (0,0))])
                    (Unqual {OccName: SockAddrUnix})) 
                   (PrefixCon 
                    [
                     ({ ../../hackage-packages/tremulous-query-1.0.7/Network/Tremulous/SocketExtensions.hs:13:23
                       }
                      Just (Ann (DP (0,1)) (ColDelta 23) DP (0,1) [] [((G AnnVal),DP (0,0))])
                      (VarPat 
                       (Unqual {OccName: a})))])))))] 
              (Nothing) 
              (GRHSs 
               [
                ({ ../../hackage-packages/tremulous-query-1.0.7/Network/Tremulous/SocketExtensions.hs:13:26-32
                  }
                 Just (Ann (DP (0,-1)) (ColDelta 26) DP (0,-1) [] [])
                 (GRHS 
                  [] 
                  ({ ../../hackage-packages/tremulous-query-1.0.7/Network/Tremulous/SocketExtensions.hs:13:28-32
                    }
                   Just (Ann (DP (0,1)) (ColDelta 28) DP (0,1) [] [])
                   (HsApp 
                    ({ ../../hackage-packages/tremulous-query-1.0.7/Network/Tremulous/SocketExtensions.hs:13:28-30
                      }
                     Just (Ann (DP (0,0)) (ColDelta 28) DP (0,0) [] [((G AnnVal),DP (0,0))])
                     (HsVar 
                      (Unqual {OccName: rnf}))) 
                    ({ ../../hackage-packages/tremulous-query-1.0.7/Network/Tremulous/SocketExtensions.hs:13:32
                      }
                     Just (Ann (DP (0,1)) (ColDelta 32) DP (0,1) [] [((G AnnVal),DP (0,0))])
                     (HsVar 
                      (Unqual {OccName: a})))))))] 
               (EmptyLocalBinds))))] 
           [] 
           (PlaceHolder) 
           (FromSource)) 
          (WpHole) 
          (PlaceHolder) 
          []))]} 
       [] 
       [] 
       [] 
       (Nothing))))),
   ({ ../../hackage-packages/tremulous-query-1.0.7/Network/Tremulous/SocketExtensions.hs:22:1-61
     }
    Just (Ann (DP (2,1)) (ColDelta 1) DP (9,1) [DComment (DP (1,1),DP (1,6)) "#endif" Nothing,DComment (DP (2,1),DP (2,52)) "#if defined(mingw32_HOST_OS) || defined(__MINGW32__)" Nothing,DComment (DP (1,1),DP (1,24)) "#define CALLCONV stdcall" Nothing,DComment (DP (1,1),DP (1,5)) "#else" Nothing,DComment (DP (1,1),DP (1,22)) "#define CALLCONV ccall" Nothing,DComment (DP (1,1),DP (1,6)) "#endif" Nothing] [((G AnnForeign),DP (0,0)),((G AnnImport),DP (0,1)),((AnnComment DComment (DP (0,-3),DP (0,3)) "unsafe" Nothing),DP (0,-3)),((G AnnVal),DP (0,1)),((AnnComment DComment (DP (0,-2),DP (0,3)) "ntohl" Nothing),DP (0,-2)),((G AnnDcolon),DP (0,1))])
    (ForD 
     (ForeignImport 
      ({ ../../hackage-packages/tremulous-query-1.0.7/Network/Tremulous/SocketExtensions.hs:22:37-41
        }
       Just (Ann (DP (0,-2)) (ColDelta 37) DP (0,1) [DComment (DP (0,-4),DP (0,3)) "\"ntohl\"" Nothing] [((G AnnVal),DP (0,-2))])
       (Unqual {OccName: ntohl})) 
      ({ ../../hackage-packages/tremulous-query-1.0.7/Network/Tremulous/SocketExtensions.hs:22:46-61
        }
       Just (Ann (DP (0,1)) (ColDelta 46) DP (0,1) [] [])
       (HsForAllTy 
        (Implicit) 
        (Nothing) 
        (HsQTvs 
         [] 
         []) 
        ({ <no location info> }
         Nothing
         []) 
        ({ ../../hackage-packages/tremulous-query-1.0.7/Network/Tremulous/SocketExtensions.hs:22:46-61
          }
         Just (Ann (DP (0,0)) (ColDelta 46) DP (0,0) [] [((AnnComment DComment (DP (0,-6),DP (0,-4)) "::" Nothing),DP (0,-6)),((AnnComment DComment (DP (0,1),DP (0,7)) "Word32" Nothing),DP (0,1)),((G AnnRarrow),DP (0,1))])
         (HsFunTy 
          ({ ../../hackage-packages/tremulous-query-1.0.7/Network/Tremulous/SocketExtensions.hs:22:46-51
            }
           Just (Ann (DP (0,0)) (ColDelta 46) DP (0,0) [] [((G AnnVal),DP (0,0))])
           (HsTyVar 
            (Unqual {OccName: Word32}))) 
          ({ ../../hackage-packages/tremulous-query-1.0.7/Network/Tremulous/SocketExtensions.hs:22:56-61
            }
           Just (Ann (DP (0,1)) (ColDelta 56) DP (0,1) [] [((G AnnVal),DP (0,0))])
           (HsTyVar 
            (Unqual {OccName: Word32}))))))) 
      (PlaceHolder) 
      (CImport 
       ({ ../../hackage-packages/tremulous-query-1.0.7/Network/Tremulous/SocketExtensions.hs:22:16-20
         }
        Just (Ann (DP (0,1)) (ColDelta 16) DP (0,1) [] [((G AnnVal),DP (0,0))])
        (CCallConv)) 
       ({ ../../hackage-packages/tremulous-query-1.0.7/Network/Tremulous/SocketExtensions.hs:22:22-27
         }
        Just (Ann (DP (0,-2)) (ColDelta 22) DP (0,1) [DComment (DP (0,-5),DP (0,3)) "CALLCONV" Nothing] [((G AnnVal),DP (0,-2))])
        (PlayRisky)) 
       (Nothing) 
       (CFunction 
        (StaticTarget {FastString: "ntohl"} 
         (Nothing) 
         (True))) 
       ({ ../../hackage-packages/tremulous-query-1.0.7/Network/Tremulous/SocketExtensions.hs:22:29-35
         }
        Nothing"ntohl"))))),
   ({ ../../hackage-packages/tremulous-query-1.0.7/Network/Tremulous/SocketExtensions.hs:23:1-61
     }
    Just (Ann (DP (1,1)) (ColDelta 1) DP (1,1) [DComment (DP (0,-6),DP (0,-4)) "->" Nothing,DComment (DP (0,1),DP (0,7)) "Word32" Nothing] [((G AnnForeign),DP (0,0)),((G AnnImport),DP (0,1)),((AnnComment DComment (DP (0,-3),DP (0,3)) "unsafe" Nothing),DP (0,-3)),((G AnnVal),DP (0,1)),((AnnComment DComment (DP (0,-2),DP (0,3)) "htonl" Nothing),DP (0,-2)),((G AnnDcolon),DP (0,1))])
    (ForD 
     (ForeignImport 
      ({ ../../hackage-packages/tremulous-query-1.0.7/Network/Tremulous/SocketExtensions.hs:23:37-41
        }
       Just (Ann (DP (0,-2)) (ColDelta 37) DP (0,1) [DComment (DP (0,-4),DP (0,3)) "\"htonl\"" Nothing] [((G AnnVal),DP (0,-2))])
       (Unqual {OccName: htonl})) 
      ({ ../../hackage-packages/tremulous-query-1.0.7/Network/Tremulous/SocketExtensions.hs:23:46-61
        }
       Just (Ann (DP (0,1)) (ColDelta 46) DP (0,1) [] [])
       (HsForAllTy 
        (Implicit) 
        (Nothing) 
        (HsQTvs 
         [] 
         []) 
        ({ <no location info> }
         Nothing
         []) 
        ({ ../../hackage-packages/tremulous-query-1.0.7/Network/Tremulous/SocketExtensions.hs:23:46-61
          }
         Just (Ann (DP (0,0)) (ColDelta 46) DP (0,0) [] [((AnnComment DComment (DP (0,-6),DP (0,-4)) "::" Nothing),DP (0,-6)),((AnnComment DComment (DP (0,1),DP (0,7)) "Word32" Nothing),DP (0,1)),((G AnnRarrow),DP (0,1))])
         (HsFunTy 
          ({ ../../hackage-packages/tremulous-query-1.0.7/Network/Tremulous/SocketExtensions.hs:23:46-51
            }
           Just (Ann (DP (0,0)) (ColDelta 46) DP (0,0) [] [((G AnnVal),DP (0,0))])
           (HsTyVar 
            (Unqual {OccName: Word32}))) 
          ({ ../../hackage-packages/tremulous-query-1.0.7/Network/Tremulous/SocketExtensions.hs:23:56-61
            }
           Just (Ann (DP (0,1)) (ColDelta 56) DP (0,1) [] [((G AnnVal),DP (0,0))])
           (HsTyVar 
            (Unqual {OccName: Word32}))))))) 
      (PlaceHolder) 
      (CImport 
       ({ ../../hackage-packages/tremulous-query-1.0.7/Network/Tremulous/SocketExtensions.hs:23:16-20
         }
        Just (Ann (DP (0,1)) (ColDelta 16) DP (0,1) [] [((G AnnVal),DP (0,0))])
        (CCallConv)) 
       ({ ../../hackage-packages/tremulous-query-1.0.7/Network/Tremulous/SocketExtensions.hs:23:22-27
         }
        Just (Ann (DP (0,-2)) (ColDelta 22) DP (0,1) [DComment (DP (0,-5),DP (0,3)) "CALLCONV" Nothing] [((G AnnVal),DP (0,-2))])
        (PlayRisky)) 
       (Nothing) 
       (CFunction 
        (StaticTarget {FastString: "htonl"} 
         (Nothing) 
         (True))) 
       ({ ../../hackage-packages/tremulous-query-1.0.7/Network/Tremulous/SocketExtensions.hs:23:29-35
         }
        Nothing"htonl"))))),
   ({ ../../hackage-packages/tremulous-query-1.0.7/Network/Tremulous/SocketExtensions.hs:24:1-61
     }
    Just (Ann (DP (1,1)) (ColDelta 1) DP (1,1) [DComment (DP (0,-6),DP (0,-4)) "->" Nothing,DComment (DP (0,1),DP (0,7)) "Word32" Nothing] [((G AnnForeign),DP (0,0)),((G AnnImport),DP (0,1)),((AnnComment DComment (DP (0,-3),DP (0,3)) "unsafe" Nothing),DP (0,-3)),((G AnnVal),DP (0,1)),((AnnComment DComment (DP (0,-2),DP (0,3)) "ntohs" Nothing),DP (0,-2)),((G AnnDcolon),DP (0,1))])
    (ForD 
     (ForeignImport 
      ({ ../../hackage-packages/tremulous-query-1.0.7/Network/Tremulous/SocketExtensions.hs:24:37-41
        }
       Just (Ann (DP (0,-2)) (ColDelta 37) DP (0,1) [DComment (DP (0,-4),DP (0,3)) "\"ntohs\"" Nothing] [((G AnnVal),DP (0,-2))])
       (Unqual {OccName: ntohs})) 
      ({ ../../hackage-packages/tremulous-query-1.0.7/Network/Tremulous/SocketExtensions.hs:24:46-61
        }
       Just (Ann (DP (0,1)) (ColDelta 46) DP (0,1) [] [])
       (HsForAllTy 
        (Implicit) 
        (Nothing) 
        (HsQTvs 
         [] 
         []) 
        ({ <no location info> }
         Nothing
         []) 
        ({ ../../hackage-packages/tremulous-query-1.0.7/Network/Tremulous/SocketExtensions.hs:24:46-61
          }
         Just (Ann (DP (0,0)) (ColDelta 46) DP (0,0) [] [((AnnComment DComment (DP (0,-6),DP (0,-4)) "::" Nothing),DP (0,-6)),((AnnComment DComment (DP (0,1),DP (0,7)) "Word16" Nothing),DP (0,1)),((G AnnRarrow),DP (0,1))])
         (HsFunTy 
          ({ ../../hackage-packages/tremulous-query-1.0.7/Network/Tremulous/SocketExtensions.hs:24:46-51
            }
           Just (Ann (DP (0,0)) (ColDelta 46) DP (0,0) [] [((G AnnVal),DP (0,0))])
           (HsTyVar 
            (Unqual {OccName: Word16}))) 
          ({ ../../hackage-packages/tremulous-query-1.0.7/Network/Tremulous/SocketExtensions.hs:24:56-61
            }
           Just (Ann (DP (0,1)) (ColDelta 56) DP (0,1) [] [((G AnnVal),DP (0,0))])
           (HsTyVar 
            (Unqual {OccName: Word16}))))))) 
      (PlaceHolder) 
      (CImport 
       ({ ../../hackage-packages/tremulous-query-1.0.7/Network/Tremulous/SocketExtensions.hs:24:16-20
         }
        Just (Ann (DP (0,1)) (ColDelta 16) DP (0,1) [] [((G AnnVal),DP (0,0))])
        (CCallConv)) 
       ({ ../../hackage-packages/tremulous-query-1.0.7/Network/Tremulous/SocketExtensions.hs:24:22-27
         }
        Just (Ann (DP (0,-2)) (ColDelta 22) DP (0,1) [DComment (DP (0,-5),DP (0,3)) "CALLCONV" Nothing] [((G AnnVal),DP (0,-2))])
        (PlayRisky)) 
       (Nothing) 
       (CFunction 
        (StaticTarget {FastString: "ntohs"} 
         (Nothing) 
         (True))) 
       ({ ../../hackage-packages/tremulous-query-1.0.7/Network/Tremulous/SocketExtensions.hs:24:29-35
         }
        Nothing"ntohs"))))),
   ({ ../../hackage-packages/tremulous-query-1.0.7/Network/Tremulous/SocketExtensions.hs:25:1-61
     }
    Just (Ann (DP (1,1)) (ColDelta 1) DP (1,1) [DComment (DP (0,-6),DP (0,-4)) "->" Nothing,DComment (DP (0,1),DP (0,7)) "Word16" Nothing] [((G AnnForeign),DP (0,0)),((G AnnImport),DP (0,1)),((AnnComment DComment (DP (0,-3),DP (0,3)) "unsafe" Nothing),DP (0,-3)),((G AnnVal),DP (0,1)),((AnnComment DComment (DP (0,-2),DP (0,3)) "htons" Nothing),DP (0,-2)),((G AnnDcolon),DP (0,1))])
    (ForD 
     (ForeignImport 
      ({ ../../hackage-packages/tremulous-query-1.0.7/Network/Tremulous/SocketExtensions.hs:25:37-41
        }
       Just (Ann (DP (0,-2)) (ColDelta 37) DP (0,1) [DComment (DP (0,-4),DP (0,3)) "\"htons\"" Nothing] [((G AnnVal),DP (0,-2))])
       (Unqual {OccName: htons})) 
      ({ ../../hackage-packages/tremulous-query-1.0.7/Network/Tremulous/SocketExtensions.hs:25:46-61
        }
       Just (Ann (DP (0,1)) (ColDelta 46) DP (0,1) [] [])
       (HsForAllTy 
        (Implicit) 
        (Nothing) 
        (HsQTvs 
         [] 
         []) 
        ({ <no location info> }
         Nothing
         []) 
        ({ ../../hackage-packages/tremulous-query-1.0.7/Network/Tremulous/SocketExtensions.hs:25:46-61
          }
         Just (Ann (DP (0,0)) (ColDelta 46) DP (0,0) [] [((AnnComment DComment (DP (0,-6),DP (0,-4)) "::" Nothing),DP (0,-6)),((AnnComment DComment (DP (0,1),DP (0,7)) "Word16" Nothing),DP (0,1)),((G AnnRarrow),DP (0,1))])
         (HsFunTy 
          ({ ../../hackage-packages/tremulous-query-1.0.7/Network/Tremulous/SocketExtensions.hs:25:46-51
            }
           Just (Ann (DP (0,0)) (ColDelta 46) DP (0,0) [] [((G AnnVal),DP (0,0))])
           (HsTyVar 
            (Unqual {OccName: Word16}))) 
          ({ ../../hackage-packages/tremulous-query-1.0.7/Network/Tremulous/SocketExtensions.hs:25:56-61
            }
           Just (Ann (DP (0,1)) (ColDelta 56) DP (0,1) [] [((G AnnVal),DP (0,0))])
           (HsTyVar 
            (Unqual {OccName: Word16}))))))) 
      (PlaceHolder) 
      (CImport 
       ({ ../../hackage-packages/tremulous-query-1.0.7/Network/Tremulous/SocketExtensions.hs:25:16-20
         }
        Just (Ann (DP (0,1)) (ColDelta 16) DP (0,1) [] [((G AnnVal),DP (0,0))])
        (CCallConv)) 
       ({ ../../hackage-packages/tremulous-query-1.0.7/Network/Tremulous/SocketExtensions.hs:25:22-27
         }
        Just (Ann (DP (0,-2)) (ColDelta 22) DP (0,1) [DComment (DP (0,-5),DP (0,3)) "CALLCONV" Nothing] [((G AnnVal),DP (0,-2))])
        (PlayRisky)) 
       (Nothing) 
       (CFunction 
        (StaticTarget {FastString: "htons"} 
         (Nothing) 
         (True))) 
       ({ ../../hackage-packages/tremulous-query-1.0.7/Network/Tremulous/SocketExtensions.hs:25:29-35
         }
        Nothing"htons")))))] 
  (Nothing) 
  (Nothing)))
==============
[(AnnKey ../../hackage-packages/tremulous-query-1.0.7/Network/Tremulous/SocketExtensions.hs:1:1 CN "HsModule" NotNeeded,
  (Ann (DP (0,0)) (ColDelta 1) DP (0,0) [] [((AnnComment DComment (DP (0,0),DP (0,20)) "{-# LANGUAGE CPP #-}" Nothing),DP (0,0)),((G AnnModule),DP (1,1)),((G AnnVal),DP (0,1)),((G AnnWhere),DP (0,1)),((AnnComment DComment (DP (0,-6),DP (0,-4)) "->" Nothing),DP (0,-6)),((AnnComment DComment (DP (0,1),DP (0,7)) "Word16" Nothing),DP (0,1)),((AnnComment DComment (DP (1,1),DP (1,1)) "" Nothing),DP (1,1)),((G AnnEofPos),DP (2,0))])),
 (AnnKey ../../hackage-packages/tremulous-query-1.0.7/Network/Tremulous/SocketExtensions.hs:3:1-19 CN "ImportDecl" NotNeeded,
  (Ann (DP (1,1)) (ColDelta 1) DP (1,1) [] [((G AnnImport),DP (0,0)),((G AnnVal),DP (0,1)),((G AnnAs),DP (0,1)),((G AnnVal),DP (0,1))])),
 (AnnKey ../../hackage-packages/tremulous-query-1.0.7/Network/Tremulous/SocketExtensions.hs:4:1-14 CN "ImportDecl" NotNeeded,
  (Ann (DP (1,1)) (ColDelta 1) DP (1,1) [] [((G AnnImport),DP (0,0)),((G AnnVal),DP (0,1))])),
 (AnnKey ../../hackage-packages/tremulous-query-1.0.7/Network/Tremulous/SocketExtensions.hs:5:1-22 CN "ImportDecl" NotNeeded,
  (Ann (DP (1,1)) (ColDelta 1) DP (1,1) [] [((G AnnImport),DP (0,0)),((G AnnVal),DP (0,1))])),
 (AnnKey ../../hackage-packages/tremulous-query-1.0.7/Network/Tremulous/SocketExtensions.hs:6:1-21 CN "ImportDecl" NotNeeded,
  (Ann (DP (1,1)) (ColDelta 1) DP (1,1) [] [((G AnnImport),DP (0,0)),((G AnnVal),DP (0,1))])),
 (AnnKey ../../hackage-packages/tremulous-query-1.0.7/Network/Tremulous/SocketExtensions.hs:(8,1)-(13,32) CN "InstD" NotNeeded,
  (Ann (DP (2,1)) (ColDelta 1) DP (2,1) [] [((G AnnInstance),DP (0,0)),((G AnnWhere),DP (0,1))])),
 (AnnKey ../../hackage-packages/tremulous-query-1.0.7/Network/Tremulous/SocketExtensions.hs:8:10-15 CN "HsTyVar" NotNeeded,
  (Ann (DP (0,0)) (ColDelta 10) DP (0,0) [] [((G AnnVal),DP (0,0))])),
 (AnnKey ../../hackage-packages/tremulous-query-1.0.7/Network/Tremulous/SocketExtensions.hs:8:10-24 CN "HsAppTy" NotNeeded,
  (Ann (DP (0,0)) (ColDelta 10) DP (0,0) [] [])),
 (AnnKey ../../hackage-packages/tremulous-query-1.0.7/Network/Tremulous/SocketExtensions.hs:8:10-24 CN "HsForAllTy" NotNeeded,
  (Ann (DP (0,1)) (ColDelta 10) DP (0,1) [] [])),
 (AnnKey ../../hackage-packages/tremulous-query-1.0.7/Network/Tremulous/SocketExtensions.hs:8:17-24 CN "HsTyVar" NotNeeded,
  (Ann (DP (0,1)) (ColDelta 17) DP (0,1) [] [((G AnnVal),DP (0,0))])),
 (AnnKey ../../hackage-packages/tremulous-query-1.0.7/Network/Tremulous/SocketExtensions.hs:9:5-7 CN "Unqual" NotNeeded,
  (Ann (DP (0,0)) (ColDelta 5) DP (0,0) [] [((G AnnVal),DP (0,0))])),
 (AnnKey ../../hackage-packages/tremulous-query-1.0.7/Network/Tremulous/SocketExtensions.hs:9:5-56 CN "Match" NotNeeded,
  (Ann (DP (0,0)) (ColDelta 5) DP (0,0) [] [((G AnnEqual),DP (0,1))])),
 (AnnKey ../../hackage-packages/tremulous-query-1.0.7/Network/Tremulous/SocketExtensions.hs:(9,5)-(13,32) CN "FunBind" NotNeeded,
  (Ann (DP (1,5)) (ColDelta 5) DP (1,5) [] [])),
 (AnnKey ../../hackage-packages/tremulous-query-1.0.7/Network/Tremulous/SocketExtensions.hs:9:9-36 CN "ParPat" NotNeeded,
  (Ann (DP (0,1)) (ColDelta 9) DP (0,1) [] [((G AnnOpenP),DP (0,0)),((G AnnCloseP),DP (0,0))])),
 (AnnKey ../../hackage-packages/tremulous-query-1.0.7/Network/Tremulous/SocketExtensions.hs:9:10-21 CN "Unqual" NotNeeded,
  (Ann (DP (0,0)) (ColDelta 10) DP (0,0) [] [((G AnnVal),DP (0,0))])),
 (AnnKey ../../hackage-packages/tremulous-query-1.0.7/Network/Tremulous/SocketExtensions.hs:9:10-35 CN "ConPatIn" NotNeeded,
  (Ann (DP (0,0)) (ColDelta 10) DP (0,0) [] [])),
 (AnnKey ../../hackage-packages/tremulous-query-1.0.7/Network/Tremulous/SocketExtensions.hs:9:23-33 CN "ParPat" NotNeeded,
  (Ann (DP (0,1)) (ColDelta 23) DP (0,1) [] [((G AnnOpenP),DP (0,0)),((G AnnCloseP),DP (0,0))])),
 (AnnKey ../../hackage-packages/tremulous-query-1.0.7/Network/Tremulous/SocketExtensions.hs:9:24-30 CN "Unqual" NotNeeded,
  (Ann (DP (0,0)) (ColDelta 24) DP (0,0) [] [((G AnnVal),DP (0,0))])),
 (AnnKey ../../hackage-packages/tremulous-query-1.0.7/Network/Tremulous/SocketExtensions.hs:9:24-32 CN "ConPatIn" NotNeeded,
  (Ann (DP (0,0)) (ColDelta 24) DP (0,0) [] [])),
 (AnnKey ../../hackage-packages/tremulous-query-1.0.7/Network/Tremulous/SocketExtensions.hs:9:32 CN "VarPat" NotNeeded,
  (Ann (DP (0,1)) (ColDelta 32) DP (0,1) [] [((G AnnVal),DP (0,0))])),
 (AnnKey ../../hackage-packages/tremulous-query-1.0.7/Network/Tremulous/SocketExtensions.hs:9:35 CN "VarPat" NotNeeded,
  (Ann (DP (0,1)) (ColDelta 35) DP (0,1) [] [((G AnnVal),DP (0,0))])),
 (AnnKey ../../hackage-packages/tremulous-query-1.0.7/Network/Tremulous/SocketExtensions.hs:9:38-56 CN "GRHS" NotNeeded,
  (Ann (DP (0,-1)) (ColDelta 38) DP (0,-1) [] [])),
 (AnnKey ../../hackage-packages/tremulous-query-1.0.7/Network/Tremulous/SocketExtensions.hs:9:40-42 CN "HsVar" NotNeeded,
  (Ann (DP (0,0)) (ColDelta 40) DP (0,0) [] [((G AnnVal),DP (0,0))])),
 (AnnKey ../../hackage-packages/tremulous-query-1.0.7/Network/Tremulous/SocketExtensions.hs:9:40-44 CN "HsApp" NotNeeded,
  (Ann (DP (0,0)) (ColDelta 40) DP (0,0) [] [])),
 (AnnKey ../../hackage-packages/tremulous-query-1.0.7/Network/Tremulous/SocketExtensions.hs:9:40-56 CN "OpApp" NotNeeded,
  (Ann (DP (0,1)) (ColDelta 40) DP (0,1) [] [])),
 (AnnKey ../../hackage-packages/tremulous-query-1.0.7/Network/Tremulous/SocketExtensions.hs:9:44 CN "HsVar" NotNeeded,
  (Ann (DP (0,1)) (ColDelta 44) DP (0,1) [] [((G AnnVal),DP (0,0))])),
 (AnnKey ../../hackage-packages/tremulous-query-1.0.7/Network/Tremulous/SocketExtensions.hs:9:46-50 CN "HsVar" NotNeeded,
  (Ann (DP (0,1)) (ColDelta 46) DP (0,1) [] [((G AnnBackquote),DP (0,0)),((G AnnVal),DP (0,0)),((G AnnBackquote),DP (0,0))])),
 (AnnKey ../../hackage-packages/tremulous-query-1.0.7/Network/Tremulous/SocketExtensions.hs:9:52-54 CN "HsVar" NotNeeded,
  (Ann (DP (0,0)) (ColDelta 52) DP (0,0) [] [((G AnnVal),DP (0,0))])),
 (AnnKey ../../hackage-packages/tremulous-query-1.0.7/Network/Tremulous/SocketExtensions.hs:9:52-56 CN "HsApp" NotNeeded,
  (Ann (DP (0,1)) (ColDelta 52) DP (0,1) [] [])),
 (AnnKey ../../hackage-packages/tremulous-query-1.0.7/Network/Tremulous/SocketExtensions.hs:9:56 CN "HsVar" NotNeeded,
  (Ann (DP (0,1)) (ColDelta 56) DP (0,1) [] [((G AnnVal),DP (0,0))])),
 (AnnKey ../../hackage-packages/tremulous-query-1.0.7/Network/Tremulous/SocketExtensions.hs:10:5-7 CN "Unqual" NotNeeded,
  (Ann (DP (0,0)) (ColDelta 5) DP (0,0) [] [((G AnnVal),DP (0,0))])),
 (AnnKey ../../hackage-packages/tremulous-query-1.0.7/Network/Tremulous/SocketExtensions.hs:(10,5)-(11,67) CN "Match" NotNeeded,
  (Ann (DP (1,5)) (ColDelta 5) DP (1,5) [] [((G AnnEqual),DP (0,1))])),
 (AnnKey ../../hackage-packages/tremulous-query-1.0.7/Network/Tremulous/SocketExtensions.hs:10:9-41 CN "ParPat" NotNeeded,
  (Ann (DP (0,1)) (ColDelta 9) DP (0,1) [] [((G AnnOpenP),DP (0,0)),((G AnnCloseP),DP (0,0))])),
 (AnnKey ../../hackage-packages/tremulous-query-1.0.7/Network/Tremulous/SocketExtensions.hs:10:10-22 CN "Unqual" NotNeeded,
  (Ann (DP (0,0)) (ColDelta 10) DP (0,0) [] [((G AnnVal),DP (0,0))])),
 (AnnKey ../../hackage-packages/tremulous-query-1.0.7/Network/Tremulous/SocketExtensions.hs:10:10-40 CN "ConPatIn" NotNeeded,
  (Ann (DP (0,0)) (ColDelta 10) DP (0,0) [] [])),
 (AnnKey ../../hackage-packages/tremulous-query-1.0.7/Network/Tremulous/SocketExtensions.hs:10:24-34 CN "ParPat" NotNeeded,
  (Ann (DP (0,1)) (ColDelta 24) DP (0,1) [] [((G AnnOpenP),DP (0,0)),((G AnnCloseP),DP (0,0))])),
 (AnnKey ../../hackage-packages/tremulous-query-1.0.7/Network/Tremulous/SocketExtensions.hs:10:25-31 CN "Unqual" NotNeeded,
  (Ann (DP (0,0)) (ColDelta 25) DP (0,0) [] [((G AnnVal),DP (0,0))])),
 (AnnKey ../../hackage-packages/tremulous-query-1.0.7/Network/Tremulous/SocketExtensions.hs:10:25-33 CN "ConPatIn" NotNeeded,
  (Ann (DP (0,0)) (ColDelta 25) DP (0,0) [] [])),
 (AnnKey ../../hackage-packages/tremulous-query-1.0.7/Network/Tremulous/SocketExtensions.hs:10:33 CN "VarPat" NotNeeded,
  (Ann (DP (0,1)) (ColDelta 33) DP (0,1) [] [((G AnnVal),DP (0,0))])),
 (AnnKey ../../hackage-packages/tremulous-query-1.0.7/Network/Tremulous/SocketExtensions.hs:10:36 CN "VarPat" NotNeeded,
  (Ann (DP (0,1)) (ColDelta 36) DP (0,1) [] [((G AnnVal),DP (0,0))])),
 (AnnKey ../../hackage-packages/tremulous-query-1.0.7/Network/Tremulous/SocketExtensions.hs:10:38 CN "VarPat" NotNeeded,
  (Ann (DP (0,1)) (ColDelta 38) DP (0,1) [] [((G AnnVal),DP (0,0))])),
 (AnnKey ../../hackage-packages/tremulous-query-1.0.7/Network/Tremulous/SocketExtensions.hs:10:40 CN "VarPat" NotNeeded,
  (Ann (DP (0,1)) (ColDelta 40) DP (0,1) [] [((G AnnVal),DP (0,0))])),
 (AnnKey ../../hackage-packages/tremulous-query-1.0.7/Network/Tremulous/SocketExtensions.hs:(10,43)-(11,67) CN "GRHS" NotNeeded,
  (Ann (DP (0,-1)) (ColDelta 43) DP (0,-1) [] [])),
 (AnnKey ../../hackage-packages/tremulous-query-1.0.7/Network/Tremulous/SocketExtensions.hs:10:45-47 CN "HsVar" NotNeeded,
  (Ann (DP (0,0)) (ColDelta 45) DP (0,0) [] [((G AnnVal),DP (0,0))])),
 (AnnKey ../../hackage-packages/tremulous-query-1.0.7/Network/Tremulous/SocketExtensions.hs:10:45-49 CN "HsApp" NotNeeded,
  (Ann (DP (0,0)) (ColDelta 45) DP (0,0) [] [])),
 (AnnKey ../../hackage-packages/tremulous-query-1.0.7/Network/Tremulous/SocketExtensions.hs:10:45-61 CN "OpApp" NotNeeded,
  (Ann (DP (0,0)) (ColDelta 45) DP (0,0) [] [])),
 (AnnKey ../../hackage-packages/tremulous-query-1.0.7/Network/Tremulous/SocketExtensions.hs:(10,45)-(11,55) CN "OpApp" NotNeeded,
  (Ann (DP (0,0)) (ColDelta 45) DP (0,0) [] [])),
 (AnnKey ../../hackage-packages/tremulous-query-1.0.7/Network/Tremulous/SocketExtensions.hs:(10,45)-(11,67) CN "OpApp" NotNeeded,
  (Ann (DP (0,1)) (ColDelta 45) DP (0,1) [] [])),
 (AnnKey ../../hackage-packages/tremulous-query-1.0.7/Network/Tremulous/SocketExtensions.hs:10:49 CN "HsVar" NotNeeded,
  (Ann (DP (0,1)) (ColDelta 49) DP (0,1) [] [((G AnnVal),DP (0,0))])),
 (AnnKey ../../hackage-packages/tremulous-query-1.0.7/Network/Tremulous/SocketExtensions.hs:10:51-55 CN "HsVar" NotNeeded,
  (Ann (DP (0,1)) (ColDelta 51) DP (0,1) [] [((G AnnBackquote),DP (0,0)),((G AnnVal),DP (0,0)),((G AnnBackquote),DP (0,0))])),
 (AnnKey ../../hackage-packages/tremulous-query-1.0.7/Network/Tremulous/SocketExtensions.hs:10:57-59 CN "HsVar" NotNeeded,
  (Ann (DP (0,0)) (ColDelta 57) DP (0,0) [] [((G AnnVal),DP (0,0))])),
 (AnnKey ../../hackage-packages/tremulous-query-1.0.7/Network/Tremulous/SocketExtensions.hs:10:57-61 CN "HsApp" NotNeeded,
  (Ann (DP (0,1)) (ColDelta 57) DP (0,1) [] [])),
 (AnnKey ../../hackage-packages/tremulous-query-1.0.7/Network/Tremulous/SocketExtensions.hs:10:61 CN "HsVar" NotNeeded,
  (Ann (DP (0,1)) (ColDelta 61) DP (0,1) [] [((G AnnVal),DP (0,0))])),
 (AnnKey ../../hackage-packages/tremulous-query-1.0.7/Network/Tremulous/SocketExtensions.hs:11:45-49 CN "HsVar" NotNeeded,
  (Ann (DP (1,45)) (ColDelta 45) DP (1,45) [] [((G AnnBackquote),DP (0,0)),((G AnnVal),DP (0,0)),((G AnnBackquote),DP (0,0))])),
 (AnnKey ../../hackage-packages/tremulous-query-1.0.7/Network/Tremulous/SocketExtensions.hs:11:51-53 CN "HsVar" NotNeeded,
  (Ann (DP (0,0)) (ColDelta 51) DP (0,0) [] [((G AnnVal),DP (0,0))])),
 (AnnKey ../../hackage-packages/tremulous-query-1.0.7/Network/Tremulous/SocketExtensions.hs:11:51-55 CN "HsApp" NotNeeded,
  (Ann (DP (0,1)) (ColDelta 51) DP (0,1) [] [])),
 (AnnKey ../../hackage-packages/tremulous-query-1.0.7/Network/Tremulous/SocketExtensions.hs:11:55 CN "HsVar" NotNeeded,
  (Ann (DP (0,1)) (ColDelta 55) DP (0,1) [] [((G AnnVal),DP (0,0))])),
 (AnnKey ../../hackage-packages/tremulous-query-1.0.7/Network/Tremulous/SocketExtensions.hs:11:57-61 CN "HsVar" NotNeeded,
  (Ann (DP (0,1)) (ColDelta 57) DP (0,1) [] [((G AnnBackquote),DP (0,0)),((G AnnVal),DP (0,0)),((G AnnBackquote),DP (0,0))])),
 (AnnKey ../../hackage-packages/tremulous-query-1.0.7/Network/Tremulous/SocketExtensions.hs:11:63-65 CN "HsVar" NotNeeded,
  (Ann (DP (0,0)) (ColDelta 63) DP (0,0) [] [((G AnnVal),DP (0,0))])),
 (AnnKey ../../hackage-packages/tremulous-query-1.0.7/Network/Tremulous/SocketExtensions.hs:11:63-67 CN "HsApp" NotNeeded,
  (Ann (DP (0,1)) (ColDelta 63) DP (0,1) [] [])),
 (AnnKey ../../hackage-packages/tremulous-query-1.0.7/Network/Tremulous/SocketExtensions.hs:11:67 CN "HsVar" NotNeeded,
  (Ann (DP (0,1)) (ColDelta 67) DP (0,1) [] [((G AnnVal),DP (0,0))])),
 (AnnKey ../../hackage-packages/tremulous-query-1.0.7/Network/Tremulous/SocketExtensions.hs:13:5-7 CN "Unqual" NotNeeded,
  (Ann (DP (0,0)) (ColDelta 5) DP (0,0) [] [((G AnnVal),DP (0,0))])),
 (AnnKey ../../hackage-packages/tremulous-query-1.0.7/Network/Tremulous/SocketExtensions.hs:13:5-32 CN "Match" NotNeeded,
  (Ann (DP (1,5)) (ColDelta 5) DP (2,5) [DComment (DP (1,1),DP (1,54)) "#if !defined(mingw32_HOST_OS) && !defined(__MINGW32__)" Nothing] [((G AnnEqual),DP (0,1))])),
 (AnnKey ../../hackage-packages/tremulous-query-1.0.7/Network/Tremulous/SocketExtensions.hs:13:9-24 CN "ParPat" NotNeeded,
  (Ann (DP (0,1)) (ColDelta 9) DP (0,1) [] [((G AnnOpenP),DP (0,0)),((G AnnCloseP),DP (0,0))])),
 (AnnKey ../../hackage-packages/tremulous-query-1.0.7/Network/Tremulous/SocketExtensions.hs:13:10-21 CN "Unqual" NotNeeded,
  (Ann (DP (0,0)) (ColDelta 10) DP (0,0) [] [((G AnnVal),DP (0,0))])),
 (AnnKey ../../hackage-packages/tremulous-query-1.0.7/Network/Tremulous/SocketExtensions.hs:13:10-23 CN "ConPatIn" NotNeeded,
  (Ann (DP (0,0)) (ColDelta 10) DP (0,0) [] [])),
 (AnnKey ../../hackage-packages/tremulous-query-1.0.7/Network/Tremulous/SocketExtensions.hs:13:23 CN "VarPat" NotNeeded,
  (Ann (DP (0,1)) (ColDelta 23) DP (0,1) [] [((G AnnVal),DP (0,0))])),
 (AnnKey ../../hackage-packages/tremulous-query-1.0.7/Network/Tremulous/SocketExtensions.hs:13:26-32 CN "GRHS" NotNeeded,
  (Ann (DP (0,-1)) (ColDelta 26) DP (0,-1) [] [])),
 (AnnKey ../../hackage-packages/tremulous-query-1.0.7/Network/Tremulous/SocketExtensions.hs:13:28-30 CN "HsVar" NotNeeded,
  (Ann (DP (0,0)) (ColDelta 28) DP (0,0) [] [((G AnnVal),DP (0,0))])),
 (AnnKey ../../hackage-packages/tremulous-query-1.0.7/Network/Tremulous/SocketExtensions.hs:13:28-32 CN "HsApp" NotNeeded,
  (Ann (DP (0,1)) (ColDelta 28) DP (0,1) [] [])),
 (AnnKey ../../hackage-packages/tremulous-query-1.0.7/Network/Tremulous/SocketExtensions.hs:13:32 CN "HsVar" NotNeeded,
  (Ann (DP (0,1)) (ColDelta 32) DP (0,1) [] [((G AnnVal),DP (0,0))])),
 (AnnKey ../../hackage-packages/tremulous-query-1.0.7/Network/Tremulous/SocketExtensions.hs:22:1-61 CN "ForD" NotNeeded,
  (Ann (DP (2,1)) (ColDelta 1) DP (9,1) [DComment (DP (1,1),DP (1,6)) "#endif" Nothing,DComment (DP (2,1),DP (2,52)) "#if defined(mingw32_HOST_OS) || defined(__MINGW32__)" Nothing,DComment (DP (1,1),DP (1,24)) "#define CALLCONV stdcall" Nothing,DComment (DP (1,1),DP (1,5)) "#else" Nothing,DComment (DP (1,1),DP (1,22)) "#define CALLCONV ccall" Nothing,DComment (DP (1,1),DP (1,6)) "#endif" Nothing] [((G AnnForeign),DP (0,0)),((G AnnImport),DP (0,1)),((AnnComment DComment (DP (0,-3),DP (0,3)) "unsafe" Nothing),DP (0,-3)),((G AnnVal),DP (0,1)),((AnnComment DComment (DP (0,-2),DP (0,3)) "ntohl" Nothing),DP (0,-2)),((G AnnDcolon),DP (0,1))])),
 (AnnKey ../../hackage-packages/tremulous-query-1.0.7/Network/Tremulous/SocketExtensions.hs:22:16-20 CN "CCallConv" NotNeeded,
  (Ann (DP (0,1)) (ColDelta 16) DP (0,1) [] [((G AnnVal),DP (0,0))])),
 (AnnKey ../../hackage-packages/tremulous-query-1.0.7/Network/Tremulous/SocketExtensions.hs:22:22-27 CN "PlayRisky" NotNeeded,
  (Ann (DP (0,-2)) (ColDelta 22) DP (0,1) [DComment (DP (0,-5),DP (0,3)) "CALLCONV" Nothing] [((G AnnVal),DP (0,-2))])),
 (AnnKey ../../hackage-packages/tremulous-query-1.0.7/Network/Tremulous/SocketExtensions.hs:22:37-41 CN "Unqual" NotNeeded,
  (Ann (DP (0,-2)) (ColDelta 37) DP (0,1) [DComment (DP (0,-4),DP (0,3)) "\"ntohl\"" Nothing] [((G AnnVal),DP (0,-2))])),
 (AnnKey ../../hackage-packages/tremulous-query-1.0.7/Network/Tremulous/SocketExtensions.hs:22:46-51 CN "HsTyVar" NotNeeded,
  (Ann (DP (0,0)) (ColDelta 46) DP (0,0) [] [((G AnnVal),DP (0,0))])),
 (AnnKey ../../hackage-packages/tremulous-query-1.0.7/Network/Tremulous/SocketExtensions.hs:22:46-61 CN "HsForAllTy" NotNeeded,
  (Ann (DP (0,1)) (ColDelta 46) DP (0,1) [] [])),
 (AnnKey ../../hackage-packages/tremulous-query-1.0.7/Network/Tremulous/SocketExtensions.hs:22:46-61 CN "HsFunTy" NotNeeded,
  (Ann (DP (0,0)) (ColDelta 46) DP (0,0) [] [((AnnComment DComment (DP (0,-6),DP (0,-4)) "::" Nothing),DP (0,-6)),((AnnComment DComment (DP (0,1),DP (0,7)) "Word32" Nothing),DP (0,1)),((G AnnRarrow),DP (0,1))])),
 (AnnKey ../../hackage-packages/tremulous-query-1.0.7/Network/Tremulous/SocketExtensions.hs:22:56-61 CN "HsTyVar" NotNeeded,
  (Ann (DP (0,1)) (ColDelta 56) DP (0,1) [] [((G AnnVal),DP (0,0))])),
 (AnnKey ../../hackage-packages/tremulous-query-1.0.7/Network/Tremulous/SocketExtensions.hs:23:1-61 CN "ForD" NotNeeded,
  (Ann (DP (1,1)) (ColDelta 1) DP (1,1) [DComment (DP (0,-6),DP (0,-4)) "->" Nothing,DComment (DP (0,1),DP (0,7)) "Word32" Nothing] [((G AnnForeign),DP (0,0)),((G AnnImport),DP (0,1)),((AnnComment DComment (DP (0,-3),DP (0,3)) "unsafe" Nothing),DP (0,-3)),((G AnnVal),DP (0,1)),((AnnComment DComment (DP (0,-2),DP (0,3)) "htonl" Nothing),DP (0,-2)),((G AnnDcolon),DP (0,1))])),
 (AnnKey ../../hackage-packages/tremulous-query-1.0.7/Network/Tremulous/SocketExtensions.hs:23:16-20 CN "CCallConv" NotNeeded,
  (Ann (DP (0,1)) (ColDelta 16) DP (0,1) [] [((G AnnVal),DP (0,0))])),
 (AnnKey ../../hackage-packages/tremulous-query-1.0.7/Network/Tremulous/SocketExtensions.hs:23:22-27 CN "PlayRisky" NotNeeded,
  (Ann (DP (0,-2)) (ColDelta 22) DP (0,1) [DComment (DP (0,-5),DP (0,3)) "CALLCONV" Nothing] [((G AnnVal),DP (0,-2))])),
 (AnnKey ../../hackage-packages/tremulous-query-1.0.7/Network/Tremulous/SocketExtensions.hs:23:37-41 CN "Unqual" NotNeeded,
  (Ann (DP (0,-2)) (ColDelta 37) DP (0,1) [DComment (DP (0,-4),DP (0,3)) "\"htonl\"" Nothing] [((G AnnVal),DP (0,-2))])),
 (AnnKey ../../hackage-packages/tremulous-query-1.0.7/Network/Tremulous/SocketExtensions.hs:23:46-51 CN "HsTyVar" NotNeeded,
  (Ann (DP (0,0)) (ColDelta 46) DP (0,0) [] [((G AnnVal),DP (0,0))])),
 (AnnKey ../../hackage-packages/tremulous-query-1.0.7/Network/Tremulous/SocketExtensions.hs:23:46-61 CN "HsForAllTy" NotNeeded,
  (Ann (DP (0,1)) (ColDelta 46) DP (0,1) [] [])),
 (AnnKey ../../hackage-packages/tremulous-query-1.0.7/Network/Tremulous/SocketExtensions.hs:23:46-61 CN "HsFunTy" NotNeeded,
  (Ann (DP (0,0)) (ColDelta 46) DP (0,0) [] [((AnnComment DComment (DP (0,-6),DP (0,-4)) "::" Nothing),DP (0,-6)),((AnnComment DComment (DP (0,1),DP (0,7)) "Word32" Nothing),DP (0,1)),((G AnnRarrow),DP (0,1))])),
 (AnnKey ../../hackage-packages/tremulous-query-1.0.7/Network/Tremulous/SocketExtensions.hs:23:56-61 CN "HsTyVar" NotNeeded,
  (Ann (DP (0,1)) (ColDelta 56) DP (0,1) [] [((G AnnVal),DP (0,0))])),
 (AnnKey ../../hackage-packages/tremulous-query-1.0.7/Network/Tremulous/SocketExtensions.hs:24:1-61 CN "ForD" NotNeeded,
  (Ann (DP (1,1)) (ColDelta 1) DP (1,1) [DComment (DP (0,-6),DP (0,-4)) "->" Nothing,DComment (DP (0,1),DP (0,7)) "Word32" Nothing] [((G AnnForeign),DP (0,0)),((G AnnImport),DP (0,1)),((AnnComment DComment (DP (0,-3),DP (0,3)) "unsafe" Nothing),DP (0,-3)),((G AnnVal),DP (0,1)),((AnnComment DComment (DP (0,-2),DP (0,3)) "ntohs" Nothing),DP (0,-2)),((G AnnDcolon),DP (0,1))])),
 (AnnKey ../../hackage-packages/tremulous-query-1.0.7/Network/Tremulous/SocketExtensions.hs:24:16-20 CN "CCallConv" NotNeeded,
  (Ann (DP (0,1)) (ColDelta 16) DP (0,1) [] [((G AnnVal),DP (0,0))])),
 (AnnKey ../../hackage-packages/tremulous-query-1.0.7/Network/Tremulous/SocketExtensions.hs:24:22-27 CN "PlayRisky" NotNeeded,
  (Ann (DP (0,-2)) (ColDelta 22) DP (0,1) [DComment (DP (0,-5),DP (0,3)) "CALLCONV" Nothing] [((G AnnVal),DP (0,-2))])),
 (AnnKey ../../hackage-packages/tremulous-query-1.0.7/Network/Tremulous/SocketExtensions.hs:24:37-41 CN "Unqual" NotNeeded,
  (Ann (DP (0,-2)) (ColDelta 37) DP (0,1) [DComment (DP (0,-4),DP (0,3)) "\"ntohs\"" Nothing] [((G AnnVal),DP (0,-2))])),
 (AnnKey ../../hackage-packages/tremulous-query-1.0.7/Network/Tremulous/SocketExtensions.hs:24:46-51 CN "HsTyVar" NotNeeded,
  (Ann (DP (0,0)) (ColDelta 46) DP (0,0) [] [((G AnnVal),DP (0,0))])),
 (AnnKey ../../hackage-packages/tremulous-query-1.0.7/Network/Tremulous/SocketExtensions.hs:24:46-61 CN "HsForAllTy" NotNeeded,
  (Ann (DP (0,1)) (ColDelta 46) DP (0,1) [] [])),
 (AnnKey ../../hackage-packages/tremulous-query-1.0.7/Network/Tremulous/SocketExtensions.hs:24:46-61 CN "HsFunTy" NotNeeded,
  (Ann (DP (0,0)) (ColDelta 46) DP (0,0) [] [((AnnComment DComment (DP (0,-6),DP (0,-4)) "::" Nothing),DP (0,-6)),((AnnComment DComment (DP (0,1),DP (0,7)) "Word16" Nothing),DP (0,1)),((G AnnRarrow),DP (0,1))])),
 (AnnKey ../../hackage-packages/tremulous-query-1.0.7/Network/Tremulous/SocketExtensions.hs:24:56-61 CN "HsTyVar" NotNeeded,
  (Ann (DP (0,1)) (ColDelta 56) DP (0,1) [] [((G AnnVal),DP (0,0))])),
 (AnnKey ../../hackage-packages/tremulous-query-1.0.7/Network/Tremulous/SocketExtensions.hs:25:1-61 CN "ForD" NotNeeded,
  (Ann (DP (1,1)) (ColDelta 1) DP (1,1) [DComment (DP (0,-6),DP (0,-4)) "->" Nothing,DComment (DP (0,1),DP (0,7)) "Word16" Nothing] [((G AnnForeign),DP (0,0)),((G AnnImport),DP (0,1)),((AnnComment DComment (DP (0,-3),DP (0,3)) "unsafe" Nothing),DP (0,-3)),((G AnnVal),DP (0,1)),((AnnComment DComment (DP (0,-2),DP (0,3)) "htons" Nothing),DP (0,-2)),((G AnnDcolon),DP (0,1))])),
 (AnnKey ../../hackage-packages/tremulous-query-1.0.7/Network/Tremulous/SocketExtensions.hs:25:16-20 CN "CCallConv" NotNeeded,
  (Ann (DP (0,1)) (ColDelta 16) DP (0,1) [] [((G AnnVal),DP (0,0))])),
 (AnnKey ../../hackage-packages/tremulous-query-1.0.7/Network/Tremulous/SocketExtensions.hs:25:22-27 CN "PlayRisky" NotNeeded,
  (Ann (DP (0,-2)) (ColDelta 22) DP (0,1) [DComment (DP (0,-5),DP (0,3)) "CALLCONV" Nothing] [((G AnnVal),DP (0,-2))])),
 (AnnKey ../../hackage-packages/tremulous-query-1.0.7/Network/Tremulous/SocketExtensions.hs:25:37-41 CN "Unqual" NotNeeded,
  (Ann (DP (0,-2)) (ColDelta 37) DP (0,1) [DComment (DP (0,-4),DP (0,3)) "\"htons\"" Nothing] [((G AnnVal),DP (0,-2))])),
 (AnnKey ../../hackage-packages/tremulous-query-1.0.7/Network/Tremulous/SocketExtensions.hs:25:46-51 CN "HsTyVar" NotNeeded,
  (Ann (DP (0,0)) (ColDelta 46) DP (0,0) [] [((G AnnVal),DP (0,0))])),
 (AnnKey ../../hackage-packages/tremulous-query-1.0.7/Network/Tremulous/SocketExtensions.hs:25:46-61 CN "HsForAllTy" NotNeeded,
  (Ann (DP (0,1)) (ColDelta 46) DP (0,1) [] [])),
 (AnnKey ../../hackage-packages/tremulous-query-1.0.7/Network/Tremulous/SocketExtensions.hs:25:46-61 CN "HsFunTy" NotNeeded,
  (Ann (DP (0,0)) (ColDelta 46) DP (0,0) [] [((AnnComment DComment (DP (0,-6),DP (0,-4)) "::" Nothing),DP (0,-6)),((AnnComment DComment (DP (0,1),DP (0,7)) "Word16" Nothing),DP (0,1)),((G AnnRarrow),DP (0,1))])),
 (AnnKey ../../hackage-packages/tremulous-query-1.0.7/Network/Tremulous/SocketExtensions.hs:25:56-61 CN "HsTyVar" NotNeeded,
  (Ann (DP (0,1)) (ColDelta 56) DP (0,1) [] [((G AnnVal),DP (0,0))])),
 (AnnKey <no location info> CN "EmptyLocalBinds" NotNeeded,
  (Ann (DP (-9,0)) (ColDelta 0) DP (-9,0) [] []))]
==============
([((../../hackage-packages/tremulous-query-1.0.7/Network/Tremulous/SocketExtensions.hs:1:1,
    AnnModule),
   [../../hackage-packages/tremulous-query-1.0.7/Network/Tremulous/SocketExtensions.hs:2:1-6]),
  ((../../hackage-packages/tremulous-query-1.0.7/Network/Tremulous/SocketExtensions.hs:1:1,
    AnnWhere),
   [../../hackage-packages/tremulous-query-1.0.7/Network/Tremulous/SocketExtensions.hs:2:43-47]),
  ((../../hackage-packages/tremulous-query-1.0.7/Network/Tremulous/SocketExtensions.hs:3:1-19,
    AnnAs),
   [../../hackage-packages/tremulous-query-1.0.7/Network/Tremulous/SocketExtensions.hs:3:16-17]),
  ((../../hackage-packages/tremulous-query-1.0.7/Network/Tremulous/SocketExtensions.hs:3:1-19,
    AnnImport),
   [../../hackage-packages/tremulous-query-1.0.7/Network/Tremulous/SocketExtensions.hs:3:1-6]),
  ((../../hackage-packages/tremulous-query-1.0.7/Network/Tremulous/SocketExtensions.hs:3:1-19,
    AnnSemi),
   [../../hackage-packages/tremulous-query-1.0.7/Network/Tremulous/SocketExtensions.hs:4:1]),
  ((../../hackage-packages/tremulous-query-1.0.7/Network/Tremulous/SocketExtensions.hs:3:1-19,
    AnnVal),
   [../../hackage-packages/tremulous-query-1.0.7/Network/Tremulous/SocketExtensions.hs:3:19]),
  ((../../hackage-packages/tremulous-query-1.0.7/Network/Tremulous/SocketExtensions.hs:4:1-14,
    AnnImport),
   [../../hackage-packages/tremulous-query-1.0.7/Network/Tremulous/SocketExtensions.hs:4:1-6]),
  ((../../hackage-packages/tremulous-query-1.0.7/Network/Tremulous/SocketExtensions.hs:4:1-14,
    AnnSemi),
   [../../hackage-packages/tremulous-query-1.0.7/Network/Tremulous/SocketExtensions.hs:5:1]),
  ((../../hackage-packages/tremulous-query-1.0.7/Network/Tremulous/SocketExtensions.hs:5:1-22,
    AnnImport),
   [../../hackage-packages/tremulous-query-1.0.7/Network/Tremulous/SocketExtensions.hs:5:1-6]),
  ((../../hackage-packages/tremulous-query-1.0.7/Network/Tremulous/SocketExtensions.hs:5:1-22,
    AnnSemi),
   [../../hackage-packages/tremulous-query-1.0.7/Network/Tremulous/SocketExtensions.hs:6:1]),
  ((../../hackage-packages/tremulous-query-1.0.7/Network/Tremulous/SocketExtensions.hs:6:1-21,
    AnnImport),
   [../../hackage-packages/tremulous-query-1.0.7/Network/Tremulous/SocketExtensions.hs:6:1-6]),
  ((../../hackage-packages/tremulous-query-1.0.7/Network/Tremulous/SocketExtensions.hs:6:1-21,
    AnnSemi),
   [../../hackage-packages/tremulous-query-1.0.7/Network/Tremulous/SocketExtensions.hs:8:1]),
  ((../../hackage-packages/tremulous-query-1.0.7/Network/Tremulous/SocketExtensions.hs:(8,1)-(13,32),
    AnnInstance),
   [../../hackage-packages/tremulous-query-1.0.7/Network/Tremulous/SocketExtensions.hs:8:1-8]),
  ((../../hackage-packages/tremulous-query-1.0.7/Network/Tremulous/SocketExtensions.hs:(8,1)-(13,32),
    AnnSemi),
   [../../hackage-packages/tremulous-query-1.0.7/Network/Tremulous/SocketExtensions.hs:22:1]),
  ((../../hackage-packages/tremulous-query-1.0.7/Network/Tremulous/SocketExtensions.hs:(8,1)-(13,32),
    AnnWhere),
   [../../hackage-packages/tremulous-query-1.0.7/Network/Tremulous/SocketExtensions.hs:8:26-30]),
  ((../../hackage-packages/tremulous-query-1.0.7/Network/Tremulous/SocketExtensions.hs:9:5-56,
    AnnEqual),
   [../../hackage-packages/tremulous-query-1.0.7/Network/Tremulous/SocketExtensions.hs:9:38]),
  ((../../hackage-packages/tremulous-query-1.0.7/Network/Tremulous/SocketExtensions.hs:9:5-56,
    AnnFunId),
   [../../hackage-packages/tremulous-query-1.0.7/Network/Tremulous/SocketExtensions.hs:9:5-7]),
  ((../../hackage-packages/tremulous-query-1.0.7/Network/Tremulous/SocketExtensions.hs:9:5-56,
    AnnSemi),
   [../../hackage-packages/tremulous-query-1.0.7/Network/Tremulous/SocketExtensions.hs:10:5]),
  ((../../hackage-packages/tremulous-query-1.0.7/Network/Tremulous/SocketExtensions.hs:9:9-36,
    AnnCloseP),
   [../../hackage-packages/tremulous-query-1.0.7/Network/Tremulous/SocketExtensions.hs:9:36]),
  ((../../hackage-packages/tremulous-query-1.0.7/Network/Tremulous/SocketExtensions.hs:9:9-36,
    AnnOpenP),
   [../../hackage-packages/tremulous-query-1.0.7/Network/Tremulous/SocketExtensions.hs:9:9]),
  ((../../hackage-packages/tremulous-query-1.0.7/Network/Tremulous/SocketExtensions.hs:9:23-33,
    AnnCloseP),
   [../../hackage-packages/tremulous-query-1.0.7/Network/Tremulous/SocketExtensions.hs:9:33]),
  ((../../hackage-packages/tremulous-query-1.0.7/Network/Tremulous/SocketExtensions.hs:9:23-33,
    AnnOpenP),
   [../../hackage-packages/tremulous-query-1.0.7/Network/Tremulous/SocketExtensions.hs:9:23]),
  ((../../hackage-packages/tremulous-query-1.0.7/Network/Tremulous/SocketExtensions.hs:9:40-56,
    AnnVal),
   [../../hackage-packages/tremulous-query-1.0.7/Network/Tremulous/SocketExtensions.hs:9:46-50]),
  ((../../hackage-packages/tremulous-query-1.0.7/Network/Tremulous/SocketExtensions.hs:9:46-50,
    AnnBackquote),
   [../../hackage-packages/tremulous-query-1.0.7/Network/Tremulous/SocketExtensions.hs:9:46,
    ../../hackage-packages/tremulous-query-1.0.7/Network/Tremulous/SocketExtensions.hs:9:50]),
  ((../../hackage-packages/tremulous-query-1.0.7/Network/Tremulous/SocketExtensions.hs:9:46-50,
    AnnVal),
   [../../hackage-packages/tremulous-query-1.0.7/Network/Tremulous/SocketExtensions.hs:9:47-49]),
  ((../../hackage-packages/tremulous-query-1.0.7/Network/Tremulous/SocketExtensions.hs:(10,5)-(11,67),
    AnnEqual),
   [../../hackage-packages/tremulous-query-1.0.7/Network/Tremulous/SocketExtensions.hs:10:43]),
  ((../../hackage-packages/tremulous-query-1.0.7/Network/Tremulous/SocketExtensions.hs:(10,5)-(11,67),
    AnnFunId),
   [../../hackage-packages/tremulous-query-1.0.7/Network/Tremulous/SocketExtensions.hs:10:5-7]),
  ((../../hackage-packages/tremulous-query-1.0.7/Network/Tremulous/SocketExtensions.hs:(10,5)-(11,67),
    AnnSemi),
   [../../hackage-packages/tremulous-query-1.0.7/Network/Tremulous/SocketExtensions.hs:13:5]),
  ((../../hackage-packages/tremulous-query-1.0.7/Network/Tremulous/SocketExtensions.hs:10:9-41,
    AnnCloseP),
   [../../hackage-packages/tremulous-query-1.0.7/Network/Tremulous/SocketExtensions.hs:10:41]),
  ((../../hackage-packages/tremulous-query-1.0.7/Network/Tremulous/SocketExtensions.hs:10:9-41,
    AnnOpenP),
   [../../hackage-packages/tremulous-query-1.0.7/Network/Tremulous/SocketExtensions.hs:10:9]),
  ((../../hackage-packages/tremulous-query-1.0.7/Network/Tremulous/SocketExtensions.hs:10:24-34,
    AnnCloseP),
   [../../hackage-packages/tremulous-query-1.0.7/Network/Tremulous/SocketExtensions.hs:10:34]),
  ((../../hackage-packages/tremulous-query-1.0.7/Network/Tremulous/SocketExtensions.hs:10:24-34,
    AnnOpenP),
   [../../hackage-packages/tremulous-query-1.0.7/Network/Tremulous/SocketExtensions.hs:10:24]),
  ((../../hackage-packages/tremulous-query-1.0.7/Network/Tremulous/SocketExtensions.hs:10:45-61,
    AnnVal),
   [../../hackage-packages/tremulous-query-1.0.7/Network/Tremulous/SocketExtensions.hs:10:51-55]),
  ((../../hackage-packages/tremulous-query-1.0.7/Network/Tremulous/SocketExtensions.hs:(10,45)-(11,55),
    AnnVal),
   [../../hackage-packages/tremulous-query-1.0.7/Network/Tremulous/SocketExtensions.hs:11:45-49]),
  ((../../hackage-packages/tremulous-query-1.0.7/Network/Tremulous/SocketExtensions.hs:(10,45)-(11,67),
    AnnVal),
   [../../hackage-packages/tremulous-query-1.0.7/Network/Tremulous/SocketExtensions.hs:11:57-61]),
  ((../../hackage-packages/tremulous-query-1.0.7/Network/Tremulous/SocketExtensions.hs:10:51-55,
    AnnBackquote),
   [../../hackage-packages/tremulous-query-1.0.7/Network/Tremulous/SocketExtensions.hs:10:51,
    ../../hackage-packages/tremulous-query-1.0.7/Network/Tremulous/SocketExtensions.hs:10:55]),
  ((../../hackage-packages/tremulous-query-1.0.7/Network/Tremulous/SocketExtensions.hs:10:51-55,
    AnnVal),
   [../../hackage-packages/tremulous-query-1.0.7/Network/Tremulous/SocketExtensions.hs:10:52-54]),
  ((../../hackage-packages/tremulous-query-1.0.7/Network/Tremulous/SocketExtensions.hs:11:45-49,
    AnnBackquote),
   [../../hackage-packages/tremulous-query-1.0.7/Network/Tremulous/SocketExtensions.hs:11:45,
    ../../hackage-packages/tremulous-query-1.0.7/Network/Tremulous/SocketExtensions.hs:11:49]),
  ((../../hackage-packages/tremulous-query-1.0.7/Network/Tremulous/SocketExtensions.hs:11:45-49,
    AnnVal),
   [../../hackage-packages/tremulous-query-1.0.7/Network/Tremulous/SocketExtensions.hs:11:46-48]),
  ((../../hackage-packages/tremulous-query-1.0.7/Network/Tremulous/SocketExtensions.hs:11:57-61,
    AnnBackquote),
   [../../hackage-packages/tremulous-query-1.0.7/Network/Tremulous/SocketExtensions.hs:11:57,
    ../../hackage-packages/tremulous-query-1.0.7/Network/Tremulous/SocketExtensions.hs:11:61]),
  ((../../hackage-packages/tremulous-query-1.0.7/Network/Tremulous/SocketExtensions.hs:11:57-61,
    AnnVal),
   [../../hackage-packages/tremulous-query-1.0.7/Network/Tremulous/SocketExtensions.hs:11:58-60]),
  ((../../hackage-packages/tremulous-query-1.0.7/Network/Tremulous/SocketExtensions.hs:13:5-32,
    AnnEqual),
   [../../hackage-packages/tremulous-query-1.0.7/Network/Tremulous/SocketExtensions.hs:13:26]),
  ((../../hackage-packages/tremulous-query-1.0.7/Network/Tremulous/SocketExtensions.hs:13:5-32,
    AnnFunId),
   [../../hackage-packages/tremulous-query-1.0.7/Network/Tremulous/SocketExtensions.hs:13:5-7]),
  ((../../hackage-packages/tremulous-query-1.0.7/Network/Tremulous/SocketExtensions.hs:13:9-24,
    AnnCloseP),
   [../../hackage-packages/tremulous-query-1.0.7/Network/Tremulous/SocketExtensions.hs:13:24]),
  ((../../hackage-packages/tremulous-query-1.0.7/Network/Tremulous/SocketExtensions.hs:13:9-24,
    AnnOpenP),
   [../../hackage-packages/tremulous-query-1.0.7/Network/Tremulous/SocketExtensions.hs:13:9]),
  ((../../hackage-packages/tremulous-query-1.0.7/Network/Tremulous/SocketExtensions.hs:22:1-61,
    AnnDcolon),
   [../../hackage-packages/tremulous-query-1.0.7/Network/Tremulous/SocketExtensions.hs:22:43-44]),
  ((../../hackage-packages/tremulous-query-1.0.7/Network/Tremulous/SocketExtensions.hs:22:1-61,
    AnnForeign),
   [../../hackage-packages/tremulous-query-1.0.7/Network/Tremulous/SocketExtensions.hs:22:1-7]),
  ((../../hackage-packages/tremulous-query-1.0.7/Network/Tremulous/SocketExtensions.hs:22:1-61,
    AnnImport),
   [../../hackage-packages/tremulous-query-1.0.7/Network/Tremulous/SocketExtensions.hs:22:9-14]),
  ((../../hackage-packages/tremulous-query-1.0.7/Network/Tremulous/SocketExtensions.hs:22:1-61,
    AnnSemi),
   [../../hackage-packages/tremulous-query-1.0.7/Network/Tremulous/SocketExtensions.hs:23:1]),
  ((../../hackage-packages/tremulous-query-1.0.7/Network/Tremulous/SocketExtensions.hs:22:46-61,
    AnnRarrow),
   [../../hackage-packages/tremulous-query-1.0.7/Network/Tremulous/SocketExtensions.hs:22:53-54]),
  ((../../hackage-packages/tremulous-query-1.0.7/Network/Tremulous/SocketExtensions.hs:23:1-61,
    AnnDcolon),
   [../../hackage-packages/tremulous-query-1.0.7/Network/Tremulous/SocketExtensions.hs:23:43-44]),
  ((../../hackage-packages/tremulous-query-1.0.7/Network/Tremulous/SocketExtensions.hs:23:1-61,
    AnnForeign),
   [../../hackage-packages/tremulous-query-1.0.7/Network/Tremulous/SocketExtensions.hs:23:1-7]),
  ((../../hackage-packages/tremulous-query-1.0.7/Network/Tremulous/SocketExtensions.hs:23:1-61,
    AnnImport),
   [../../hackage-packages/tremulous-query-1.0.7/Network/Tremulous/SocketExtensions.hs:23:9-14]),
  ((../../hackage-packages/tremulous-query-1.0.7/Network/Tremulous/SocketExtensions.hs:23:1-61,
    AnnSemi),
   [../../hackage-packages/tremulous-query-1.0.7/Network/Tremulous/SocketExtensions.hs:24:1]),
  ((../../hackage-packages/tremulous-query-1.0.7/Network/Tremulous/SocketExtensions.hs:23:46-61,
    AnnRarrow),
   [../../hackage-packages/tremulous-query-1.0.7/Network/Tremulous/SocketExtensions.hs:23:53-54]),
  ((../../hackage-packages/tremulous-query-1.0.7/Network/Tremulous/SocketExtensions.hs:24:1-61,
    AnnDcolon),
   [../../hackage-packages/tremulous-query-1.0.7/Network/Tremulous/SocketExtensions.hs:24:43-44]),
  ((../../hackage-packages/tremulous-query-1.0.7/Network/Tremulous/SocketExtensions.hs:24:1-61,
    AnnForeign),
   [../../hackage-packages/tremulous-query-1.0.7/Network/Tremulous/SocketExtensions.hs:24:1-7]),
  ((../../hackage-packages/tremulous-query-1.0.7/Network/Tremulous/SocketExtensions.hs:24:1-61,
    AnnImport),
   [../../hackage-packages/tremulous-query-1.0.7/Network/Tremulous/SocketExtensions.hs:24:9-14]),
  ((../../hackage-packages/tremulous-query-1.0.7/Network/Tremulous/SocketExtensions.hs:24:1-61,
    AnnSemi),
   [../../hackage-packages/tremulous-query-1.0.7/Network/Tremulous/SocketExtensions.hs:25:1]),
  ((../../hackage-packages/tremulous-query-1.0.7/Network/Tremulous/SocketExtensions.hs:24:46-61,
    AnnRarrow),
   [../../hackage-packages/tremulous-query-1.0.7/Network/Tremulous/SocketExtensions.hs:24:53-54]),
  ((../../hackage-packages/tremulous-query-1.0.7/Network/Tremulous/SocketExtensions.hs:25:1-61,
    AnnDcolon),
   [../../hackage-packages/tremulous-query-1.0.7/Network/Tremulous/SocketExtensions.hs:25:43-44]),
  ((../../hackage-packages/tremulous-query-1.0.7/Network/Tremulous/SocketExtensions.hs:25:1-61,
    AnnForeign),
   [../../hackage-packages/tremulous-query-1.0.7/Network/Tremulous/SocketExtensions.hs:25:1-7]),
  ((../../hackage-packages/tremulous-query-1.0.7/Network/Tremulous/SocketExtensions.hs:25:1-61,
    AnnImport),
   [../../hackage-packages/tremulous-query-1.0.7/Network/Tremulous/SocketExtensions.hs:25:9-14]),
  ((../../hackage-packages/tremulous-query-1.0.7/Network/Tremulous/SocketExtensions.hs:25:1-61,
    AnnSemi),
   [../../hackage-packages/tremulous-query-1.0.7/Network/Tremulous/SocketExtensions.hs:27:1]),
  ((../../hackage-packages/tremulous-query-1.0.7/Network/Tremulous/SocketExtensions.hs:25:46-61,
    AnnRarrow),
   [../../hackage-packages/tremulous-query-1.0.7/Network/Tremulous/SocketExtensions.hs:25:53-54]),
  ((<no location info>, AnnEofPos),
   [../../hackage-packages/tremulous-query-1.0.7/Network/Tremulous/SocketExtensions.hs:27:1])],
 [(<no location info>, [AnnBlockComment "{-# LANGUAGE CPP #-}"])])