{-# LANGUAGE TemplateHaskell, QuasiQuotes, OverloadedStrings, CPP #-}

-- | This module contains all the code to manage the angular application (javascript and
-- directives).  During development, the individual javascript and hamlet files will be reloaded
-- from disk on every request and served individually (you can test this out by changing the
-- javascript or hamlet files and reloading your web browser).  When compiling for production, the
-- resources are embedded into the executable.
module StaticSettings where

import Yesod
import Yesod.EmbeddedStatic
import Yesod.EmbeddedStatic.AngularJavascript

#ifdef DEV
#define DEV_BOOL True
#else
#define DEV_BOOL False
#endif

-- | Create the embedded static subsite.  This will create variables:
--
-- > embStatic :: EmbeddedStatic
-- > ng_modules_example_js :: Route EmbeddedStatic
-- > angular_js :: Route EmbeddedStatic
-- > bootstrap_min_css :: Route EmbeddedStatic
--
mkEmbeddedStatic FalseDEV_BOOL"embStatic"
    [ embedNgModule "yesod-example" "ng-modules/example.js" "example/angular-app" return
        -- * The Angular module will be named yesod-example and this must match the ng-app inside the view.
        -- * The javascript code will be located inside the static subsite at ng-modules/example.js
        -- * This file is designed to be compiled from the .cabal file so the path includes
        --   @example@ to be relative to the directory containing the .cabal file.
        -- * The javascript minifier is just `return` so that you can see what the generated
        --   javascript looks like.  Usually you would use `uglifyJs` or `jasmine` from
        --   Yesod.EmbeddedStatic.Generators.  Also, during production the javascript will have
        --   inline dependency injection annotations, both at the top level and the controller
        --   function within my-tabs.js.  This is so that minimizers like uglifyJs which rename
        --   variables do not mess up the dependency injection.

    , concatFilesWith "angular.js" jasmine ["example/static/angular.js"]
        -- This embeds Angular itself.  Note this file is the unminified angular.js so that during
        -- development the unminified code is available.  During production, the code will be minified
        -- with jasmine.  You might consider instead using a CDN; I did not so that this example
        -- works offline.

    , embedFileAt "bootstrap.min.css" "example/static/bootstrap.min.css"
        -- Embeds bootstrap.
    ]

==============
../../hackage-packages/yesod-static-angular-0.1.3/example/StaticSettings.hs
==============
lengths:(2484,2480)

==============

({ ../../hackage-packages/yesod-static-angular-0.1.3/example/StaticSettings.hs:1:1
  }
 Just (Ann (DP (0,0)) (ColDelta 1) DP (0,0) [] [((AnnComment DComment (DP (0,0),DP (0,69)) "{-# LANGUAGE TemplateHaskell, QuasiQuotes, OverloadedStrings, CPP #-}" Nothing),DP (0,0)),((AnnComment DComment (DP (2,1),DP (2,89)) "-- | This module contains all the code to manage the angular application (javascript and" Nothing),DP (2,1)),((AnnComment DComment (DP (1,1),DP (1,97)) "-- directives).  During development, the individual javascript and hamlet files will be reloaded" Nothing),DP (1,1)),((AnnComment DComment (DP (1,1),DP (1,93)) "-- from disk on every request and served individually (you can test this out by changing the" Nothing),DP (1,1)),((AnnComment DComment (DP (1,1),DP (1,99)) "-- javascript or hamlet files and reloading your web browser).  When compiling for production, the" Nothing),DP (1,1)),((AnnComment DComment (DP (1,1),DP (1,47)) "-- resources are embedded into the executable." Nothing),DP (1,1)),((G AnnModule),DP (7,1)),((G AnnVal),DP (0,1)),((G AnnWhere),DP (0,1)),((AnnComment DComment (DP (1,1),DP (1,1)) "" Nothing),DP (1,1)),((G AnnEofPos),DP (2,0))])
 (HsModule 
  (Just 
   ({ ../../hackage-packages/yesod-static-angular-0.1.3/example/StaticSettings.hs:8:8-21
     }
    Nothing{ModuleName: StaticSettings})) 
  (Nothing) 
  [
   ({ ../../hackage-packages/yesod-static-angular-0.1.3/example/StaticSettings.hs:10:1-12
     }
    Just (Ann (DP (2,1)) (ColDelta 1) DP (2,1) [] [((G AnnImport),DP (0,0)),((G AnnVal),DP (0,1))])
    (ImportDecl 
     (Nothing) 
     ({ ../../hackage-packages/yesod-static-angular-0.1.3/example/StaticSettings.hs:10:8-12
       }
      Nothing{ModuleName: Yesod}) 
     (Nothing) 
     (False) 
     (False) 
     (False) 
     (False) 
     (Nothing) 
     (Nothing))),
   ({ ../../hackage-packages/yesod-static-angular-0.1.3/example/StaticSettings.hs:11:1-27
     }
    Just (Ann (DP (1,1)) (ColDelta 1) DP (1,1) [] [((G AnnImport),DP (0,0)),((G AnnVal),DP (0,1))])
    (ImportDecl 
     (Nothing) 
     ({ ../../hackage-packages/yesod-static-angular-0.1.3/example/StaticSettings.hs:11:8-27
       }
      Nothing{ModuleName: Yesod.EmbeddedStatic}) 
     (Nothing) 
     (False) 
     (False) 
     (False) 
     (False) 
     (Nothing) 
     (Nothing))),
   ({ ../../hackage-packages/yesod-static-angular-0.1.3/example/StaticSettings.hs:12:1-45
     }
    Just (Ann (DP (1,1)) (ColDelta 1) DP (1,1) [] [((G AnnImport),DP (0,0)),((G AnnVal),DP (0,1))])
    (ImportDecl 
     (Nothing) 
     ({ ../../hackage-packages/yesod-static-angular-0.1.3/example/StaticSettings.hs:12:8-45
       }
      Nothing{ModuleName: Yesod.EmbeddedStatic.AngularJavascript}) 
     (Nothing) 
     (False) 
     (False) 
     (False) 
     (False) 
     (Nothing) 
     (Nothing)))] 
  [
   ({ ../../hackage-packages/yesod-static-angular-0.1.3/example/StaticSettings.hs:(27,1)-(48,5)
     }
    Just (Ann (DP (1,1)) (ColDelta 1) DP (15,1) [DComment (DP (2,1),DP (2,10)) "#ifdef DEV" Nothing,DComment (DP (1,1),DP (1,21)) "#define DEV_BOOL True" Nothing,DComment (DP (1,1),DP (1,5)) "#else" Nothing,DComment (DP (1,1),DP (1,22)) "#define DEV_BOOL False" Nothing,DComment (DP (1,1),DP (1,6)) "#endif" Nothing,DComment (DP (2,1),DP (2,70)) "-- | Create the embedded static subsite.  This will create variables:" Nothing,DComment (DP (1,1),DP (1,3)) "--" Nothing,DComment (DP (1,1),DP (1,33)) "-- > embStatic :: EmbeddedStatic" Nothing,DComment (DP (1,1),DP (1,51)) "-- > ng_modules_example_js :: Route EmbeddedStatic" Nothing,DComment (DP (1,1),DP (1,40)) "-- > angular_js :: Route EmbeddedStatic" Nothing,DComment (DP (1,1),DP (1,47)) "-- > bootstrap_min_css :: Route EmbeddedStatic" Nothing,DComment (DP (1,1),DP (1,3)) "--" Nothing] [])
    (SpliceD 
     (SpliceDecl 
      ({ ../../hackage-packages/yesod-static-angular-0.1.3/example/StaticSettings.hs:(27,1)-(48,5)
        }
       Just (Ann (DP (0,0)) (ColDelta 1) DP (0,0) [] [])
       (HsUntypedSplice 
        (Unqual {OccName: splice}) 
        ({ ../../hackage-packages/yesod-static-angular-0.1.3/example/StaticSettings.hs:(27,1)-(48,5)
          }
         Just (Ann (DP (0,0)) (ColDelta 1) DP (0,0) [] [])
         (HsApp 
          ({ ../../hackage-packages/yesod-static-angular-0.1.3/example/StaticSettings.hs:27:1-34
            }
           Just (Ann (DP (0,0)) (ColDelta 1) DP (0,0) [] [])
           (HsApp 
            ({ ../../hackage-packages/yesod-static-angular-0.1.3/example/StaticSettings.hs:27:1-22
              }
             Just (Ann (DP (0,0)) (ColDelta 1) DP (0,0) [] [])
             (HsApp 
              ({ ../../hackage-packages/yesod-static-angular-0.1.3/example/StaticSettings.hs:27:1-16
                }
               Just (Ann (DP (0,0)) (ColDelta 1) DP (0,0) [] [((G AnnVal),DP (0,0))])
               (HsVar 
                (Unqual {OccName: mkEmbeddedStatic}))) 
              ({ ../../hackage-packages/yesod-static-angular-0.1.3/example/StaticSettings.hs:27:18-22
                }
               Just (Ann (DP (0,1)) (ColDelta 18) DP (0,1) [] [((G AnnVal),DP (0,0))])
               (HsVar 
                (Unqual {OccName: False}))))) 
            ({ ../../hackage-packages/yesod-static-angular-0.1.3/example/StaticSettings.hs:27:24-34
              }
             Just (Ann (DP (0,-2)) (ColDelta 24) DP (0,1) [DComment (DP (0,-5),DP (0,3)) "DEV_BOOL" Nothing] [((G AnnVal),DP (0,-2))])
             (HsLit 
              (HsString "\"embStatic\"" {FastString: "embStatic"}))))) 
          ({ ../../hackage-packages/yesod-static-angular-0.1.3/example/StaticSettings.hs:(28,5)-(48,5)
            }
           Just (Ann (DP (1,5)) (ColDelta 5) DP (1,5) [DComment (DP (0,-8),DP (0,3)) "\"embStatic\"" Nothing] [((G AnnOpenS),DP (0,0)),((AnnComment DComment (DP (1,9),DP (1,29)) "-- Embeds bootstrap." Nothing),DP (1,9)),((G AnnCloseS),DP (2,5))])
           (ExplicitList 
            (PlaceHolder) 
            (Nothing) 
            [
             ({ ../../hackage-packages/yesod-static-angular-0.1.3/example/StaticSettings.hs:28:7-88
               }
              Just (Ann (DP (0,1)) (ColDelta 7) DP (0,1) [] [((AnnComment DComment (DP (1,9),DP (1,108)) "-- * The Angular module will be named yesod-example and this must match the ng-app inside the view." Nothing),DP (1,9)),((AnnComment DComment (DP (1,9),DP (1,100)) "-- * The javascript code will be located inside the static subsite at ng-modules/example.js" Nothing),DP (1,9)),((AnnComment DComment (DP (1,9),DP (1,92)) "-- * This file is designed to be compiled from the .cabal file so the path includes" Nothing),DP (1,9)),((AnnComment DComment (DP (1,9),DP (1,83)) "--   @example@ to be relative to the directory containing the .cabal file." Nothing),DP (1,9)),((AnnComment DComment (DP (1,9),DP (1,93)) "-- * The javascript minifier is just `return` so that you can see what the generated" Nothing),DP (1,9)),((AnnComment DComment (DP (1,9),DP (1,88)) "--   javascript looks like.  Usually you would use `uglifyJs` or `jasmine` from" Nothing),DP (1,9)),((AnnComment DComment (DP (1,9),DP (1,96)) "--   Yesod.EmbeddedStatic.Generators.  Also, during production the javascript will have" Nothing),DP (1,9)),((AnnComment DComment (DP (1,9),DP (1,95)) "--   inline dependency injection annotations, both at the top level and the controller" Nothing),DP (1,9)),((AnnComment DComment (DP (1,9),DP (1,96)) "--   function within my-tabs.js.  This is so that minimizers like uglifyJs which rename" Nothing),DP (1,9)),((AnnComment DComment (DP (1,9),DP (1,64)) "--   variables do not mess up the dependency injection." Nothing),DP (1,9)),((G AnnComma),DP (12,5))])
              (HsApp 
               ({ ../../hackage-packages/yesod-static-angular-0.1.3/example/StaticSettings.hs:28:7-81
                 }
                Just (Ann (DP (0,0)) (ColDelta 7) DP (0,0) [] [])
                (HsApp 
                 ({ ../../hackage-packages/yesod-static-angular-0.1.3/example/StaticSettings.hs:28:7-59
                   }
                  Just (Ann (DP (0,0)) (ColDelta 7) DP (0,0) [] [])
                  (HsApp 
                   ({ ../../hackage-packages/yesod-static-angular-0.1.3/example/StaticSettings.hs:28:7-35
                     }
                    Just (Ann (DP (0,0)) (ColDelta 7) DP (0,0) [] [])
                    (HsApp 
                     ({ ../../hackage-packages/yesod-static-angular-0.1.3/example/StaticSettings.hs:28:7-19
                       }
                      Just (Ann (DP (0,0)) (ColDelta 7) DP (0,0) [] [((G AnnVal),DP (0,0))])
                      (HsVar 
                       (Unqual {OccName: embedNgModule}))) 
                     ({ ../../hackage-packages/yesod-static-angular-0.1.3/example/StaticSettings.hs:28:21-35
                       }
                      Just (Ann (DP (0,1)) (ColDelta 21) DP (0,1) [] [((G AnnVal),DP (0,0))])
                      (HsLit 
                       (HsString "\"yesod-example\"" {FastString: "yesod-example"}))))) 
                   ({ ../../hackage-packages/yesod-static-angular-0.1.3/example/StaticSettings.hs:28:37-59
                     }
                    Just (Ann (DP (0,1)) (ColDelta 37) DP (0,1) [] [((G AnnVal),DP (0,0))])
                    (HsLit 
                     (HsString "\"ng-modules/example.js\"" {FastString: "ng-modules/example.js"}))))) 
                 ({ ../../hackage-packages/yesod-static-angular-0.1.3/example/StaticSettings.hs:28:61-81
                   }
                  Just (Ann (DP (0,1)) (ColDelta 61) DP (0,1) [] [((G AnnVal),DP (0,0))])
                  (HsLit 
                   (HsString "\"example/angular-app\"" {FastString: "example/angular-app"}))))) 
               ({ ../../hackage-packages/yesod-static-angular-0.1.3/example/StaticSettings.hs:28:83-88
                 }
                Just (Ann (DP (0,1)) (ColDelta 83) DP (0,1) [] [((G AnnVal),DP (0,0))])
                (HsVar 
                 (Unqual {OccName: return}))))),
             ({ ../../hackage-packages/yesod-static-angular-0.1.3/example/StaticSettings.hs:40:7-72
               }
              Just (Ann (DP (0,1)) (ColDelta 7) DP (0,1) [] [((AnnComment DComment (DP (1,9),DP (1,99)) "-- This embeds Angular itself.  Note this file is the unminified angular.js so that during" Nothing),DP (1,9)),((AnnComment DComment (DP (1,9),DP (1,103)) "-- development the unminified code is available.  During production, the code will be minified" Nothing),DP (1,9)),((AnnComment DComment (DP (1,9),DP (1,97)) "-- with jasmine.  You might consider instead using a CDN; I did not so that this example" Nothing),DP (1,9)),((AnnComment DComment (DP (1,9),DP (1,26)) "-- works offline." Nothing),DP (1,9)),((G AnnComma),DP (6,5))])
              (HsApp 
               ({ ../../hackage-packages/yesod-static-angular-0.1.3/example/StaticSettings.hs:40:7-42
                 }
                Just (Ann (DP (0,0)) (ColDelta 7) DP (0,0) [] [])
                (HsApp 
                 ({ ../../hackage-packages/yesod-static-angular-0.1.3/example/StaticSettings.hs:40:7-34
                   }
                  Just (Ann (DP (0,0)) (ColDelta 7) DP (0,0) [] [])
                  (HsApp 
                   ({ ../../hackage-packages/yesod-static-angular-0.1.3/example/StaticSettings.hs:40:7-21
                     }
                    Just (Ann (DP (0,0)) (ColDelta 7) DP (0,0) [] [((G AnnVal),DP (0,0))])
                    (HsVar 
                     (Unqual {OccName: concatFilesWith}))) 
                   ({ ../../hackage-packages/yesod-static-angular-0.1.3/example/StaticSettings.hs:40:23-34
                     }
                    Just (Ann (DP (0,1)) (ColDelta 23) DP (0,1) [] [((G AnnVal),DP (0,0))])
                    (HsLit 
                     (HsString "\"angular.js\"" {FastString: "angular.js"}))))) 
                 ({ ../../hackage-packages/yesod-static-angular-0.1.3/example/StaticSettings.hs:40:36-42
                   }
                  Just (Ann (DP (0,1)) (ColDelta 36) DP (0,1) [] [((G AnnVal),DP (0,0))])
                  (HsVar 
                   (Unqual {OccName: jasmine}))))) 
               ({ ../../hackage-packages/yesod-static-angular-0.1.3/example/StaticSettings.hs:40:44-72
                 }
                Just (Ann (DP (0,1)) (ColDelta 44) DP (0,1) [] [((G AnnOpenS),DP (0,0)),((G AnnCloseS),DP (0,0))])
                (ExplicitList 
                 (PlaceHolder) 
                 (Nothing) 
                 [
                  ({ ../../hackage-packages/yesod-static-angular-0.1.3/example/StaticSettings.hs:40:45-71
                    }
                   Just (Ann (DP (0,0)) (ColDelta 45) DP (0,0) [] [((G AnnVal),DP (0,0))])
                   (HsLit 
                    (HsString "\"example/static/angular.js\"" {FastString: "example/static/angular.js"})))])))),
             ({ ../../hackage-packages/yesod-static-angular-0.1.3/example/StaticSettings.hs:46:7-72
               }
              Just (Ann (DP (0,1)) (ColDelta 7) DP (0,1) [] [])
              (HsApp 
               ({ ../../hackage-packages/yesod-static-angular-0.1.3/example/StaticSettings.hs:46:7-37
                 }
                Just (Ann (DP (0,0)) (ColDelta 7) DP (0,0) [] [])
                (HsApp 
                 ({ ../../hackage-packages/yesod-static-angular-0.1.3/example/StaticSettings.hs:46:7-17
                   }
                  Just (Ann (DP (0,0)) (ColDelta 7) DP (0,0) [] [((G AnnVal),DP (0,0))])
                  (HsVar 
                   (Unqual {OccName: embedFileAt}))) 
                 ({ ../../hackage-packages/yesod-static-angular-0.1.3/example/StaticSettings.hs:46:19-37
                   }
                  Just (Ann (DP (0,1)) (ColDelta 19) DP (0,1) [] [((G AnnVal),DP (0,0))])
                  (HsLit 
                   (HsString "\"bootstrap.min.css\"" {FastString: "bootstrap.min.css"}))))) 
               ({ ../../hackage-packages/yesod-static-angular-0.1.3/example/StaticSettings.hs:46:39-72
                 }
                Just (Ann (DP (0,1)) (ColDelta 39) DP (0,1) [] [((G AnnVal),DP (0,0))])
                (HsLit 
                 (HsString "\"example/static/bootstrap.min.css\"" {FastString: "example/static/bootstrap.min.css"})))))])))))) 
      (ImplicitSplice))))] 
  (Nothing) 
  (Nothing)))
==============
[(AnnKey ../../hackage-packages/yesod-static-angular-0.1.3/example/StaticSettings.hs:1:1 CN "HsModule" NotNeeded,
  (Ann (DP (0,0)) (ColDelta 1) DP (0,0) [] [((AnnComment DComment (DP (0,0),DP (0,69)) "{-# LANGUAGE TemplateHaskell, QuasiQuotes, OverloadedStrings, CPP #-}" Nothing),DP (0,0)),((AnnComment DComment (DP (2,1),DP (2,89)) "-- | This module contains all the code to manage the angular application (javascript and" Nothing),DP (2,1)),((AnnComment DComment (DP (1,1),DP (1,97)) "-- directives).  During development, the individual javascript and hamlet files will be reloaded" Nothing),DP (1,1)),((AnnComment DComment (DP (1,1),DP (1,93)) "-- from disk on every request and served individually (you can test this out by changing the" Nothing),DP (1,1)),((AnnComment DComment (DP (1,1),DP (1,99)) "-- javascript or hamlet files and reloading your web browser).  When compiling for production, the" Nothing),DP (1,1)),((AnnComment DComment (DP (1,1),DP (1,47)) "-- resources are embedded into the executable." Nothing),DP (1,1)),((G AnnModule),DP (7,1)),((G AnnVal),DP (0,1)),((G AnnWhere),DP (0,1)),((AnnComment DComment (DP (1,1),DP (1,1)) "" Nothing),DP (1,1)),((G AnnEofPos),DP (2,0))])),
 (AnnKey ../../hackage-packages/yesod-static-angular-0.1.3/example/StaticSettings.hs:10:1-12 CN "ImportDecl" NotNeeded,
  (Ann (DP (2,1)) (ColDelta 1) DP (2,1) [] [((G AnnImport),DP (0,0)),((G AnnVal),DP (0,1))])),
 (AnnKey ../../hackage-packages/yesod-static-angular-0.1.3/example/StaticSettings.hs:11:1-27 CN "ImportDecl" NotNeeded,
  (Ann (DP (1,1)) (ColDelta 1) DP (1,1) [] [((G AnnImport),DP (0,0)),((G AnnVal),DP (0,1))])),
 (AnnKey ../../hackage-packages/yesod-static-angular-0.1.3/example/StaticSettings.hs:12:1-45 CN "ImportDecl" NotNeeded,
  (Ann (DP (1,1)) (ColDelta 1) DP (1,1) [] [((G AnnImport),DP (0,0)),((G AnnVal),DP (0,1))])),
 (AnnKey ../../hackage-packages/yesod-static-angular-0.1.3/example/StaticSettings.hs:27:1-16 CN "HsVar" NotNeeded,
  (Ann (DP (0,0)) (ColDelta 1) DP (0,0) [] [((G AnnVal),DP (0,0))])),
 (AnnKey ../../hackage-packages/yesod-static-angular-0.1.3/example/StaticSettings.hs:27:1-22 CN "HsApp" NotNeeded,
  (Ann (DP (0,0)) (ColDelta 1) DP (0,0) [] [])),
 (AnnKey ../../hackage-packages/yesod-static-angular-0.1.3/example/StaticSettings.hs:27:1-34 CN "HsApp" NotNeeded,
  (Ann (DP (0,0)) (ColDelta 1) DP (0,0) [] [])),
 (AnnKey ../../hackage-packages/yesod-static-angular-0.1.3/example/StaticSettings.hs:(27,1)-(48,5) CN "HsApp" NotNeeded,
  (Ann (DP (0,0)) (ColDelta 1) DP (0,0) [] [])),
 (AnnKey ../../hackage-packages/yesod-static-angular-0.1.3/example/StaticSettings.hs:(27,1)-(48,5) CN "HsUntypedSplice" NotNeeded,
  (Ann (DP (0,0)) (ColDelta 1) DP (0,0) [] [])),
 (AnnKey ../../hackage-packages/yesod-static-angular-0.1.3/example/StaticSettings.hs:(27,1)-(48,5) CN "SpliceD" NotNeeded,
  (Ann (DP (1,1)) (ColDelta 1) DP (15,1) [DComment (DP (2,1),DP (2,10)) "#ifdef DEV" Nothing,DComment (DP (1,1),DP (1,21)) "#define DEV_BOOL True" Nothing,DComment (DP (1,1),DP (1,5)) "#else" Nothing,DComment (DP (1,1),DP (1,22)) "#define DEV_BOOL False" Nothing,DComment (DP (1,1),DP (1,6)) "#endif" Nothing,DComment (DP (2,1),DP (2,70)) "-- | Create the embedded static subsite.  This will create variables:" Nothing,DComment (DP (1,1),DP (1,3)) "--" Nothing,DComment (DP (1,1),DP (1,33)) "-- > embStatic :: EmbeddedStatic" Nothing,DComment (DP (1,1),DP (1,51)) "-- > ng_modules_example_js :: Route EmbeddedStatic" Nothing,DComment (DP (1,1),DP (1,40)) "-- > angular_js :: Route EmbeddedStatic" Nothing,DComment (DP (1,1),DP (1,47)) "-- > bootstrap_min_css :: Route EmbeddedStatic" Nothing,DComment (DP (1,1),DP (1,3)) "--" Nothing] [])),
 (AnnKey ../../hackage-packages/yesod-static-angular-0.1.3/example/StaticSettings.hs:27:18-22 CN "HsVar" NotNeeded,
  (Ann (DP (0,1)) (ColDelta 18) DP (0,1) [] [((G AnnVal),DP (0,0))])),
 (AnnKey ../../hackage-packages/yesod-static-angular-0.1.3/example/StaticSettings.hs:27:24-34 CN "HsLit" NotNeeded,
  (Ann (DP (0,-2)) (ColDelta 24) DP (0,1) [DComment (DP (0,-5),DP (0,3)) "DEV_BOOL" Nothing] [((G AnnVal),DP (0,-2))])),
 (AnnKey ../../hackage-packages/yesod-static-angular-0.1.3/example/StaticSettings.hs:(28,5)-(48,5) CN "ExplicitList" NotNeeded,
  (Ann (DP (1,5)) (ColDelta 5) DP (1,5) [DComment (DP (0,-8),DP (0,3)) "\"embStatic\"" Nothing] [((G AnnOpenS),DP (0,0)),((AnnComment DComment (DP (1,9),DP (1,29)) "-- Embeds bootstrap." Nothing),DP (1,9)),((G AnnCloseS),DP (2,5))])),
 (AnnKey ../../hackage-packages/yesod-static-angular-0.1.3/example/StaticSettings.hs:28:7-19 CN "HsVar" NotNeeded,
  (Ann (DP (0,0)) (ColDelta 7) DP (0,0) [] [((G AnnVal),DP (0,0))])),
 (AnnKey ../../hackage-packages/yesod-static-angular-0.1.3/example/StaticSettings.hs:28:7-35 CN "HsApp" NotNeeded,
  (Ann (DP (0,0)) (ColDelta 7) DP (0,0) [] [])),
 (AnnKey ../../hackage-packages/yesod-static-angular-0.1.3/example/StaticSettings.hs:28:7-59 CN "HsApp" NotNeeded,
  (Ann (DP (0,0)) (ColDelta 7) DP (0,0) [] [])),
 (AnnKey ../../hackage-packages/yesod-static-angular-0.1.3/example/StaticSettings.hs:28:7-81 CN "HsApp" NotNeeded,
  (Ann (DP (0,0)) (ColDelta 7) DP (0,0) [] [])),
 (AnnKey ../../hackage-packages/yesod-static-angular-0.1.3/example/StaticSettings.hs:28:7-88 CN "HsApp" NotNeeded,
  (Ann (DP (0,1)) (ColDelta 7) DP (0,1) [] [((AnnComment DComment (DP (1,9),DP (1,108)) "-- * The Angular module will be named yesod-example and this must match the ng-app inside the view." Nothing),DP (1,9)),((AnnComment DComment (DP (1,9),DP (1,100)) "-- * The javascript code will be located inside the static subsite at ng-modules/example.js" Nothing),DP (1,9)),((AnnComment DComment (DP (1,9),DP (1,92)) "-- * This file is designed to be compiled from the .cabal file so the path includes" Nothing),DP (1,9)),((AnnComment DComment (DP (1,9),DP (1,83)) "--   @example@ to be relative to the directory containing the .cabal file." Nothing),DP (1,9)),((AnnComment DComment (DP (1,9),DP (1,93)) "-- * The javascript minifier is just `return` so that you can see what the generated" Nothing),DP (1,9)),((AnnComment DComment (DP (1,9),DP (1,88)) "--   javascript looks like.  Usually you would use `uglifyJs` or `jasmine` from" Nothing),DP (1,9)),((AnnComment DComment (DP (1,9),DP (1,96)) "--   Yesod.EmbeddedStatic.Generators.  Also, during production the javascript will have" Nothing),DP (1,9)),((AnnComment DComment (DP (1,9),DP (1,95)) "--   inline dependency injection annotations, both at the top level and the controller" Nothing),DP (1,9)),((AnnComment DComment (DP (1,9),DP (1,96)) "--   function within my-tabs.js.  This is so that minimizers like uglifyJs which rename" Nothing),DP (1,9)),((AnnComment DComment (DP (1,9),DP (1,64)) "--   variables do not mess up the dependency injection." Nothing),DP (1,9)),((G AnnComma),DP (12,5))])),
 (AnnKey ../../hackage-packages/yesod-static-angular-0.1.3/example/StaticSettings.hs:28:21-35 CN "HsLit" NotNeeded,
  (Ann (DP (0,1)) (ColDelta 21) DP (0,1) [] [((G AnnVal),DP (0,0))])),
 (AnnKey ../../hackage-packages/yesod-static-angular-0.1.3/example/StaticSettings.hs:28:37-59 CN "HsLit" NotNeeded,
  (Ann (DP (0,1)) (ColDelta 37) DP (0,1) [] [((G AnnVal),DP (0,0))])),
 (AnnKey ../../hackage-packages/yesod-static-angular-0.1.3/example/StaticSettings.hs:28:61-81 CN "HsLit" NotNeeded,
  (Ann (DP (0,1)) (ColDelta 61) DP (0,1) [] [((G AnnVal),DP (0,0))])),
 (AnnKey ../../hackage-packages/yesod-static-angular-0.1.3/example/StaticSettings.hs:28:83-88 CN "HsVar" NotNeeded,
  (Ann (DP (0,1)) (ColDelta 83) DP (0,1) [] [((G AnnVal),DP (0,0))])),
 (AnnKey ../../hackage-packages/yesod-static-angular-0.1.3/example/StaticSettings.hs:40:7-21 CN "HsVar" NotNeeded,
  (Ann (DP (0,0)) (ColDelta 7) DP (0,0) [] [((G AnnVal),DP (0,0))])),
 (AnnKey ../../hackage-packages/yesod-static-angular-0.1.3/example/StaticSettings.hs:40:7-34 CN "HsApp" NotNeeded,
  (Ann (DP (0,0)) (ColDelta 7) DP (0,0) [] [])),
 (AnnKey ../../hackage-packages/yesod-static-angular-0.1.3/example/StaticSettings.hs:40:7-42 CN "HsApp" NotNeeded,
  (Ann (DP (0,0)) (ColDelta 7) DP (0,0) [] [])),
 (AnnKey ../../hackage-packages/yesod-static-angular-0.1.3/example/StaticSettings.hs:40:7-72 CN "HsApp" NotNeeded,
  (Ann (DP (0,1)) (ColDelta 7) DP (0,1) [] [((AnnComment DComment (DP (1,9),DP (1,99)) "-- This embeds Angular itself.  Note this file is the unminified angular.js so that during" Nothing),DP (1,9)),((AnnComment DComment (DP (1,9),DP (1,103)) "-- development the unminified code is available.  During production, the code will be minified" Nothing),DP (1,9)),((AnnComment DComment (DP (1,9),DP (1,97)) "-- with jasmine.  You might consider instead using a CDN; I did not so that this example" Nothing),DP (1,9)),((AnnComment DComment (DP (1,9),DP (1,26)) "-- works offline." Nothing),DP (1,9)),((G AnnComma),DP (6,5))])),
 (AnnKey ../../hackage-packages/yesod-static-angular-0.1.3/example/StaticSettings.hs:40:23-34 CN "HsLit" NotNeeded,
  (Ann (DP (0,1)) (ColDelta 23) DP (0,1) [] [((G AnnVal),DP (0,0))])),
 (AnnKey ../../hackage-packages/yesod-static-angular-0.1.3/example/StaticSettings.hs:40:36-42 CN "HsVar" NotNeeded,
  (Ann (DP (0,1)) (ColDelta 36) DP (0,1) [] [((G AnnVal),DP (0,0))])),
 (AnnKey ../../hackage-packages/yesod-static-angular-0.1.3/example/StaticSettings.hs:40:44-72 CN "ExplicitList" NotNeeded,
  (Ann (DP (0,1)) (ColDelta 44) DP (0,1) [] [((G AnnOpenS),DP (0,0)),((G AnnCloseS),DP (0,0))])),
 (AnnKey ../../hackage-packages/yesod-static-angular-0.1.3/example/StaticSettings.hs:40:45-71 CN "HsLit" NotNeeded,
  (Ann (DP (0,0)) (ColDelta 45) DP (0,0) [] [((G AnnVal),DP (0,0))])),
 (AnnKey ../../hackage-packages/yesod-static-angular-0.1.3/example/StaticSettings.hs:46:7-17 CN "HsVar" NotNeeded,
  (Ann (DP (0,0)) (ColDelta 7) DP (0,0) [] [((G AnnVal),DP (0,0))])),
 (AnnKey ../../hackage-packages/yesod-static-angular-0.1.3/example/StaticSettings.hs:46:7-37 CN "HsApp" NotNeeded,
  (Ann (DP (0,0)) (ColDelta 7) DP (0,0) [] [])),
 (AnnKey ../../hackage-packages/yesod-static-angular-0.1.3/example/StaticSettings.hs:46:7-72 CN "HsApp" NotNeeded,
  (Ann (DP (0,1)) (ColDelta 7) DP (0,1) [] [])),
 (AnnKey ../../hackage-packages/yesod-static-angular-0.1.3/example/StaticSettings.hs:46:19-37 CN "HsLit" NotNeeded,
  (Ann (DP (0,1)) (ColDelta 19) DP (0,1) [] [((G AnnVal),DP (0,0))])),
 (AnnKey ../../hackage-packages/yesod-static-angular-0.1.3/example/StaticSettings.hs:46:39-72 CN "HsLit" NotNeeded,
  (Ann (DP (0,1)) (ColDelta 39) DP (0,1) [] [((G AnnVal),DP (0,0))]))]
==============
([((../../hackage-packages/yesod-static-angular-0.1.3/example/StaticSettings.hs:1:1,
    AnnModule),
   [../../hackage-packages/yesod-static-angular-0.1.3/example/StaticSettings.hs:8:1-6]),
  ((../../hackage-packages/yesod-static-angular-0.1.3/example/StaticSettings.hs:1:1,
    AnnWhere),
   [../../hackage-packages/yesod-static-angular-0.1.3/example/StaticSettings.hs:8:23-27]),
  ((../../hackage-packages/yesod-static-angular-0.1.3/example/StaticSettings.hs:10:1-12,
    AnnImport),
   [../../hackage-packages/yesod-static-angular-0.1.3/example/StaticSettings.hs:10:1-6]),
  ((../../hackage-packages/yesod-static-angular-0.1.3/example/StaticSettings.hs:10:1-12,
    AnnSemi),
   [../../hackage-packages/yesod-static-angular-0.1.3/example/StaticSettings.hs:11:1]),
  ((../../hackage-packages/yesod-static-angular-0.1.3/example/StaticSettings.hs:11:1-27,
    AnnImport),
   [../../hackage-packages/yesod-static-angular-0.1.3/example/StaticSettings.hs:11:1-6]),
  ((../../hackage-packages/yesod-static-angular-0.1.3/example/StaticSettings.hs:11:1-27,
    AnnSemi),
   [../../hackage-packages/yesod-static-angular-0.1.3/example/StaticSettings.hs:12:1]),
  ((../../hackage-packages/yesod-static-angular-0.1.3/example/StaticSettings.hs:12:1-45,
    AnnImport),
   [../../hackage-packages/yesod-static-angular-0.1.3/example/StaticSettings.hs:12:1-6]),
  ((../../hackage-packages/yesod-static-angular-0.1.3/example/StaticSettings.hs:12:1-45,
    AnnSemi),
   [../../hackage-packages/yesod-static-angular-0.1.3/example/StaticSettings.hs:27:1]),
  ((../../hackage-packages/yesod-static-angular-0.1.3/example/StaticSettings.hs:(27,1)-(48,5),
    AnnSemi),
   [../../hackage-packages/yesod-static-angular-0.1.3/example/StaticSettings.hs:50:1]),
  ((../../hackage-packages/yesod-static-angular-0.1.3/example/StaticSettings.hs:(28,5)-(48,5),
    AnnCloseS),
   [../../hackage-packages/yesod-static-angular-0.1.3/example/StaticSettings.hs:48:5]),
  ((../../hackage-packages/yesod-static-angular-0.1.3/example/StaticSettings.hs:(28,5)-(48,5),
    AnnOpenS),
   [../../hackage-packages/yesod-static-angular-0.1.3/example/StaticSettings.hs:28:5]),
  ((../../hackage-packages/yesod-static-angular-0.1.3/example/StaticSettings.hs:28:7-88,
    AnnComma),
   [../../hackage-packages/yesod-static-angular-0.1.3/example/StaticSettings.hs:40:5]),
  ((../../hackage-packages/yesod-static-angular-0.1.3/example/StaticSettings.hs:40:7-72,
    AnnComma),
   [../../hackage-packages/yesod-static-angular-0.1.3/example/StaticSettings.hs:46:5]),
  ((../../hackage-packages/yesod-static-angular-0.1.3/example/StaticSettings.hs:40:44-72,
    AnnCloseS),
   [../../hackage-packages/yesod-static-angular-0.1.3/example/StaticSettings.hs:40:72]),
  ((../../hackage-packages/yesod-static-angular-0.1.3/example/StaticSettings.hs:40:44-72,
    AnnOpenS),
   [../../hackage-packages/yesod-static-angular-0.1.3/example/StaticSettings.hs:40:44]),
  ((<no location info>, AnnEofPos),
   [../../hackage-packages/yesod-static-angular-0.1.3/example/StaticSettings.hs:50:1])],
 [(../../hackage-packages/yesod-static-angular-0.1.3/example/StaticSettings.hs:(28,5)-(48,5),
   [AnnLineComment "-- Embeds bootstrap.",
    AnnLineComment "-- works offline.",
    AnnLineComment "-- with jasmine.  You might consider instead using a CDN; I did not so that this example",
    AnnLineComment "-- development the unminified code is available.  During production, the code will be minified",
    AnnLineComment "-- This embeds Angular itself.  Note this file is the unminified angular.js so that during",
    AnnLineComment "--   variables do not mess up the dependency injection.",
    AnnLineComment "--   function within my-tabs.js.  This is so that minimizers like uglifyJs which rename",
    AnnLineComment "--   inline dependency injection annotations, both at the top level and the controller",
    AnnLineComment "--   Yesod.EmbeddedStatic.Generators.  Also, during production the javascript will have",
    AnnLineComment "--   javascript looks like.  Usually you would use `uglifyJs` or `jasmine` from",
    AnnLineComment "-- * The javascript minifier is just `return` so that you can see what the generated",
    AnnLineComment "--   @example@ to be relative to the directory containing the .cabal file.",
    AnnLineComment "-- * This file is designed to be compiled from the .cabal file so the path includes",
    AnnLineComment "-- * The javascript code will be located inside the static subsite at ng-modules/example.js",
    AnnLineComment "-- * The Angular module will be named yesod-example and this must match the ng-app inside the view."]),
  (<no location info>,
   [AnnLineComment "--",
    AnnLineComment "-- > bootstrap_min_css :: Route EmbeddedStatic",
    AnnLineComment "-- > angular_js :: Route EmbeddedStatic",
    AnnLineComment "-- > ng_modules_example_js :: Route EmbeddedStatic",
    AnnLineComment "-- > embStatic :: EmbeddedStatic",
    AnnLineComment "--",
    AnnLineComment "-- | Create the embedded static subsite.  This will create variables:",
    AnnLineComment "-- resources are embedded into the executable.",
    AnnLineComment "-- javascript or hamlet files and reloading your web browser).  When compiling for production, the",
    AnnLineComment "-- from disk on every request and served individually (you can test this out by changing the",
    AnnLineComment "-- directives).  During development, the individual javascript and hamlet files will be reloaded",
    AnnLineComment "-- | This module contains all the code to manage the angular application (javascript and",
    AnnBlockComment "{-# LANGUAGE TemplateHaskell, QuasiQuotes, OverloadedStrings, CPP #-}"])])