{-# OPTIONS_GHC -Wall -fwarn-tabs #-}
{-# LANGUAGE EmptyDataDecls
           , DeriveDataTypeable
           , MultiParamTypeClasses
           , FlexibleInstances
           , FunctionalDependencies
           #-}

{-# LANGUAGE CPP #-}
{-# LANGUAGE CPP #-}#if __GLASGOW_HASKELL__ >= 701
{-# LANGUAGE Safe #-}
#endif{-# LANGUAGE Safe #-}
----------------------------------------------------------------
----------------------------------------------------------------
-- |--                                                    2013.05.29
-- |-- Module      :  Data.Number.Fin.TyOrdering
-- Module      :  Data.Number.Fin.TyOrdering-- Copyright   :  2012--2013 wren gayle romano,
-- Copyright   :  2012--2013 wren gayle romano,--                2004--2007 Oleg Kiselyov and Chung-chieh Shan
-- License     :  BSD3--                2004--2007 Oleg Kiselyov and Chung-chieh Shan
-- License     :  BSD3-- Maintainer  :  wren@community.haskell.org
-- Stability   :  experimental-- Maintainer  :  wren@community.haskell.org
-- Stability   :  experimental
---- Portability :  non-portable
---- Type-level 'Ordering'. This is based on [1], and is intended to
-- work with [2] (though we use the @reflection@ package for the-- Type-level 'Ordering'. This is based on [1], and is intended to
-- actual reification part).-- work with [2] (though we use the @reflection@ package for the
---- actual reification part).
---- A lot of this also duplicates the functionality in
-- A lot of this also duplicates the functionality in-- @HList:Data.HList.FakePrelude@[3], which is (or should be)
-- @HList:Data.HList.FakePrelude@[3], which is (or should be)-- obviated by the new data kinds extension. However, we don't want
-- obviated by the new data kinds extension. However, we don't want-- to restrict this module to the newer versions of GHC which support
-- data kinds.-- to restrict this module to the newer versions of GHC which support
---- data kinds.
---- [1] Oleg Kiselyov and Chung-chieh Shan. (2007) /Lightweight/
--     /static resources: Sexy types for embedded and systems/-- [1] Oleg Kiselyov and Chung-chieh Shan. (2007) /Lightweight/
--     /programming/. Proc. Trends in Functional Programming.--     /static resources: Sexy types for embedded and systems/
--     New York, 2--4 April 2007.--     /programming/. Proc. Trends in Functional Programming.
--     New York, 2--4 April 2007.--     <http://okmij.org/ftp/Haskell/types.html#binary-arithm>
----     <http://okmij.org/ftp/Haskell/types.html#binary-arithm>
---- [2] Oleg Kiselyov and Chung-chieh Shan. (2004) /Implicit/
-- [2] Oleg Kiselyov and Chung-chieh Shan. (2004) /Implicit/--     /configurations: or, type classes reflect the values of/
--     /types/. Proc. ACM SIGPLAN 2004 workshop on Haskell.--     /configurations: or, type classes reflect the values of/
--     Snowbird, Utah, USA, 22 September 2004. pp.33--44.--     /types/. Proc. ACM SIGPLAN 2004 workshop on Haskell.
--     <http://okmij.org/ftp/Haskell/types.html#Prepose>--     Snowbird, Utah, USA, 22 September 2004. pp.33--44.
----     <http://okmij.org/ftp/Haskell/types.html#Prepose>
---- [3] <http://hackage.haskell.org/package/HList>
-- [3] <http://hackage.haskell.org/package/HList>----------------------------------------------------------------
module----------------------------------------------------------------Data.Number.Fin.TyOrdering
module(  Data.Number.Fin.TyOrdering
    (-- * Type-level 'Ordering'
    -- * Type-level 'Ordering'LT_, EQ_, GT_
    -- * The 'NCS' class, EQ_, GT_
    ,-- * The 'NCS' classNCS()
    , NCSwhere()
    ) where
import Data.Typeable   (Typeable)
import Data.TypeableData.Reflection (TypeableReifies()reflect))
import----------------------------------------------------------------Data.Reflection (Reifies(reflect))
----------------------------------------------------------------
-- Equality and order: the comparison relation
data-- Equality and order: the comparison relationLT_ deriving Typeable
data LT_ deriving Typeable
data EQ_ deriving Typeable
data GT_ deriving Typeable
instance Reifies LT_ Ordering where reflect _ = LT
instance Reifies LT_ Ordering where reflect _ = LT
instance Reifies EQ_ Ordering where reflect _ = EQ
instance Reifies GT_ Ordering where reflect _ = GT

-- | Compose comparison relations. Perform the first comparison,
-- and if it's not definitive, then fall through to perform the-- | Compose comparison relations. Perform the first comparison,
-- second comparison.-- and if it's not definitive, then fall through to perform the
class-- second comparison.NCS r1 r2 r3 | r1 r2 -> r3
classinstance NCS r1EQ_r2r r3r  | r1 r2 -> r3
instance NCS EQ_ r rGT_
instance NCS GT_ r GT_
instance NCS LT_ r LT_
----------------------------------------------------------------
----------------------------------------------------------------

==============
../../hackage-packages/data-fin-0.1.1.3/src/Data/Number/Fin/TyOrdering.hs
==============
lengths:(4835,2817)

==============

({ ../../hackage-packages/data-fin-0.1.1.3/src/Data/Number/Fin/TyOrdering.hs:1:1
  }
 Just (Ann (DP (0,0)) (ColDelta 1) DP (0,0) [] [((AnnComment DComment (DP (0,0),DP (0,37)) "{-# OPTIONS_GHC -Wall -fwarn-tabs #-}" Nothing),DP (0,0)),((AnnComment DComment (DP (1,1),DP (6,15)) "{-# LANGUAGE EmptyDataDecls\n           , DeriveDataTypeable\n           , MultiParamTypeClasses\n           , FlexibleInstances\n           , FunctionalDependencies\n           #-}" Nothing),DP (1,1)),((AnnComment DComment (DP (2,1),DP (2,21)) "{-# LANGUAGE CPP #-}" Nothing),DP (2,1)),((AnnComment DComment (DP (1,1),DP (1,21)) "{-# LANGUAGE CPP #-}" Nothing),DP (1,1)),((AnnComment DComment (DP (0,-20),DP (0,9)) "#if __GLASGOW_HASKELL__ >= 701" Nothing),DP (0,-20)),((AnnComment DComment (DP (1,1),DP (1,22)) "{-# LANGUAGE Safe #-}" Nothing),DP (1,1)),((AnnComment DComment (DP (1,1),DP (1,6)) "#endif" Nothing),DP (1,1)),((AnnComment DComment (DP (0,-5),DP (0,16)) "{-# LANGUAGE Safe #-}" Nothing),DP (0,-5)),((AnnComment DComment (DP (1,1),DP (1,65)) "----------------------------------------------------------------" Nothing),DP (1,1)),((AnnComment DComment (DP (1,1),DP (1,65)) "----------------------------------------------------------------" Nothing),DP (1,1)),((AnnComment DComment (DP (1,1),DP (1,5)) "-- |" Nothing),DP (1,1)),((AnnComment DComment (DP (0,-4),DP (0,60)) "--                                                    2013.05.29" Nothing),DP (0,-4)),((AnnComment DComment (DP (1,1),DP (1,5)) "-- |" Nothing),DP (1,1)),((AnnComment DComment (DP (0,-4),DP (0,40)) "-- Module      :  Data.Number.Fin.TyOrdering" Nothing),DP (0,-4)),((AnnComment DComment (DP (1,1),DP (1,45)) "-- Module      :  Data.Number.Fin.TyOrdering" Nothing),DP (1,1)),((AnnComment DComment (DP (0,-44),DP (0,3)) "-- Copyright   :  2012--2013 wren gayle romano," Nothing),DP (0,-44)),((AnnComment DComment (DP (1,1),DP (1,48)) "-- Copyright   :  2012--2013 wren gayle romano," Nothing),DP (1,1)),((AnnComment DComment (DP (0,-47),DP (0,16)) "--                2004--2007 Oleg Kiselyov and Chung-chieh Shan" Nothing),DP (0,-47)),((AnnComment DComment (DP (1,1),DP (1,23)) "-- License     :  BSD3" Nothing),DP (1,1)),((AnnComment DComment (DP (0,-22),DP (0,41)) "--                2004--2007 Oleg Kiselyov and Chung-chieh Shan" Nothing),DP (0,-22)),((AnnComment DComment (DP (1,1),DP (1,23)) "-- License     :  BSD3" Nothing),DP (1,1)),((AnnComment DComment (DP (0,-22),DP (0,22)) "-- Maintainer  :  wren@community.haskell.org" Nothing),DP (0,-22)),((AnnComment DComment (DP (1,1),DP (1,31)) "-- Stability   :  experimental" Nothing),DP (1,1)),((AnnComment DComment (DP (0,-30),DP (0,14)) "-- Maintainer  :  wren@community.haskell.org" Nothing),DP (0,-30)),((AnnComment DComment (DP (1,1),DP (1,31)) "-- Stability   :  experimental" Nothing),DP (1,1)),((AnnComment DComment (DP (1,1),DP (1,3)) "--" Nothing),DP (1,1)),((AnnComment DComment (DP (0,-2),DP (0,28)) "-- Portability :  non-portable" Nothing),DP (0,-2)),((AnnComment DComment (DP (1,1),DP (1,3)) "--" Nothing),DP (1,1)),((AnnComment DComment (DP (0,-2),DP (0,64)) "-- Type-level 'Ordering'. This is based on [1], and is intended to" Nothing),DP (0,-2)),((AnnComment DComment (DP (1,1),DP (1,65)) "-- work with [2] (though we use the @reflection@ package for the" Nothing),DP (1,1)),((AnnComment DComment (DP (0,-64),DP (0,2)) "-- Type-level 'Ordering'. This is based on [1], and is intended to" Nothing),DP (0,-64)),((AnnComment DComment (DP (1,1),DP (1,29)) "-- actual reification part)." Nothing),DP (1,1)),((AnnComment DComment (DP (0,-28),DP (0,36)) "-- work with [2] (though we use the @reflection@ package for the" Nothing),DP (0,-28)),((AnnComment DComment (DP (1,1),DP (1,3)) "--" Nothing),DP (1,1)),((AnnComment DComment (DP (0,-2),DP (0,26)) "-- actual reification part)." Nothing),DP (0,-2)),((AnnComment DComment (DP (1,1),DP (1,3)) "--" Nothing),DP (1,1)),((AnnComment DComment (DP (0,-2),DP (0,51)) "-- A lot of this also duplicates the functionality in" Nothing),DP (0,-2)),((AnnComment DComment (DP (1,1),DP (1,54)) "-- A lot of this also duplicates the functionality in" Nothing),DP (1,1)),((AnnComment DComment (DP (0,-53),DP (0,8)) "-- @HList:Data.HList.FakePrelude@[3], which is (or should be)" Nothing),DP (0,-53)),((AnnComment DComment (DP (1,1),DP (1,62)) "-- @HList:Data.HList.FakePrelude@[3], which is (or should be)" Nothing),DP (1,1)),((AnnComment DComment (DP (0,-61),DP (0,6)) "-- obviated by the new data kinds extension. However, we don't want" Nothing),DP (0,-61)),((AnnComment DComment (DP (1,1),DP (1,68)) "-- obviated by the new data kinds extension. However, we don't want" Nothing),DP (1,1)),((AnnComment DComment (DP (0,-67),DP (0,2)) "-- to restrict this module to the newer versions of GHC which support" Nothing),DP (0,-67)),((AnnComment DComment (DP (1,1),DP (1,15)) "-- data kinds." Nothing),DP (1,1)),((AnnComment DComment (DP (0,-14),DP (0,55)) "-- to restrict this module to the newer versions of GHC which support" Nothing),DP (0,-14)),((AnnComment DComment (DP (1,1),DP (1,3)) "--" Nothing),DP (1,1)),((AnnComment DComment (DP (0,-2),DP (0,12)) "-- data kinds." Nothing),DP (0,-2)),((AnnComment DComment (DP (1,1),DP (1,3)) "--" Nothing),DP (1,1)),((AnnComment DComment (DP (0,-2),DP (0,61)) "-- [1] Oleg Kiselyov and Chung-chieh Shan. (2007) /Lightweight/" Nothing),DP (0,-2)),((AnnComment DComment (DP (1,1),DP (1,63)) "--     /static resources: Sexy types for embedded and systems/" Nothing),DP (1,1)),((AnnComment DComment (DP (0,-62),DP (0,1)) "-- [1] Oleg Kiselyov and Chung-chieh Shan. (2007) /Lightweight/" Nothing),DP (0,-62)),((AnnComment DComment (DP (1,1),DP (1,62)) "--     /programming/. Proc. Trends in Functional Programming." Nothing),DP (1,1)),((AnnComment DComment (DP (0,-61),DP (0,1)) "--     /static resources: Sexy types for embedded and systems/" Nothing),DP (0,-61)),((AnnComment DComment (DP (1,1),DP (1,34)) "--     New York, 2--4 April 2007." Nothing),DP (1,1)),((AnnComment DComment (DP (0,-33),DP (0,28)) "--     /programming/. Proc. Trends in Functional Programming." Nothing),DP (0,-33)),((AnnComment DComment (DP (1,1),DP (1,34)) "--     New York, 2--4 April 2007." Nothing),DP (1,1)),((AnnComment DComment (DP (0,-33),DP (0,29)) "--     <http://okmij.org/ftp/Haskell/types.html#binary-arithm>" Nothing),DP (0,-33)),((AnnComment DComment (DP (1,1),DP (1,3)) "--" Nothing),DP (1,1)),((AnnComment DComment (DP (0,-2),DP (0,60)) "--     <http://okmij.org/ftp/Haskell/types.html#binary-arithm>" Nothing),DP (0,-2)),((AnnComment DComment (DP (1,1),DP (1,3)) "--" Nothing),DP (1,1)),((AnnComment DComment (DP (0,-2),DP (0,58)) "-- [2] Oleg Kiselyov and Chung-chieh Shan. (2004) /Implicit/" Nothing),DP (0,-2)),((AnnComment DComment (DP (1,1),DP (1,61)) "-- [2] Oleg Kiselyov and Chung-chieh Shan. (2004) /Implicit/" Nothing),DP (1,1)),((AnnComment DComment (DP (0,-60),DP (0,3)) "--     /configurations: or, type classes reflect the values of/" Nothing),DP (0,-60)),((AnnComment DComment (DP (1,1),DP (1,60)) "--     /types/. Proc. ACM SIGPLAN 2004 workshop on Haskell." Nothing),DP (1,1)),((AnnComment DComment (DP (0,-59),DP (0,4)) "--     /configurations: or, type classes reflect the values of/" Nothing),DP (0,-59)),((AnnComment DComment (DP (1,1),DP (1,58)) "--     Snowbird, Utah, USA, 22 September 2004. pp.33--44." Nothing),DP (1,1)),((AnnComment DComment (DP (0,-57),DP (0,2)) "--     /types/. Proc. ACM SIGPLAN 2004 workshop on Haskell." Nothing),DP (0,-57)),((AnnComment DComment (DP (1,1),DP (1,57)) "--     <http://okmij.org/ftp/Haskell/types.html#Prepose>" Nothing),DP (1,1)),((AnnComment DComment (DP (0,-56),DP (0,1)) "--     Snowbird, Utah, USA, 22 September 2004. pp.33--44." Nothing),DP (0,-56)),((AnnComment DComment (DP (1,1),DP (1,3)) "--" Nothing),DP (1,1)),((AnnComment DComment (DP (0,-2),DP (0,54)) "--     <http://okmij.org/ftp/Haskell/types.html#Prepose>" Nothing),DP (0,-2)),((AnnComment DComment (DP (1,1),DP (1,3)) "--" Nothing),DP (1,1)),((AnnComment DComment (DP (0,-2),DP (0,47)) "-- [3] <http://hackage.haskell.org/package/HList>" Nothing),DP (0,-2)),((AnnComment DComment (DP (1,1),DP (1,50)) "-- [3] <http://hackage.haskell.org/package/HList>" Nothing),DP (1,1)),((AnnComment DComment (DP (0,-49),DP (0,15)) "----------------------------------------------------------------" Nothing),DP (0,-49)),((AnnComment DComment (DP (1,1),DP (1,7)) "module" Nothing),DP (1,1)),((AnnComment DComment (DP (0,-6),DP (0,58)) "----------------------------------------------------------------" Nothing),DP (0,-6)),((AnnComment DComment (DP (0,-57),DP (0,-31)) "Data.Number.Fin.TyOrdering" Nothing),DP (0,-57)),((G AnnModule),DP (48,1)),((AnnComment DComment (DP (0,-2),DP (0,-1)) "(" Nothing),DP (0,-2)),((G AnnVal),DP (0,1)),((G AnnWhere),DP (0,1)),((AnnComment DComment (DP (1,1),DP (1,65)) "----------------------------------------------------------------" Nothing),DP (1,1)),((AnnComment DComment (DP (1,1),DP (1,65)) "----------------------------------------------------------------" Nothing),DP (1,1)),((AnnComment DComment (DP (1,1),DP (1,1)) "" Nothing),DP (1,1)),((AnnComment DComment (DP (0,0),DP (0,64)) "----------------------------------------------------------- fin." Nothing),DP (0,0)),((G AnnEofPos),DP (5,0))])
 (HsModule 
  (Just 
   ({ ../../hackage-packages/data-fin-0.1.1.3/src/Data/Number/Fin/TyOrdering.hs:49:8-33
     }
    Nothing{ModuleName: Data.Number.Fin.TyOrdering})) 
  (Just 
   ({ ../../hackage-packages/data-fin-0.1.1.3/src/Data/Number/Fin/TyOrdering.hs:(50,5)-(55,5)
     }
    Just (Ann (DP (1,5)) (ColDelta 5) DP (1,5) [] [((G AnnOpenP),DP (0,0)),((G AnnCloseP),DP (1,5))])
    [
     ({ ../../hackage-packages/data-fin-0.1.1.3/src/Data/Number/Fin/TyOrdering.hs:52:7-9
       }
      Just (Ann (DP (0,-18)) (ColDelta 7) DP (2,7) [DComment (DP (0,-1),DP (0,25)) "-- * Type-level 'Ordering'" Nothing,DComment (DP (1,5),DP (1,31)) "-- * Type-level 'Ordering'" Nothing,DComment (DP (0,-24),DP (0,-21)) "LT_" Nothing,DComment (DP (0,0),DP (0,1)) "," Nothing,DComment (DP (0,1),DP (0,4)) "EQ_" Nothing,DComment (DP (0,0),DP (0,1)) "," Nothing,DComment (DP (0,1),DP (0,4)) "GT_" Nothing,DComment (DP (1,5),DP (1,25)) "-- * The 'NCS' class" Nothing] [])
      (IEThingAbs 
       ({ ../../hackage-packages/data-fin-0.1.1.3/src/Data/Number/Fin/TyOrdering.hs:52:7-9
         }
        Just (Ann (DP (0,-18)) (ColDelta 7) DP (2,7) [] [((G AnnVal),DP (0,-18)),((G AnnComma),DP (0,0))])
        (Unqual {OccName: LT_})))),
     ({ ../../hackage-packages/data-fin-0.1.1.3/src/Data/Number/Fin/TyOrdering.hs:52:12-14
       }
      Just (Ann (DP (0,1)) (ColDelta 12) DP (0,1) [] [])
      (IEThingAbs 
       ({ ../../hackage-packages/data-fin-0.1.1.3/src/Data/Number/Fin/TyOrdering.hs:52:12-14
         }
        Just (Ann (DP (0,0)) (ColDelta 12) DP (0,0) [] [((G AnnVal),DP (0,0)),((G AnnComma),DP (0,0))])
        (Unqual {OccName: EQ_})))),
     ({ ../../hackage-packages/data-fin-0.1.1.3/src/Data/Number/Fin/TyOrdering.hs:52:17-19
       }
      Just (Ann (DP (0,1)) (ColDelta 17) DP (0,1) [] [])
      (IEThingAbs 
       ({ ../../hackage-packages/data-fin-0.1.1.3/src/Data/Number/Fin/TyOrdering.hs:52:17-19
         }
        Just (Ann (DP (0,0)) (ColDelta 17) DP (0,0) [] [((G AnnVal),DP (0,0)),((AnnComment DComment (DP (1,5),DP (1,6)) "," Nothing),DP (1,5)),((AnnComment DComment (DP (0,-1),DP (0,19)) "-- * The 'NCS' class" Nothing),DP (0,-1)),((AnnComment DComment (DP (0,-18),DP (0,-15)) "NCS" Nothing),DP (0,-18)),((AnnComment DComment (DP (0,0),DP (0,1)) "(" Nothing),DP (0,0)),((AnnComment DComment (DP (0,0),DP (0,1)) ")" Nothing),DP (0,0)),((G AnnComma),DP (2,5))])
        (Unqual {OccName: GT_})))),
     ({ ../../hackage-packages/data-fin-0.1.1.3/src/Data/Number/Fin/TyOrdering.hs:54:7-11
       }
      Just (Ann (DP (0,1)) (ColDelta 7) DP (0,1) [] [((AnnComment DComment (DP (0,-3),DP (0,2)) "where" Nothing),DP (0,-3)),((G AnnOpenP),DP (0,0)),((G AnnCloseP),DP (0,0))])
      (IEThingWith 
       ({ ../../hackage-packages/data-fin-0.1.1.3/src/Data/Number/Fin/TyOrdering.hs:54:7-9
         }
        Just (Ann (DP (0,0)) (ColDelta 7) DP (0,0) [] [((G AnnVal),DP (0,0))])
        (Unqual {OccName: NCS})) 
       []))])) 
  [
   ({ ../../hackage-packages/data-fin-0.1.1.3/src/Data/Number/Fin/TyOrdering.hs:57:1-33
     }
    Just (Ann (DP (1,1)) (ColDelta 1) DP (2,1) [DComment (DP (1,1),DP (1,1)) "" Nothing,DComment (DP (0,0),DP (0,6)) "import" Nothing,DComment (DP (0,1),DP (0,14)) "Data.Typeable" Nothing,DComment (DP (0,3),DP (0,4)) "(" Nothing,DComment (DP (0,0),DP (0,8)) "Typeable" Nothing,DComment (DP (0,0),DP (0,1)) ")" Nothing] [((G AnnImport),DP (0,0)),((G AnnVal),DP (0,1))])
    (ImportDecl 
     (Nothing) 
     ({ ../../hackage-packages/data-fin-0.1.1.3/src/Data/Number/Fin/TyOrdering.hs:57:8-20
       }
      Nothing{ModuleName: Data.Typeable}) 
     (Nothing) 
     (False) 
     (False) 
     (False) 
     (False) 
     (Nothing) 
     (Just 
      ((,) 
       (False) 
       ({ ../../hackage-packages/data-fin-0.1.1.3/src/Data/Number/Fin/TyOrdering.hs:57:24-33
         }
        Just (Ann (DP (0,1)) (ColDelta 24) DP (0,3) [DComment (DP (0,-13),DP (0,2)) "Data.Reflection" Nothing] [((G AnnOpenP),DP (0,0)),((AnnComment DComment (DP (0,-8),DP (0,-1)) "Reifies" Nothing),DP (0,-8)),((AnnComment DComment (DP (0,0),DP (0,1)) "(" Nothing),DP (0,0)),((G AnnCloseP),DP (0,0))])
        [
         ({ ../../hackage-packages/data-fin-0.1.1.3/src/Data/Number/Fin/TyOrdering.hs:57:25-32
           }
          Just (Ann (DP (0,0)) (ColDelta 25) DP (0,0) [] [])
          (IEThingAbs 
           ({ ../../hackage-packages/data-fin-0.1.1.3/src/Data/Number/Fin/TyOrdering.hs:57:25-32
             }
            Just (Ann (DP (0,0)) (ColDelta 25) DP (0,0) [] [((G AnnVal),DP (0,0))])
            (Unqual {OccName: Typeable}))))]))))),
   ({ ../../hackage-packages/data-fin-0.1.1.3/src/Data/Number/Fin/TyOrdering.hs:58:1-41
     }
    Just (Ann (DP (1,1)) (ColDelta 1) DP (1,1) [DComment (DP (0,-1),DP (0,6)) "reflect" Nothing,DComment (DP (0,0),DP (0,1)) ")" Nothing,DComment (DP (0,0),DP (0,1)) ")" Nothing] [((G AnnImport),DP (0,0)),((AnnComment DComment (DP (0,-6),DP (0,58)) "----------------------------------------------------------------" Nothing),DP (0,-6)),((G AnnVal),DP (0,1))])
    (ImportDecl 
     (Nothing) 
     ({ ../../hackage-packages/data-fin-0.1.1.3/src/Data/Number/Fin/TyOrdering.hs:58:8-22
       }
      Nothing{ModuleName: Data.Reflection}) 
     (Nothing) 
     (False) 
     (False) 
     (False) 
     (False) 
     (Nothing) 
     (Just 
      ((,) 
       (False) 
       ({ ../../hackage-packages/data-fin-0.1.1.3/src/Data/Number/Fin/TyOrdering.hs:58:24-41
         }
        Just (Ann (DP (0,1)) (ColDelta 24) DP (0,1) [] [((G AnnOpenP),DP (0,0)),((G AnnCloseP),DP (0,0))])
        [
         ({ ../../hackage-packages/data-fin-0.1.1.3/src/Data/Number/Fin/TyOrdering.hs:58:25-40
           }
          Just (Ann (DP (0,0)) (ColDelta 25) DP (0,0) [] [((G AnnOpenP),DP (0,0)),((G AnnCloseP),DP (0,0))])
          (IEThingWith 
           ({ ../../hackage-packages/data-fin-0.1.1.3/src/Data/Number/Fin/TyOrdering.hs:58:25-31
             }
            Just (Ann (DP (0,0)) (ColDelta 25) DP (0,0) [] [((G AnnVal),DP (0,0))])
            (Unqual {OccName: Reifies})) 
           [
            ({ ../../hackage-packages/data-fin-0.1.1.3/src/Data/Number/Fin/TyOrdering.hs:58:33-39
              }
             Just (Ann (DP (0,0)) (ColDelta 33) DP (0,0) [] [((G AnnVal),DP (0,0))])
             (Unqual {OccName: reflect}))]))])))))] 
  [
   ({ ../../hackage-packages/data-fin-0.1.1.3/src/Data/Number/Fin/TyOrdering.hs:62:1-26
     }
    Just (Ann (DP (1,1)) (ColDelta 1) DP (4,1) [DComment (DP (1,1),DP (1,65)) "----------------------------------------------------------------" Nothing,DComment (DP (1,1),DP (1,47)) "-- Equality and order: the comparison relation" Nothing,DComment (DP (1,1),DP (1,1)) "" Nothing,DComment (DP (0,0),DP (0,4)) "data" Nothing,DComment (DP (0,-4),DP (0,42)) "-- Equality and order: the comparison relation" Nothing,DComment (DP (0,-41),DP (0,-38)) "LT_" Nothing,DComment (DP (0,1),DP (0,9)) "deriving" Nothing,DComment (DP (0,1),DP (0,9)) "Typeable" Nothing] [((G AnnData),DP (0,0))])
    (TyClD 
     (DataDecl 
      ({ ../../hackage-packages/data-fin-0.1.1.3/src/Data/Number/Fin/TyOrdering.hs:62:6-8
        }
       Just (Ann (DP (0,1)) (ColDelta 6) DP (0,1) [] [((G AnnVal),DP (0,0))])
       (Unqual {OccName: LT_})) 
      (HsQTvs 
       [] 
       []) 
      (HsDataDefn 
       (DataType) 
       ({ <no location info> }
        Just (Ann (DP (-62,0)) (ColDelta 0) DP (-62,0) [] [])
        []) 
       (Nothing) 
       (Nothing) 
       [] 
       (Just 
        ({ ../../hackage-packages/data-fin-0.1.1.3/src/Data/Number/Fin/TyOrdering.hs:62:10-26
          }
         Just (Ann (DP (0,1)) (ColDelta 10) DP (0,1) [] [((G AnnDeriving),DP (0,0))])
         [
          ({ ../../hackage-packages/data-fin-0.1.1.3/src/Data/Number/Fin/TyOrdering.hs:62:19-26
            }
           Just (Ann (DP (0,1)) (ColDelta 19) DP (0,1) [] [((G AnnVal),DP (0,0))])
           (HsTyVar 
            (Unqual {OccName: Typeable})))]))) 
      (PlaceHolder)))),
   ({ ../../hackage-packages/data-fin-0.1.1.3/src/Data/Number/Fin/TyOrdering.hs:63:1-26
     }
    Just (Ann (DP (1,1)) (ColDelta 1) DP (1,1) [] [((G AnnData),DP (0,0))])
    (TyClD 
     (DataDecl 
      ({ ../../hackage-packages/data-fin-0.1.1.3/src/Data/Number/Fin/TyOrdering.hs:63:6-8
        }
       Just (Ann (DP (0,1)) (ColDelta 6) DP (0,1) [] [((G AnnVal),DP (0,0))])
       (Unqual {OccName: EQ_})) 
      (HsQTvs 
       [] 
       []) 
      (HsDataDefn 
       (DataType) 
       ({ <no location info> }
        Just (Ann (DP (-62,0)) (ColDelta 0) DP (-62,0) [] [])
        []) 
       (Nothing) 
       (Nothing) 
       [] 
       (Just 
        ({ ../../hackage-packages/data-fin-0.1.1.3/src/Data/Number/Fin/TyOrdering.hs:63:10-26
          }
         Just (Ann (DP (0,1)) (ColDelta 10) DP (0,1) [] [((G AnnDeriving),DP (0,0))])
         [
          ({ ../../hackage-packages/data-fin-0.1.1.3/src/Data/Number/Fin/TyOrdering.hs:63:19-26
            }
           Just (Ann (DP (0,1)) (ColDelta 19) DP (0,1) [] [((G AnnVal),DP (0,0))])
           (HsTyVar 
            (Unqual {OccName: Typeable})))]))) 
      (PlaceHolder)))),
   ({ ../../hackage-packages/data-fin-0.1.1.3/src/Data/Number/Fin/TyOrdering.hs:64:1-26
     }
    Just (Ann (DP (1,1)) (ColDelta 1) DP (1,1) [] [((G AnnData),DP (0,0))])
    (TyClD 
     (DataDecl 
      ({ ../../hackage-packages/data-fin-0.1.1.3/src/Data/Number/Fin/TyOrdering.hs:64:6-8
        }
       Just (Ann (DP (0,1)) (ColDelta 6) DP (0,1) [] [((G AnnVal),DP (0,0))])
       (Unqual {OccName: GT_})) 
      (HsQTvs 
       [] 
       []) 
      (HsDataDefn 
       (DataType) 
       ({ <no location info> }
        Just (Ann (DP (-62,0)) (ColDelta 0) DP (-62,0) [] [])
        []) 
       (Nothing) 
       (Nothing) 
       [] 
       (Just 
        ({ ../../hackage-packages/data-fin-0.1.1.3/src/Data/Number/Fin/TyOrdering.hs:64:10-26
          }
         Just (Ann (DP (0,1)) (ColDelta 10) DP (0,1) [] [((G AnnDeriving),DP (0,0))])
         [
          ({ ../../hackage-packages/data-fin-0.1.1.3/src/Data/Number/Fin/TyOrdering.hs:64:19-26
            }
           Just (Ann (DP (0,1)) (ColDelta 19) DP (0,1) [] [((G AnnVal),DP (0,0))])
           (HsTyVar 
            (Unqual {OccName: Typeable})))]))) 
      (PlaceHolder)))),
   ({ ../../hackage-packages/data-fin-0.1.1.3/src/Data/Number/Fin/TyOrdering.hs:66:1-50
     }
    Just (Ann (DP (1,1)) (ColDelta 1) DP (2,1) [DComment (DP (1,1),DP (1,1)) "" Nothing,DComment (DP (0,0),DP (0,8)) "instance" Nothing,DComment (DP (0,1),DP (0,8)) "Reifies" Nothing,DComment (DP (0,1),DP (0,4)) "LT_" Nothing,DComment (DP (0,1),DP (0,9)) "Ordering" Nothing,DComment (DP (0,1),DP (0,6)) "where" Nothing,DComment (DP (0,1),DP (0,1)) "" Nothing,DComment (DP (0,0),DP (0,7)) "reflect" Nothing,DComment (DP (0,1),DP (0,2)) "_" Nothing,DComment (DP (0,1),DP (0,2)) "=" Nothing,DComment (DP (0,1),DP (0,3)) "LT" Nothing] [((G AnnInstance),DP (0,0)),((G AnnWhere),DP (0,1))])
    (InstD 
     (ClsInstD 
      (ClsInstDecl 
       ({ ../../hackage-packages/data-fin-0.1.1.3/src/Data/Number/Fin/TyOrdering.hs:66:10-29
         }
        Just (Ann (DP (0,1)) (ColDelta 10) DP (0,1) [] [])
        (HsForAllTy 
         (Implicit) 
         (Nothing) 
         (HsQTvs 
          [] 
          []) 
         ({ <no location info> }
          Just (Ann (DP (-62,0)) (ColDelta 0) DP (-62,0) [] [])
          []) 
         ({ ../../hackage-packages/data-fin-0.1.1.3/src/Data/Number/Fin/TyOrdering.hs:66:10-29
           }
          Just (Ann (DP (0,0)) (ColDelta 10) DP (0,0) [] [])
          (HsAppTy 
           ({ ../../hackage-packages/data-fin-0.1.1.3/src/Data/Number/Fin/TyOrdering.hs:66:10-20
             }
            Just (Ann (DP (0,0)) (ColDelta 10) DP (0,0) [] [])
            (HsAppTy 
             ({ ../../hackage-packages/data-fin-0.1.1.3/src/Data/Number/Fin/TyOrdering.hs:66:10-16
               }
              Just (Ann (DP (0,0)) (ColDelta 10) DP (0,0) [] [((G AnnVal),DP (0,0))])
              (HsTyVar 
               (Unqual {OccName: Reifies}))) 
             ({ ../../hackage-packages/data-fin-0.1.1.3/src/Data/Number/Fin/TyOrdering.hs:66:18-20
               }
              Just (Ann (DP (0,1)) (ColDelta 18) DP (0,1) [] [((G AnnVal),DP (0,0))])
              (HsTyVar 
               (Unqual {OccName: LT_}))))) 
           ({ ../../hackage-packages/data-fin-0.1.1.3/src/Data/Number/Fin/TyOrdering.hs:66:22-29
             }
            Just (Ann (DP (0,1)) (ColDelta 22) DP (0,1) [] [((G AnnVal),DP (0,0))])
            (HsTyVar 
             (Unqual {OccName: Ordering}))))))) {Bag(Located (HsBind RdrName)): 
       [
        ({ ../../hackage-packages/data-fin-0.1.1.3/src/Data/Number/Fin/TyOrdering.hs:66:37-50
          }
         Just (Ann (DP (0,1)) (ColDelta 37) DP (0,1) [] [])
         (FunBind 
          ({ ../../hackage-packages/data-fin-0.1.1.3/src/Data/Number/Fin/TyOrdering.hs:66:37-43
            }
           Just (Ann (DP (0,0)) (ColDelta 37) DP (0,0) [] [((G AnnVal),DP (0,0))])
           (Unqual {OccName: reflect})) 
          (False) 
          (MG 
           [
            ({ ../../hackage-packages/data-fin-0.1.1.3/src/Data/Number/Fin/TyOrdering.hs:66:37-50
              }
             Just (Ann (DP (0,0)) (ColDelta 37) DP (0,0) [] [((G AnnEqual),DP (0,1))])
             (Match 
              (Just 
               ((,) 
                ({ ../../hackage-packages/data-fin-0.1.1.3/src/Data/Number/Fin/TyOrdering.hs:66:37-43
                  }
                 Just (Ann (DP (0,0)) (ColDelta 37) DP (0,0) [] [((G AnnVal),DP (0,0))])
                 (Unqual {OccName: reflect})) 
                (False))) 
              [
               ({ ../../hackage-packages/data-fin-0.1.1.3/src/Data/Number/Fin/TyOrdering.hs:66:45
                 }
                Just (Ann (DP (0,1)) (ColDelta 45) DP (0,1) [] [((G AnnVal),DP (0,0))])
                (WildPat 
                 (PlaceHolder)))] 
              (Nothing) 
              (GRHSs 
               [
                ({ ../../hackage-packages/data-fin-0.1.1.3/src/Data/Number/Fin/TyOrdering.hs:66:47-50
                  }
                 Just (Ann (DP (0,-1)) (ColDelta 47) DP (0,-1) [] [])
                 (GRHS 
                  [] 
                  ({ ../../hackage-packages/data-fin-0.1.1.3/src/Data/Number/Fin/TyOrdering.hs:66:49-50
                    }
                   Just (Ann (DP (0,1)) (ColDelta 49) DP (0,1) [] [((G AnnVal),DP (0,0))])
                   (HsVar 
                    (Unqual {OccName: LT})))))] 
               (EmptyLocalBinds))))] 
           [] 
           (PlaceHolder) 
           (FromSource)) 
          (WpHole) 
          (PlaceHolder) 
          []))]} 
       [] 
       [] 
       [] 
       (Nothing))))),
   ({ ../../hackage-packages/data-fin-0.1.1.3/src/Data/Number/Fin/TyOrdering.hs:67:1-50
     }
    Just (Ann (DP (1,1)) (ColDelta 1) DP (1,1) [] [((G AnnInstance),DP (0,0)),((G AnnWhere),DP (0,1))])
    (InstD 
     (ClsInstD 
      (ClsInstDecl 
       ({ ../../hackage-packages/data-fin-0.1.1.3/src/Data/Number/Fin/TyOrdering.hs:67:10-29
         }
        Just (Ann (DP (0,1)) (ColDelta 10) DP (0,1) [] [])
        (HsForAllTy 
         (Implicit) 
         (Nothing) 
         (HsQTvs 
          [] 
          []) 
         ({ <no location info> }
          Just (Ann (DP (-62,0)) (ColDelta 0) DP (-62,0) [] [])
          []) 
         ({ ../../hackage-packages/data-fin-0.1.1.3/src/Data/Number/Fin/TyOrdering.hs:67:10-29
           }
          Just (Ann (DP (0,0)) (ColDelta 10) DP (0,0) [] [])
          (HsAppTy 
           ({ ../../hackage-packages/data-fin-0.1.1.3/src/Data/Number/Fin/TyOrdering.hs:67:10-20
             }
            Just (Ann (DP (0,0)) (ColDelta 10) DP (0,0) [] [])
            (HsAppTy 
             ({ ../../hackage-packages/data-fin-0.1.1.3/src/Data/Number/Fin/TyOrdering.hs:67:10-16
               }
              Just (Ann (DP (0,0)) (ColDelta 10) DP (0,0) [] [((G AnnVal),DP (0,0))])
              (HsTyVar 
               (Unqual {OccName: Reifies}))) 
             ({ ../../hackage-packages/data-fin-0.1.1.3/src/Data/Number/Fin/TyOrdering.hs:67:18-20
               }
              Just (Ann (DP (0,1)) (ColDelta 18) DP (0,1) [] [((G AnnVal),DP (0,0))])
              (HsTyVar 
               (Unqual {OccName: EQ_}))))) 
           ({ ../../hackage-packages/data-fin-0.1.1.3/src/Data/Number/Fin/TyOrdering.hs:67:22-29
             }
            Just (Ann (DP (0,1)) (ColDelta 22) DP (0,1) [] [((G AnnVal),DP (0,0))])
            (HsTyVar 
             (Unqual {OccName: Ordering}))))))) {Bag(Located (HsBind RdrName)): 
       [
        ({ ../../hackage-packages/data-fin-0.1.1.3/src/Data/Number/Fin/TyOrdering.hs:67:37-50
          }
         Just (Ann (DP (0,1)) (ColDelta 37) DP (0,1) [] [])
         (FunBind 
          ({ ../../hackage-packages/data-fin-0.1.1.3/src/Data/Number/Fin/TyOrdering.hs:67:37-43
            }
           Just (Ann (DP (0,0)) (ColDelta 37) DP (0,0) [] [((G AnnVal),DP (0,0))])
           (Unqual {OccName: reflect})) 
          (False) 
          (MG 
           [
            ({ ../../hackage-packages/data-fin-0.1.1.3/src/Data/Number/Fin/TyOrdering.hs:67:37-50
              }
             Just (Ann (DP (0,0)) (ColDelta 37) DP (0,0) [] [((G AnnEqual),DP (0,1))])
             (Match 
              (Just 
               ((,) 
                ({ ../../hackage-packages/data-fin-0.1.1.3/src/Data/Number/Fin/TyOrdering.hs:67:37-43
                  }
                 Just (Ann (DP (0,0)) (ColDelta 37) DP (0,0) [] [((G AnnVal),DP (0,0))])
                 (Unqual {OccName: reflect})) 
                (False))) 
              [
               ({ ../../hackage-packages/data-fin-0.1.1.3/src/Data/Number/Fin/TyOrdering.hs:67:45
                 }
                Just (Ann (DP (0,1)) (ColDelta 45) DP (0,1) [] [((G AnnVal),DP (0,0))])
                (WildPat 
                 (PlaceHolder)))] 
              (Nothing) 
              (GRHSs 
               [
                ({ ../../hackage-packages/data-fin-0.1.1.3/src/Data/Number/Fin/TyOrdering.hs:67:47-50
                  }
                 Just (Ann (DP (0,-1)) (ColDelta 47) DP (0,-1) [] [])
                 (GRHS 
                  [] 
                  ({ ../../hackage-packages/data-fin-0.1.1.3/src/Data/Number/Fin/TyOrdering.hs:67:49-50
                    }
                   Just (Ann (DP (0,1)) (ColDelta 49) DP (0,1) [] [((G AnnVal),DP (0,0))])
                   (HsVar 
                    (Unqual {OccName: EQ})))))] 
               (EmptyLocalBinds))))] 
           [] 
           (PlaceHolder) 
           (FromSource)) 
          (WpHole) 
          (PlaceHolder) 
          []))]} 
       [] 
       [] 
       [] 
       (Nothing))))),
   ({ ../../hackage-packages/data-fin-0.1.1.3/src/Data/Number/Fin/TyOrdering.hs:68:1-50
     }
    Just (Ann (DP (1,1)) (ColDelta 1) DP (1,1) [] [((G AnnInstance),DP (0,0)),((G AnnWhere),DP (0,1))])
    (InstD 
     (ClsInstD 
      (ClsInstDecl 
       ({ ../../hackage-packages/data-fin-0.1.1.3/src/Data/Number/Fin/TyOrdering.hs:68:10-29
         }
        Just (Ann (DP (0,1)) (ColDelta 10) DP (0,1) [] [])
        (HsForAllTy 
         (Implicit) 
         (Nothing) 
         (HsQTvs 
          [] 
          []) 
         ({ <no location info> }
          Just (Ann (DP (-62,0)) (ColDelta 0) DP (-62,0) [] [])
          []) 
         ({ ../../hackage-packages/data-fin-0.1.1.3/src/Data/Number/Fin/TyOrdering.hs:68:10-29
           }
          Just (Ann (DP (0,0)) (ColDelta 10) DP (0,0) [] [])
          (HsAppTy 
           ({ ../../hackage-packages/data-fin-0.1.1.3/src/Data/Number/Fin/TyOrdering.hs:68:10-20
             }
            Just (Ann (DP (0,0)) (ColDelta 10) DP (0,0) [] [])
            (HsAppTy 
             ({ ../../hackage-packages/data-fin-0.1.1.3/src/Data/Number/Fin/TyOrdering.hs:68:10-16
               }
              Just (Ann (DP (0,0)) (ColDelta 10) DP (0,0) [] [((G AnnVal),DP (0,0))])
              (HsTyVar 
               (Unqual {OccName: Reifies}))) 
             ({ ../../hackage-packages/data-fin-0.1.1.3/src/Data/Number/Fin/TyOrdering.hs:68:18-20
               }
              Just (Ann (DP (0,1)) (ColDelta 18) DP (0,1) [] [((G AnnVal),DP (0,0))])
              (HsTyVar 
               (Unqual {OccName: GT_}))))) 
           ({ ../../hackage-packages/data-fin-0.1.1.3/src/Data/Number/Fin/TyOrdering.hs:68:22-29
             }
            Just (Ann (DP (0,1)) (ColDelta 22) DP (0,1) [] [((G AnnVal),DP (0,0))])
            (HsTyVar 
             (Unqual {OccName: Ordering}))))))) {Bag(Located (HsBind RdrName)): 
       [
        ({ ../../hackage-packages/data-fin-0.1.1.3/src/Data/Number/Fin/TyOrdering.hs:68:37-50
          }
         Just (Ann (DP (0,1)) (ColDelta 37) DP (0,1) [] [])
         (FunBind 
          ({ ../../hackage-packages/data-fin-0.1.1.3/src/Data/Number/Fin/TyOrdering.hs:68:37-43
            }
           Just (Ann (DP (0,0)) (ColDelta 37) DP (0,0) [] [((G AnnVal),DP (0,0))])
           (Unqual {OccName: reflect})) 
          (False) 
          (MG 
           [
            ({ ../../hackage-packages/data-fin-0.1.1.3/src/Data/Number/Fin/TyOrdering.hs:68:37-50
              }
             Just (Ann (DP (0,0)) (ColDelta 37) DP (0,0) [] [((G AnnEqual),DP (0,1))])
             (Match 
              (Just 
               ((,) 
                ({ ../../hackage-packages/data-fin-0.1.1.3/src/Data/Number/Fin/TyOrdering.hs:68:37-43
                  }
                 Just (Ann (DP (0,0)) (ColDelta 37) DP (0,0) [] [((G AnnVal),DP (0,0))])
                 (Unqual {OccName: reflect})) 
                (False))) 
              [
               ({ ../../hackage-packages/data-fin-0.1.1.3/src/Data/Number/Fin/TyOrdering.hs:68:45
                 }
                Just (Ann (DP (0,1)) (ColDelta 45) DP (0,1) [] [((G AnnVal),DP (0,0))])
                (WildPat 
                 (PlaceHolder)))] 
              (Nothing) 
              (GRHSs 
               [
                ({ ../../hackage-packages/data-fin-0.1.1.3/src/Data/Number/Fin/TyOrdering.hs:68:47-50
                  }
                 Just (Ann (DP (0,-1)) (ColDelta 47) DP (0,-1) [] [])
                 (GRHS 
                  [] 
                  ({ ../../hackage-packages/data-fin-0.1.1.3/src/Data/Number/Fin/TyOrdering.hs:68:49-50
                    }
                   Just (Ann (DP (0,1)) (ColDelta 49) DP (0,1) [] [((G AnnVal),DP (0,0))])
                   (HsVar 
                    (Unqual {OccName: GT})))))] 
               (EmptyLocalBinds))))] 
           [] 
           (PlaceHolder) 
           (FromSource)) 
          (WpHole) 
          (PlaceHolder) 
          []))]} 
       [] 
       [] 
       [] 
       (Nothing))))),
   ({ ../../hackage-packages/data-fin-0.1.1.3/src/Data/Number/Fin/TyOrdering.hs:74:1-35
     }
    Just (Ann (DP (1,1)) (ColDelta 1) DP (6,1) [DComment (DP (2,1),DP (2,65)) "-- | Compose comparison relations. Perform the first comparison," Nothing,DComment (DP (1,1),DP (1,64)) "-- and if it's not definitive, then fall through to perform the" Nothing,DComment (DP (0,-63),DP (0,1)) "-- | Compose comparison relations. Perform the first comparison," Nothing,DComment (DP (1,1),DP (1,22)) "-- second comparison." Nothing,DComment (DP (0,-21),DP (0,42)) "-- and if it's not definitive, then fall through to perform the" Nothing,DComment (DP (1,1),DP (1,1)) "" Nothing,DComment (DP (0,0),DP (0,0)) "" Nothing,DComment (DP (0,0),DP (0,5)) "class" Nothing,DComment (DP (0,-5),DP (0,16)) "-- second comparison." Nothing,DComment (DP (0,-12),DP (0,-9)) "NCS" Nothing,DComment (DP (0,1),DP (0,3)) "r1" Nothing,DComment (DP (0,1),DP (0,3)) "r2" Nothing,DComment (DP (0,1),DP (0,3)) "r3" Nothing,DComment (DP (0,1),DP (0,2)) "|" Nothing,DComment (DP (0,1),DP (0,3)) "r1" Nothing,DComment (DP (0,1),DP (0,3)) "r2" Nothing,DComment (DP (0,1),DP (0,3)) "->" Nothing,DComment (DP (0,1),DP (0,3)) "r3" Nothing] [((G AnnClass),DP (0,0)),((AnnComment DComment (DP (0,-2),DP (0,-1)) "r" Nothing),DP (0,-2)),((G AnnVbar),DP (0,1))])
    (TyClD 
     (ClassDecl 
      ({ <no location info> }
       Just (Ann (DP (-62,0)) (ColDelta 0) DP (-62,0) [] [])
       []) 
      ({ ../../hackage-packages/data-fin-0.1.1.3/src/Data/Number/Fin/TyOrdering.hs:74:10-12
        }
       Just (Ann (DP (0,1)) (ColDelta 10) DP (0,4) [DComment (DP (0,-5),DP (0,3)) "instance" Nothing] [((G AnnVal),DP (0,0))])
       (Unqual {OccName: NCS})) 
      (HsQTvs 
       [] 
       [
        ({ ../../hackage-packages/data-fin-0.1.1.3/src/Data/Number/Fin/TyOrdering.hs:74:14-15
          }
         Just (Ann (DP (0,1)) (ColDelta 14) DP (0,1) [] [((G AnnVal),DP (0,0))])
         (UserTyVar 
          (Unqual {OccName: r1}))),
        ({ ../../hackage-packages/data-fin-0.1.1.3/src/Data/Number/Fin/TyOrdering.hs:74:17-18
          }
         Just (Ann (DP (0,0)) (ColDelta 17) DP (0,1) [DComment (DP (0,-2),DP (0,1)) "EQ_" Nothing] [((G AnnVal),DP (0,0))])
         (UserTyVar 
          (Unqual {OccName: r2}))),
        ({ ../../hackage-packages/data-fin-0.1.1.3/src/Data/Number/Fin/TyOrdering.hs:74:20-21
          }
         Just (Ann (DP (0,1)) (ColDelta 20) DP (0,1) [DComment (DP (0,-1),DP (0,0)) "r" Nothing] [((G AnnVal),DP (0,0))])
         (UserTyVar 
          (Unqual {OccName: r3})))]) 
      [
       ({ ../../hackage-packages/data-fin-0.1.1.3/src/Data/Number/Fin/TyOrdering.hs:74:25-35
         }
        Just (Ann (DP (0,1)) (ColDelta 25) DP (0,1) [] [((G AnnRarrow),DP (0,1))])
        ((,) 
         [
          ({ ../../hackage-packages/data-fin-0.1.1.3/src/Data/Number/Fin/TyOrdering.hs:74:25-26
            }
           Just (Ann (DP (0,0)) (ColDelta 25) DP (0,0) [] [((G AnnVal),DP (0,0))])
           (Unqual {OccName: r1})),
          ({ ../../hackage-packages/data-fin-0.1.1.3/src/Data/Number/Fin/TyOrdering.hs:74:28-29
            }
           Just (Ann (DP (0,1)) (ColDelta 28) DP (0,1) [] [((G AnnVal),DP (0,0))])
           (Unqual {OccName: r2}))] 
         [
          ({ ../../hackage-packages/data-fin-0.1.1.3/src/Data/Number/Fin/TyOrdering.hs:74:34-35
            }
           Just (Ann (DP (0,1)) (ColDelta 34) DP (0,1) [] [((G AnnVal),DP (0,0))])
           (Unqual {OccName: r3}))]))] 
      [] {Bag(Located (HsBind RdrName)): 
      []} 
      [] 
      [] 
      [] 
      (PlaceHolder)))),
   ({ ../../hackage-packages/data-fin-0.1.1.3/src/Data/Number/Fin/TyOrdering.hs:75:1-20
     }
    Just (Ann (DP (1,1)) (ColDelta 1) DP (1,1) [] [((G AnnInstance),DP (0,0))])
    (InstD 
     (ClsInstD 
      (ClsInstDecl 
       ({ ../../hackage-packages/data-fin-0.1.1.3/src/Data/Number/Fin/TyOrdering.hs:75:10-20
         }
        Just (Ann (DP (0,1)) (ColDelta 10) DP (0,1) [] [])
        (HsForAllTy 
         (Implicit) 
         (Nothing) 
         (HsQTvs 
          [] 
          []) 
         ({ <no location info> }
          Just (Ann (DP (-62,0)) (ColDelta 0) DP (-62,0) [] [])
          []) 
         ({ ../../hackage-packages/data-fin-0.1.1.3/src/Data/Number/Fin/TyOrdering.hs:75:10-20
           }
          Just (Ann (DP (0,0)) (ColDelta 10) DP (0,0) [] [])
          (HsAppTy 
           ({ ../../hackage-packages/data-fin-0.1.1.3/src/Data/Number/Fin/TyOrdering.hs:75:10-18
             }
            Just (Ann (DP (0,0)) (ColDelta 10) DP (0,0) [] [])
            (HsAppTy 
             ({ ../../hackage-packages/data-fin-0.1.1.3/src/Data/Number/Fin/TyOrdering.hs:75:10-16
               }
              Just (Ann (DP (0,0)) (ColDelta 10) DP (0,0) [] [])
              (HsAppTy 
               ({ ../../hackage-packages/data-fin-0.1.1.3/src/Data/Number/Fin/TyOrdering.hs:75:10-12
                 }
                Just (Ann (DP (0,0)) (ColDelta 10) DP (0,0) [] [((G AnnVal),DP (0,0))])
                (HsTyVar 
                 (Unqual {OccName: NCS}))) 
               ({ ../../hackage-packages/data-fin-0.1.1.3/src/Data/Number/Fin/TyOrdering.hs:75:14-16
                 }
                Just (Ann (DP (0,1)) (ColDelta 14) DP (0,1) [] [((G AnnVal),DP (0,0))])
                (HsTyVar 
                 (Unqual {OccName: EQ_}))))) 
             ({ ../../hackage-packages/data-fin-0.1.1.3/src/Data/Number/Fin/TyOrdering.hs:75:18
               }
              Just (Ann (DP (0,1)) (ColDelta 18) DP (0,1) [] [((G AnnVal),DP (0,0))])
              (HsTyVar 
               (Unqual {OccName: r}))))) 
           ({ ../../hackage-packages/data-fin-0.1.1.3/src/Data/Number/Fin/TyOrdering.hs:75:20
             }
            Just (Ann (DP (0,1)) (ColDelta 20) DP (0,1) [] [((G AnnVal),DP (0,0))])
            (HsTyVar 
             (Unqual {OccName: r}))))))) {Bag(Located (HsBind RdrName)): 
       []} 
       [] 
       [] 
       [] 
       (Nothing))))),
   ({ ../../hackage-packages/data-fin-0.1.1.3/src/Data/Number/Fin/TyOrdering.hs:76:1-22
     }
    Just (Ann (DP (1,1)) (ColDelta 1) DP (1,1) [DComment (DP (0,-1),DP (0,2)) "GT_" Nothing] [((G AnnInstance),DP (0,0))])
    (InstD 
     (ClsInstD 
      (ClsInstDecl 
       ({ ../../hackage-packages/data-fin-0.1.1.3/src/Data/Number/Fin/TyOrdering.hs:76:10-22
         }
        Just (Ann (DP (0,1)) (ColDelta 10) DP (0,1) [] [])
        (HsForAllTy 
         (Implicit) 
         (Nothing) 
         (HsQTvs 
          [] 
          []) 
         ({ <no location info> }
          Just (Ann (DP (-62,0)) (ColDelta 0) DP (-62,0) [] [])
          []) 
         ({ ../../hackage-packages/data-fin-0.1.1.3/src/Data/Number/Fin/TyOrdering.hs:76:10-22
           }
          Just (Ann (DP (0,0)) (ColDelta 10) DP (0,0) [] [])
          (HsAppTy 
           ({ ../../hackage-packages/data-fin-0.1.1.3/src/Data/Number/Fin/TyOrdering.hs:76:10-18
             }
            Just (Ann (DP (0,0)) (ColDelta 10) DP (0,0) [] [])
            (HsAppTy 
             ({ ../../hackage-packages/data-fin-0.1.1.3/src/Data/Number/Fin/TyOrdering.hs:76:10-16
               }
              Just (Ann (DP (0,0)) (ColDelta 10) DP (0,0) [] [])
              (HsAppTy 
               ({ ../../hackage-packages/data-fin-0.1.1.3/src/Data/Number/Fin/TyOrdering.hs:76:10-12
                 }
                Just (Ann (DP (0,0)) (ColDelta 10) DP (0,0) [] [((G AnnVal),DP (0,0))])
                (HsTyVar 
                 (Unqual {OccName: NCS}))) 
               ({ ../../hackage-packages/data-fin-0.1.1.3/src/Data/Number/Fin/TyOrdering.hs:76:14-16
                 }
                Just (Ann (DP (0,1)) (ColDelta 14) DP (0,1) [] [((G AnnVal),DP (0,0))])
                (HsTyVar 
                 (Unqual {OccName: GT_}))))) 
             ({ ../../hackage-packages/data-fin-0.1.1.3/src/Data/Number/Fin/TyOrdering.hs:76:18
               }
              Just (Ann (DP (0,1)) (ColDelta 18) DP (0,1) [] [((G AnnVal),DP (0,0))])
              (HsTyVar 
               (Unqual {OccName: r}))))) 
           ({ ../../hackage-packages/data-fin-0.1.1.3/src/Data/Number/Fin/TyOrdering.hs:76:20-22
             }
            Just (Ann (DP (0,1)) (ColDelta 20) DP (0,1) [] [((G AnnVal),DP (0,0))])
            (HsTyVar 
             (Unqual {OccName: GT_}))))))) {Bag(Located (HsBind RdrName)): 
       []} 
       [] 
       [] 
       [] 
       (Nothing))))),
   ({ ../../hackage-packages/data-fin-0.1.1.3/src/Data/Number/Fin/TyOrdering.hs:77:1-22
     }
    Just (Ann (DP (1,1)) (ColDelta 1) DP (1,1) [] [((G AnnInstance),DP (0,0))])
    (InstD 
     (ClsInstD 
      (ClsInstDecl 
       ({ ../../hackage-packages/data-fin-0.1.1.3/src/Data/Number/Fin/TyOrdering.hs:77:10-22
         }
        Just (Ann (DP (0,1)) (ColDelta 10) DP (0,1) [] [])
        (HsForAllTy 
         (Implicit) 
         (Nothing) 
         (HsQTvs 
          [] 
          []) 
         ({ <no location info> }
          Just (Ann (DP (-62,0)) (ColDelta 0) DP (-62,0) [] [])
          []) 
         ({ ../../hackage-packages/data-fin-0.1.1.3/src/Data/Number/Fin/TyOrdering.hs:77:10-22
           }
          Just (Ann (DP (0,0)) (ColDelta 10) DP (0,0) [] [])
          (HsAppTy 
           ({ ../../hackage-packages/data-fin-0.1.1.3/src/Data/Number/Fin/TyOrdering.hs:77:10-18
             }
            Just (Ann (DP (0,0)) (ColDelta 10) DP (0,0) [] [])
            (HsAppTy 
             ({ ../../hackage-packages/data-fin-0.1.1.3/src/Data/Number/Fin/TyOrdering.hs:77:10-16
               }
              Just (Ann (DP (0,0)) (ColDelta 10) DP (0,0) [] [])
              (HsAppTy 
               ({ ../../hackage-packages/data-fin-0.1.1.3/src/Data/Number/Fin/TyOrdering.hs:77:10-12
                 }
                Just (Ann (DP (0,0)) (ColDelta 10) DP (0,0) [] [((G AnnVal),DP (0,0))])
                (HsTyVar 
                 (Unqual {OccName: NCS}))) 
               ({ ../../hackage-packages/data-fin-0.1.1.3/src/Data/Number/Fin/TyOrdering.hs:77:14-16
                 }
                Just (Ann (DP (0,1)) (ColDelta 14) DP (0,1) [] [((G AnnVal),DP (0,0))])
                (HsTyVar 
                 (Unqual {OccName: LT_}))))) 
             ({ ../../hackage-packages/data-fin-0.1.1.3/src/Data/Number/Fin/TyOrdering.hs:77:18
               }
              Just (Ann (DP (0,1)) (ColDelta 18) DP (0,1) [] [((G AnnVal),DP (0,0))])
              (HsTyVar 
               (Unqual {OccName: r}))))) 
           ({ ../../hackage-packages/data-fin-0.1.1.3/src/Data/Number/Fin/TyOrdering.hs:77:20-22
             }
            Just (Ann (DP (0,1)) (ColDelta 20) DP (0,1) [] [((G AnnVal),DP (0,0))])
            (HsTyVar 
             (Unqual {OccName: LT_}))))))) {Bag(Located (HsBind RdrName)): 
       []} 
       [] 
       [] 
       [] 
       (Nothing)))))] 
  (Nothing) 
  (Nothing)))
==============
[(AnnKey ../../hackage-packages/data-fin-0.1.1.3/src/Data/Number/Fin/TyOrdering.hs:1:1 CN "HsModule" NotNeeded,
  (Ann (DP (0,0)) (ColDelta 1) DP (0,0) [] [((AnnComment DComment (DP (0,0),DP (0,37)) "{-# OPTIONS_GHC -Wall -fwarn-tabs #-}" Nothing),DP (0,0)),((AnnComment DComment (DP (1,1),DP (6,15)) "{-# LANGUAGE EmptyDataDecls\n           , DeriveDataTypeable\n           , MultiParamTypeClasses\n           , FlexibleInstances\n           , FunctionalDependencies\n           #-}" Nothing),DP (1,1)),((AnnComment DComment (DP (2,1),DP (2,21)) "{-# LANGUAGE CPP #-}" Nothing),DP (2,1)),((AnnComment DComment (DP (1,1),DP (1,21)) "{-# LANGUAGE CPP #-}" Nothing),DP (1,1)),((AnnComment DComment (DP (0,-20),DP (0,9)) "#if __GLASGOW_HASKELL__ >= 701" Nothing),DP (0,-20)),((AnnComment DComment (DP (1,1),DP (1,22)) "{-# LANGUAGE Safe #-}" Nothing),DP (1,1)),((AnnComment DComment (DP (1,1),DP (1,6)) "#endif" Nothing),DP (1,1)),((AnnComment DComment (DP (0,-5),DP (0,16)) "{-# LANGUAGE Safe #-}" Nothing),DP (0,-5)),((AnnComment DComment (DP (1,1),DP (1,65)) "----------------------------------------------------------------" Nothing),DP (1,1)),((AnnComment DComment (DP (1,1),DP (1,65)) "----------------------------------------------------------------" Nothing),DP (1,1)),((AnnComment DComment (DP (1,1),DP (1,5)) "-- |" Nothing),DP (1,1)),((AnnComment DComment (DP (0,-4),DP (0,60)) "--                                                    2013.05.29" Nothing),DP (0,-4)),((AnnComment DComment (DP (1,1),DP (1,5)) "-- |" Nothing),DP (1,1)),((AnnComment DComment (DP (0,-4),DP (0,40)) "-- Module      :  Data.Number.Fin.TyOrdering" Nothing),DP (0,-4)),((AnnComment DComment (DP (1,1),DP (1,45)) "-- Module      :  Data.Number.Fin.TyOrdering" Nothing),DP (1,1)),((AnnComment DComment (DP (0,-44),DP (0,3)) "-- Copyright   :  2012--2013 wren gayle romano," Nothing),DP (0,-44)),((AnnComment DComment (DP (1,1),DP (1,48)) "-- Copyright   :  2012--2013 wren gayle romano," Nothing),DP (1,1)),((AnnComment DComment (DP (0,-47),DP (0,16)) "--                2004--2007 Oleg Kiselyov and Chung-chieh Shan" Nothing),DP (0,-47)),((AnnComment DComment (DP (1,1),DP (1,23)) "-- License     :  BSD3" Nothing),DP (1,1)),((AnnComment DComment (DP (0,-22),DP (0,41)) "--                2004--2007 Oleg Kiselyov and Chung-chieh Shan" Nothing),DP (0,-22)),((AnnComment DComment (DP (1,1),DP (1,23)) "-- License     :  BSD3" Nothing),DP (1,1)),((AnnComment DComment (DP (0,-22),DP (0,22)) "-- Maintainer  :  wren@community.haskell.org" Nothing),DP (0,-22)),((AnnComment DComment (DP (1,1),DP (1,31)) "-- Stability   :  experimental" Nothing),DP (1,1)),((AnnComment DComment (DP (0,-30),DP (0,14)) "-- Maintainer  :  wren@community.haskell.org" Nothing),DP (0,-30)),((AnnComment DComment (DP (1,1),DP (1,31)) "-- Stability   :  experimental" Nothing),DP (1,1)),((AnnComment DComment (DP (1,1),DP (1,3)) "--" Nothing),DP (1,1)),((AnnComment DComment (DP (0,-2),DP (0,28)) "-- Portability :  non-portable" Nothing),DP (0,-2)),((AnnComment DComment (DP (1,1),DP (1,3)) "--" Nothing),DP (1,1)),((AnnComment DComment (DP (0,-2),DP (0,64)) "-- Type-level 'Ordering'. This is based on [1], and is intended to" Nothing),DP (0,-2)),((AnnComment DComment (DP (1,1),DP (1,65)) "-- work with [2] (though we use the @reflection@ package for the" Nothing),DP (1,1)),((AnnComment DComment (DP (0,-64),DP (0,2)) "-- Type-level 'Ordering'. This is based on [1], and is intended to" Nothing),DP (0,-64)),((AnnComment DComment (DP (1,1),DP (1,29)) "-- actual reification part)." Nothing),DP (1,1)),((AnnComment DComment (DP (0,-28),DP (0,36)) "-- work with [2] (though we use the @reflection@ package for the" Nothing),DP (0,-28)),((AnnComment DComment (DP (1,1),DP (1,3)) "--" Nothing),DP (1,1)),((AnnComment DComment (DP (0,-2),DP (0,26)) "-- actual reification part)." Nothing),DP (0,-2)),((AnnComment DComment (DP (1,1),DP (1,3)) "--" Nothing),DP (1,1)),((AnnComment DComment (DP (0,-2),DP (0,51)) "-- A lot of this also duplicates the functionality in" Nothing),DP (0,-2)),((AnnComment DComment (DP (1,1),DP (1,54)) "-- A lot of this also duplicates the functionality in" Nothing),DP (1,1)),((AnnComment DComment (DP (0,-53),DP (0,8)) "-- @HList:Data.HList.FakePrelude@[3], which is (or should be)" Nothing),DP (0,-53)),((AnnComment DComment (DP (1,1),DP (1,62)) "-- @HList:Data.HList.FakePrelude@[3], which is (or should be)" Nothing),DP (1,1)),((AnnComment DComment (DP (0,-61),DP (0,6)) "-- obviated by the new data kinds extension. However, we don't want" Nothing),DP (0,-61)),((AnnComment DComment (DP (1,1),DP (1,68)) "-- obviated by the new data kinds extension. However, we don't want" Nothing),DP (1,1)),((AnnComment DComment (DP (0,-67),DP (0,2)) "-- to restrict this module to the newer versions of GHC which support" Nothing),DP (0,-67)),((AnnComment DComment (DP (1,1),DP (1,15)) "-- data kinds." Nothing),DP (1,1)),((AnnComment DComment (DP (0,-14),DP (0,55)) "-- to restrict this module to the newer versions of GHC which support" Nothing),DP (0,-14)),((AnnComment DComment (DP (1,1),DP (1,3)) "--" Nothing),DP (1,1)),((AnnComment DComment (DP (0,-2),DP (0,12)) "-- data kinds." Nothing),DP (0,-2)),((AnnComment DComment (DP (1,1),DP (1,3)) "--" Nothing),DP (1,1)),((AnnComment DComment (DP (0,-2),DP (0,61)) "-- [1] Oleg Kiselyov and Chung-chieh Shan. (2007) /Lightweight/" Nothing),DP (0,-2)),((AnnComment DComment (DP (1,1),DP (1,63)) "--     /static resources: Sexy types for embedded and systems/" Nothing),DP (1,1)),((AnnComment DComment (DP (0,-62),DP (0,1)) "-- [1] Oleg Kiselyov and Chung-chieh Shan. (2007) /Lightweight/" Nothing),DP (0,-62)),((AnnComment DComment (DP (1,1),DP (1,62)) "--     /programming/. Proc. Trends in Functional Programming." Nothing),DP (1,1)),((AnnComment DComment (DP (0,-61),DP (0,1)) "--     /static resources: Sexy types for embedded and systems/" Nothing),DP (0,-61)),((AnnComment DComment (DP (1,1),DP (1,34)) "--     New York, 2--4 April 2007." Nothing),DP (1,1)),((AnnComment DComment (DP (0,-33),DP (0,28)) "--     /programming/. Proc. Trends in Functional Programming." Nothing),DP (0,-33)),((AnnComment DComment (DP (1,1),DP (1,34)) "--     New York, 2--4 April 2007." Nothing),DP (1,1)),((AnnComment DComment (DP (0,-33),DP (0,29)) "--     <http://okmij.org/ftp/Haskell/types.html#binary-arithm>" Nothing),DP (0,-33)),((AnnComment DComment (DP (1,1),DP (1,3)) "--" Nothing),DP (1,1)),((AnnComment DComment (DP (0,-2),DP (0,60)) "--     <http://okmij.org/ftp/Haskell/types.html#binary-arithm>" Nothing),DP (0,-2)),((AnnComment DComment (DP (1,1),DP (1,3)) "--" Nothing),DP (1,1)),((AnnComment DComment (DP (0,-2),DP (0,58)) "-- [2] Oleg Kiselyov and Chung-chieh Shan. (2004) /Implicit/" Nothing),DP (0,-2)),((AnnComment DComment (DP (1,1),DP (1,61)) "-- [2] Oleg Kiselyov and Chung-chieh Shan. (2004) /Implicit/" Nothing),DP (1,1)),((AnnComment DComment (DP (0,-60),DP (0,3)) "--     /configurations: or, type classes reflect the values of/" Nothing),DP (0,-60)),((AnnComment DComment (DP (1,1),DP (1,60)) "--     /types/. Proc. ACM SIGPLAN 2004 workshop on Haskell." Nothing),DP (1,1)),((AnnComment DComment (DP (0,-59),DP (0,4)) "--     /configurations: or, type classes reflect the values of/" Nothing),DP (0,-59)),((AnnComment DComment (DP (1,1),DP (1,58)) "--     Snowbird, Utah, USA, 22 September 2004. pp.33--44." Nothing),DP (1,1)),((AnnComment DComment (DP (0,-57),DP (0,2)) "--     /types/. Proc. ACM SIGPLAN 2004 workshop on Haskell." Nothing),DP (0,-57)),((AnnComment DComment (DP (1,1),DP (1,57)) "--     <http://okmij.org/ftp/Haskell/types.html#Prepose>" Nothing),DP (1,1)),((AnnComment DComment (DP (0,-56),DP (0,1)) "--     Snowbird, Utah, USA, 22 September 2004. pp.33--44." Nothing),DP (0,-56)),((AnnComment DComment (DP (1,1),DP (1,3)) "--" Nothing),DP (1,1)),((AnnComment DComment (DP (0,-2),DP (0,54)) "--     <http://okmij.org/ftp/Haskell/types.html#Prepose>" Nothing),DP (0,-2)),((AnnComment DComment (DP (1,1),DP (1,3)) "--" Nothing),DP (1,1)),((AnnComment DComment (DP (0,-2),DP (0,47)) "-- [3] <http://hackage.haskell.org/package/HList>" Nothing),DP (0,-2)),((AnnComment DComment (DP (1,1),DP (1,50)) "-- [3] <http://hackage.haskell.org/package/HList>" Nothing),DP (1,1)),((AnnComment DComment (DP (0,-49),DP (0,15)) "----------------------------------------------------------------" Nothing),DP (0,-49)),((AnnComment DComment (DP (1,1),DP (1,7)) "module" Nothing),DP (1,1)),((AnnComment DComment (DP (0,-6),DP (0,58)) "----------------------------------------------------------------" Nothing),DP (0,-6)),((AnnComment DComment (DP (0,-57),DP (0,-31)) "Data.Number.Fin.TyOrdering" Nothing),DP (0,-57)),((G AnnModule),DP (48,1)),((AnnComment DComment (DP (0,-2),DP (0,-1)) "(" Nothing),DP (0,-2)),((G AnnVal),DP (0,1)),((G AnnWhere),DP (0,1)),((AnnComment DComment (DP (1,1),DP (1,65)) "----------------------------------------------------------------" Nothing),DP (1,1)),((AnnComment DComment (DP (1,1),DP (1,65)) "----------------------------------------------------------------" Nothing),DP (1,1)),((AnnComment DComment (DP (1,1),DP (1,1)) "" Nothing),DP (1,1)),((AnnComment DComment (DP (0,0),DP (0,64)) "----------------------------------------------------------- fin." Nothing),DP (0,0)),((G AnnEofPos),DP (5,0))])),
 (AnnKey ../../hackage-packages/data-fin-0.1.1.3/src/Data/Number/Fin/TyOrdering.hs:(50,5)-(55,5) CN "(:)" NotNeeded,
  (Ann (DP (1,5)) (ColDelta 5) DP (1,5) [] [((G AnnOpenP),DP (0,0)),((G AnnCloseP),DP (1,5))])),
 (AnnKey ../../hackage-packages/data-fin-0.1.1.3/src/Data/Number/Fin/TyOrdering.hs:52:7-9 CN "IEThingAbs" NotNeeded,
  (Ann (DP (0,-18)) (ColDelta 7) DP (2,7) [DComment (DP (0,-1),DP (0,25)) "-- * Type-level 'Ordering'" Nothing,DComment (DP (1,5),DP (1,31)) "-- * Type-level 'Ordering'" Nothing,DComment (DP (0,-24),DP (0,-21)) "LT_" Nothing,DComment (DP (0,0),DP (0,1)) "," Nothing,DComment (DP (0,1),DP (0,4)) "EQ_" Nothing,DComment (DP (0,0),DP (0,1)) "," Nothing,DComment (DP (0,1),DP (0,4)) "GT_" Nothing,DComment (DP (1,5),DP (1,25)) "-- * The 'NCS' class" Nothing] [])),
 (AnnKey ../../hackage-packages/data-fin-0.1.1.3/src/Data/Number/Fin/TyOrdering.hs:52:7-9 CN "Unqual" NotNeeded,
  (Ann (DP (0,-18)) (ColDelta 7) DP (2,7) [] [((G AnnVal),DP (0,-18)),((G AnnComma),DP (0,0))])),
 (AnnKey ../../hackage-packages/data-fin-0.1.1.3/src/Data/Number/Fin/TyOrdering.hs:52:12-14 CN "IEThingAbs" NotNeeded,
  (Ann (DP (0,1)) (ColDelta 12) DP (0,1) [] [])),
 (AnnKey ../../hackage-packages/data-fin-0.1.1.3/src/Data/Number/Fin/TyOrdering.hs:52:12-14 CN "Unqual" NotNeeded,
  (Ann (DP (0,0)) (ColDelta 12) DP (0,0) [] [((G AnnVal),DP (0,0)),((G AnnComma),DP (0,0))])),
 (AnnKey ../../hackage-packages/data-fin-0.1.1.3/src/Data/Number/Fin/TyOrdering.hs:52:17-19 CN "IEThingAbs" NotNeeded,
  (Ann (DP (0,1)) (ColDelta 17) DP (0,1) [] [])),
 (AnnKey ../../hackage-packages/data-fin-0.1.1.3/src/Data/Number/Fin/TyOrdering.hs:52:17-19 CN "Unqual" NotNeeded,
  (Ann (DP (0,0)) (ColDelta 17) DP (0,0) [] [((G AnnVal),DP (0,0)),((AnnComment DComment (DP (1,5),DP (1,6)) "," Nothing),DP (1,5)),((AnnComment DComment (DP (0,-1),DP (0,19)) "-- * The 'NCS' class" Nothing),DP (0,-1)),((AnnComment DComment (DP (0,-18),DP (0,-15)) "NCS" Nothing),DP (0,-18)),((AnnComment DComment (DP (0,0),DP (0,1)) "(" Nothing),DP (0,0)),((AnnComment DComment (DP (0,0),DP (0,1)) ")" Nothing),DP (0,0)),((G AnnComma),DP (2,5))])),
 (AnnKey ../../hackage-packages/data-fin-0.1.1.3/src/Data/Number/Fin/TyOrdering.hs:54:7-9 CN "Unqual" NotNeeded,
  (Ann (DP (0,0)) (ColDelta 7) DP (0,0) [] [((G AnnVal),DP (0,0))])),
 (AnnKey ../../hackage-packages/data-fin-0.1.1.3/src/Data/Number/Fin/TyOrdering.hs:54:7-11 CN "IEThingWith" NotNeeded,
  (Ann (DP (0,1)) (ColDelta 7) DP (0,1) [] [((AnnComment DComment (DP (0,-3),DP (0,2)) "where" Nothing),DP (0,-3)),((G AnnOpenP),DP (0,0)),((G AnnCloseP),DP (0,0))])),
 (AnnKey ../../hackage-packages/data-fin-0.1.1.3/src/Data/Number/Fin/TyOrdering.hs:57:1-33 CN "ImportDecl" NotNeeded,
  (Ann (DP (1,1)) (ColDelta 1) DP (2,1) [DComment (DP (1,1),DP (1,1)) "" Nothing,DComment (DP (0,0),DP (0,6)) "import" Nothing,DComment (DP (0,1),DP (0,14)) "Data.Typeable" Nothing,DComment (DP (0,3),DP (0,4)) "(" Nothing,DComment (DP (0,0),DP (0,8)) "Typeable" Nothing,DComment (DP (0,0),DP (0,1)) ")" Nothing] [((G AnnImport),DP (0,0)),((G AnnVal),DP (0,1))])),
 (AnnKey ../../hackage-packages/data-fin-0.1.1.3/src/Data/Number/Fin/TyOrdering.hs:57:24-33 CN "(:)" NotNeeded,
  (Ann (DP (0,1)) (ColDelta 24) DP (0,3) [DComment (DP (0,-13),DP (0,2)) "Data.Reflection" Nothing] [((G AnnOpenP),DP (0,0)),((AnnComment DComment (DP (0,-8),DP (0,-1)) "Reifies" Nothing),DP (0,-8)),((AnnComment DComment (DP (0,0),DP (0,1)) "(" Nothing),DP (0,0)),((G AnnCloseP),DP (0,0))])),
 (AnnKey ../../hackage-packages/data-fin-0.1.1.3/src/Data/Number/Fin/TyOrdering.hs:57:25-32 CN "IEThingAbs" NotNeeded,
  (Ann (DP (0,0)) (ColDelta 25) DP (0,0) [] [])),
 (AnnKey ../../hackage-packages/data-fin-0.1.1.3/src/Data/Number/Fin/TyOrdering.hs:57:25-32 CN "Unqual" NotNeeded,
  (Ann (DP (0,0)) (ColDelta 25) DP (0,0) [] [((G AnnVal),DP (0,0))])),
 (AnnKey ../../hackage-packages/data-fin-0.1.1.3/src/Data/Number/Fin/TyOrdering.hs:58:1-41 CN "ImportDecl" NotNeeded,
  (Ann (DP (1,1)) (ColDelta 1) DP (1,1) [DComment (DP (0,-1),DP (0,6)) "reflect" Nothing,DComment (DP (0,0),DP (0,1)) ")" Nothing,DComment (DP (0,0),DP (0,1)) ")" Nothing] [((G AnnImport),DP (0,0)),((AnnComment DComment (DP (0,-6),DP (0,58)) "----------------------------------------------------------------" Nothing),DP (0,-6)),((G AnnVal),DP (0,1))])),
 (AnnKey ../../hackage-packages/data-fin-0.1.1.3/src/Data/Number/Fin/TyOrdering.hs:58:24-41 CN "(:)" NotNeeded,
  (Ann (DP (0,1)) (ColDelta 24) DP (0,1) [] [((G AnnOpenP),DP (0,0)),((G AnnCloseP),DP (0,0))])),
 (AnnKey ../../hackage-packages/data-fin-0.1.1.3/src/Data/Number/Fin/TyOrdering.hs:58:25-31 CN "Unqual" NotNeeded,
  (Ann (DP (0,0)) (ColDelta 25) DP (0,0) [] [((G AnnVal),DP (0,0))])),
 (AnnKey ../../hackage-packages/data-fin-0.1.1.3/src/Data/Number/Fin/TyOrdering.hs:58:25-40 CN "IEThingWith" NotNeeded,
  (Ann (DP (0,0)) (ColDelta 25) DP (0,0) [] [((G AnnOpenP),DP (0,0)),((G AnnCloseP),DP (0,0))])),
 (AnnKey ../../hackage-packages/data-fin-0.1.1.3/src/Data/Number/Fin/TyOrdering.hs:58:33-39 CN "Unqual" NotNeeded,
  (Ann (DP (0,0)) (ColDelta 33) DP (0,0) [] [((G AnnVal),DP (0,0))])),
 (AnnKey ../../hackage-packages/data-fin-0.1.1.3/src/Data/Number/Fin/TyOrdering.hs:62:1-26 CN "TyClD" NotNeeded,
  (Ann (DP (1,1)) (ColDelta 1) DP (4,1) [DComment (DP (1,1),DP (1,65)) "----------------------------------------------------------------" Nothing,DComment (DP (1,1),DP (1,47)) "-- Equality and order: the comparison relation" Nothing,DComment (DP (1,1),DP (1,1)) "" Nothing,DComment (DP (0,0),DP (0,4)) "data" Nothing,DComment (DP (0,-4),DP (0,42)) "-- Equality and order: the comparison relation" Nothing,DComment (DP (0,-41),DP (0,-38)) "LT_" Nothing,DComment (DP (0,1),DP (0,9)) "deriving" Nothing,DComment (DP (0,1),DP (0,9)) "Typeable" Nothing] [((G AnnData),DP (0,0))])),
 (AnnKey ../../hackage-packages/data-fin-0.1.1.3/src/Data/Number/Fin/TyOrdering.hs:62:6-8 CN "Unqual" NotNeeded,
  (Ann (DP (0,1)) (ColDelta 6) DP (0,1) [] [((G AnnVal),DP (0,0))])),
 (AnnKey ../../hackage-packages/data-fin-0.1.1.3/src/Data/Number/Fin/TyOrdering.hs:62:10-26 CN "(:)" NotNeeded,
  (Ann (DP (0,1)) (ColDelta 10) DP (0,1) [] [((G AnnDeriving),DP (0,0))])),
 (AnnKey ../../hackage-packages/data-fin-0.1.1.3/src/Data/Number/Fin/TyOrdering.hs:62:19-26 CN "HsTyVar" NotNeeded,
  (Ann (DP (0,1)) (ColDelta 19) DP (0,1) [] [((G AnnVal),DP (0,0))])),
 (AnnKey ../../hackage-packages/data-fin-0.1.1.3/src/Data/Number/Fin/TyOrdering.hs:63:1-26 CN "TyClD" NotNeeded,
  (Ann (DP (1,1)) (ColDelta 1) DP (1,1) [] [((G AnnData),DP (0,0))])),
 (AnnKey ../../hackage-packages/data-fin-0.1.1.3/src/Data/Number/Fin/TyOrdering.hs:63:6-8 CN "Unqual" NotNeeded,
  (Ann (DP (0,1)) (ColDelta 6) DP (0,1) [] [((G AnnVal),DP (0,0))])),
 (AnnKey ../../hackage-packages/data-fin-0.1.1.3/src/Data/Number/Fin/TyOrdering.hs:63:10-26 CN "(:)" NotNeeded,
  (Ann (DP (0,1)) (ColDelta 10) DP (0,1) [] [((G AnnDeriving),DP (0,0))])),
 (AnnKey ../../hackage-packages/data-fin-0.1.1.3/src/Data/Number/Fin/TyOrdering.hs:63:19-26 CN "HsTyVar" NotNeeded,
  (Ann (DP (0,1)) (ColDelta 19) DP (0,1) [] [((G AnnVal),DP (0,0))])),
 (AnnKey ../../hackage-packages/data-fin-0.1.1.3/src/Data/Number/Fin/TyOrdering.hs:64:1-26 CN "TyClD" NotNeeded,
  (Ann (DP (1,1)) (ColDelta 1) DP (1,1) [] [((G AnnData),DP (0,0))])),
 (AnnKey ../../hackage-packages/data-fin-0.1.1.3/src/Data/Number/Fin/TyOrdering.hs:64:6-8 CN "Unqual" NotNeeded,
  (Ann (DP (0,1)) (ColDelta 6) DP (0,1) [] [((G AnnVal),DP (0,0))])),
 (AnnKey ../../hackage-packages/data-fin-0.1.1.3/src/Data/Number/Fin/TyOrdering.hs:64:10-26 CN "(:)" NotNeeded,
  (Ann (DP (0,1)) (ColDelta 10) DP (0,1) [] [((G AnnDeriving),DP (0,0))])),
 (AnnKey ../../hackage-packages/data-fin-0.1.1.3/src/Data/Number/Fin/TyOrdering.hs:64:19-26 CN "HsTyVar" NotNeeded,
  (Ann (DP (0,1)) (ColDelta 19) DP (0,1) [] [((G AnnVal),DP (0,0))])),
 (AnnKey ../../hackage-packages/data-fin-0.1.1.3/src/Data/Number/Fin/TyOrdering.hs:66:1-50 CN "InstD" NotNeeded,
  (Ann (DP (1,1)) (ColDelta 1) DP (2,1) [DComment (DP (1,1),DP (1,1)) "" Nothing,DComment (DP (0,0),DP (0,8)) "instance" Nothing,DComment (DP (0,1),DP (0,8)) "Reifies" Nothing,DComment (DP (0,1),DP (0,4)) "LT_" Nothing,DComment (DP (0,1),DP (0,9)) "Ordering" Nothing,DComment (DP (0,1),DP (0,6)) "where" Nothing,DComment (DP (0,1),DP (0,1)) "" Nothing,DComment (DP (0,0),DP (0,7)) "reflect" Nothing,DComment (DP (0,1),DP (0,2)) "_" Nothing,DComment (DP (0,1),DP (0,2)) "=" Nothing,DComment (DP (0,1),DP (0,3)) "LT" Nothing] [((G AnnInstance),DP (0,0)),((G AnnWhere),DP (0,1))])),
 (AnnKey ../../hackage-packages/data-fin-0.1.1.3/src/Data/Number/Fin/TyOrdering.hs:66:10-16 CN "HsTyVar" NotNeeded,
  (Ann (DP (0,0)) (ColDelta 10) DP (0,0) [] [((G AnnVal),DP (0,0))])),
 (AnnKey ../../hackage-packages/data-fin-0.1.1.3/src/Data/Number/Fin/TyOrdering.hs:66:10-20 CN "HsAppTy" NotNeeded,
  (Ann (DP (0,0)) (ColDelta 10) DP (0,0) [] [])),
 (AnnKey ../../hackage-packages/data-fin-0.1.1.3/src/Data/Number/Fin/TyOrdering.hs:66:10-29 CN "HsAppTy" NotNeeded,
  (Ann (DP (0,0)) (ColDelta 10) DP (0,0) [] [])),
 (AnnKey ../../hackage-packages/data-fin-0.1.1.3/src/Data/Number/Fin/TyOrdering.hs:66:10-29 CN "HsForAllTy" NotNeeded,
  (Ann (DP (0,1)) (ColDelta 10) DP (0,1) [] [])),
 (AnnKey ../../hackage-packages/data-fin-0.1.1.3/src/Data/Number/Fin/TyOrdering.hs:66:18-20 CN "HsTyVar" NotNeeded,
  (Ann (DP (0,1)) (ColDelta 18) DP (0,1) [] [((G AnnVal),DP (0,0))])),
 (AnnKey ../../hackage-packages/data-fin-0.1.1.3/src/Data/Number/Fin/TyOrdering.hs:66:22-29 CN "HsTyVar" NotNeeded,
  (Ann (DP (0,1)) (ColDelta 22) DP (0,1) [] [((G AnnVal),DP (0,0))])),
 (AnnKey ../../hackage-packages/data-fin-0.1.1.3/src/Data/Number/Fin/TyOrdering.hs:66:37-43 CN "Unqual" NotNeeded,
  (Ann (DP (0,0)) (ColDelta 37) DP (0,0) [] [((G AnnVal),DP (0,0))])),
 (AnnKey ../../hackage-packages/data-fin-0.1.1.3/src/Data/Number/Fin/TyOrdering.hs:66:37-50 CN "FunBind" NotNeeded,
  (Ann (DP (0,1)) (ColDelta 37) DP (0,1) [] [])),
 (AnnKey ../../hackage-packages/data-fin-0.1.1.3/src/Data/Number/Fin/TyOrdering.hs:66:37-50 CN "Match" NotNeeded,
  (Ann (DP (0,0)) (ColDelta 37) DP (0,0) [] [((G AnnEqual),DP (0,1))])),
 (AnnKey ../../hackage-packages/data-fin-0.1.1.3/src/Data/Number/Fin/TyOrdering.hs:66:45 CN "WildPat" NotNeeded,
  (Ann (DP (0,1)) (ColDelta 45) DP (0,1) [] [((G AnnVal),DP (0,0))])),
 (AnnKey ../../hackage-packages/data-fin-0.1.1.3/src/Data/Number/Fin/TyOrdering.hs:66:47-50 CN "GRHS" NotNeeded,
  (Ann (DP (0,-1)) (ColDelta 47) DP (0,-1) [] [])),
 (AnnKey ../../hackage-packages/data-fin-0.1.1.3/src/Data/Number/Fin/TyOrdering.hs:66:49-50 CN "HsVar" NotNeeded,
  (Ann (DP (0,1)) (ColDelta 49) DP (0,1) [] [((G AnnVal),DP (0,0))])),
 (AnnKey ../../hackage-packages/data-fin-0.1.1.3/src/Data/Number/Fin/TyOrdering.hs:67:1-50 CN "InstD" NotNeeded,
  (Ann (DP (1,1)) (ColDelta 1) DP (1,1) [] [((G AnnInstance),DP (0,0)),((G AnnWhere),DP (0,1))])),
 (AnnKey ../../hackage-packages/data-fin-0.1.1.3/src/Data/Number/Fin/TyOrdering.hs:67:10-16 CN "HsTyVar" NotNeeded,
  (Ann (DP (0,0)) (ColDelta 10) DP (0,0) [] [((G AnnVal),DP (0,0))])),
 (AnnKey ../../hackage-packages/data-fin-0.1.1.3/src/Data/Number/Fin/TyOrdering.hs:67:10-20 CN "HsAppTy" NotNeeded,
  (Ann (DP (0,0)) (ColDelta 10) DP (0,0) [] [])),
 (AnnKey ../../hackage-packages/data-fin-0.1.1.3/src/Data/Number/Fin/TyOrdering.hs:67:10-29 CN "HsAppTy" NotNeeded,
  (Ann (DP (0,0)) (ColDelta 10) DP (0,0) [] [])),
 (AnnKey ../../hackage-packages/data-fin-0.1.1.3/src/Data/Number/Fin/TyOrdering.hs:67:10-29 CN "HsForAllTy" NotNeeded,
  (Ann (DP (0,1)) (ColDelta 10) DP (0,1) [] [])),
 (AnnKey ../../hackage-packages/data-fin-0.1.1.3/src/Data/Number/Fin/TyOrdering.hs:67:18-20 CN "HsTyVar" NotNeeded,
  (Ann (DP (0,1)) (ColDelta 18) DP (0,1) [] [((G AnnVal),DP (0,0))])),
 (AnnKey ../../hackage-packages/data-fin-0.1.1.3/src/Data/Number/Fin/TyOrdering.hs:67:22-29 CN "HsTyVar" NotNeeded,
  (Ann (DP (0,1)) (ColDelta 22) DP (0,1) [] [((G AnnVal),DP (0,0))])),
 (AnnKey ../../hackage-packages/data-fin-0.1.1.3/src/Data/Number/Fin/TyOrdering.hs:67:37-43 CN "Unqual" NotNeeded,
  (Ann (DP (0,0)) (ColDelta 37) DP (0,0) [] [((G AnnVal),DP (0,0))])),
 (AnnKey ../../hackage-packages/data-fin-0.1.1.3/src/Data/Number/Fin/TyOrdering.hs:67:37-50 CN "FunBind" NotNeeded,
  (Ann (DP (0,1)) (ColDelta 37) DP (0,1) [] [])),
 (AnnKey ../../hackage-packages/data-fin-0.1.1.3/src/Data/Number/Fin/TyOrdering.hs:67:37-50 CN "Match" NotNeeded,
  (Ann (DP (0,0)) (ColDelta 37) DP (0,0) [] [((G AnnEqual),DP (0,1))])),
 (AnnKey ../../hackage-packages/data-fin-0.1.1.3/src/Data/Number/Fin/TyOrdering.hs:67:45 CN "WildPat" NotNeeded,
  (Ann (DP (0,1)) (ColDelta 45) DP (0,1) [] [((G AnnVal),DP (0,0))])),
 (AnnKey ../../hackage-packages/data-fin-0.1.1.3/src/Data/Number/Fin/TyOrdering.hs:67:47-50 CN "GRHS" NotNeeded,
  (Ann (DP (0,-1)) (ColDelta 47) DP (0,-1) [] [])),
 (AnnKey ../../hackage-packages/data-fin-0.1.1.3/src/Data/Number/Fin/TyOrdering.hs:67:49-50 CN "HsVar" NotNeeded,
  (Ann (DP (0,1)) (ColDelta 49) DP (0,1) [] [((G AnnVal),DP (0,0))])),
 (AnnKey ../../hackage-packages/data-fin-0.1.1.3/src/Data/Number/Fin/TyOrdering.hs:68:1-50 CN "InstD" NotNeeded,
  (Ann (DP (1,1)) (ColDelta 1) DP (1,1) [] [((G AnnInstance),DP (0,0)),((G AnnWhere),DP (0,1))])),
 (AnnKey ../../hackage-packages/data-fin-0.1.1.3/src/Data/Number/Fin/TyOrdering.hs:68:10-16 CN "HsTyVar" NotNeeded,
  (Ann (DP (0,0)) (ColDelta 10) DP (0,0) [] [((G AnnVal),DP (0,0))])),
 (AnnKey ../../hackage-packages/data-fin-0.1.1.3/src/Data/Number/Fin/TyOrdering.hs:68:10-20 CN "HsAppTy" NotNeeded,
  (Ann (DP (0,0)) (ColDelta 10) DP (0,0) [] [])),
 (AnnKey ../../hackage-packages/data-fin-0.1.1.3/src/Data/Number/Fin/TyOrdering.hs:68:10-29 CN "HsAppTy" NotNeeded,
  (Ann (DP (0,0)) (ColDelta 10) DP (0,0) [] [])),
 (AnnKey ../../hackage-packages/data-fin-0.1.1.3/src/Data/Number/Fin/TyOrdering.hs:68:10-29 CN "HsForAllTy" NotNeeded,
  (Ann (DP (0,1)) (ColDelta 10) DP (0,1) [] [])),
 (AnnKey ../../hackage-packages/data-fin-0.1.1.3/src/Data/Number/Fin/TyOrdering.hs:68:18-20 CN "HsTyVar" NotNeeded,
  (Ann (DP (0,1)) (ColDelta 18) DP (0,1) [] [((G AnnVal),DP (0,0))])),
 (AnnKey ../../hackage-packages/data-fin-0.1.1.3/src/Data/Number/Fin/TyOrdering.hs:68:22-29 CN "HsTyVar" NotNeeded,
  (Ann (DP (0,1)) (ColDelta 22) DP (0,1) [] [((G AnnVal),DP (0,0))])),
 (AnnKey ../../hackage-packages/data-fin-0.1.1.3/src/Data/Number/Fin/TyOrdering.hs:68:37-43 CN "Unqual" NotNeeded,
  (Ann (DP (0,0)) (ColDelta 37) DP (0,0) [] [((G AnnVal),DP (0,0))])),
 (AnnKey ../../hackage-packages/data-fin-0.1.1.3/src/Data/Number/Fin/TyOrdering.hs:68:37-50 CN "FunBind" NotNeeded,
  (Ann (DP (0,1)) (ColDelta 37) DP (0,1) [] [])),
 (AnnKey ../../hackage-packages/data-fin-0.1.1.3/src/Data/Number/Fin/TyOrdering.hs:68:37-50 CN "Match" NotNeeded,
  (Ann (DP (0,0)) (ColDelta 37) DP (0,0) [] [((G AnnEqual),DP (0,1))])),
 (AnnKey ../../hackage-packages/data-fin-0.1.1.3/src/Data/Number/Fin/TyOrdering.hs:68:45 CN "WildPat" NotNeeded,
  (Ann (DP (0,1)) (ColDelta 45) DP (0,1) [] [((G AnnVal),DP (0,0))])),
 (AnnKey ../../hackage-packages/data-fin-0.1.1.3/src/Data/Number/Fin/TyOrdering.hs:68:47-50 CN "GRHS" NotNeeded,
  (Ann (DP (0,-1)) (ColDelta 47) DP (0,-1) [] [])),
 (AnnKey ../../hackage-packages/data-fin-0.1.1.3/src/Data/Number/Fin/TyOrdering.hs:68:49-50 CN "HsVar" NotNeeded,
  (Ann (DP (0,1)) (ColDelta 49) DP (0,1) [] [((G AnnVal),DP (0,0))])),
 (AnnKey ../../hackage-packages/data-fin-0.1.1.3/src/Data/Number/Fin/TyOrdering.hs:74:1-35 CN "TyClD" NotNeeded,
  (Ann (DP (1,1)) (ColDelta 1) DP (6,1) [DComment (DP (2,1),DP (2,65)) "-- | Compose comparison relations. Perform the first comparison," Nothing,DComment (DP (1,1),DP (1,64)) "-- and if it's not definitive, then fall through to perform the" Nothing,DComment (DP (0,-63),DP (0,1)) "-- | Compose comparison relations. Perform the first comparison," Nothing,DComment (DP (1,1),DP (1,22)) "-- second comparison." Nothing,DComment (DP (0,-21),DP (0,42)) "-- and if it's not definitive, then fall through to perform the" Nothing,DComment (DP (1,1),DP (1,1)) "" Nothing,DComment (DP (0,0),DP (0,0)) "" Nothing,DComment (DP (0,0),DP (0,5)) "class" Nothing,DComment (DP (0,-5),DP (0,16)) "-- second comparison." Nothing,DComment (DP (0,-12),DP (0,-9)) "NCS" Nothing,DComment (DP (0,1),DP (0,3)) "r1" Nothing,DComment (DP (0,1),DP (0,3)) "r2" Nothing,DComment (DP (0,1),DP (0,3)) "r3" Nothing,DComment (DP (0,1),DP (0,2)) "|" Nothing,DComment (DP (0,1),DP (0,3)) "r1" Nothing,DComment (DP (0,1),DP (0,3)) "r2" Nothing,DComment (DP (0,1),DP (0,3)) "->" Nothing,DComment (DP (0,1),DP (0,3)) "r3" Nothing] [((G AnnClass),DP (0,0)),((AnnComment DComment (DP (0,-2),DP (0,-1)) "r" Nothing),DP (0,-2)),((G AnnVbar),DP (0,1))])),
 (AnnKey ../../hackage-packages/data-fin-0.1.1.3/src/Data/Number/Fin/TyOrdering.hs:74:10-12 CN "Unqual" NotNeeded,
  (Ann (DP (0,1)) (ColDelta 10) DP (0,4) [DComment (DP (0,-5),DP (0,3)) "instance" Nothing] [((G AnnVal),DP (0,0))])),
 (AnnKey ../../hackage-packages/data-fin-0.1.1.3/src/Data/Number/Fin/TyOrdering.hs:74:14-15 CN "UserTyVar" NotNeeded,
  (Ann (DP (0,1)) (ColDelta 14) DP (0,1) [] [((G AnnVal),DP (0,0))])),
 (AnnKey ../../hackage-packages/data-fin-0.1.1.3/src/Data/Number/Fin/TyOrdering.hs:74:17-18 CN "UserTyVar" NotNeeded,
  (Ann (DP (0,0)) (ColDelta 17) DP (0,1) [DComment (DP (0,-2),DP (0,1)) "EQ_" Nothing] [((G AnnVal),DP (0,0))])),
 (AnnKey ../../hackage-packages/data-fin-0.1.1.3/src/Data/Number/Fin/TyOrdering.hs:74:20-21 CN "UserTyVar" NotNeeded,
  (Ann (DP (0,1)) (ColDelta 20) DP (0,1) [DComment (DP (0,-1),DP (0,0)) "r" Nothing] [((G AnnVal),DP (0,0))])),
 (AnnKey ../../hackage-packages/data-fin-0.1.1.3/src/Data/Number/Fin/TyOrdering.hs:74:25-26 CN "Unqual" NotNeeded,
  (Ann (DP (0,0)) (ColDelta 25) DP (0,0) [] [((G AnnVal),DP (0,0))])),
 (AnnKey ../../hackage-packages/data-fin-0.1.1.3/src/Data/Number/Fin/TyOrdering.hs:74:25-35 CN "(,)" NotNeeded,
  (Ann (DP (0,1)) (ColDelta 25) DP (0,1) [] [((G AnnRarrow),DP (0,1))])),
 (AnnKey ../../hackage-packages/data-fin-0.1.1.3/src/Data/Number/Fin/TyOrdering.hs:74:28-29 CN "Unqual" NotNeeded,
  (Ann (DP (0,1)) (ColDelta 28) DP (0,1) [] [((G AnnVal),DP (0,0))])),
 (AnnKey ../../hackage-packages/data-fin-0.1.1.3/src/Data/Number/Fin/TyOrdering.hs:74:34-35 CN "Unqual" NotNeeded,
  (Ann (DP (0,1)) (ColDelta 34) DP (0,1) [] [((G AnnVal),DP (0,0))])),
 (AnnKey ../../hackage-packages/data-fin-0.1.1.3/src/Data/Number/Fin/TyOrdering.hs:75:1-20 CN "InstD" NotNeeded,
  (Ann (DP (1,1)) (ColDelta 1) DP (1,1) [] [((G AnnInstance),DP (0,0))])),
 (AnnKey ../../hackage-packages/data-fin-0.1.1.3/src/Data/Number/Fin/TyOrdering.hs:75:10-12 CN "HsTyVar" NotNeeded,
  (Ann (DP (0,0)) (ColDelta 10) DP (0,0) [] [((G AnnVal),DP (0,0))])),
 (AnnKey ../../hackage-packages/data-fin-0.1.1.3/src/Data/Number/Fin/TyOrdering.hs:75:10-16 CN "HsAppTy" NotNeeded,
  (Ann (DP (0,0)) (ColDelta 10) DP (0,0) [] [])),
 (AnnKey ../../hackage-packages/data-fin-0.1.1.3/src/Data/Number/Fin/TyOrdering.hs:75:10-18 CN "HsAppTy" NotNeeded,
  (Ann (DP (0,0)) (ColDelta 10) DP (0,0) [] [])),
 (AnnKey ../../hackage-packages/data-fin-0.1.1.3/src/Data/Number/Fin/TyOrdering.hs:75:10-20 CN "HsAppTy" NotNeeded,
  (Ann (DP (0,0)) (ColDelta 10) DP (0,0) [] [])),
 (AnnKey ../../hackage-packages/data-fin-0.1.1.3/src/Data/Number/Fin/TyOrdering.hs:75:10-20 CN "HsForAllTy" NotNeeded,
  (Ann (DP (0,1)) (ColDelta 10) DP (0,1) [] [])),
 (AnnKey ../../hackage-packages/data-fin-0.1.1.3/src/Data/Number/Fin/TyOrdering.hs:75:14-16 CN "HsTyVar" NotNeeded,
  (Ann (DP (0,1)) (ColDelta 14) DP (0,1) [] [((G AnnVal),DP (0,0))])),
 (AnnKey ../../hackage-packages/data-fin-0.1.1.3/src/Data/Number/Fin/TyOrdering.hs:75:18 CN "HsTyVar" NotNeeded,
  (Ann (DP (0,1)) (ColDelta 18) DP (0,1) [] [((G AnnVal),DP (0,0))])),
 (AnnKey ../../hackage-packages/data-fin-0.1.1.3/src/Data/Number/Fin/TyOrdering.hs:75:20 CN "HsTyVar" NotNeeded,
  (Ann (DP (0,1)) (ColDelta 20) DP (0,1) [] [((G AnnVal),DP (0,0))])),
 (AnnKey ../../hackage-packages/data-fin-0.1.1.3/src/Data/Number/Fin/TyOrdering.hs:76:1-22 CN "InstD" NotNeeded,
  (Ann (DP (1,1)) (ColDelta 1) DP (1,1) [DComment (DP (0,-1),DP (0,2)) "GT_" Nothing] [((G AnnInstance),DP (0,0))])),
 (AnnKey ../../hackage-packages/data-fin-0.1.1.3/src/Data/Number/Fin/TyOrdering.hs:76:10-12 CN "HsTyVar" NotNeeded,
  (Ann (DP (0,0)) (ColDelta 10) DP (0,0) [] [((G AnnVal),DP (0,0))])),
 (AnnKey ../../hackage-packages/data-fin-0.1.1.3/src/Data/Number/Fin/TyOrdering.hs:76:10-16 CN "HsAppTy" NotNeeded,
  (Ann (DP (0,0)) (ColDelta 10) DP (0,0) [] [])),
 (AnnKey ../../hackage-packages/data-fin-0.1.1.3/src/Data/Number/Fin/TyOrdering.hs:76:10-18 CN "HsAppTy" NotNeeded,
  (Ann (DP (0,0)) (ColDelta 10) DP (0,0) [] [])),
 (AnnKey ../../hackage-packages/data-fin-0.1.1.3/src/Data/Number/Fin/TyOrdering.hs:76:10-22 CN "HsAppTy" NotNeeded,
  (Ann (DP (0,0)) (ColDelta 10) DP (0,0) [] [])),
 (AnnKey ../../hackage-packages/data-fin-0.1.1.3/src/Data/Number/Fin/TyOrdering.hs:76:10-22 CN "HsForAllTy" NotNeeded,
  (Ann (DP (0,1)) (ColDelta 10) DP (0,1) [] [])),
 (AnnKey ../../hackage-packages/data-fin-0.1.1.3/src/Data/Number/Fin/TyOrdering.hs:76:14-16 CN "HsTyVar" NotNeeded,
  (Ann (DP (0,1)) (ColDelta 14) DP (0,1) [] [((G AnnVal),DP (0,0))])),
 (AnnKey ../../hackage-packages/data-fin-0.1.1.3/src/Data/Number/Fin/TyOrdering.hs:76:18 CN "HsTyVar" NotNeeded,
  (Ann (DP (0,1)) (ColDelta 18) DP (0,1) [] [((G AnnVal),DP (0,0))])),
 (AnnKey ../../hackage-packages/data-fin-0.1.1.3/src/Data/Number/Fin/TyOrdering.hs:76:20-22 CN "HsTyVar" NotNeeded,
  (Ann (DP (0,1)) (ColDelta 20) DP (0,1) [] [((G AnnVal),DP (0,0))])),
 (AnnKey ../../hackage-packages/data-fin-0.1.1.3/src/Data/Number/Fin/TyOrdering.hs:77:1-22 CN "InstD" NotNeeded,
  (Ann (DP (1,1)) (ColDelta 1) DP (1,1) [] [((G AnnInstance),DP (0,0))])),
 (AnnKey ../../hackage-packages/data-fin-0.1.1.3/src/Data/Number/Fin/TyOrdering.hs:77:10-12 CN "HsTyVar" NotNeeded,
  (Ann (DP (0,0)) (ColDelta 10) DP (0,0) [] [((G AnnVal),DP (0,0))])),
 (AnnKey ../../hackage-packages/data-fin-0.1.1.3/src/Data/Number/Fin/TyOrdering.hs:77:10-16 CN "HsAppTy" NotNeeded,
  (Ann (DP (0,0)) (ColDelta 10) DP (0,0) [] [])),
 (AnnKey ../../hackage-packages/data-fin-0.1.1.3/src/Data/Number/Fin/TyOrdering.hs:77:10-18 CN "HsAppTy" NotNeeded,
  (Ann (DP (0,0)) (ColDelta 10) DP (0,0) [] [])),
 (AnnKey ../../hackage-packages/data-fin-0.1.1.3/src/Data/Number/Fin/TyOrdering.hs:77:10-22 CN "HsAppTy" NotNeeded,
  (Ann (DP (0,0)) (ColDelta 10) DP (0,0) [] [])),
 (AnnKey ../../hackage-packages/data-fin-0.1.1.3/src/Data/Number/Fin/TyOrdering.hs:77:10-22 CN "HsForAllTy" NotNeeded,
  (Ann (DP (0,1)) (ColDelta 10) DP (0,1) [] [])),
 (AnnKey ../../hackage-packages/data-fin-0.1.1.3/src/Data/Number/Fin/TyOrdering.hs:77:14-16 CN "HsTyVar" NotNeeded,
  (Ann (DP (0,1)) (ColDelta 14) DP (0,1) [] [((G AnnVal),DP (0,0))])),
 (AnnKey ../../hackage-packages/data-fin-0.1.1.3/src/Data/Number/Fin/TyOrdering.hs:77:18 CN "HsTyVar" NotNeeded,
  (Ann (DP (0,1)) (ColDelta 18) DP (0,1) [] [((G AnnVal),DP (0,0))])),
 (AnnKey ../../hackage-packages/data-fin-0.1.1.3/src/Data/Number/Fin/TyOrdering.hs:77:20-22 CN "HsTyVar" NotNeeded,
  (Ann (DP (0,1)) (ColDelta 20) DP (0,1) [] [((G AnnVal),DP (0,0))])),
 (AnnKey <no location info> CN "EmptyLocalBinds" NotNeeded,
  (Ann (DP (-66,0)) (ColDelta 0) DP (-66,0) [] [])),
 (AnnKey <no location info> CN "[]" NotNeeded,
  (Ann (DP (-62,0)) (ColDelta 0) DP (-62,0) [] []))]
==============
([((../../hackage-packages/data-fin-0.1.1.3/src/Data/Number/Fin/TyOrdering.hs:1:1,
    AnnModule),
   [../../hackage-packages/data-fin-0.1.1.3/src/Data/Number/Fin/TyOrdering.hs:49:1-6]),
  ((../../hackage-packages/data-fin-0.1.1.3/src/Data/Number/Fin/TyOrdering.hs:1:1,
    AnnWhere),
   [../../hackage-packages/data-fin-0.1.1.3/src/Data/Number/Fin/TyOrdering.hs:55:7-11]),
  ((../../hackage-packages/data-fin-0.1.1.3/src/Data/Number/Fin/TyOrdering.hs:(50,5)-(55,5),
    AnnCloseP),
   [../../hackage-packages/data-fin-0.1.1.3/src/Data/Number/Fin/TyOrdering.hs:55:5]),
  ((../../hackage-packages/data-fin-0.1.1.3/src/Data/Number/Fin/TyOrdering.hs:(50,5)-(55,5),
    AnnOpenP),
   [../../hackage-packages/data-fin-0.1.1.3/src/Data/Number/Fin/TyOrdering.hs:50:5]),
  ((../../hackage-packages/data-fin-0.1.1.3/src/Data/Number/Fin/TyOrdering.hs:52:7-9,
    AnnComma),
   [../../hackage-packages/data-fin-0.1.1.3/src/Data/Number/Fin/TyOrdering.hs:52:10]),
  ((../../hackage-packages/data-fin-0.1.1.3/src/Data/Number/Fin/TyOrdering.hs:52:12-14,
    AnnComma),
   [../../hackage-packages/data-fin-0.1.1.3/src/Data/Number/Fin/TyOrdering.hs:52:15]),
  ((../../hackage-packages/data-fin-0.1.1.3/src/Data/Number/Fin/TyOrdering.hs:52:17-19,
    AnnComma),
   [../../hackage-packages/data-fin-0.1.1.3/src/Data/Number/Fin/TyOrdering.hs:54:5]),
  ((../../hackage-packages/data-fin-0.1.1.3/src/Data/Number/Fin/TyOrdering.hs:54:7-11,
    AnnCloseP),
   [../../hackage-packages/data-fin-0.1.1.3/src/Data/Number/Fin/TyOrdering.hs:54:11]),
  ((../../hackage-packages/data-fin-0.1.1.3/src/Data/Number/Fin/TyOrdering.hs:54:7-11,
    AnnOpenP),
   [../../hackage-packages/data-fin-0.1.1.3/src/Data/Number/Fin/TyOrdering.hs:54:10]),
  ((../../hackage-packages/data-fin-0.1.1.3/src/Data/Number/Fin/TyOrdering.hs:57:1-33,
    AnnImport),
   [../../hackage-packages/data-fin-0.1.1.3/src/Data/Number/Fin/TyOrdering.hs:57:1-6]),
  ((../../hackage-packages/data-fin-0.1.1.3/src/Data/Number/Fin/TyOrdering.hs:57:1-33,
    AnnSemi),
   [../../hackage-packages/data-fin-0.1.1.3/src/Data/Number/Fin/TyOrdering.hs:58:1]),
  ((../../hackage-packages/data-fin-0.1.1.3/src/Data/Number/Fin/TyOrdering.hs:57:24-33,
    AnnCloseP),
   [../../hackage-packages/data-fin-0.1.1.3/src/Data/Number/Fin/TyOrdering.hs:57:33]),
  ((../../hackage-packages/data-fin-0.1.1.3/src/Data/Number/Fin/TyOrdering.hs:57:24-33,
    AnnOpenP),
   [../../hackage-packages/data-fin-0.1.1.3/src/Data/Number/Fin/TyOrdering.hs:57:24]),
  ((../../hackage-packages/data-fin-0.1.1.3/src/Data/Number/Fin/TyOrdering.hs:58:1-41,
    AnnImport),
   [../../hackage-packages/data-fin-0.1.1.3/src/Data/Number/Fin/TyOrdering.hs:58:1-6]),
  ((../../hackage-packages/data-fin-0.1.1.3/src/Data/Number/Fin/TyOrdering.hs:58:1-41,
    AnnSemi),
   [../../hackage-packages/data-fin-0.1.1.3/src/Data/Number/Fin/TyOrdering.hs:62:1]),
  ((../../hackage-packages/data-fin-0.1.1.3/src/Data/Number/Fin/TyOrdering.hs:58:24-41,
    AnnCloseP),
   [../../hackage-packages/data-fin-0.1.1.3/src/Data/Number/Fin/TyOrdering.hs:58:41]),
  ((../../hackage-packages/data-fin-0.1.1.3/src/Data/Number/Fin/TyOrdering.hs:58:24-41,
    AnnOpenP),
   [../../hackage-packages/data-fin-0.1.1.3/src/Data/Number/Fin/TyOrdering.hs:58:24]),
  ((../../hackage-packages/data-fin-0.1.1.3/src/Data/Number/Fin/TyOrdering.hs:58:25-40,
    AnnCloseP),
   [../../hackage-packages/data-fin-0.1.1.3/src/Data/Number/Fin/TyOrdering.hs:58:40]),
  ((../../hackage-packages/data-fin-0.1.1.3/src/Data/Number/Fin/TyOrdering.hs:58:25-40,
    AnnOpenP),
   [../../hackage-packages/data-fin-0.1.1.3/src/Data/Number/Fin/TyOrdering.hs:58:32]),
  ((../../hackage-packages/data-fin-0.1.1.3/src/Data/Number/Fin/TyOrdering.hs:62:1-26,
    AnnData),
   [../../hackage-packages/data-fin-0.1.1.3/src/Data/Number/Fin/TyOrdering.hs:62:1-4]),
  ((../../hackage-packages/data-fin-0.1.1.3/src/Data/Number/Fin/TyOrdering.hs:62:1-26,
    AnnSemi),
   [../../hackage-packages/data-fin-0.1.1.3/src/Data/Number/Fin/TyOrdering.hs:63:1]),
  ((../../hackage-packages/data-fin-0.1.1.3/src/Data/Number/Fin/TyOrdering.hs:62:10-26,
    AnnDeriving),
   [../../hackage-packages/data-fin-0.1.1.3/src/Data/Number/Fin/TyOrdering.hs:62:10-17]),
  ((../../hackage-packages/data-fin-0.1.1.3/src/Data/Number/Fin/TyOrdering.hs:63:1-26,
    AnnData),
   [../../hackage-packages/data-fin-0.1.1.3/src/Data/Number/Fin/TyOrdering.hs:63:1-4]),
  ((../../hackage-packages/data-fin-0.1.1.3/src/Data/Number/Fin/TyOrdering.hs:63:1-26,
    AnnSemi),
   [../../hackage-packages/data-fin-0.1.1.3/src/Data/Number/Fin/TyOrdering.hs:64:1]),
  ((../../hackage-packages/data-fin-0.1.1.3/src/Data/Number/Fin/TyOrdering.hs:63:10-26,
    AnnDeriving),
   [../../hackage-packages/data-fin-0.1.1.3/src/Data/Number/Fin/TyOrdering.hs:63:10-17]),
  ((../../hackage-packages/data-fin-0.1.1.3/src/Data/Number/Fin/TyOrdering.hs:64:1-26,
    AnnData),
   [../../hackage-packages/data-fin-0.1.1.3/src/Data/Number/Fin/TyOrdering.hs:64:1-4]),
  ((../../hackage-packages/data-fin-0.1.1.3/src/Data/Number/Fin/TyOrdering.hs:64:1-26,
    AnnSemi),
   [../../hackage-packages/data-fin-0.1.1.3/src/Data/Number/Fin/TyOrdering.hs:66:1]),
  ((../../hackage-packages/data-fin-0.1.1.3/src/Data/Number/Fin/TyOrdering.hs:64:10-26,
    AnnDeriving),
   [../../hackage-packages/data-fin-0.1.1.3/src/Data/Number/Fin/TyOrdering.hs:64:10-17]),
  ((../../hackage-packages/data-fin-0.1.1.3/src/Data/Number/Fin/TyOrdering.hs:66:1-50,
    AnnInstance),
   [../../hackage-packages/data-fin-0.1.1.3/src/Data/Number/Fin/TyOrdering.hs:66:1-8]),
  ((../../hackage-packages/data-fin-0.1.1.3/src/Data/Number/Fin/TyOrdering.hs:66:1-50,
    AnnSemi),
   [../../hackage-packages/data-fin-0.1.1.3/src/Data/Number/Fin/TyOrdering.hs:67:1]),
  ((../../hackage-packages/data-fin-0.1.1.3/src/Data/Number/Fin/TyOrdering.hs:66:1-50,
    AnnWhere),
   [../../hackage-packages/data-fin-0.1.1.3/src/Data/Number/Fin/TyOrdering.hs:66:31-35]),
  ((../../hackage-packages/data-fin-0.1.1.3/src/Data/Number/Fin/TyOrdering.hs:66:37-50,
    AnnEqual),
   [../../hackage-packages/data-fin-0.1.1.3/src/Data/Number/Fin/TyOrdering.hs:66:47]),
  ((../../hackage-packages/data-fin-0.1.1.3/src/Data/Number/Fin/TyOrdering.hs:66:37-50,
    AnnFunId),
   [../../hackage-packages/data-fin-0.1.1.3/src/Data/Number/Fin/TyOrdering.hs:66:37-43]),
  ((../../hackage-packages/data-fin-0.1.1.3/src/Data/Number/Fin/TyOrdering.hs:67:1-50,
    AnnInstance),
   [../../hackage-packages/data-fin-0.1.1.3/src/Data/Number/Fin/TyOrdering.hs:67:1-8]),
  ((../../hackage-packages/data-fin-0.1.1.3/src/Data/Number/Fin/TyOrdering.hs:67:1-50,
    AnnSemi),
   [../../hackage-packages/data-fin-0.1.1.3/src/Data/Number/Fin/TyOrdering.hs:68:1]),
  ((../../hackage-packages/data-fin-0.1.1.3/src/Data/Number/Fin/TyOrdering.hs:67:1-50,
    AnnWhere),
   [../../hackage-packages/data-fin-0.1.1.3/src/Data/Number/Fin/TyOrdering.hs:67:31-35]),
  ((../../hackage-packages/data-fin-0.1.1.3/src/Data/Number/Fin/TyOrdering.hs:67:37-50,
    AnnEqual),
   [../../hackage-packages/data-fin-0.1.1.3/src/Data/Number/Fin/TyOrdering.hs:67:47]),
  ((../../hackage-packages/data-fin-0.1.1.3/src/Data/Number/Fin/TyOrdering.hs:67:37-50,
    AnnFunId),
   [../../hackage-packages/data-fin-0.1.1.3/src/Data/Number/Fin/TyOrdering.hs:67:37-43]),
  ((../../hackage-packages/data-fin-0.1.1.3/src/Data/Number/Fin/TyOrdering.hs:68:1-50,
    AnnInstance),
   [../../hackage-packages/data-fin-0.1.1.3/src/Data/Number/Fin/TyOrdering.hs:68:1-8]),
  ((../../hackage-packages/data-fin-0.1.1.3/src/Data/Number/Fin/TyOrdering.hs:68:1-50,
    AnnSemi),
   [../../hackage-packages/data-fin-0.1.1.3/src/Data/Number/Fin/TyOrdering.hs:74:1]),
  ((../../hackage-packages/data-fin-0.1.1.3/src/Data/Number/Fin/TyOrdering.hs:68:1-50,
    AnnWhere),
   [../../hackage-packages/data-fin-0.1.1.3/src/Data/Number/Fin/TyOrdering.hs:68:31-35]),
  ((../../hackage-packages/data-fin-0.1.1.3/src/Data/Number/Fin/TyOrdering.hs:68:37-50,
    AnnEqual),
   [../../hackage-packages/data-fin-0.1.1.3/src/Data/Number/Fin/TyOrdering.hs:68:47]),
  ((../../hackage-packages/data-fin-0.1.1.3/src/Data/Number/Fin/TyOrdering.hs:68:37-50,
    AnnFunId),
   [../../hackage-packages/data-fin-0.1.1.3/src/Data/Number/Fin/TyOrdering.hs:68:37-43]),
  ((../../hackage-packages/data-fin-0.1.1.3/src/Data/Number/Fin/TyOrdering.hs:74:1-35,
    AnnClass),
   [../../hackage-packages/data-fin-0.1.1.3/src/Data/Number/Fin/TyOrdering.hs:74:1-5]),
  ((../../hackage-packages/data-fin-0.1.1.3/src/Data/Number/Fin/TyOrdering.hs:74:1-35,
    AnnSemi),
   [../../hackage-packages/data-fin-0.1.1.3/src/Data/Number/Fin/TyOrdering.hs:75:1]),
  ((../../hackage-packages/data-fin-0.1.1.3/src/Data/Number/Fin/TyOrdering.hs:74:1-35,
    AnnVbar),
   [../../hackage-packages/data-fin-0.1.1.3/src/Data/Number/Fin/TyOrdering.hs:74:23]),
  ((../../hackage-packages/data-fin-0.1.1.3/src/Data/Number/Fin/TyOrdering.hs:74:25-35,
    AnnRarrow),
   [../../hackage-packages/data-fin-0.1.1.3/src/Data/Number/Fin/TyOrdering.hs:74:31-32]),
  ((../../hackage-packages/data-fin-0.1.1.3/src/Data/Number/Fin/TyOrdering.hs:75:1-20,
    AnnInstance),
   [../../hackage-packages/data-fin-0.1.1.3/src/Data/Number/Fin/TyOrdering.hs:75:1-8]),
  ((../../hackage-packages/data-fin-0.1.1.3/src/Data/Number/Fin/TyOrdering.hs:75:1-20,
    AnnSemi),
   [../../hackage-packages/data-fin-0.1.1.3/src/Data/Number/Fin/TyOrdering.hs:76:1]),
  ((../../hackage-packages/data-fin-0.1.1.3/src/Data/Number/Fin/TyOrdering.hs:76:1-22,
    AnnInstance),
   [../../hackage-packages/data-fin-0.1.1.3/src/Data/Number/Fin/TyOrdering.hs:76:1-8]),
  ((../../hackage-packages/data-fin-0.1.1.3/src/Data/Number/Fin/TyOrdering.hs:76:1-22,
    AnnSemi),
   [../../hackage-packages/data-fin-0.1.1.3/src/Data/Number/Fin/TyOrdering.hs:77:1]),
  ((../../hackage-packages/data-fin-0.1.1.3/src/Data/Number/Fin/TyOrdering.hs:77:1-22,
    AnnInstance),
   [../../hackage-packages/data-fin-0.1.1.3/src/Data/Number/Fin/TyOrdering.hs:77:1-8]),
  ((../../hackage-packages/data-fin-0.1.1.3/src/Data/Number/Fin/TyOrdering.hs:77:1-22,
    AnnSemi),
   [../../hackage-packages/data-fin-0.1.1.3/src/Data/Number/Fin/TyOrdering.hs:82:1]),
  ((<no location info>, AnnEofPos),
   [../../hackage-packages/data-fin-0.1.1.3/src/Data/Number/Fin/TyOrdering.hs:82:1])],
 [(../../hackage-packages/data-fin-0.1.1.3/src/Data/Number/Fin/TyOrdering.hs:(50,5)-(55,5),
   [AnnLineComment "-- * The 'NCS' class",
    AnnLineComment "-- * Type-level 'Ordering'"]),
  (<no location info>,
   [AnnLineComment "----------------------------------------------------------- fin.",
    AnnLineComment "----------------------------------------------------------------",
    AnnLineComment "-- second comparison.",
    AnnLineComment "-- and if it's not definitive, then fall through to perform the",
    AnnLineComment "-- | Compose comparison relations. Perform the first comparison,",
    AnnLineComment "-- Equality and order: the comparison relation",
    AnnLineComment "----------------------------------------------------------------",
    AnnLineComment "----------------------------------------------------------------",
    AnnLineComment "-- [3] <http://hackage.haskell.org/package/HList>",
    AnnLineComment "--",
    AnnLineComment "--     <http://okmij.org/ftp/Haskell/types.html#Prepose>",
    AnnLineComment "--     Snowbird, Utah, USA, 22 September 2004. pp.33--44.",
    AnnLineComment "--     /types/. Proc. ACM SIGPLAN 2004 workshop on Haskell.",
    AnnLineComment "--     /configurations: or, type classes reflect the values of/",
    AnnLineComment "-- [2] Oleg Kiselyov and Chung-chieh Shan. (2004) /Implicit/",
    AnnLineComment "--",
    AnnLineComment "--     <http://okmij.org/ftp/Haskell/types.html#binary-arithm>",
    AnnLineComment "--     New York, 2--4 April 2007.",
    AnnLineComment "--     /programming/. Proc. Trends in Functional Programming.",
    AnnLineComment "--     /static resources: Sexy types for embedded and systems/",
    AnnLineComment "-- [1] Oleg Kiselyov and Chung-chieh Shan. (2007) /Lightweight/",
    AnnLineComment "--", AnnLineComment "-- data kinds.",
    AnnLineComment "-- to restrict this module to the newer versions of GHC which support",
    AnnLineComment "-- obviated by the new data kinds extension. However, we don't want",
    AnnLineComment "-- @HList:Data.HList.FakePrelude@[3], which is (or should be)",
    AnnLineComment "-- A lot of this also duplicates the functionality in",
    AnnLineComment "--", AnnLineComment "-- actual reification part).",
    AnnLineComment "-- work with [2] (though we use the @reflection@ package for the",
    AnnLineComment "-- Type-level 'Ordering'. This is based on [1], and is intended to",
    AnnLineComment "--",
    AnnLineComment "-- Portability :  non-portable",
    AnnLineComment "-- Stability   :  experimental",
    AnnLineComment "-- Maintainer  :  wren@community.haskell.org",
    AnnLineComment "-- License     :  BSD3",
    AnnLineComment "--                2004--2007 Oleg Kiselyov and Chung-chieh Shan",
    AnnLineComment "-- Copyright   :  2012--2013 wren gayle romano,",
    AnnLineComment "-- Module      :  Data.Number.Fin.TyOrdering",
    AnnLineComment "-- |",
    AnnLineComment "--                                                    2013.05.29",
    AnnLineComment "----------------------------------------------------------------",
    AnnBlockComment "{-# LANGUAGE Safe #-}",
    AnnBlockComment "{-# LANGUAGE CPP #-}",
    AnnBlockComment "{-# LANGUAGE EmptyDataDecls\n           , DeriveDataTypeable\n           , MultiParamTypeClasses\n           , FlexibleInstances\n           , FunctionalDependencies\n           #-}",
    AnnBlockComment "{-# OPTIONS_GHC -Wall -fwarn-tabs #-}"])])