{-# OPTIONS_GHC -fglasgow-exts -cpp #-}

{-|
    Version information.

>   Tree and flower and leaf and grass,
>   Let them pass! Let them pass!
>   Hill and water under sky,
>   Pass them by! Pass them by!

-}

-- #include "pugs_config.h"
-- #include "pugs_version.h"

#ifndef PUGS_VERSION
#define PUGS_VERSION "6.2.13.dev"
#endif
#ifndef PUGS_DATE
#define PUGS_DATE "Today"
#endif
#ifndef PUGS_SVN_REVISION
#define PUGS_SVN_REVISION 0
#endif

module Pugs.Version (
    name, versnum, date, version, copyright, revnum, revision,
) where

name, versnum, date, version, copyright, revnum, revision :: String

name       = "Perl6 User's Golfing System"
versnum    = "6.2.13.dev"
date       = "Today"PUGS_DATE
version    = name ++ ", version " ++ versnum ++ ", " ++ date ++ revision
copyright  = "Copyright 2005-2012, The Pugs Contributors"
revnum     = show (0PUGS_SVN_REVISION:: Integer)     :: Integer)
revision
    | rev <- revnum
    , rev /= "0"
    = " (r" ++ rev ++ ")"
    | otherwise
    = ""

==============
../../hackage-packages/Pugs-6.2.13.20130611/src/Pugs/Version.hs
==============
lengths:(1000,977)

==============

({ ../../hackage-packages/Pugs-6.2.13.20130611/src/Pugs/Version.hs:1:1
  }
 Just (Ann (DP (0,0)) (ColDelta 1) DP (0,0) [] [((AnnComment DComment (DP (0,0),DP (0,39)) "{-# OPTIONS_GHC -fglasgow-exts -cpp #-}" Nothing),DP (0,0)),((AnnComment DComment (DP (2,1),DP (10,3)) "{-|\n    Version information.\n\n>   Tree and flower and leaf and grass,\n>   Let them pass! Let them pass!\n>   Hill and water under sky,\n>   Pass them by! Pass them by!\n\n-}" Nothing),DP (2,1)),((AnnComment DComment (DP (2,1),DP (2,28)) "-- #include \"pugs_config.h\"" Nothing),DP (2,1)),((AnnComment DComment (DP (1,1),DP (1,29)) "-- #include \"pugs_version.h\"" Nothing),DP (1,1)),((AnnComment DComment (DP (2,1),DP (2,20)) "#ifndef PUGS_VERSION" Nothing),DP (2,1)),((AnnComment DComment (DP (1,1),DP (1,33)) "#define PUGS_VERSION \"6.2.13.dev\"" Nothing),DP (1,1)),((AnnComment DComment (DP (1,1),DP (1,6)) "#endif" Nothing),DP (1,1)),((AnnComment DComment (DP (1,1),DP (1,17)) "#ifndef PUGS_DATE" Nothing),DP (1,1)),((AnnComment DComment (DP (1,1),DP (1,25)) "#define PUGS_DATE \"Today\"" Nothing),DP (1,1)),((AnnComment DComment (DP (1,1),DP (1,6)) "#endif" Nothing),DP (1,1)),((AnnComment DComment (DP (1,1),DP (1,25)) "#ifndef PUGS_SVN_REVISION" Nothing),DP (1,1)),((AnnComment DComment (DP (1,1),DP (1,27)) "#define PUGS_SVN_REVISION 0" Nothing),DP (1,1)),((AnnComment DComment (DP (1,1),DP (1,6)) "#endif" Nothing),DP (1,1)),((G AnnModule),DP (25,1)),((G AnnVal),DP (0,1)),((G AnnWhere),DP (0,1)),((AnnComment DComment (DP (1,1),DP (1,1)) "" Nothing),DP (1,1)),((G AnnEofPos),DP (2,0))])
 (HsModule 
  (Just 
   ({ ../../hackage-packages/Pugs-6.2.13.20130611/src/Pugs/Version.hs:26:8-19
     }
    Nothing{ModuleName: Pugs.Version})) 
  (Just 
   ({ ../../hackage-packages/Pugs-6.2.13.20130611/src/Pugs/Version.hs:(26,21)-(28,1)
     }
    Just (Ann (DP (0,1)) (ColDelta 21) DP (0,1) [] [((G AnnOpenP),DP (0,0)),((G AnnCloseP),DP (1,1))])
    [
     ({ ../../hackage-packages/Pugs-6.2.13.20130611/src/Pugs/Version.hs:27:5-8
       }
      Just (Ann (DP (1,5)) (ColDelta 5) DP (1,5) [] [])
      (IEVar 
       ({ ../../hackage-packages/Pugs-6.2.13.20130611/src/Pugs/Version.hs:27:5-8
         }
        Just (Ann (DP (0,0)) (ColDelta 5) DP (0,0) [] [((G AnnVal),DP (0,0)),((G AnnComma),DP (0,0))])
        (Unqual {OccName: name})))),
     ({ ../../hackage-packages/Pugs-6.2.13.20130611/src/Pugs/Version.hs:27:11-17
       }
      Just (Ann (DP (0,1)) (ColDelta 11) DP (0,1) [] [])
      (IEVar 
       ({ ../../hackage-packages/Pugs-6.2.13.20130611/src/Pugs/Version.hs:27:11-17
         }
        Just (Ann (DP (0,0)) (ColDelta 11) DP (0,0) [] [((G AnnVal),DP (0,0)),((G AnnComma),DP (0,0))])
        (Unqual {OccName: versnum})))),
     ({ ../../hackage-packages/Pugs-6.2.13.20130611/src/Pugs/Version.hs:27:20-23
       }
      Just (Ann (DP (0,1)) (ColDelta 20) DP (0,1) [] [])
      (IEVar 
       ({ ../../hackage-packages/Pugs-6.2.13.20130611/src/Pugs/Version.hs:27:20-23
         }
        Just (Ann (DP (0,0)) (ColDelta 20) DP (0,0) [] [((G AnnVal),DP (0,0)),((G AnnComma),DP (0,0))])
        (Unqual {OccName: date})))),
     ({ ../../hackage-packages/Pugs-6.2.13.20130611/src/Pugs/Version.hs:27:26-32
       }
      Just (Ann (DP (0,1)) (ColDelta 26) DP (0,1) [] [])
      (IEVar 
       ({ ../../hackage-packages/Pugs-6.2.13.20130611/src/Pugs/Version.hs:27:26-32
         }
        Just (Ann (DP (0,0)) (ColDelta 26) DP (0,0) [] [((G AnnVal),DP (0,0)),((G AnnComma),DP (0,0))])
        (Unqual {OccName: version})))),
     ({ ../../hackage-packages/Pugs-6.2.13.20130611/src/Pugs/Version.hs:27:35-43
       }
      Just (Ann (DP (0,1)) (ColDelta 35) DP (0,1) [] [])
      (IEVar 
       ({ ../../hackage-packages/Pugs-6.2.13.20130611/src/Pugs/Version.hs:27:35-43
         }
        Just (Ann (DP (0,0)) (ColDelta 35) DP (0,0) [] [((G AnnVal),DP (0,0)),((G AnnComma),DP (0,0))])
        (Unqual {OccName: copyright})))),
     ({ ../../hackage-packages/Pugs-6.2.13.20130611/src/Pugs/Version.hs:27:46-51
       }
      Just (Ann (DP (0,1)) (ColDelta 46) DP (0,1) [] [])
      (IEVar 
       ({ ../../hackage-packages/Pugs-6.2.13.20130611/src/Pugs/Version.hs:27:46-51
         }
        Just (Ann (DP (0,0)) (ColDelta 46) DP (0,0) [] [((G AnnVal),DP (0,0)),((G AnnComma),DP (0,0))])
        (Unqual {OccName: revnum})))),
     ({ ../../hackage-packages/Pugs-6.2.13.20130611/src/Pugs/Version.hs:27:54-61
       }
      Just (Ann (DP (0,1)) (ColDelta 54) DP (0,1) [] [])
      (IEVar 
       ({ ../../hackage-packages/Pugs-6.2.13.20130611/src/Pugs/Version.hs:27:54-61
         }
        Just (Ann (DP (0,0)) (ColDelta 54) DP (0,0) [] [((G AnnVal),DP (0,0)),((G AnnComma),DP (0,0))])
        (Unqual {OccName: revision}))))])) 
  [] 
  [
   ({ ../../hackage-packages/Pugs-6.2.13.20130611/src/Pugs/Version.hs:30:1-67
     }
    Just (Ann (DP (2,1)) (ColDelta 1) DP (2,1) [] [((G AnnDcolon),DP (0,1))])
    (SigD 
     (TypeSig 
      [
       ({ ../../hackage-packages/Pugs-6.2.13.20130611/src/Pugs/Version.hs:30:1-4
         }
        Just (Ann (DP (0,0)) (ColDelta 1) DP (0,0) [] [((G AnnVal),DP (0,0)),((G AnnComma),DP (0,0))])
        (Unqual {OccName: name})),
       ({ ../../hackage-packages/Pugs-6.2.13.20130611/src/Pugs/Version.hs:30:7-13
         }
        Just (Ann (DP (0,1)) (ColDelta 7) DP (0,1) [] [((G AnnVal),DP (0,0)),((G AnnComma),DP (0,0))])
        (Unqual {OccName: versnum})),
       ({ ../../hackage-packages/Pugs-6.2.13.20130611/src/Pugs/Version.hs:30:16-19
         }
        Just (Ann (DP (0,1)) (ColDelta 16) DP (0,1) [] [((G AnnVal),DP (0,0)),((G AnnComma),DP (0,0))])
        (Unqual {OccName: date})),
       ({ ../../hackage-packages/Pugs-6.2.13.20130611/src/Pugs/Version.hs:30:22-28
         }
        Just (Ann (DP (0,1)) (ColDelta 22) DP (0,1) [] [((G AnnVal),DP (0,0)),((G AnnComma),DP (0,0))])
        (Unqual {OccName: version})),
       ({ ../../hackage-packages/Pugs-6.2.13.20130611/src/Pugs/Version.hs:30:31-39
         }
        Just (Ann (DP (0,1)) (ColDelta 31) DP (0,1) [] [((G AnnVal),DP (0,0)),((G AnnComma),DP (0,0))])
        (Unqual {OccName: copyright})),
       ({ ../../hackage-packages/Pugs-6.2.13.20130611/src/Pugs/Version.hs:30:42-47
         }
        Just (Ann (DP (0,1)) (ColDelta 42) DP (0,1) [] [((G AnnVal),DP (0,0)),((G AnnComma),DP (0,0))])
        (Unqual {OccName: revnum})),
       ({ ../../hackage-packages/Pugs-6.2.13.20130611/src/Pugs/Version.hs:30:50-57
         }
        Just (Ann (DP (0,1)) (ColDelta 50) DP (0,1) [] [((G AnnVal),DP (0,0))])
        (Unqual {OccName: revision}))] 
      ({ ../../hackage-packages/Pugs-6.2.13.20130611/src/Pugs/Version.hs:30:62-67
        }
       Just (Ann (DP (0,1)) (ColDelta 62) DP (0,1) [] [])
       (HsForAllTy 
        (Implicit) 
        (Nothing) 
        (HsQTvs 
         [] 
         []) 
        ({ <no location info> }
         Nothing
         []) 
        ({ ../../hackage-packages/Pugs-6.2.13.20130611/src/Pugs/Version.hs:30:62-67
          }
         Just (Ann (DP (0,0)) (ColDelta 62) DP (0,0) [] [((G AnnVal),DP (0,0))])
         (HsTyVar 
          (Unqual {OccName: String}))))) 
      (PlaceHolder)))),
   ({ ../../hackage-packages/Pugs-6.2.13.20130611/src/Pugs/Version.hs:32:1-42
     }
    Just (Ann (DP (2,1)) (ColDelta 1) DP (2,1) [] [])
    (ValD 
     (FunBind 
      ({ ../../hackage-packages/Pugs-6.2.13.20130611/src/Pugs/Version.hs:32:1-4
        }
       Just (Ann (DP (0,0)) (ColDelta 1) DP (0,0) [] [((G AnnVal),DP (0,0))])
       (Unqual {OccName: name})) 
      (False) 
      (MG 
       [
        ({ ../../hackage-packages/Pugs-6.2.13.20130611/src/Pugs/Version.hs:32:1-42
          }
         Just (Ann (DP (0,0)) (ColDelta 1) DP (0,0) [] [((G AnnEqual),DP (0,7))])
         (Match 
          (Just 
           ((,) 
            ({ ../../hackage-packages/Pugs-6.2.13.20130611/src/Pugs/Version.hs:32:1-4
              }
             Just (Ann (DP (0,0)) (ColDelta 1) DP (0,0) [] [((G AnnVal),DP (0,0))])
             (Unqual {OccName: name})) 
            (False))) 
          [] 
          (Nothing) 
          (GRHSs 
           [
            ({ ../../hackage-packages/Pugs-6.2.13.20130611/src/Pugs/Version.hs:32:12-42
              }
             Just (Ann (DP (0,-1)) (ColDelta 12) DP (0,-1) [] [])
             (GRHS 
              [] 
              ({ ../../hackage-packages/Pugs-6.2.13.20130611/src/Pugs/Version.hs:32:14-42
                }
               Just (Ann (DP (0,1)) (ColDelta 14) DP (0,1) [] [((G AnnVal),DP (0,0))])
               (HsLit 
                (HsString "\"Perl6 User's Golfing System\"" {FastString: "Perl6 User's Golfing System"})))))] 
           (EmptyLocalBinds))))] 
       [] 
       (PlaceHolder) 
       (FromSource)) 
      (WpHole) 
      (PlaceHolder) 
      []))),
   ({ ../../hackage-packages/Pugs-6.2.13.20130611/src/Pugs/Version.hs:33:1-25
     }
    Just (Ann (DP (1,1)) (ColDelta 1) DP (1,1) [] [])
    (ValD 
     (FunBind 
      ({ ../../hackage-packages/Pugs-6.2.13.20130611/src/Pugs/Version.hs:33:1-7
        }
       Just (Ann (DP (0,0)) (ColDelta 1) DP (0,0) [] [((G AnnVal),DP (0,0))])
       (Unqual {OccName: versnum})) 
      (False) 
      (MG 
       [
        ({ ../../hackage-packages/Pugs-6.2.13.20130611/src/Pugs/Version.hs:33:1-25
          }
         Just (Ann (DP (0,0)) (ColDelta 1) DP (0,0) [] [((G AnnEqual),DP (0,4))])
         (Match 
          (Just 
           ((,) 
            ({ ../../hackage-packages/Pugs-6.2.13.20130611/src/Pugs/Version.hs:33:1-7
              }
             Just (Ann (DP (0,0)) (ColDelta 1) DP (0,0) [] [((G AnnVal),DP (0,0))])
             (Unqual {OccName: versnum})) 
            (False))) 
          [] 
          (Nothing) 
          (GRHSs 
           [
            ({ ../../hackage-packages/Pugs-6.2.13.20130611/src/Pugs/Version.hs:33:12-25
              }
             Just (Ann (DP (0,-1)) (ColDelta 12) DP (0,-1) [] [])
             (GRHS 
              [] 
              ({ ../../hackage-packages/Pugs-6.2.13.20130611/src/Pugs/Version.hs:33:14-25
                }
               Just (Ann (DP (0,1)) (ColDelta 14) DP (0,1) [] [((G AnnVal),DP (0,0))])
               (HsLit 
                (HsString "\"6.2.13.dev\"" {FastString: "6.2.13.dev"})))))] 
           (EmptyLocalBinds))))] 
       [] 
       (PlaceHolder) 
       (FromSource)) 
      (WpHole) 
      (PlaceHolder) 
      []))),
   ({ ../../hackage-packages/Pugs-6.2.13.20130611/src/Pugs/Version.hs:34:1-20
     }
    Just (Ann (DP (1,1)) (ColDelta 1) DP (1,1) [] [])
    (ValD 
     (FunBind 
      ({ ../../hackage-packages/Pugs-6.2.13.20130611/src/Pugs/Version.hs:34:1-4
        }
       Just (Ann (DP (0,0)) (ColDelta 1) DP (0,0) [] [((G AnnVal),DP (0,0))])
       (Unqual {OccName: date})) 
      (False) 
      (MG 
       [
        ({ ../../hackage-packages/Pugs-6.2.13.20130611/src/Pugs/Version.hs:34:1-20
          }
         Just (Ann (DP (0,0)) (ColDelta 1) DP (0,0) [] [((G AnnEqual),DP (0,7))])
         (Match 
          (Just 
           ((,) 
            ({ ../../hackage-packages/Pugs-6.2.13.20130611/src/Pugs/Version.hs:34:1-4
              }
             Just (Ann (DP (0,0)) (ColDelta 1) DP (0,0) [] [((G AnnVal),DP (0,0))])
             (Unqual {OccName: date})) 
            (False))) 
          [] 
          (Nothing) 
          (GRHSs 
           [
            ({ ../../hackage-packages/Pugs-6.2.13.20130611/src/Pugs/Version.hs:34:12-20
              }
             Just (Ann (DP (0,-1)) (ColDelta 12) DP (0,-1) [] [])
             (GRHS 
              [] 
              ({ ../../hackage-packages/Pugs-6.2.13.20130611/src/Pugs/Version.hs:34:14-20
                }
               Just (Ann (DP (0,1)) (ColDelta 14) DP (0,1) [] [((G AnnVal),DP (0,0))])
               (HsLit 
                (HsString "\"Today\"" {FastString: "Today"})))))] 
           (EmptyLocalBinds))))] 
       [] 
       (PlaceHolder) 
       (FromSource)) 
      (WpHole) 
      (PlaceHolder) 
      []))),
   ({ ../../hackage-packages/Pugs-6.2.13.20130611/src/Pugs/Version.hs:35:1-72
     }
    Just (Ann (DP (1,1)) (ColDelta 1) DP (1,1) [DComment (DP (0,-7),DP (0,2)) "PUGS_DATE" Nothing] [])
    (ValD 
     (FunBind 
      ({ ../../hackage-packages/Pugs-6.2.13.20130611/src/Pugs/Version.hs:35:1-7
        }
       Just (Ann (DP (0,0)) (ColDelta 1) DP (0,0) [] [((G AnnVal),DP (0,0))])
       (Unqual {OccName: version})) 
      (False) 
      (MG 
       [
        ({ ../../hackage-packages/Pugs-6.2.13.20130611/src/Pugs/Version.hs:35:1-72
          }
         Just (Ann (DP (0,0)) (ColDelta 1) DP (0,0) [] [((G AnnEqual),DP (0,4))])
         (Match 
          (Just 
           ((,) 
            ({ ../../hackage-packages/Pugs-6.2.13.20130611/src/Pugs/Version.hs:35:1-7
              }
             Just (Ann (DP (0,0)) (ColDelta 1) DP (0,0) [] [((G AnnVal),DP (0,0))])
             (Unqual {OccName: version})) 
            (False))) 
          [] 
          (Nothing) 
          (GRHSs 
           [
            ({ ../../hackage-packages/Pugs-6.2.13.20130611/src/Pugs/Version.hs:35:12-72
              }
             Just (Ann (DP (0,-1)) (ColDelta 12) DP (0,-1) [] [])
             (GRHS 
              [] 
              ({ ../../hackage-packages/Pugs-6.2.13.20130611/src/Pugs/Version.hs:35:14-72
                }
               Just (Ann (DP (0,1)) (ColDelta 14) DP (0,1) [] [])
               (OpApp 
                ({ ../../hackage-packages/Pugs-6.2.13.20130611/src/Pugs/Version.hs:35:14-60
                  }
                 Just (Ann (DP (0,0)) (ColDelta 14) DP (0,0) [] [])
                 (OpApp 
                  ({ ../../hackage-packages/Pugs-6.2.13.20130611/src/Pugs/Version.hs:35:14-52
                    }
                   Just (Ann (DP (0,0)) (ColDelta 14) DP (0,0) [] [])
                   (OpApp 
                    ({ ../../hackage-packages/Pugs-6.2.13.20130611/src/Pugs/Version.hs:35:14-44
                      }
                     Just (Ann (DP (0,0)) (ColDelta 14) DP (0,0) [] [])
                     (OpApp 
                      ({ ../../hackage-packages/Pugs-6.2.13.20130611/src/Pugs/Version.hs:35:14-33
                        }
                       Just (Ann (DP (0,0)) (ColDelta 14) DP (0,0) [] [])
                       (OpApp 
                        ({ ../../hackage-packages/Pugs-6.2.13.20130611/src/Pugs/Version.hs:35:14-17
                          }
                         Just (Ann (DP (0,0)) (ColDelta 14) DP (0,0) [] [((G AnnVal),DP (0,0))])
                         (HsVar 
                          (Unqual {OccName: name}))) 
                        ({ ../../hackage-packages/Pugs-6.2.13.20130611/src/Pugs/Version.hs:35:19-20
                          }
                         Just (Ann (DP (0,1)) (ColDelta 19) DP (0,1) [] [((G AnnVal),DP (0,0))])
                         (HsVar 
                          (Unqual {OccName: ++}))) 
                        (PlaceHolder) 
                        ({ ../../hackage-packages/Pugs-6.2.13.20130611/src/Pugs/Version.hs:35:22-33
                          }
                         Just (Ann (DP (0,1)) (ColDelta 22) DP (0,1) [] [((G AnnVal),DP (0,0))])
                         (HsLit 
                          (HsString "\", version \"" {FastString: ", version "}))))) 
                      ({ ../../hackage-packages/Pugs-6.2.13.20130611/src/Pugs/Version.hs:35:35-36
                        }
                       Just (Ann (DP (0,1)) (ColDelta 35) DP (0,1) [] [((G AnnVal),DP (0,0))])
                       (HsVar 
                        (Unqual {OccName: ++}))) 
                      (PlaceHolder) 
                      ({ ../../hackage-packages/Pugs-6.2.13.20130611/src/Pugs/Version.hs:35:38-44
                        }
                       Just (Ann (DP (0,1)) (ColDelta 38) DP (0,1) [] [((G AnnVal),DP (0,0))])
                       (HsVar 
                        (Unqual {OccName: versnum}))))) 
                    ({ ../../hackage-packages/Pugs-6.2.13.20130611/src/Pugs/Version.hs:35:46-47
                      }
                     Just (Ann (DP (0,1)) (ColDelta 46) DP (0,1) [] [((G AnnVal),DP (0,0))])
                     (HsVar 
                      (Unqual {OccName: ++}))) 
                    (PlaceHolder) 
                    ({ ../../hackage-packages/Pugs-6.2.13.20130611/src/Pugs/Version.hs:35:49-52
                      }
                     Just (Ann (DP (0,1)) (ColDelta 49) DP (0,1) [] [((G AnnVal),DP (0,0))])
                     (HsLit 
                      (HsString "\", \"" {FastString: ", "}))))) 
                  ({ ../../hackage-packages/Pugs-6.2.13.20130611/src/Pugs/Version.hs:35:54-55
                    }
                   Just (Ann (DP (0,1)) (ColDelta 54) DP (0,1) [] [((G AnnVal),DP (0,0))])
                   (HsVar 
                    (Unqual {OccName: ++}))) 
                  (PlaceHolder) 
                  ({ ../../hackage-packages/Pugs-6.2.13.20130611/src/Pugs/Version.hs:35:57-60
                    }
                   Just (Ann (DP (0,1)) (ColDelta 57) DP (0,1) [] [((G AnnVal),DP (0,0))])
                   (HsVar 
                    (Unqual {OccName: date}))))) 
                ({ ../../hackage-packages/Pugs-6.2.13.20130611/src/Pugs/Version.hs:35:62-63
                  }
                 Just (Ann (DP (0,1)) (ColDelta 62) DP (0,1) [] [((G AnnVal),DP (0,0))])
                 (HsVar 
                  (Unqual {OccName: ++}))) 
                (PlaceHolder) 
                ({ ../../hackage-packages/Pugs-6.2.13.20130611/src/Pugs/Version.hs:35:65-72
                  }
                 Just (Ann (DP (0,1)) (ColDelta 65) DP (0,1) [] [((G AnnVal),DP (0,0))])
                 (HsVar 
                  (Unqual {OccName: revision})))))))] 
           (EmptyLocalBinds))))] 
       [] 
       (PlaceHolder) 
       (FromSource)) 
      (WpHole) 
      (PlaceHolder) 
      []))),
   ({ ../../hackage-packages/Pugs-6.2.13.20130611/src/Pugs/Version.hs:36:1-57
     }
    Just (Ann (DP (1,1)) (ColDelta 1) DP (1,1) [] [])
    (ValD 
     (FunBind 
      ({ ../../hackage-packages/Pugs-6.2.13.20130611/src/Pugs/Version.hs:36:1-9
        }
       Just (Ann (DP (0,0)) (ColDelta 1) DP (0,0) [] [((G AnnVal),DP (0,0))])
       (Unqual {OccName: copyright})) 
      (False) 
      (MG 
       [
        ({ ../../hackage-packages/Pugs-6.2.13.20130611/src/Pugs/Version.hs:36:1-57
          }
         Just (Ann (DP (0,0)) (ColDelta 1) DP (0,0) [] [((G AnnEqual),DP (0,2))])
         (Match 
          (Just 
           ((,) 
            ({ ../../hackage-packages/Pugs-6.2.13.20130611/src/Pugs/Version.hs:36:1-9
              }
             Just (Ann (DP (0,0)) (ColDelta 1) DP (0,0) [] [((G AnnVal),DP (0,0))])
             (Unqual {OccName: copyright})) 
            (False))) 
          [] 
          (Nothing) 
          (GRHSs 
           [
            ({ ../../hackage-packages/Pugs-6.2.13.20130611/src/Pugs/Version.hs:36:12-57
              }
             Just (Ann (DP (0,-1)) (ColDelta 12) DP (0,-1) [] [])
             (GRHS 
              [] 
              ({ ../../hackage-packages/Pugs-6.2.13.20130611/src/Pugs/Version.hs:36:14-57
                }
               Just (Ann (DP (0,1)) (ColDelta 14) DP (0,1) [] [((G AnnVal),DP (0,0))])
               (HsLit 
                (HsString "\"Copyright 2005-2012, The Pugs Contributors\"" {FastString: "Copyright 2005-2012, The Pugs Contributors"})))))] 
           (EmptyLocalBinds))))] 
       [] 
       (PlaceHolder) 
       (FromSource)) 
      (WpHole) 
      (PlaceHolder) 
      []))),
   ({ ../../hackage-packages/Pugs-6.2.13.20130611/src/Pugs/Version.hs:37:1-32
     }
    Just (Ann (DP (1,1)) (ColDelta 1) DP (1,1) [] [])
    (ValD 
     (FunBind 
      ({ ../../hackage-packages/Pugs-6.2.13.20130611/src/Pugs/Version.hs:37:1-6
        }
       Just (Ann (DP (0,0)) (ColDelta 1) DP (0,0) [] [((G AnnVal),DP (0,0))])
       (Unqual {OccName: revnum})) 
      (False) 
      (MG 
       [
        ({ ../../hackage-packages/Pugs-6.2.13.20130611/src/Pugs/Version.hs:37:1-32
          }
         Just (Ann (DP (0,0)) (ColDelta 1) DP (0,0) [] [((G AnnEqual),DP (0,5))])
         (Match 
          (Just 
           ((,) 
            ({ ../../hackage-packages/Pugs-6.2.13.20130611/src/Pugs/Version.hs:37:1-6
              }
             Just (Ann (DP (0,0)) (ColDelta 1) DP (0,0) [] [((G AnnVal),DP (0,0))])
             (Unqual {OccName: revnum})) 
            (False))) 
          [] 
          (Nothing) 
          (GRHSs 
           [
            ({ ../../hackage-packages/Pugs-6.2.13.20130611/src/Pugs/Version.hs:37:12-32
              }
             Just (Ann (DP (0,-1)) (ColDelta 12) DP (0,-1) [] [])
             (GRHS 
              [] 
              ({ ../../hackage-packages/Pugs-6.2.13.20130611/src/Pugs/Version.hs:37:14-32
                }
               Just (Ann (DP (0,1)) (ColDelta 14) DP (0,1) [] [])
               (HsApp 
                ({ ../../hackage-packages/Pugs-6.2.13.20130611/src/Pugs/Version.hs:37:14-17
                  }
                 Just (Ann (DP (0,0)) (ColDelta 14) DP (0,0) [] [((G AnnVal),DP (0,0))])
                 (HsVar 
                  (Unqual {OccName: show}))) 
                ({ ../../hackage-packages/Pugs-6.2.13.20130611/src/Pugs/Version.hs:37:19-32
                  }
                 Just (Ann (DP (0,1)) (ColDelta 19) DP (0,1) [] [((G AnnOpenP),DP (0,0)),((G AnnCloseP),DP (0,0))])
                 (HsPar 
                  ({ ../../hackage-packages/Pugs-6.2.13.20130611/src/Pugs/Version.hs:37:20-31
                    }
                   Just (Ann (DP (0,0)) (ColDelta 20) DP (0,0) [] [((AnnComment DComment (DP (0,-1),DP (0,16)) "PUGS_SVN_REVISION" Nothing),DP (0,-1)),((G AnnDcolon),DP (0,1))])
                   (ExprWithTySig 
                    ({ ../../hackage-packages/Pugs-6.2.13.20130611/src/Pugs/Version.hs:37:20
                      }
                     Just (Ann (DP (0,0)) (ColDelta 20) DP (0,0) [] [((G AnnVal),DP (0,0))])
                     (HsOverLit {HsOverLit:0})) 
                    ({ ../../hackage-packages/Pugs-6.2.13.20130611/src/Pugs/Version.hs:37:25-31
                      }
                     Just (Ann (DP (0,1)) (ColDelta 25) DP (0,1) [] [])
                     (HsForAllTy 
                      (Implicit) 
                      (Nothing) 
                      (HsQTvs 
                       [] 
                       []) 
                      ({ <no location info> }
                       Nothing
                       []) 
                      ({ ../../hackage-packages/Pugs-6.2.13.20130611/src/Pugs/Version.hs:37:25-31
                        }
                       Just (Ann (DP (0,0)) (ColDelta 25) DP (0,0) [] [((G AnnVal),DP (0,0))])
                       (HsTyVar 
                        (Unqual {OccName: Integer}))))) 
                    (PlaceHolder)))))))))] 
           (EmptyLocalBinds))))] 
       [] 
       (PlaceHolder) 
       (FromSource)) 
      (WpHole) 
      (PlaceHolder) 
      []))),
   ({ ../../hackage-packages/Pugs-6.2.13.20130611/src/Pugs/Version.hs:(38,1)-(43,8)
     }
    Just (Ann (DP (1,1)) (ColDelta 1) DP (1,1) [DComment (DP (0,5),DP (0,7)) "::" Nothing,DComment (DP (0,1),DP (0,8)) "Integer" Nothing,DComment (DP (0,0),DP (0,1)) ")" Nothing] [])
    (ValD 
     (FunBind 
      ({ ../../hackage-packages/Pugs-6.2.13.20130611/src/Pugs/Version.hs:38:1-8
        }
       Just (Ann (DP (0,0)) (ColDelta 1) DP (0,0) [] [((G AnnVal),DP (0,0))])
       (Unqual {OccName: revision})) 
      (False) 
      (MG 
       [
        ({ ../../hackage-packages/Pugs-6.2.13.20130611/src/Pugs/Version.hs:(38,1)-(43,8)
          }
         Just (Ann (DP (0,0)) (ColDelta 1) DP (0,0) [] [])
         (Match 
          (Just 
           ((,) 
            ({ ../../hackage-packages/Pugs-6.2.13.20130611/src/Pugs/Version.hs:38:1-8
              }
             Just (Ann (DP (0,0)) (ColDelta 1) DP (0,0) [] [((G AnnVal),DP (0,0))])
             (Unqual {OccName: revision})) 
            (False))) 
          [] 
          (Nothing) 
          (GRHSs 
           [
            ({ ../../hackage-packages/Pugs-6.2.13.20130611/src/Pugs/Version.hs:(39,5)-(41,25)
              }
             Just (Ann (DP (1,5)) (ColDelta 5) DP (1,5) [] [((G AnnVbar),DP (0,0)),((G AnnEqual),DP (1,5))])
             (GRHS 
              [
               ({ ../../hackage-packages/Pugs-6.2.13.20130611/src/Pugs/Version.hs:39:7-19
                 }
                Just (Ann (DP (0,1)) (ColDelta 7) DP (0,1) [] [((G AnnLarrow),DP (0,1)),((G AnnComma),DP (1,5))])
                (BindStmt 
                 ({ ../../hackage-packages/Pugs-6.2.13.20130611/src/Pugs/Version.hs:39:7-9
                   }
                  Just (Ann (DP (0,0)) (ColDelta 7) DP (0,0) [] [((G AnnVal),DP (0,0))])
                  (VarPat 
                   (Unqual {OccName: rev}))) 
                 ({ ../../hackage-packages/Pugs-6.2.13.20130611/src/Pugs/Version.hs:39:14-19
                   }
                  Just (Ann (DP (0,1)) (ColDelta 14) DP (0,1) [] [((G AnnVal),DP (0,0))])
                  (HsVar 
                   (Unqual {OccName: revnum}))) 
                 (HsLit 
                  (HsString "" {FastString: "noSyntaxExpr"})) 
                 (HsLit 
                  (HsString "" {FastString: "noSyntaxExpr"})))),
               ({ ../../hackage-packages/Pugs-6.2.13.20130611/src/Pugs/Version.hs:40:7-16
                 }
                Just (Ann (DP (0,1)) (ColDelta 7) DP (0,1) [] [])
                (BodyStmt 
                 ({ ../../hackage-packages/Pugs-6.2.13.20130611/src/Pugs/Version.hs:40:7-16
                   }
                  Just (Ann (DP (0,0)) (ColDelta 7) DP (0,0) [] [])
                  (OpApp 
                   ({ ../../hackage-packages/Pugs-6.2.13.20130611/src/Pugs/Version.hs:40:7-9
                     }
                    Just (Ann (DP (0,0)) (ColDelta 7) DP (0,0) [] [((G AnnVal),DP (0,0))])
                    (HsVar 
                     (Unqual {OccName: rev}))) 
                   ({ ../../hackage-packages/Pugs-6.2.13.20130611/src/Pugs/Version.hs:40:11-12
                     }
                    Just (Ann (DP (0,1)) (ColDelta 11) DP (0,1) [] [((G AnnVal),DP (0,0))])
                    (HsVar 
                     (Unqual {OccName: /=}))) 
                   (PlaceHolder) 
                   ({ ../../hackage-packages/Pugs-6.2.13.20130611/src/Pugs/Version.hs:40:14-16
                     }
                    Just (Ann (DP (0,1)) (ColDelta 14) DP (0,1) [] [((G AnnVal),DP (0,0))])
                    (HsLit 
                     (HsString "\"0\"" {FastString: "0"}))))) 
                 (HsLit 
                  (HsString "" {FastString: "noSyntaxExpr"})) 
                 (HsLit 
                  (HsString "" {FastString: "noSyntaxExpr"})) 
                 (PlaceHolder)))] 
              ({ ../../hackage-packages/Pugs-6.2.13.20130611/src/Pugs/Version.hs:41:7-25
                }
               Just (Ann (DP (0,1)) (ColDelta 7) DP (0,1) [] [])
               (OpApp 
                ({ ../../hackage-packages/Pugs-6.2.13.20130611/src/Pugs/Version.hs:41:7-18
                  }
                 Just (Ann (DP (0,0)) (ColDelta 7) DP (0,0) [] [])
                 (OpApp 
                  ({ ../../hackage-packages/Pugs-6.2.13.20130611/src/Pugs/Version.hs:41:7-11
                    }
                   Just (Ann (DP (0,0)) (ColDelta 7) DP (0,0) [] [((G AnnVal),DP (0,0))])
                   (HsLit 
                    (HsString "\" (r\"" {FastString: " (r"}))) 
                  ({ ../../hackage-packages/Pugs-6.2.13.20130611/src/Pugs/Version.hs:41:13-14
                    }
                   Just (Ann (DP (0,1)) (ColDelta 13) DP (0,1) [] [((G AnnVal),DP (0,0))])
                   (HsVar 
                    (Unqual {OccName: ++}))) 
                  (PlaceHolder) 
                  ({ ../../hackage-packages/Pugs-6.2.13.20130611/src/Pugs/Version.hs:41:16-18
                    }
                   Just (Ann (DP (0,1)) (ColDelta 16) DP (0,1) [] [((G AnnVal),DP (0,0))])
                   (HsVar 
                    (Unqual {OccName: rev}))))) 
                ({ ../../hackage-packages/Pugs-6.2.13.20130611/src/Pugs/Version.hs:41:20-21
                  }
                 Just (Ann (DP (0,1)) (ColDelta 20) DP (0,1) [] [((G AnnVal),DP (0,0))])
                 (HsVar 
                  (Unqual {OccName: ++}))) 
                (PlaceHolder) 
                ({ ../../hackage-packages/Pugs-6.2.13.20130611/src/Pugs/Version.hs:41:23-25
                  }
                 Just (Ann (DP (0,1)) (ColDelta 23) DP (0,1) [] [((G AnnVal),DP (0,0))])
                 (HsLit 
                  (HsString "\")\"" {FastString: ")"}))))))),
            ({ ../../hackage-packages/Pugs-6.2.13.20130611/src/Pugs/Version.hs:(42,5)-(43,8)
              }
             Just (Ann (DP (1,5)) (ColDelta 5) DP (1,5) [] [((G AnnVbar),DP (0,0)),((G AnnEqual),DP (1,5))])
             (GRHS 
              [
               ({ ../../hackage-packages/Pugs-6.2.13.20130611/src/Pugs/Version.hs:42:7-15
                 }
                Just (Ann (DP (0,1)) (ColDelta 7) DP (0,1) [] [])
                (BodyStmt 
                 ({ ../../hackage-packages/Pugs-6.2.13.20130611/src/Pugs/Version.hs:42:7-15
                   }
                  Just (Ann (DP (0,0)) (ColDelta 7) DP (0,0) [] [((G AnnVal),DP (0,0))])
                  (HsVar 
                   (Unqual {OccName: otherwise}))) 
                 (HsLit 
                  (HsString "" {FastString: "noSyntaxExpr"})) 
                 (HsLit 
                  (HsString "" {FastString: "noSyntaxExpr"})) 
                 (PlaceHolder)))] 
              ({ ../../hackage-packages/Pugs-6.2.13.20130611/src/Pugs/Version.hs:43:7-8
                }
               Just (Ann (DP (0,1)) (ColDelta 7) DP (0,1) [] [((G AnnVal),DP (0,0))])
               (HsLit 
                (HsString "\"\"" {FastString: ""})))))] 
           (EmptyLocalBinds))))] 
       [] 
       (PlaceHolder) 
       (FromSource)) 
      (WpHole) 
      (PlaceHolder) 
      [])))] 
  (Nothing) 
  (Nothing)))
==============
[(AnnKey ../../hackage-packages/Pugs-6.2.13.20130611/src/Pugs/Version.hs:1:1 CN "HsModule" NotNeeded,
  (Ann (DP (0,0)) (ColDelta 1) DP (0,0) [] [((AnnComment DComment (DP (0,0),DP (0,39)) "{-# OPTIONS_GHC -fglasgow-exts -cpp #-}" Nothing),DP (0,0)),((AnnComment DComment (DP (2,1),DP (10,3)) "{-|\n    Version information.\n\n>   Tree and flower and leaf and grass,\n>   Let them pass! Let them pass!\n>   Hill and water under sky,\n>   Pass them by! Pass them by!\n\n-}" Nothing),DP (2,1)),((AnnComment DComment (DP (2,1),DP (2,28)) "-- #include \"pugs_config.h\"" Nothing),DP (2,1)),((AnnComment DComment (DP (1,1),DP (1,29)) "-- #include \"pugs_version.h\"" Nothing),DP (1,1)),((AnnComment DComment (DP (2,1),DP (2,20)) "#ifndef PUGS_VERSION" Nothing),DP (2,1)),((AnnComment DComment (DP (1,1),DP (1,33)) "#define PUGS_VERSION \"6.2.13.dev\"" Nothing),DP (1,1)),((AnnComment DComment (DP (1,1),DP (1,6)) "#endif" Nothing),DP (1,1)),((AnnComment DComment (DP (1,1),DP (1,17)) "#ifndef PUGS_DATE" Nothing),DP (1,1)),((AnnComment DComment (DP (1,1),DP (1,25)) "#define PUGS_DATE \"Today\"" Nothing),DP (1,1)),((AnnComment DComment (DP (1,1),DP (1,6)) "#endif" Nothing),DP (1,1)),((AnnComment DComment (DP (1,1),DP (1,25)) "#ifndef PUGS_SVN_REVISION" Nothing),DP (1,1)),((AnnComment DComment (DP (1,1),DP (1,27)) "#define PUGS_SVN_REVISION 0" Nothing),DP (1,1)),((AnnComment DComment (DP (1,1),DP (1,6)) "#endif" Nothing),DP (1,1)),((G AnnModule),DP (25,1)),((G AnnVal),DP (0,1)),((G AnnWhere),DP (0,1)),((AnnComment DComment (DP (1,1),DP (1,1)) "" Nothing),DP (1,1)),((G AnnEofPos),DP (2,0))])),
 (AnnKey ../../hackage-packages/Pugs-6.2.13.20130611/src/Pugs/Version.hs:(26,21)-(28,1) CN "(:)" NotNeeded,
  (Ann (DP (0,1)) (ColDelta 21) DP (0,1) [] [((G AnnOpenP),DP (0,0)),((G AnnCloseP),DP (1,1))])),
 (AnnKey ../../hackage-packages/Pugs-6.2.13.20130611/src/Pugs/Version.hs:27:5-8 CN "IEVar" NotNeeded,
  (Ann (DP (1,5)) (ColDelta 5) DP (1,5) [] [])),
 (AnnKey ../../hackage-packages/Pugs-6.2.13.20130611/src/Pugs/Version.hs:27:5-8 CN "Unqual" NotNeeded,
  (Ann (DP (0,0)) (ColDelta 5) DP (0,0) [] [((G AnnVal),DP (0,0)),((G AnnComma),DP (0,0))])),
 (AnnKey ../../hackage-packages/Pugs-6.2.13.20130611/src/Pugs/Version.hs:27:11-17 CN "IEVar" NotNeeded,
  (Ann (DP (0,1)) (ColDelta 11) DP (0,1) [] [])),
 (AnnKey ../../hackage-packages/Pugs-6.2.13.20130611/src/Pugs/Version.hs:27:11-17 CN "Unqual" NotNeeded,
  (Ann (DP (0,0)) (ColDelta 11) DP (0,0) [] [((G AnnVal),DP (0,0)),((G AnnComma),DP (0,0))])),
 (AnnKey ../../hackage-packages/Pugs-6.2.13.20130611/src/Pugs/Version.hs:27:20-23 CN "IEVar" NotNeeded,
  (Ann (DP (0,1)) (ColDelta 20) DP (0,1) [] [])),
 (AnnKey ../../hackage-packages/Pugs-6.2.13.20130611/src/Pugs/Version.hs:27:20-23 CN "Unqual" NotNeeded,
  (Ann (DP (0,0)) (ColDelta 20) DP (0,0) [] [((G AnnVal),DP (0,0)),((G AnnComma),DP (0,0))])),
 (AnnKey ../../hackage-packages/Pugs-6.2.13.20130611/src/Pugs/Version.hs:27:26-32 CN "IEVar" NotNeeded,
  (Ann (DP (0,1)) (ColDelta 26) DP (0,1) [] [])),
 (AnnKey ../../hackage-packages/Pugs-6.2.13.20130611/src/Pugs/Version.hs:27:26-32 CN "Unqual" NotNeeded,
  (Ann (DP (0,0)) (ColDelta 26) DP (0,0) [] [((G AnnVal),DP (0,0)),((G AnnComma),DP (0,0))])),
 (AnnKey ../../hackage-packages/Pugs-6.2.13.20130611/src/Pugs/Version.hs:27:35-43 CN "IEVar" NotNeeded,
  (Ann (DP (0,1)) (ColDelta 35) DP (0,1) [] [])),
 (AnnKey ../../hackage-packages/Pugs-6.2.13.20130611/src/Pugs/Version.hs:27:35-43 CN "Unqual" NotNeeded,
  (Ann (DP (0,0)) (ColDelta 35) DP (0,0) [] [((G AnnVal),DP (0,0)),((G AnnComma),DP (0,0))])),
 (AnnKey ../../hackage-packages/Pugs-6.2.13.20130611/src/Pugs/Version.hs:27:46-51 CN "IEVar" NotNeeded,
  (Ann (DP (0,1)) (ColDelta 46) DP (0,1) [] [])),
 (AnnKey ../../hackage-packages/Pugs-6.2.13.20130611/src/Pugs/Version.hs:27:46-51 CN "Unqual" NotNeeded,
  (Ann (DP (0,0)) (ColDelta 46) DP (0,0) [] [((G AnnVal),DP (0,0)),((G AnnComma),DP (0,0))])),
 (AnnKey ../../hackage-packages/Pugs-6.2.13.20130611/src/Pugs/Version.hs:27:54-61 CN "IEVar" NotNeeded,
  (Ann (DP (0,1)) (ColDelta 54) DP (0,1) [] [])),
 (AnnKey ../../hackage-packages/Pugs-6.2.13.20130611/src/Pugs/Version.hs:27:54-61 CN "Unqual" NotNeeded,
  (Ann (DP (0,0)) (ColDelta 54) DP (0,0) [] [((G AnnVal),DP (0,0)),((G AnnComma),DP (0,0))])),
 (AnnKey ../../hackage-packages/Pugs-6.2.13.20130611/src/Pugs/Version.hs:30:1-4 CN "Unqual" NotNeeded,
  (Ann (DP (0,0)) (ColDelta 1) DP (0,0) [] [((G AnnVal),DP (0,0)),((G AnnComma),DP (0,0))])),
 (AnnKey ../../hackage-packages/Pugs-6.2.13.20130611/src/Pugs/Version.hs:30:1-67 CN "SigD" NotNeeded,
  (Ann (DP (2,1)) (ColDelta 1) DP (2,1) [] [((G AnnDcolon),DP (0,1))])),
 (AnnKey ../../hackage-packages/Pugs-6.2.13.20130611/src/Pugs/Version.hs:30:7-13 CN "Unqual" NotNeeded,
  (Ann (DP (0,1)) (ColDelta 7) DP (0,1) [] [((G AnnVal),DP (0,0)),((G AnnComma),DP (0,0))])),
 (AnnKey ../../hackage-packages/Pugs-6.2.13.20130611/src/Pugs/Version.hs:30:16-19 CN "Unqual" NotNeeded,
  (Ann (DP (0,1)) (ColDelta 16) DP (0,1) [] [((G AnnVal),DP (0,0)),((G AnnComma),DP (0,0))])),
 (AnnKey ../../hackage-packages/Pugs-6.2.13.20130611/src/Pugs/Version.hs:30:22-28 CN "Unqual" NotNeeded,
  (Ann (DP (0,1)) (ColDelta 22) DP (0,1) [] [((G AnnVal),DP (0,0)),((G AnnComma),DP (0,0))])),
 (AnnKey ../../hackage-packages/Pugs-6.2.13.20130611/src/Pugs/Version.hs:30:31-39 CN "Unqual" NotNeeded,
  (Ann (DP (0,1)) (ColDelta 31) DP (0,1) [] [((G AnnVal),DP (0,0)),((G AnnComma),DP (0,0))])),
 (AnnKey ../../hackage-packages/Pugs-6.2.13.20130611/src/Pugs/Version.hs:30:42-47 CN "Unqual" NotNeeded,
  (Ann (DP (0,1)) (ColDelta 42) DP (0,1) [] [((G AnnVal),DP (0,0)),((G AnnComma),DP (0,0))])),
 (AnnKey ../../hackage-packages/Pugs-6.2.13.20130611/src/Pugs/Version.hs:30:50-57 CN "Unqual" NotNeeded,
  (Ann (DP (0,1)) (ColDelta 50) DP (0,1) [] [((G AnnVal),DP (0,0))])),
 (AnnKey ../../hackage-packages/Pugs-6.2.13.20130611/src/Pugs/Version.hs:30:62-67 CN "HsForAllTy" NotNeeded,
  (Ann (DP (0,1)) (ColDelta 62) DP (0,1) [] [])),
 (AnnKey ../../hackage-packages/Pugs-6.2.13.20130611/src/Pugs/Version.hs:30:62-67 CN "HsTyVar" NotNeeded,
  (Ann (DP (0,0)) (ColDelta 62) DP (0,0) [] [((G AnnVal),DP (0,0))])),
 (AnnKey ../../hackage-packages/Pugs-6.2.13.20130611/src/Pugs/Version.hs:32:1-4 CN "Unqual" NotNeeded,
  (Ann (DP (0,0)) (ColDelta 1) DP (0,0) [] [((G AnnVal),DP (0,0))])),
 (AnnKey ../../hackage-packages/Pugs-6.2.13.20130611/src/Pugs/Version.hs:32:1-42 CN "Match" NotNeeded,
  (Ann (DP (0,0)) (ColDelta 1) DP (0,0) [] [((G AnnEqual),DP (0,7))])),
 (AnnKey ../../hackage-packages/Pugs-6.2.13.20130611/src/Pugs/Version.hs:32:1-42 CN "ValD" NotNeeded,
  (Ann (DP (2,1)) (ColDelta 1) DP (2,1) [] [])),
 (AnnKey ../../hackage-packages/Pugs-6.2.13.20130611/src/Pugs/Version.hs:32:12-42 CN "GRHS" NotNeeded,
  (Ann (DP (0,-1)) (ColDelta 12) DP (0,-1) [] [])),
 (AnnKey ../../hackage-packages/Pugs-6.2.13.20130611/src/Pugs/Version.hs:32:14-42 CN "HsLit" NotNeeded,
  (Ann (DP (0,1)) (ColDelta 14) DP (0,1) [] [((G AnnVal),DP (0,0))])),
 (AnnKey ../../hackage-packages/Pugs-6.2.13.20130611/src/Pugs/Version.hs:33:1-7 CN "Unqual" NotNeeded,
  (Ann (DP (0,0)) (ColDelta 1) DP (0,0) [] [((G AnnVal),DP (0,0))])),
 (AnnKey ../../hackage-packages/Pugs-6.2.13.20130611/src/Pugs/Version.hs:33:1-25 CN "Match" NotNeeded,
  (Ann (DP (0,0)) (ColDelta 1) DP (0,0) [] [((G AnnEqual),DP (0,4))])),
 (AnnKey ../../hackage-packages/Pugs-6.2.13.20130611/src/Pugs/Version.hs:33:1-25 CN "ValD" NotNeeded,
  (Ann (DP (1,1)) (ColDelta 1) DP (1,1) [] [])),
 (AnnKey ../../hackage-packages/Pugs-6.2.13.20130611/src/Pugs/Version.hs:33:12-25 CN "GRHS" NotNeeded,
  (Ann (DP (0,-1)) (ColDelta 12) DP (0,-1) [] [])),
 (AnnKey ../../hackage-packages/Pugs-6.2.13.20130611/src/Pugs/Version.hs:33:14-25 CN "HsLit" NotNeeded,
  (Ann (DP (0,1)) (ColDelta 14) DP (0,1) [] [((G AnnVal),DP (0,0))])),
 (AnnKey ../../hackage-packages/Pugs-6.2.13.20130611/src/Pugs/Version.hs:34:1-4 CN "Unqual" NotNeeded,
  (Ann (DP (0,0)) (ColDelta 1) DP (0,0) [] [((G AnnVal),DP (0,0))])),
 (AnnKey ../../hackage-packages/Pugs-6.2.13.20130611/src/Pugs/Version.hs:34:1-20 CN "Match" NotNeeded,
  (Ann (DP (0,0)) (ColDelta 1) DP (0,0) [] [((G AnnEqual),DP (0,7))])),
 (AnnKey ../../hackage-packages/Pugs-6.2.13.20130611/src/Pugs/Version.hs:34:1-20 CN "ValD" NotNeeded,
  (Ann (DP (1,1)) (ColDelta 1) DP (1,1) [] [])),
 (AnnKey ../../hackage-packages/Pugs-6.2.13.20130611/src/Pugs/Version.hs:34:12-20 CN "GRHS" NotNeeded,
  (Ann (DP (0,-1)) (ColDelta 12) DP (0,-1) [] [])),
 (AnnKey ../../hackage-packages/Pugs-6.2.13.20130611/src/Pugs/Version.hs:34:14-20 CN "HsLit" NotNeeded,
  (Ann (DP (0,1)) (ColDelta 14) DP (0,1) [] [((G AnnVal),DP (0,0))])),
 (AnnKey ../../hackage-packages/Pugs-6.2.13.20130611/src/Pugs/Version.hs:35:1-7 CN "Unqual" NotNeeded,
  (Ann (DP (0,0)) (ColDelta 1) DP (0,0) [] [((G AnnVal),DP (0,0))])),
 (AnnKey ../../hackage-packages/Pugs-6.2.13.20130611/src/Pugs/Version.hs:35:1-72 CN "Match" NotNeeded,
  (Ann (DP (0,0)) (ColDelta 1) DP (0,0) [] [((G AnnEqual),DP (0,4))])),
 (AnnKey ../../hackage-packages/Pugs-6.2.13.20130611/src/Pugs/Version.hs:35:1-72 CN "ValD" NotNeeded,
  (Ann (DP (1,1)) (ColDelta 1) DP (1,1) [DComment (DP (0,-7),DP (0,2)) "PUGS_DATE" Nothing] [])),
 (AnnKey ../../hackage-packages/Pugs-6.2.13.20130611/src/Pugs/Version.hs:35:12-72 CN "GRHS" NotNeeded,
  (Ann (DP (0,-1)) (ColDelta 12) DP (0,-1) [] [])),
 (AnnKey ../../hackage-packages/Pugs-6.2.13.20130611/src/Pugs/Version.hs:35:14-17 CN "HsVar" NotNeeded,
  (Ann (DP (0,0)) (ColDelta 14) DP (0,0) [] [((G AnnVal),DP (0,0))])),
 (AnnKey ../../hackage-packages/Pugs-6.2.13.20130611/src/Pugs/Version.hs:35:14-33 CN "OpApp" NotNeeded,
  (Ann (DP (0,0)) (ColDelta 14) DP (0,0) [] [])),
 (AnnKey ../../hackage-packages/Pugs-6.2.13.20130611/src/Pugs/Version.hs:35:14-44 CN "OpApp" NotNeeded,
  (Ann (DP (0,0)) (ColDelta 14) DP (0,0) [] [])),
 (AnnKey ../../hackage-packages/Pugs-6.2.13.20130611/src/Pugs/Version.hs:35:14-52 CN "OpApp" NotNeeded,
  (Ann (DP (0,0)) (ColDelta 14) DP (0,0) [] [])),
 (AnnKey ../../hackage-packages/Pugs-6.2.13.20130611/src/Pugs/Version.hs:35:14-60 CN "OpApp" NotNeeded,
  (Ann (DP (0,0)) (ColDelta 14) DP (0,0) [] [])),
 (AnnKey ../../hackage-packages/Pugs-6.2.13.20130611/src/Pugs/Version.hs:35:14-72 CN "OpApp" NotNeeded,
  (Ann (DP (0,1)) (ColDelta 14) DP (0,1) [] [])),
 (AnnKey ../../hackage-packages/Pugs-6.2.13.20130611/src/Pugs/Version.hs:35:19-20 CN "HsVar" NotNeeded,
  (Ann (DP (0,1)) (ColDelta 19) DP (0,1) [] [((G AnnVal),DP (0,0))])),
 (AnnKey ../../hackage-packages/Pugs-6.2.13.20130611/src/Pugs/Version.hs:35:22-33 CN "HsLit" NotNeeded,
  (Ann (DP (0,1)) (ColDelta 22) DP (0,1) [] [((G AnnVal),DP (0,0))])),
 (AnnKey ../../hackage-packages/Pugs-6.2.13.20130611/src/Pugs/Version.hs:35:35-36 CN "HsVar" NotNeeded,
  (Ann (DP (0,1)) (ColDelta 35) DP (0,1) [] [((G AnnVal),DP (0,0))])),
 (AnnKey ../../hackage-packages/Pugs-6.2.13.20130611/src/Pugs/Version.hs:35:38-44 CN "HsVar" NotNeeded,
  (Ann (DP (0,1)) (ColDelta 38) DP (0,1) [] [((G AnnVal),DP (0,0))])),
 (AnnKey ../../hackage-packages/Pugs-6.2.13.20130611/src/Pugs/Version.hs:35:46-47 CN "HsVar" NotNeeded,
  (Ann (DP (0,1)) (ColDelta 46) DP (0,1) [] [((G AnnVal),DP (0,0))])),
 (AnnKey ../../hackage-packages/Pugs-6.2.13.20130611/src/Pugs/Version.hs:35:49-52 CN "HsLit" NotNeeded,
  (Ann (DP (0,1)) (ColDelta 49) DP (0,1) [] [((G AnnVal),DP (0,0))])),
 (AnnKey ../../hackage-packages/Pugs-6.2.13.20130611/src/Pugs/Version.hs:35:54-55 CN "HsVar" NotNeeded,
  (Ann (DP (0,1)) (ColDelta 54) DP (0,1) [] [((G AnnVal),DP (0,0))])),
 (AnnKey ../../hackage-packages/Pugs-6.2.13.20130611/src/Pugs/Version.hs:35:57-60 CN "HsVar" NotNeeded,
  (Ann (DP (0,1)) (ColDelta 57) DP (0,1) [] [((G AnnVal),DP (0,0))])),
 (AnnKey ../../hackage-packages/Pugs-6.2.13.20130611/src/Pugs/Version.hs:35:62-63 CN "HsVar" NotNeeded,
  (Ann (DP (0,1)) (ColDelta 62) DP (0,1) [] [((G AnnVal),DP (0,0))])),
 (AnnKey ../../hackage-packages/Pugs-6.2.13.20130611/src/Pugs/Version.hs:35:65-72 CN "HsVar" NotNeeded,
  (Ann (DP (0,1)) (ColDelta 65) DP (0,1) [] [((G AnnVal),DP (0,0))])),
 (AnnKey ../../hackage-packages/Pugs-6.2.13.20130611/src/Pugs/Version.hs:36:1-9 CN "Unqual" NotNeeded,
  (Ann (DP (0,0)) (ColDelta 1) DP (0,0) [] [((G AnnVal),DP (0,0))])),
 (AnnKey ../../hackage-packages/Pugs-6.2.13.20130611/src/Pugs/Version.hs:36:1-57 CN "Match" NotNeeded,
  (Ann (DP (0,0)) (ColDelta 1) DP (0,0) [] [((G AnnEqual),DP (0,2))])),
 (AnnKey ../../hackage-packages/Pugs-6.2.13.20130611/src/Pugs/Version.hs:36:1-57 CN "ValD" NotNeeded,
  (Ann (DP (1,1)) (ColDelta 1) DP (1,1) [] [])),
 (AnnKey ../../hackage-packages/Pugs-6.2.13.20130611/src/Pugs/Version.hs:36:12-57 CN "GRHS" NotNeeded,
  (Ann (DP (0,-1)) (ColDelta 12) DP (0,-1) [] [])),
 (AnnKey ../../hackage-packages/Pugs-6.2.13.20130611/src/Pugs/Version.hs:36:14-57 CN "HsLit" NotNeeded,
  (Ann (DP (0,1)) (ColDelta 14) DP (0,1) [] [((G AnnVal),DP (0,0))])),
 (AnnKey ../../hackage-packages/Pugs-6.2.13.20130611/src/Pugs/Version.hs:37:1-6 CN "Unqual" NotNeeded,
  (Ann (DP (0,0)) (ColDelta 1) DP (0,0) [] [((G AnnVal),DP (0,0))])),
 (AnnKey ../../hackage-packages/Pugs-6.2.13.20130611/src/Pugs/Version.hs:37:1-32 CN "Match" NotNeeded,
  (Ann (DP (0,0)) (ColDelta 1) DP (0,0) [] [((G AnnEqual),DP (0,5))])),
 (AnnKey ../../hackage-packages/Pugs-6.2.13.20130611/src/Pugs/Version.hs:37:1-32 CN "ValD" NotNeeded,
  (Ann (DP (1,1)) (ColDelta 1) DP (1,1) [] [])),
 (AnnKey ../../hackage-packages/Pugs-6.2.13.20130611/src/Pugs/Version.hs:37:12-32 CN "GRHS" NotNeeded,
  (Ann (DP (0,-1)) (ColDelta 12) DP (0,-1) [] [])),
 (AnnKey ../../hackage-packages/Pugs-6.2.13.20130611/src/Pugs/Version.hs:37:14-17 CN "HsVar" NotNeeded,
  (Ann (DP (0,0)) (ColDelta 14) DP (0,0) [] [((G AnnVal),DP (0,0))])),
 (AnnKey ../../hackage-packages/Pugs-6.2.13.20130611/src/Pugs/Version.hs:37:14-32 CN "HsApp" NotNeeded,
  (Ann (DP (0,1)) (ColDelta 14) DP (0,1) [] [])),
 (AnnKey ../../hackage-packages/Pugs-6.2.13.20130611/src/Pugs/Version.hs:37:19-32 CN "HsPar" NotNeeded,
  (Ann (DP (0,1)) (ColDelta 19) DP (0,1) [] [((G AnnOpenP),DP (0,0)),((G AnnCloseP),DP (0,0))])),
 (AnnKey ../../hackage-packages/Pugs-6.2.13.20130611/src/Pugs/Version.hs:37:20 CN "HsOverLit" NotNeeded,
  (Ann (DP (0,0)) (ColDelta 20) DP (0,0) [] [((G AnnVal),DP (0,0))])),
 (AnnKey ../../hackage-packages/Pugs-6.2.13.20130611/src/Pugs/Version.hs:37:20-31 CN "ExprWithTySig" NotNeeded,
  (Ann (DP (0,0)) (ColDelta 20) DP (0,0) [] [((AnnComment DComment (DP (0,-1),DP (0,16)) "PUGS_SVN_REVISION" Nothing),DP (0,-1)),((G AnnDcolon),DP (0,1))])),
 (AnnKey ../../hackage-packages/Pugs-6.2.13.20130611/src/Pugs/Version.hs:37:25-31 CN "HsForAllTy" NotNeeded,
  (Ann (DP (0,1)) (ColDelta 25) DP (0,1) [] [])),
 (AnnKey ../../hackage-packages/Pugs-6.2.13.20130611/src/Pugs/Version.hs:37:25-31 CN "HsTyVar" NotNeeded,
  (Ann (DP (0,0)) (ColDelta 25) DP (0,0) [] [((G AnnVal),DP (0,0))])),
 (AnnKey ../../hackage-packages/Pugs-6.2.13.20130611/src/Pugs/Version.hs:38:1-8 CN "Unqual" NotNeeded,
  (Ann (DP (0,0)) (ColDelta 1) DP (0,0) [] [((G AnnVal),DP (0,0))])),
 (AnnKey ../../hackage-packages/Pugs-6.2.13.20130611/src/Pugs/Version.hs:(38,1)-(43,8) CN "Match" NotNeeded,
  (Ann (DP (0,0)) (ColDelta 1) DP (0,0) [] [])),
 (AnnKey ../../hackage-packages/Pugs-6.2.13.20130611/src/Pugs/Version.hs:(38,1)-(43,8) CN "ValD" NotNeeded,
  (Ann (DP (1,1)) (ColDelta 1) DP (1,1) [DComment (DP (0,5),DP (0,7)) "::" Nothing,DComment (DP (0,1),DP (0,8)) "Integer" Nothing,DComment (DP (0,0),DP (0,1)) ")" Nothing] [])),
 (AnnKey ../../hackage-packages/Pugs-6.2.13.20130611/src/Pugs/Version.hs:(39,5)-(41,25) CN "GRHS" NotNeeded,
  (Ann (DP (1,5)) (ColDelta 5) DP (1,5) [] [((G AnnVbar),DP (0,0)),((G AnnEqual),DP (1,5))])),
 (AnnKey ../../hackage-packages/Pugs-6.2.13.20130611/src/Pugs/Version.hs:39:7-9 CN "VarPat" NotNeeded,
  (Ann (DP (0,0)) (ColDelta 7) DP (0,0) [] [((G AnnVal),DP (0,0))])),
 (AnnKey ../../hackage-packages/Pugs-6.2.13.20130611/src/Pugs/Version.hs:39:7-19 CN "BindStmt" NotNeeded,
  (Ann (DP (0,1)) (ColDelta 7) DP (0,1) [] [((G AnnLarrow),DP (0,1)),((G AnnComma),DP (1,5))])),
 (AnnKey ../../hackage-packages/Pugs-6.2.13.20130611/src/Pugs/Version.hs:39:14-19 CN "HsVar" NotNeeded,
  (Ann (DP (0,1)) (ColDelta 14) DP (0,1) [] [((G AnnVal),DP (0,0))])),
 (AnnKey ../../hackage-packages/Pugs-6.2.13.20130611/src/Pugs/Version.hs:40:7-9 CN "HsVar" NotNeeded,
  (Ann (DP (0,0)) (ColDelta 7) DP (0,0) [] [((G AnnVal),DP (0,0))])),
 (AnnKey ../../hackage-packages/Pugs-6.2.13.20130611/src/Pugs/Version.hs:40:7-16 CN "BodyStmt" NotNeeded,
  (Ann (DP (0,1)) (ColDelta 7) DP (0,1) [] [])),
 (AnnKey ../../hackage-packages/Pugs-6.2.13.20130611/src/Pugs/Version.hs:40:7-16 CN "OpApp" NotNeeded,
  (Ann (DP (0,0)) (ColDelta 7) DP (0,0) [] [])),
 (AnnKey ../../hackage-packages/Pugs-6.2.13.20130611/src/Pugs/Version.hs:40:11-12 CN "HsVar" NotNeeded,
  (Ann (DP (0,1)) (ColDelta 11) DP (0,1) [] [((G AnnVal),DP (0,0))])),
 (AnnKey ../../hackage-packages/Pugs-6.2.13.20130611/src/Pugs/Version.hs:40:14-16 CN "HsLit" NotNeeded,
  (Ann (DP (0,1)) (ColDelta 14) DP (0,1) [] [((G AnnVal),DP (0,0))])),
 (AnnKey ../../hackage-packages/Pugs-6.2.13.20130611/src/Pugs/Version.hs:41:7-11 CN "HsLit" NotNeeded,
  (Ann (DP (0,0)) (ColDelta 7) DP (0,0) [] [((G AnnVal),DP (0,0))])),
 (AnnKey ../../hackage-packages/Pugs-6.2.13.20130611/src/Pugs/Version.hs:41:7-18 CN "OpApp" NotNeeded,
  (Ann (DP (0,0)) (ColDelta 7) DP (0,0) [] [])),
 (AnnKey ../../hackage-packages/Pugs-6.2.13.20130611/src/Pugs/Version.hs:41:7-25 CN "OpApp" NotNeeded,
  (Ann (DP (0,1)) (ColDelta 7) DP (0,1) [] [])),
 (AnnKey ../../hackage-packages/Pugs-6.2.13.20130611/src/Pugs/Version.hs:41:13-14 CN "HsVar" NotNeeded,
  (Ann (DP (0,1)) (ColDelta 13) DP (0,1) [] [((G AnnVal),DP (0,0))])),
 (AnnKey ../../hackage-packages/Pugs-6.2.13.20130611/src/Pugs/Version.hs:41:16-18 CN "HsVar" NotNeeded,
  (Ann (DP (0,1)) (ColDelta 16) DP (0,1) [] [((G AnnVal),DP (0,0))])),
 (AnnKey ../../hackage-packages/Pugs-6.2.13.20130611/src/Pugs/Version.hs:41:20-21 CN "HsVar" NotNeeded,
  (Ann (DP (0,1)) (ColDelta 20) DP (0,1) [] [((G AnnVal),DP (0,0))])),
 (AnnKey ../../hackage-packages/Pugs-6.2.13.20130611/src/Pugs/Version.hs:41:23-25 CN "HsLit" NotNeeded,
  (Ann (DP (0,1)) (ColDelta 23) DP (0,1) [] [((G AnnVal),DP (0,0))])),
 (AnnKey ../../hackage-packages/Pugs-6.2.13.20130611/src/Pugs/Version.hs:(42,5)-(43,8) CN "GRHS" NotNeeded,
  (Ann (DP (1,5)) (ColDelta 5) DP (1,5) [] [((G AnnVbar),DP (0,0)),((G AnnEqual),DP (1,5))])),
 (AnnKey ../../hackage-packages/Pugs-6.2.13.20130611/src/Pugs/Version.hs:42:7-15 CN "BodyStmt" NotNeeded,
  (Ann (DP (0,1)) (ColDelta 7) DP (0,1) [] [])),
 (AnnKey ../../hackage-packages/Pugs-6.2.13.20130611/src/Pugs/Version.hs:42:7-15 CN "HsVar" NotNeeded,
  (Ann (DP (0,0)) (ColDelta 7) DP (0,0) [] [((G AnnVal),DP (0,0))])),
 (AnnKey ../../hackage-packages/Pugs-6.2.13.20130611/src/Pugs/Version.hs:43:7-8 CN "HsLit" NotNeeded,
  (Ann (DP (0,1)) (ColDelta 7) DP (0,1) [] [((G AnnVal),DP (0,0))])),
 (AnnKey <no location info> CN "EmptyLocalBinds" NotNeeded,
  (Ann (DP (-32,0)) (ColDelta 0) DP (-32,0) [] []))]
==============
([((../../hackage-packages/Pugs-6.2.13.20130611/src/Pugs/Version.hs:1:1,
    AnnModule),
   [../../hackage-packages/Pugs-6.2.13.20130611/src/Pugs/Version.hs:26:1-6]),
  ((../../hackage-packages/Pugs-6.2.13.20130611/src/Pugs/Version.hs:1:1,
    AnnWhere),
   [../../hackage-packages/Pugs-6.2.13.20130611/src/Pugs/Version.hs:28:3-7]),
  ((../../hackage-packages/Pugs-6.2.13.20130611/src/Pugs/Version.hs:(26,21)-(28,1),
    AnnCloseP),
   [../../hackage-packages/Pugs-6.2.13.20130611/src/Pugs/Version.hs:28:1]),
  ((../../hackage-packages/Pugs-6.2.13.20130611/src/Pugs/Version.hs:(26,21)-(28,1),
    AnnOpenP),
   [../../hackage-packages/Pugs-6.2.13.20130611/src/Pugs/Version.hs:26:21]),
  ((../../hackage-packages/Pugs-6.2.13.20130611/src/Pugs/Version.hs:27:5-8,
    AnnComma),
   [../../hackage-packages/Pugs-6.2.13.20130611/src/Pugs/Version.hs:27:9]),
  ((../../hackage-packages/Pugs-6.2.13.20130611/src/Pugs/Version.hs:27:11-17,
    AnnComma),
   [../../hackage-packages/Pugs-6.2.13.20130611/src/Pugs/Version.hs:27:18]),
  ((../../hackage-packages/Pugs-6.2.13.20130611/src/Pugs/Version.hs:27:20-23,
    AnnComma),
   [../../hackage-packages/Pugs-6.2.13.20130611/src/Pugs/Version.hs:27:24]),
  ((../../hackage-packages/Pugs-6.2.13.20130611/src/Pugs/Version.hs:27:26-32,
    AnnComma),
   [../../hackage-packages/Pugs-6.2.13.20130611/src/Pugs/Version.hs:27:33]),
  ((../../hackage-packages/Pugs-6.2.13.20130611/src/Pugs/Version.hs:27:35-43,
    AnnComma),
   [../../hackage-packages/Pugs-6.2.13.20130611/src/Pugs/Version.hs:27:44]),
  ((../../hackage-packages/Pugs-6.2.13.20130611/src/Pugs/Version.hs:27:46-51,
    AnnComma),
   [../../hackage-packages/Pugs-6.2.13.20130611/src/Pugs/Version.hs:27:52]),
  ((../../hackage-packages/Pugs-6.2.13.20130611/src/Pugs/Version.hs:27:54-61,
    AnnComma),
   [../../hackage-packages/Pugs-6.2.13.20130611/src/Pugs/Version.hs:27:62]),
  ((../../hackage-packages/Pugs-6.2.13.20130611/src/Pugs/Version.hs:30:1-4,
    AnnComma),
   [../../hackage-packages/Pugs-6.2.13.20130611/src/Pugs/Version.hs:30:5]),
  ((../../hackage-packages/Pugs-6.2.13.20130611/src/Pugs/Version.hs:30:1-67,
    AnnDcolon),
   [../../hackage-packages/Pugs-6.2.13.20130611/src/Pugs/Version.hs:30:59-60]),
  ((../../hackage-packages/Pugs-6.2.13.20130611/src/Pugs/Version.hs:30:1-67,
    AnnSemi),
   [../../hackage-packages/Pugs-6.2.13.20130611/src/Pugs/Version.hs:32:1]),
  ((../../hackage-packages/Pugs-6.2.13.20130611/src/Pugs/Version.hs:30:7-13,
    AnnComma),
   [../../hackage-packages/Pugs-6.2.13.20130611/src/Pugs/Version.hs:30:14]),
  ((../../hackage-packages/Pugs-6.2.13.20130611/src/Pugs/Version.hs:30:16-19,
    AnnComma),
   [../../hackage-packages/Pugs-6.2.13.20130611/src/Pugs/Version.hs:30:20]),
  ((../../hackage-packages/Pugs-6.2.13.20130611/src/Pugs/Version.hs:30:22-28,
    AnnComma),
   [../../hackage-packages/Pugs-6.2.13.20130611/src/Pugs/Version.hs:30:29]),
  ((../../hackage-packages/Pugs-6.2.13.20130611/src/Pugs/Version.hs:30:31-39,
    AnnComma),
   [../../hackage-packages/Pugs-6.2.13.20130611/src/Pugs/Version.hs:30:40]),
  ((../../hackage-packages/Pugs-6.2.13.20130611/src/Pugs/Version.hs:30:42-47,
    AnnComma),
   [../../hackage-packages/Pugs-6.2.13.20130611/src/Pugs/Version.hs:30:48]),
  ((../../hackage-packages/Pugs-6.2.13.20130611/src/Pugs/Version.hs:32:1-42,
    AnnEqual),
   [../../hackage-packages/Pugs-6.2.13.20130611/src/Pugs/Version.hs:32:12]),
  ((../../hackage-packages/Pugs-6.2.13.20130611/src/Pugs/Version.hs:32:1-42,
    AnnFunId),
   [../../hackage-packages/Pugs-6.2.13.20130611/src/Pugs/Version.hs:32:1-4]),
  ((../../hackage-packages/Pugs-6.2.13.20130611/src/Pugs/Version.hs:32:1-42,
    AnnSemi),
   [../../hackage-packages/Pugs-6.2.13.20130611/src/Pugs/Version.hs:33:1]),
  ((../../hackage-packages/Pugs-6.2.13.20130611/src/Pugs/Version.hs:33:1-25,
    AnnEqual),
   [../../hackage-packages/Pugs-6.2.13.20130611/src/Pugs/Version.hs:33:12]),
  ((../../hackage-packages/Pugs-6.2.13.20130611/src/Pugs/Version.hs:33:1-25,
    AnnFunId),
   [../../hackage-packages/Pugs-6.2.13.20130611/src/Pugs/Version.hs:33:1-7]),
  ((../../hackage-packages/Pugs-6.2.13.20130611/src/Pugs/Version.hs:33:1-25,
    AnnSemi),
   [../../hackage-packages/Pugs-6.2.13.20130611/src/Pugs/Version.hs:34:1]),
  ((../../hackage-packages/Pugs-6.2.13.20130611/src/Pugs/Version.hs:34:1-20,
    AnnEqual),
   [../../hackage-packages/Pugs-6.2.13.20130611/src/Pugs/Version.hs:34:12]),
  ((../../hackage-packages/Pugs-6.2.13.20130611/src/Pugs/Version.hs:34:1-20,
    AnnFunId),
   [../../hackage-packages/Pugs-6.2.13.20130611/src/Pugs/Version.hs:34:1-4]),
  ((../../hackage-packages/Pugs-6.2.13.20130611/src/Pugs/Version.hs:34:1-20,
    AnnSemi),
   [../../hackage-packages/Pugs-6.2.13.20130611/src/Pugs/Version.hs:35:1]),
  ((../../hackage-packages/Pugs-6.2.13.20130611/src/Pugs/Version.hs:35:1-72,
    AnnEqual),
   [../../hackage-packages/Pugs-6.2.13.20130611/src/Pugs/Version.hs:35:12]),
  ((../../hackage-packages/Pugs-6.2.13.20130611/src/Pugs/Version.hs:35:1-72,
    AnnFunId),
   [../../hackage-packages/Pugs-6.2.13.20130611/src/Pugs/Version.hs:35:1-7]),
  ((../../hackage-packages/Pugs-6.2.13.20130611/src/Pugs/Version.hs:35:1-72,
    AnnSemi),
   [../../hackage-packages/Pugs-6.2.13.20130611/src/Pugs/Version.hs:36:1]),
  ((../../hackage-packages/Pugs-6.2.13.20130611/src/Pugs/Version.hs:35:14-33,
    AnnVal),
   [../../hackage-packages/Pugs-6.2.13.20130611/src/Pugs/Version.hs:35:19-20]),
  ((../../hackage-packages/Pugs-6.2.13.20130611/src/Pugs/Version.hs:35:14-44,
    AnnVal),
   [../../hackage-packages/Pugs-6.2.13.20130611/src/Pugs/Version.hs:35:35-36]),
  ((../../hackage-packages/Pugs-6.2.13.20130611/src/Pugs/Version.hs:35:14-52,
    AnnVal),
   [../../hackage-packages/Pugs-6.2.13.20130611/src/Pugs/Version.hs:35:46-47]),
  ((../../hackage-packages/Pugs-6.2.13.20130611/src/Pugs/Version.hs:35:14-60,
    AnnVal),
   [../../hackage-packages/Pugs-6.2.13.20130611/src/Pugs/Version.hs:35:54-55]),
  ((../../hackage-packages/Pugs-6.2.13.20130611/src/Pugs/Version.hs:35:14-72,
    AnnVal),
   [../../hackage-packages/Pugs-6.2.13.20130611/src/Pugs/Version.hs:35:62-63]),
  ((../../hackage-packages/Pugs-6.2.13.20130611/src/Pugs/Version.hs:36:1-57,
    AnnEqual),
   [../../hackage-packages/Pugs-6.2.13.20130611/src/Pugs/Version.hs:36:12]),
  ((../../hackage-packages/Pugs-6.2.13.20130611/src/Pugs/Version.hs:36:1-57,
    AnnFunId),
   [../../hackage-packages/Pugs-6.2.13.20130611/src/Pugs/Version.hs:36:1-9]),
  ((../../hackage-packages/Pugs-6.2.13.20130611/src/Pugs/Version.hs:36:1-57,
    AnnSemi),
   [../../hackage-packages/Pugs-6.2.13.20130611/src/Pugs/Version.hs:37:1]),
  ((../../hackage-packages/Pugs-6.2.13.20130611/src/Pugs/Version.hs:37:1-32,
    AnnEqual),
   [../../hackage-packages/Pugs-6.2.13.20130611/src/Pugs/Version.hs:37:12]),
  ((../../hackage-packages/Pugs-6.2.13.20130611/src/Pugs/Version.hs:37:1-32,
    AnnFunId),
   [../../hackage-packages/Pugs-6.2.13.20130611/src/Pugs/Version.hs:37:1-6]),
  ((../../hackage-packages/Pugs-6.2.13.20130611/src/Pugs/Version.hs:37:1-32,
    AnnSemi),
   [../../hackage-packages/Pugs-6.2.13.20130611/src/Pugs/Version.hs:38:1]),
  ((../../hackage-packages/Pugs-6.2.13.20130611/src/Pugs/Version.hs:37:19-32,
    AnnCloseP),
   [../../hackage-packages/Pugs-6.2.13.20130611/src/Pugs/Version.hs:37:32]),
  ((../../hackage-packages/Pugs-6.2.13.20130611/src/Pugs/Version.hs:37:19-32,
    AnnOpenP),
   [../../hackage-packages/Pugs-6.2.13.20130611/src/Pugs/Version.hs:37:19]),
  ((../../hackage-packages/Pugs-6.2.13.20130611/src/Pugs/Version.hs:37:20-31,
    AnnDcolon),
   [../../hackage-packages/Pugs-6.2.13.20130611/src/Pugs/Version.hs:37:22-23]),
  ((../../hackage-packages/Pugs-6.2.13.20130611/src/Pugs/Version.hs:(38,1)-(43,8),
    AnnFunId),
   [../../hackage-packages/Pugs-6.2.13.20130611/src/Pugs/Version.hs:38:1-8]),
  ((../../hackage-packages/Pugs-6.2.13.20130611/src/Pugs/Version.hs:(38,1)-(43,8),
    AnnSemi),
   [../../hackage-packages/Pugs-6.2.13.20130611/src/Pugs/Version.hs:45:1]),
  ((../../hackage-packages/Pugs-6.2.13.20130611/src/Pugs/Version.hs:(39,5)-(41,25),
    AnnEqual),
   [../../hackage-packages/Pugs-6.2.13.20130611/src/Pugs/Version.hs:41:5]),
  ((../../hackage-packages/Pugs-6.2.13.20130611/src/Pugs/Version.hs:(39,5)-(41,25),
    AnnVbar),
   [../../hackage-packages/Pugs-6.2.13.20130611/src/Pugs/Version.hs:39:5]),
  ((../../hackage-packages/Pugs-6.2.13.20130611/src/Pugs/Version.hs:39:7-19,
    AnnComma),
   [../../hackage-packages/Pugs-6.2.13.20130611/src/Pugs/Version.hs:40:5]),
  ((../../hackage-packages/Pugs-6.2.13.20130611/src/Pugs/Version.hs:39:7-19,
    AnnLarrow),
   [../../hackage-packages/Pugs-6.2.13.20130611/src/Pugs/Version.hs:39:11-12]),
  ((../../hackage-packages/Pugs-6.2.13.20130611/src/Pugs/Version.hs:40:7-16,
    AnnVal),
   [../../hackage-packages/Pugs-6.2.13.20130611/src/Pugs/Version.hs:40:11-12]),
  ((../../hackage-packages/Pugs-6.2.13.20130611/src/Pugs/Version.hs:41:7-18,
    AnnVal),
   [../../hackage-packages/Pugs-6.2.13.20130611/src/Pugs/Version.hs:41:13-14]),
  ((../../hackage-packages/Pugs-6.2.13.20130611/src/Pugs/Version.hs:41:7-25,
    AnnVal),
   [../../hackage-packages/Pugs-6.2.13.20130611/src/Pugs/Version.hs:41:20-21]),
  ((../../hackage-packages/Pugs-6.2.13.20130611/src/Pugs/Version.hs:(42,5)-(43,8),
    AnnEqual),
   [../../hackage-packages/Pugs-6.2.13.20130611/src/Pugs/Version.hs:43:5]),
  ((../../hackage-packages/Pugs-6.2.13.20130611/src/Pugs/Version.hs:(42,5)-(43,8),
    AnnVbar),
   [../../hackage-packages/Pugs-6.2.13.20130611/src/Pugs/Version.hs:42:5]),
  ((<no location info>, AnnEofPos),
   [../../hackage-packages/Pugs-6.2.13.20130611/src/Pugs/Version.hs:45:1])],
 [(<no location info>,
   [AnnLineComment "-- #include \"pugs_version.h\"",
    AnnLineComment "-- #include \"pugs_config.h\"",
    AnnBlockComment "{-|\n    Version information.\n\n>   Tree and flower and leaf and grass,\n>   Let them pass! Let them pass!\n>   Hill and water under sky,\n>   Pass them by! Pass them by!\n\n-}",
    AnnBlockComment "{-# OPTIONS_GHC -fglasgow-exts -cpp #-}"])])